#
# A fatal error has been detected by the Java Runtime Environment:
#
#  Internal Error (./open/src/hotspot/share/compiler/oopMap.cpp:496), pid=272, tid=7700
#  guarantee(last != NULL) failed: last may not be null
#
# JRE version: OpenJDK Runtime Environment (15.0.1+9) (build 15.0.1+9-18)
# Java VM: OpenJDK 64-Bit Server VM (15.0.1+9-18, mixed mode, sharing, tiered, compressed oops, g1 gc, windows-amd64)
# No core dump will be written. Minidumps are not enabled by default on client versions of Windows
#
# If you would like to submit a bug report, please visit:
#   https://bugreport.java.com/bugreport/crash.jsp
#

---------------  S U M M A R Y ------------

Command Line: -Dfile.encoding=windows-1252 -Duser.country=US -Duser.language=en -Duser.variant educanet.Main

Host: Intel(R) Core(TM) i5-9400F CPU @ 2.90GHz, 6 cores, 15G,  Windows 10 , 64 bit Build 19041 (10.0.19041.928)
Time: Fri May 28 11:38:39 2021 Central Europe Daylight Time elapsed time: 6.184724 seconds (0d 0h 0m 6s)

---------------  T H R E A D  ---------------

Current thread (0x000001e63ef30390):  JavaThread "main" [_thread_in_Java, id=7700, stack(0x000000a1be100000,0x000000a1be200000)]

Stack: [0x000000a1be100000,0x000000a1be200000]
[error occurred during error reporting (printing stack bounds), id 0xc0000005, EXCEPTION_ACCESS_VIOLATION (0xc0000005) at pc=0x00007ffee20553e5]

Native frames: (J=compiled Java code, j=interpreted, Vv=VM code, C=native code)
V  [jvm.dll+0x62ae9a]
V  [jvm.dll+0x781389]
V  [jvm.dll+0x782ae3]
V  [jvm.dll+0x7830a5]
V  [jvm.dll+0x78305b]
V  [jvm.dll+0x62a2b9]
V  [jvm.dll+0x62aa88]
C  [ntdll.dll+0xa217f]
C  [ntdll.dll+0x51454]
C  [ntdll.dll+0xa0cae]
V  [jvm.dll+0x6953e5]
C  0x000001e647120bbe

Java frames: (J=compiled Java code, j=interpreted, Vv=VM code)
v  ~UncommonTrapBlob
J 798 c2 educanet.GameObject.isColliding(Leducanet/GameObject;J)Z (193 bytes) @ 0x000001e64ec2f964 [0x000001e64ec2f840+0x0000000000000124]

[error occurred during error reporting (printing Java stack), id 0xe0000000, Internal Error (./open/src/hotspot/share/compiler/oopMap.cpp:496)]


---------------  P R O C E S S  ---------------

Threads class SMR info:
_java_thread_list=0x000001e662b76a40, length=11, elements={
0x000001e63ef30390, 0x000001e66219f570, 0x000001e6621a0140, 0x000001e6621b1260,
0x000001e6621b1d10, 0x000001e6621b47d0, 0x000001e6621b7670, 0x000001e6621ba520,
0x000001e6621bb320, 0x000001e662b788b0, 0x000001e662b9d0b0
}

Java Threads: ( => current thread )
=>0x000001e63ef30390 JavaThread "main" [_thread_in_Java, id=7700, stack(0x000000a1be100000,0x000000a1be200000)]
  0x000001e66219f570 JavaThread "Reference Handler" daemon [_thread_blocked, id=7132, stack(0x000000a1be800000,0x000000a1be900000)]
  0x000001e6621a0140 JavaThread "Finalizer" daemon [_thread_blocked, id=12808, stack(0x000000a1be900000,0x000000a1bea00000)]
  0x000001e6621b1260 JavaThread "Signal Dispatcher" daemon [_thread_blocked, id=6828, stack(0x000000a1bea00000,0x000000a1beb00000)]
  0x000001e6621b1d10 JavaThread "Attach Listener" daemon [_thread_blocked, id=4720, stack(0x000000a1beb00000,0x000000a1bec00000)]
  0x000001e6621b47d0 JavaThread "Service Thread" daemon [_thread_blocked, id=6664, stack(0x000000a1bec00000,0x000000a1bed00000)]
  0x000001e6621b7670 JavaThread "C2 CompilerThread0" daemon [_thread_blocked, id=4516, stack(0x000000a1bed00000,0x000000a1bee00000)]
  0x000001e6621ba520 JavaThread "C1 CompilerThread0" daemon [_thread_blocked, id=4436, stack(0x000000a1bee00000,0x000000a1bef00000)]
  0x000001e6621bb320 JavaThread "Sweeper thread" daemon [_thread_blocked, id=3352, stack(0x000000a1bef00000,0x000000a1bf000000)]
  0x000001e662b788b0 JavaThread "Notification Thread" daemon [_thread_blocked, id=11040, stack(0x000000a1bf000000,0x000000a1bf100000)]
  0x000001e662b9d0b0 JavaThread "Common-Cleaner" daemon [_thread_blocked, id=11896, stack(0x000000a1bf200000,0x000000a1bf300000)]

Other Threads:
  0x000001e66219bce0 VMThread "VM Thread" [stack: 0x000000a1be700000,0x000000a1be800000] [id=10088]
  0x000001e662b98d90 WatcherThread [stack: 0x000000a1bf100000,0x000000a1bf200000] [id=11052]
  0x000001e63ef7df80 GCTaskThread "GC Thread#0" [stack: 0x000000a1be200000,0x000000a1be300000] [id=8460]
  0x000001e63ef8ffa0 ConcurrentGCThread "G1 Main Marker" [stack: 0x000000a1be300000,0x000000a1be400000] [id=5416]
  0x000001e63ef90b90 ConcurrentGCThread "G1 Conc#0" [stack: 0x000000a1be400000,0x000000a1be500000] [id=11044]
  0x000001e662098110 ConcurrentGCThread "G1 Refine#0" [stack: 0x000000a1be500000,0x000000a1be600000] [id=9536]
  0x000001e63efcd6b0 ConcurrentGCThread "G1 Young RemSet Sampling" [stack: 0x000000a1be600000,0x000000a1be700000] [id=9712]

Threads with active compile tasks:

VM state: not at safepoint (normal execution)

VM Mutex/Monitor currently owned by a thread: None

Heap address: 0x0000000701400000, size: 4076 MB, Compressed Oops mode: Zero based, Oop shift amount: 3
CDS archive(s) mapped at: [0x0000000800000000-0x0000000800b50000-0x0000000800b50000), size 11862016, SharedBaseAddress: 0x0000000800000000, ArchiveRelocationMode: 0.
Compressed class space mapped at: 0x0000000800b50000-0x0000000840b50000, size: 1073741824
Narrow klass base: 0x0000000800000000, Narrow klass shift: 3, Narrow klass range: 0x100000000

GC Precious Log:
 CPUs: 6 total, 6 available
 Memory: 16300M
 Large Page Support: Disabled
 NUMA Support: Disabled
 Compressed Oops: Enabled (Zero based)
 Heap Region Size: 2M
 Heap Min Capacity: 8M
 Heap Initial Capacity: 256M
 Heap Max Capacity: 4076M
 Pre-touch: Disabled
 Parallel Workers: 6
 Concurrent Workers: 2
 Concurrent Refinement Workers: 6
 Periodic GC: Disabled

Heap:
 garbage-first heap   total 262144K, used 16384K [0x0000000701400000, 0x0000000800000000)
  region size 2048K, 9 young (18432K), 0 survivors (0K)
 Metaspace       used 7121K, capacity 9924K, committed 10112K, reserved 1058816K
  class space    used 333K, capacity 605K, committed 640K, reserved 1048576K

Heap Regions: E=young(eden), S=young(survivor), O=old, HS=humongous(starts), HC=humongous(continues), CS=collection set, F=free, OA=open archive, CA=closed archive, TAMS=top-at-mark-start (previous, next)
|   0|0x0000000701400000, 0x0000000701400000, 0x0000000701600000|  0%| F|  |TAMS 0x0000000701400000, 0x0000000701400000| Untracked 
|   1|0x0000000701600000, 0x0000000701600000, 0x0000000701800000|  0%| F|  |TAMS 0x0000000701600000, 0x0000000701600000| Untracked 
|   2|0x0000000701800000, 0x0000000701800000, 0x0000000701a00000|  0%| F|  |TAMS 0x0000000701800000, 0x0000000701800000| Untracked 
|   3|0x0000000701a00000, 0x0000000701a00000, 0x0000000701c00000|  0%| F|  |TAMS 0x0000000701a00000, 0x0000000701a00000| Untracked 
|   4|0x0000000701c00000, 0x0000000701c00000, 0x0000000701e00000|  0%| F|  |TAMS 0x0000000701c00000, 0x0000000701c00000| Untracked 
|   5|0x0000000701e00000, 0x0000000701e00000, 0x0000000702000000|  0%| F|  |TAMS 0x0000000701e00000, 0x0000000701e00000| Untracked 
|   6|0x0000000702000000, 0x0000000702000000, 0x0000000702200000|  0%| F|  |TAMS 0x0000000702000000, 0x0000000702000000| Untracked 
|   7|0x0000000702200000, 0x0000000702200000, 0x0000000702400000|  0%| F|  |TAMS 0x0000000702200000, 0x0000000702200000| Untracked 
|   8|0x0000000702400000, 0x0000000702400000, 0x0000000702600000|  0%| F|  |TAMS 0x0000000702400000, 0x0000000702400000| Untracked 
|   9|0x0000000702600000, 0x0000000702600000, 0x0000000702800000|  0%| F|  |TAMS 0x0000000702600000, 0x0000000702600000| Untracked 
|  10|0x0000000702800000, 0x0000000702800000, 0x0000000702a00000|  0%| F|  |TAMS 0x0000000702800000, 0x0000000702800000| Untracked 
|  11|0x0000000702a00000, 0x0000000702a00000, 0x0000000702c00000|  0%| F|  |TAMS 0x0000000702a00000, 0x0000000702a00000| Untracked 
|  12|0x0000000702c00000, 0x0000000702c00000, 0x0000000702e00000|  0%| F|  |TAMS 0x0000000702c00000, 0x0000000702c00000| Untracked 
|  13|0x0000000702e00000, 0x0000000702e00000, 0x0000000703000000|  0%| F|  |TAMS 0x0000000702e00000, 0x0000000702e00000| Untracked 
|  14|0x0000000703000000, 0x0000000703000000, 0x0000000703200000|  0%| F|  |TAMS 0x0000000703000000, 0x0000000703000000| Untracked 
|  15|0x0000000703200000, 0x0000000703200000, 0x0000000703400000|  0%| F|  |TAMS 0x0000000703200000, 0x0000000703200000| Untracked 
|  16|0x0000000703400000, 0x0000000703400000, 0x0000000703600000|  0%| F|  |TAMS 0x0000000703400000, 0x0000000703400000| Untracked 
|  17|0x0000000703600000, 0x0000000703600000, 0x0000000703800000|  0%| F|  |TAMS 0x0000000703600000, 0x0000000703600000| Untracked 
|  18|0x0000000703800000, 0x0000000703800000, 0x0000000703a00000|  0%| F|  |TAMS 0x0000000703800000, 0x0000000703800000| Untracked 
|  19|0x0000000703a00000, 0x0000000703a00000, 0x0000000703c00000|  0%| F|  |TAMS 0x0000000703a00000, 0x0000000703a00000| Untracked 
|  20|0x0000000703c00000, 0x0000000703c00000, 0x0000000703e00000|  0%| F|  |TAMS 0x0000000703c00000, 0x0000000703c00000| Untracked 
|  21|0x0000000703e00000, 0x0000000703e00000, 0x0000000704000000|  0%| F|  |TAMS 0x0000000703e00000, 0x0000000703e00000| Untracked 
|  22|0x0000000704000000, 0x0000000704000000, 0x0000000704200000|  0%| F|  |TAMS 0x0000000704000000, 0x0000000704000000| Untracked 
|  23|0x0000000704200000, 0x0000000704200000, 0x0000000704400000|  0%| F|  |TAMS 0x0000000704200000, 0x0000000704200000| Untracked 
|  24|0x0000000704400000, 0x0000000704400000, 0x0000000704600000|  0%| F|  |TAMS 0x0000000704400000, 0x0000000704400000| Untracked 
|  25|0x0000000704600000, 0x0000000704600000, 0x0000000704800000|  0%| F|  |TAMS 0x0000000704600000, 0x0000000704600000| Untracked 
|  26|0x0000000704800000, 0x0000000704800000, 0x0000000704a00000|  0%| F|  |TAMS 0x0000000704800000, 0x0000000704800000| Untracked 
|  27|0x0000000704a00000, 0x0000000704a00000, 0x0000000704c00000|  0%| F|  |TAMS 0x0000000704a00000, 0x0000000704a00000| Untracked 
|  28|0x0000000704c00000, 0x0000000704c00000, 0x0000000704e00000|  0%| F|  |TAMS 0x0000000704c00000, 0x0000000704c00000| Untracked 
|  29|0x0000000704e00000, 0x0000000704e00000, 0x0000000705000000|  0%| F|  |TAMS 0x0000000704e00000, 0x0000000704e00000| Untracked 
|  30|0x0000000705000000, 0x0000000705000000, 0x0000000705200000|  0%| F|  |TAMS 0x0000000705000000, 0x0000000705000000| Untracked 
|  31|0x0000000705200000, 0x0000000705200000, 0x0000000705400000|  0%| F|  |TAMS 0x0000000705200000, 0x0000000705200000| Untracked 
|  32|0x0000000705400000, 0x0000000705400000, 0x0000000705600000|  0%| F|  |TAMS 0x0000000705400000, 0x0000000705400000| Untracked 
|  33|0x0000000705600000, 0x0000000705600000, 0x0000000705800000|  0%| F|  |TAMS 0x0000000705600000, 0x0000000705600000| Untracked 
|  34|0x0000000705800000, 0x0000000705800000, 0x0000000705a00000|  0%| F|  |TAMS 0x0000000705800000, 0x0000000705800000| Untracked 
|  35|0x0000000705a00000, 0x0000000705a00000, 0x0000000705c00000|  0%| F|  |TAMS 0x0000000705a00000, 0x0000000705a00000| Untracked 
|  36|0x0000000705c00000, 0x0000000705c00000, 0x0000000705e00000|  0%| F|  |TAMS 0x0000000705c00000, 0x0000000705c00000| Untracked 
|  37|0x0000000705e00000, 0x0000000705e00000, 0x0000000706000000|  0%| F|  |TAMS 0x0000000705e00000, 0x0000000705e00000| Untracked 
|  38|0x0000000706000000, 0x0000000706000000, 0x0000000706200000|  0%| F|  |TAMS 0x0000000706000000, 0x0000000706000000| Untracked 
|  39|0x0000000706200000, 0x0000000706200000, 0x0000000706400000|  0%| F|  |TAMS 0x0000000706200000, 0x0000000706200000| Untracked 
|  40|0x0000000706400000, 0x0000000706400000, 0x0000000706600000|  0%| F|  |TAMS 0x0000000706400000, 0x0000000706400000| Untracked 
|  41|0x0000000706600000, 0x0000000706600000, 0x0000000706800000|  0%| F|  |TAMS 0x0000000706600000, 0x0000000706600000| Untracked 
|  42|0x0000000706800000, 0x0000000706800000, 0x0000000706a00000|  0%| F|  |TAMS 0x0000000706800000, 0x0000000706800000| Untracked 
|  43|0x0000000706a00000, 0x0000000706a00000, 0x0000000706c00000|  0%| F|  |TAMS 0x0000000706a00000, 0x0000000706a00000| Untracked 
|  44|0x0000000706c00000, 0x0000000706c00000, 0x0000000706e00000|  0%| F|  |TAMS 0x0000000706c00000, 0x0000000706c00000| Untracked 
|  45|0x0000000706e00000, 0x0000000706e00000, 0x0000000707000000|  0%| F|  |TAMS 0x0000000706e00000, 0x0000000706e00000| Untracked 
|  46|0x0000000707000000, 0x0000000707000000, 0x0000000707200000|  0%| F|  |TAMS 0x0000000707000000, 0x0000000707000000| Untracked 
|  47|0x0000000707200000, 0x0000000707200000, 0x0000000707400000|  0%| F|  |TAMS 0x0000000707200000, 0x0000000707200000| Untracked 
|  48|0x0000000707400000, 0x0000000707400000, 0x0000000707600000|  0%| F|  |TAMS 0x0000000707400000, 0x0000000707400000| Untracked 
|  49|0x0000000707600000, 0x0000000707600000, 0x0000000707800000|  0%| F|  |TAMS 0x0000000707600000, 0x0000000707600000| Untracked 
|  50|0x0000000707800000, 0x0000000707800000, 0x0000000707a00000|  0%| F|  |TAMS 0x0000000707800000, 0x0000000707800000| Untracked 
|  51|0x0000000707a00000, 0x0000000707a00000, 0x0000000707c00000|  0%| F|  |TAMS 0x0000000707a00000, 0x0000000707a00000| Untracked 
|  52|0x0000000707c00000, 0x0000000707c00000, 0x0000000707e00000|  0%| F|  |TAMS 0x0000000707c00000, 0x0000000707c00000| Untracked 
|  53|0x0000000707e00000, 0x0000000707e00000, 0x0000000708000000|  0%| F|  |TAMS 0x0000000707e00000, 0x0000000707e00000| Untracked 
|  54|0x0000000708000000, 0x0000000708000000, 0x0000000708200000|  0%| F|  |TAMS 0x0000000708000000, 0x0000000708000000| Untracked 
|  55|0x0000000708200000, 0x0000000708200000, 0x0000000708400000|  0%| F|  |TAMS 0x0000000708200000, 0x0000000708200000| Untracked 
|  56|0x0000000708400000, 0x0000000708400000, 0x0000000708600000|  0%| F|  |TAMS 0x0000000708400000, 0x0000000708400000| Untracked 
|  57|0x0000000708600000, 0x0000000708600000, 0x0000000708800000|  0%| F|  |TAMS 0x0000000708600000, 0x0000000708600000| Untracked 
|  58|0x0000000708800000, 0x0000000708800000, 0x0000000708a00000|  0%| F|  |TAMS 0x0000000708800000, 0x0000000708800000| Untracked 
|  59|0x0000000708a00000, 0x0000000708a00000, 0x0000000708c00000|  0%| F|  |TAMS 0x0000000708a00000, 0x0000000708a00000| Untracked 
|  60|0x0000000708c00000, 0x0000000708c00000, 0x0000000708e00000|  0%| F|  |TAMS 0x0000000708c00000, 0x0000000708c00000| Untracked 
|  61|0x0000000708e00000, 0x0000000708e00000, 0x0000000709000000|  0%| F|  |TAMS 0x0000000708e00000, 0x0000000708e00000| Untracked 
|  62|0x0000000709000000, 0x0000000709000000, 0x0000000709200000|  0%| F|  |TAMS 0x0000000709000000, 0x0000000709000000| Untracked 
|  63|0x0000000709200000, 0x0000000709200000, 0x0000000709400000|  0%| F|  |TAMS 0x0000000709200000, 0x0000000709200000| Untracked 
|  64|0x0000000709400000, 0x0000000709400000, 0x0000000709600000|  0%| F|  |TAMS 0x0000000709400000, 0x0000000709400000| Untracked 
|  65|0x0000000709600000, 0x0000000709600000, 0x0000000709800000|  0%| F|  |TAMS 0x0000000709600000, 0x0000000709600000| Untracked 
|  66|0x0000000709800000, 0x0000000709800000, 0x0000000709a00000|  0%| F|  |TAMS 0x0000000709800000, 0x0000000709800000| Untracked 
|  67|0x0000000709a00000, 0x0000000709a00000, 0x0000000709c00000|  0%| F|  |TAMS 0x0000000709a00000, 0x0000000709a00000| Untracked 
|  68|0x0000000709c00000, 0x0000000709c00000, 0x0000000709e00000|  0%| F|  |TAMS 0x0000000709c00000, 0x0000000709c00000| Untracked 
|  69|0x0000000709e00000, 0x0000000709e00000, 0x000000070a000000|  0%| F|  |TAMS 0x0000000709e00000, 0x0000000709e00000| Untracked 
|  70|0x000000070a000000, 0x000000070a000000, 0x000000070a200000|  0%| F|  |TAMS 0x000000070a000000, 0x000000070a000000| Untracked 
|  71|0x000000070a200000, 0x000000070a200000, 0x000000070a400000|  0%| F|  |TAMS 0x000000070a200000, 0x000000070a200000| Untracked 
|  72|0x000000070a400000, 0x000000070a400000, 0x000000070a600000|  0%| F|  |TAMS 0x000000070a400000, 0x000000070a400000| Untracked 
|  73|0x000000070a600000, 0x000000070a600000, 0x000000070a800000|  0%| F|  |TAMS 0x000000070a600000, 0x000000070a600000| Untracked 
|  74|0x000000070a800000, 0x000000070a800000, 0x000000070aa00000|  0%| F|  |TAMS 0x000000070a800000, 0x000000070a800000| Untracked 
|  75|0x000000070aa00000, 0x000000070aa00000, 0x000000070ac00000|  0%| F|  |TAMS 0x000000070aa00000, 0x000000070aa00000| Untracked 
|  76|0x000000070ac00000, 0x000000070ac00000, 0x000000070ae00000|  0%| F|  |TAMS 0x000000070ac00000, 0x000000070ac00000| Untracked 
|  77|0x000000070ae00000, 0x000000070ae00000, 0x000000070b000000|  0%| F|  |TAMS 0x000000070ae00000, 0x000000070ae00000| Untracked 
|  78|0x000000070b000000, 0x000000070b000000, 0x000000070b200000|  0%| F|  |TAMS 0x000000070b000000, 0x000000070b000000| Untracked 
|  79|0x000000070b200000, 0x000000070b200000, 0x000000070b400000|  0%| F|  |TAMS 0x000000070b200000, 0x000000070b200000| Untracked 
|  80|0x000000070b400000, 0x000000070b400000, 0x000000070b600000|  0%| F|  |TAMS 0x000000070b400000, 0x000000070b400000| Untracked 
|  81|0x000000070b600000, 0x000000070b600000, 0x000000070b800000|  0%| F|  |TAMS 0x000000070b600000, 0x000000070b600000| Untracked 
|  82|0x000000070b800000, 0x000000070b800000, 0x000000070ba00000|  0%| F|  |TAMS 0x000000070b800000, 0x000000070b800000| Untracked 
|  83|0x000000070ba00000, 0x000000070ba00000, 0x000000070bc00000|  0%| F|  |TAMS 0x000000070ba00000, 0x000000070ba00000| Untracked 
|  84|0x000000070bc00000, 0x000000070bc00000, 0x000000070be00000|  0%| F|  |TAMS 0x000000070bc00000, 0x000000070bc00000| Untracked 
|  85|0x000000070be00000, 0x000000070be00000, 0x000000070c000000|  0%| F|  |TAMS 0x000000070be00000, 0x000000070be00000| Untracked 
|  86|0x000000070c000000, 0x000000070c000000, 0x000000070c200000|  0%| F|  |TAMS 0x000000070c000000, 0x000000070c000000| Untracked 
|  87|0x000000070c200000, 0x000000070c200000, 0x000000070c400000|  0%| F|  |TAMS 0x000000070c200000, 0x000000070c200000| Untracked 
|  88|0x000000070c400000, 0x000000070c400000, 0x000000070c600000|  0%| F|  |TAMS 0x000000070c400000, 0x000000070c400000| Untracked 
|  89|0x000000070c600000, 0x000000070c600000, 0x000000070c800000|  0%| F|  |TAMS 0x000000070c600000, 0x000000070c600000| Untracked 
|  90|0x000000070c800000, 0x000000070c800000, 0x000000070ca00000|  0%| F|  |TAMS 0x000000070c800000, 0x000000070c800000| Untracked 
|  91|0x000000070ca00000, 0x000000070ca00000, 0x000000070cc00000|  0%| F|  |TAMS 0x000000070ca00000, 0x000000070ca00000| Untracked 
|  92|0x000000070cc00000, 0x000000070cc00000, 0x000000070ce00000|  0%| F|  |TAMS 0x000000070cc00000, 0x000000070cc00000| Untracked 
|  93|0x000000070ce00000, 0x000000070ce00000, 0x000000070d000000|  0%| F|  |TAMS 0x000000070ce00000, 0x000000070ce00000| Untracked 
|  94|0x000000070d000000, 0x000000070d000000, 0x000000070d200000|  0%| F|  |TAMS 0x000000070d000000, 0x000000070d000000| Untracked 
|  95|0x000000070d200000, 0x000000070d200000, 0x000000070d400000|  0%| F|  |TAMS 0x000000070d200000, 0x000000070d200000| Untracked 
|  96|0x000000070d400000, 0x000000070d400000, 0x000000070d600000|  0%| F|  |TAMS 0x000000070d400000, 0x000000070d400000| Untracked 
|  97|0x000000070d600000, 0x000000070d600000, 0x000000070d800000|  0%| F|  |TAMS 0x000000070d600000, 0x000000070d600000| Untracked 
|  98|0x000000070d800000, 0x000000070d800000, 0x000000070da00000|  0%| F|  |TAMS 0x000000070d800000, 0x000000070d800000| Untracked 
|  99|0x000000070da00000, 0x000000070da00000, 0x000000070dc00000|  0%| F|  |TAMS 0x000000070da00000, 0x000000070da00000| Untracked 
| 100|0x000000070dc00000, 0x000000070dc00000, 0x000000070de00000|  0%| F|  |TAMS 0x000000070dc00000, 0x000000070dc00000| Untracked 
| 101|0x000000070de00000, 0x000000070de00000, 0x000000070e000000|  0%| F|  |TAMS 0x000000070de00000, 0x000000070de00000| Untracked 
| 102|0x000000070e000000, 0x000000070e000000, 0x000000070e200000|  0%| F|  |TAMS 0x000000070e000000, 0x000000070e000000| Untracked 
| 103|0x000000070e200000, 0x000000070e200000, 0x000000070e400000|  0%| F|  |TAMS 0x000000070e200000, 0x000000070e200000| Untracked 
| 104|0x000000070e400000, 0x000000070e400000, 0x000000070e600000|  0%| F|  |TAMS 0x000000070e400000, 0x000000070e400000| Untracked 
| 105|0x000000070e600000, 0x000000070e600000, 0x000000070e800000|  0%| F|  |TAMS 0x000000070e600000, 0x000000070e600000| Untracked 
| 106|0x000000070e800000, 0x000000070e800000, 0x000000070ea00000|  0%| F|  |TAMS 0x000000070e800000, 0x000000070e800000| Untracked 
| 107|0x000000070ea00000, 0x000000070ea00000, 0x000000070ec00000|  0%| F|  |TAMS 0x000000070ea00000, 0x000000070ea00000| Untracked 
| 108|0x000000070ec00000, 0x000000070ec00000, 0x000000070ee00000|  0%| F|  |TAMS 0x000000070ec00000, 0x000000070ec00000| Untracked 
| 109|0x000000070ee00000, 0x000000070ee00000, 0x000000070f000000|  0%| F|  |TAMS 0x000000070ee00000, 0x000000070ee00000| Untracked 
| 110|0x000000070f000000, 0x000000070f000000, 0x000000070f200000|  0%| F|  |TAMS 0x000000070f000000, 0x000000070f000000| Untracked 
| 111|0x000000070f200000, 0x000000070f200000, 0x000000070f400000|  0%| F|  |TAMS 0x000000070f200000, 0x000000070f200000| Untracked 
| 112|0x000000070f400000, 0x000000070f400000, 0x000000070f600000|  0%| F|  |TAMS 0x000000070f400000, 0x000000070f400000| Untracked 
| 113|0x000000070f600000, 0x000000070f600000, 0x000000070f800000|  0%| F|  |TAMS 0x000000070f600000, 0x000000070f600000| Untracked 
| 114|0x000000070f800000, 0x000000070f800000, 0x000000070fa00000|  0%| F|  |TAMS 0x000000070f800000, 0x000000070f800000| Untracked 
| 115|0x000000070fa00000, 0x000000070fa00000, 0x000000070fc00000|  0%| F|  |TAMS 0x000000070fa00000, 0x000000070fa00000| Untracked 
| 116|0x000000070fc00000, 0x000000070fc00000, 0x000000070fe00000|  0%| F|  |TAMS 0x000000070fc00000, 0x000000070fc00000| Untracked 
| 117|0x000000070fe00000, 0x000000070fe00000, 0x0000000710000000|  0%| F|  |TAMS 0x000000070fe00000, 0x000000070fe00000| Untracked 
| 118|0x0000000710000000, 0x0000000710000000, 0x0000000710200000|  0%| F|  |TAMS 0x0000000710000000, 0x0000000710000000| Untracked 
| 119|0x0000000710200000, 0x0000000710266ea8, 0x0000000710400000| 20%| E|  |TAMS 0x0000000710200000, 0x0000000710200000| Complete 
| 120|0x0000000710400000, 0x0000000710600000, 0x0000000710600000|100%| E|CS|TAMS 0x0000000710400000, 0x0000000710400000| Complete 
| 121|0x0000000710600000, 0x0000000710800000, 0x0000000710800000|100%| E|CS|TAMS 0x0000000710600000, 0x0000000710600000| Complete 
| 122|0x0000000710800000, 0x0000000710a00000, 0x0000000710a00000|100%| E|CS|TAMS 0x0000000710800000, 0x0000000710800000| Complete 
| 123|0x0000000710a00000, 0x0000000710c00000, 0x0000000710c00000|100%| E|CS|TAMS 0x0000000710a00000, 0x0000000710a00000| Complete 
| 124|0x0000000710c00000, 0x0000000710e00000, 0x0000000710e00000|100%| E|CS|TAMS 0x0000000710c00000, 0x0000000710c00000| Complete 
| 125|0x0000000710e00000, 0x0000000711000000, 0x0000000711000000|100%| E|CS|TAMS 0x0000000710e00000, 0x0000000710e00000| Complete 
| 126|0x0000000711000000, 0x0000000711200000, 0x0000000711200000|100%| E|CS|TAMS 0x0000000711000000, 0x0000000711000000| Complete 
| 127|0x0000000711200000, 0x0000000711400000, 0x0000000711400000|100%| E|CS|TAMS 0x0000000711200000, 0x0000000711200000| Complete 

Card table byte_map: [0x000001e656a30000,0x000001e657230000] _byte_map_base: 0x000001e653226000

Marking Bits (Prev, Next): (CMBitMap*) 0x000001e63ef7f780, (CMBitMap*) 0x000001e63ef7f7c0
 Prev Bits: [0x000001e657a30000, 0x000001e65b9e0000)
 Next Bits: [0x000001e65b9e0000, 0x000001e65f990000)

Polling page: 0x000001e63e6d0000

Metaspace:

Usage:
  Non-class:      9.10 MB capacity,     6.63 MB ( 73%) used,     2.46 MB ( 27%) free+waste,     7.56 KB ( <1%) overhead. 
      Class:    605.00 KB capacity,   333.27 KB ( 55%) used,   269.80 KB ( 45%) free+waste,     1.94 KB ( <1%) overhead. 
       Both:      9.69 MB capacity,     6.95 MB ( 72%) used,     2.73 MB ( 28%) free+waste,     9.50 KB ( <1%) overhead. 

Virtual space:
  Non-class space:       10.00 MB reserved,       9.25 MB ( 92%) committed 
      Class space:        1.00 GB reserved,     640.00 KB ( <1%) committed 
             Both:        1.01 GB reserved,       9.88 MB ( <1%) committed 

Chunk freelists:
   Non-Class:  89.00 KB
       Class:  3.00 KB
        Both:  92.00 KB

MaxMetaspaceSize: 17179869184.00 GB
CompressedClassSpaceSize: 1.00 GB

CodeHeap 'non-profiled nmethods': size=120000Kb used=304Kb max_used=304Kb free=119696Kb
 bounds [0x000001e64ebf0000, 0x000001e64ee60000, 0x000001e656120000]
CodeHeap 'profiled nmethods': size=120000Kb used=1336Kb max_used=1336Kb free=118663Kb
 bounds [0x000001e6476c0000, 0x000001e647930000, 0x000001e64ebf0000]
CodeHeap 'non-nmethods': size=5760Kb used=1627Kb max_used=1646Kb free=4132Kb
 bounds [0x000001e647120000, 0x000001e647390000, 0x000001e6476c0000]
 total_blobs=1840 nmethods=816 adapters=937
 compilation: enabled
              stopped_count=0, restarted_count=0
 full_count=0

Compilation events (20 events):
Event: 4.722 Thread 0x000001e6621b7670  807       4       educanet.GameObject::update (179 bytes)
Event: 4.730 Thread 0x000001e6621b7670 nmethod 807 0x000001e64ec33390 code [0x000001e64ec33580, 0x000001e64ec33e30]
Event: 4.778 Thread 0x000001e6621b7670  808       4       org.lwjgl.opengl.GL20::glVertexAttribPointer (12 bytes)
Event: 4.778 Thread 0x000001e6621b7670 nmethod 808 0x000001e64ec34310 code [0x000001e64ec344a0, 0x000001e64ec34508]
Event: 4.778 Thread 0x000001e6621b7670  809       4       org.lwjgl.opengl.GL15C::glBufferData (19 bytes)
Event: 4.778 Thread 0x000001e6621b7670 nmethod 809 0x000001e64ec34610 code [0x000001e64ec347a0, 0x000001e64ec34828]
Event: 4.937 Thread 0x000001e6621b7670  810       4       org.joml.Matrix4f::translate (25 bytes)
Event: 4.938 Thread 0x000001e6621b7670 nmethod 810 0x000001e64ec34910 code [0x000001e64ec34aa0, 0x000001e64ec34bc8]
Event: 4.938 Thread 0x000001e6621b7670  811       4       educanet.GameObject::moveMatrix (25 bytes)
Event: 4.939 Thread 0x000001e6621b7670 nmethod 811 0x000001e64ec34c90 code [0x000001e64ec34e20, 0x000001e64ec34f68]
Event: 4.945 Thread 0x000001e6621ba520  812       3       educanet.GameObject::update (179 bytes)
Event: 4.946 Thread 0x000001e6621ba520 nmethod 812 0x000001e647809590 code [0x000001e647809920, 0x000001e64780aa78]
Event: 5.283 Thread 0x000001e6621b7670  813 %     4       educanet.Main::main @ 197 (271 bytes)
Event: 5.307 Thread 0x000001e6621b7670 nmethod 813% 0x000001e64ec35110 code [0x000001e64ec354e0, 0x000001e64ec36da8]
Event: 5.472 Thread 0x000001e6621ba520  814 %     3       educanet.Main::main @ 197 (271 bytes)
Event: 5.473 Thread 0x000001e6621ba520 nmethod 814% 0x000001e64780b190 code [0x000001e64780b660, 0x000001e64780d588]
Event: 5.587 Thread 0x000001e6621b7670  815       4       educanet.GameObject::setColor (62 bytes)
Event: 5.590 Thread 0x000001e6621b7670 nmethod 815 0x000001e64ec38110 code [0x000001e64ec382e0, 0x000001e64ec38650]
Event: 6.147 Thread 0x000001e6621b7670  816 %     4       educanet.Main::main @ 197 (271 bytes)
Event: 6.174 Thread 0x000001e6621b7670 nmethod 816% 0x000001e64ec38b10 code [0x000001e64ec38f20, 0x000001e64ec3ab88]

GC Heap History (0 events):
No events

Deoptimization events (20 events):
Event: 5.399 Thread 0x000001e63ef30390 DEOPT UNPACKING pc=0x000001e64716e23f sp=0x000000a1be1fe658 mode 0
Event: 5.457 Thread 0x000001e63ef30390 Uncommon trap: trap_request=0xffffff45 fr.pc=0x000001e64ec368e4 relative=0x0000000000001404
Event: 5.457 Thread 0x000001e63ef30390 Uncommon trap: reason=unstable_if action=reinterpret pc=0x000001e64ec368e4 method=educanet.GameObject.update(J)V @ 51 c2
Event: 5.457 Thread 0x000001e63ef30390 DEOPT PACKING pc=0x000001e64ec368e4 sp=0x000000a1be1ff1a0
Event: 5.457 Thread 0x000001e63ef30390 DEOPT UNPACKING pc=0x000001e64716e42f sp=0x000000a1be1ff0e8 mode 2
Event: 5.560 Thread 0x000001e63ef30390 DEOPT PACKING pc=0x000001e64780d259 sp=0x000000a1be1ff0e0
Event: 5.560 Thread 0x000001e63ef30390 DEOPT UNPACKING pc=0x000001e64716e23f sp=0x000000a1be1fe658 mode 0
Event: 5.677 Thread 0x000001e63ef30390 DEOPT PACKING pc=0x000001e6477fda0f sp=0x000000a1be1ff0e0
Event: 5.677 Thread 0x000001e63ef30390 DEOPT UNPACKING pc=0x000001e64716e23f sp=0x000000a1be1fe658 mode 0
Event: 5.793 Thread 0x000001e63ef30390 DEOPT PACKING pc=0x000001e64780d259 sp=0x000000a1be1ff0e0
Event: 5.793 Thread 0x000001e63ef30390 DEOPT UNPACKING pc=0x000001e64716e23f sp=0x000000a1be1fe658 mode 0
Event: 5.910 Thread 0x000001e63ef30390 DEOPT PACKING pc=0x000001e64780d259 sp=0x000000a1be1ff0e0
Event: 5.910 Thread 0x000001e63ef30390 DEOPT UNPACKING pc=0x000001e64716e23f sp=0x000000a1be1fe658 mode 0
Event: 6.028 Thread 0x000001e63ef30390 DEOPT PACKING pc=0x000001e64780d259 sp=0x000000a1be1ff0e0
Event: 6.028 Thread 0x000001e63ef30390 DEOPT UNPACKING pc=0x000001e64716e23f sp=0x000000a1be1fe658 mode 0
Event: 6.147 Thread 0x000001e63ef30390 DEOPT PACKING pc=0x000001e64780d259 sp=0x000000a1be1ff0e0
Event: 6.147 Thread 0x000001e63ef30390 DEOPT UNPACKING pc=0x000001e64716e23f sp=0x000000a1be1fe658 mode 0
Event: 6.180 Thread 0x000001e63ef30390 Uncommon trap: trap_request=0xffffff45 fr.pc=0x000001e64ec2f964 relative=0x0000000000000124
Event: 6.180 Thread 0x000001e63ef30390 Uncommon trap: reason=unstable_if action=reinterpret pc=0x000001e64ec2f964 method=educanet.GameObject.isColliding(Leducanet/GameObject;J)Z @ 167 c2
Event: 6.180 Thread 0x000001e63ef30390 DEOPT PACKING pc=0x000001e64ec2f964 sp=0x000000a1be1ff090

Classes unloaded (0 events):
No events

Classes redefined (0 events):
No events

Internal exceptions (16 events):
Event: 0.087 Thread 0x000001e63ef30390 Exception <a 'java/lang/NoSuchMethodError'{0x000000071109ac58}: 'void java.lang.invoke.DirectMethodHandle$Holder.invokeStatic(java.lang.Object, java.lang.Object)'> (0x000000071109ac58) 
thrown [./open/src/hotspot/share/interpreter/linkResolver.cpp, line 782]
Event: 0.088 Thread 0x000001e63ef30390 Exception <a 'java/lang/NoSuchMethodError'{0x00000007110a0750}: 'void java.lang.invoke.DirectMethodHandle$Holder.invokeSpecial(java.lang.Object, java.lang.Object, java.lang.Object)'> (0x00000007110a0750) 
thrown [./open/src/hotspot/share/interpreter/linkResolver.cpp, line 782]
Event: 0.090 Thread 0x000001e63ef30390 Exception <a 'java/lang/NoSuchMethodError'{0x00000007110b53c0}: 'java.lang.Object java.lang.invoke.DirectMethodHandle$Holder.invokeStatic(java.lang.Object, java.lang.Object, int)'> (0x00000007110b53c0) 
thrown [./open/src/hotspot/share/interpreter/linkResolver.cpp, line 782]
Event: 0.091 Thread 0x000001e63ef30390 Exception <a 'java/lang/NoSuchMethodError'{0x00000007110c1508}: 'void java.lang.invoke.DelegatingMethodHandle$Holder.delegate(java.lang.Object, java.lang.Object, int, java.lang.Object)'> (0x00000007110c1508) 
thrown [./open/src/hotspot/share/interpreter/linkResolver.cpp, line 782]
Event: 0.091 Thread 0x000001e63ef30390 Exception <a 'java/lang/NoSuchMethodError'{0x00000007110c55a8}: 'int java.lang.invoke.DirectMethodHandle$Holder.invokeSpecial(java.lang.Object, java.lang.Object, java.lang.Object)'> (0x00000007110c55a8) 
thrown [./open/src/hotspot/share/interpreter/linkResolver.cpp, line 782]
Event: 0.122 Thread 0x000001e63ef30390 Exception <a 'sun/nio/fs/WindowsException'{0x000000071115e378}> (0x000000071115e378) 
thrown [./open/src/hotspot/share/prims/jni.cpp, line 578]
Event: 0.122 Thread 0x000001e63ef30390 Exception <a 'sun/nio/fs/WindowsException'{0x000000071115e8b8}> (0x000000071115e8b8) 
thrown [./open/src/hotspot/share/prims/jni.cpp, line 578]
Event: 0.129 Thread 0x000001e63ef30390 Exception <a 'sun/nio/fs/WindowsException'{0x000000071117f8e0}> (0x000000071117f8e0) 
thrown [./open/src/hotspot/share/prims/jni.cpp, line 578]
Event: 0.129 Thread 0x000001e63ef30390 Exception <a 'sun/nio/fs/WindowsException'{0x000000071117fc38}> (0x000000071117fc38) 
thrown [./open/src/hotspot/share/prims/jni.cpp, line 578]
Event: 0.133 Thread 0x000001e63ef30390 Exception <a 'java/lang/NoSuchMethodError'{0x00000007111b8148}: 'java.lang.Object java.lang.invoke.DirectMethodHandle$Holder.invokeStatic(java.lang.Object)'> (0x00000007111b8148) 
thrown [./open/src/hotspot/share/interpreter/linkResolver.cpp, line 782]
Event: 0.133 Thread 0x000001e63ef30390 Exception <a 'java/lang/NoSuchMethodError'{0x00000007111bb7b8}: 'java.lang.Object java.lang.invoke.DirectMethodHandle$Holder.invokeStaticInit(java.lang.Object)'> (0x00000007111bb7b8) 
thrown [./open/src/hotspot/share/interpreter/linkResolver.cpp, line 782]
Event: 0.411 Thread 0x000001e63ef30390 Exception <a 'sun/nio/fs/WindowsException'{0x0000000710e7a460}> (0x0000000710e7a460) 
thrown [./open/src/hotspot/share/prims/jni.cpp, line 578]
Event: 0.411 Thread 0x000001e63ef30390 Exception <a 'sun/nio/fs/WindowsException'{0x0000000710e7a7f0}> (0x0000000710e7a7f0) 
thrown [./open/src/hotspot/share/prims/jni.cpp, line 578]
Event: 0.416 Thread 0x000001e63ef30390 Exception <a 'sun/nio/fs/WindowsException'{0x0000000710e882f0}> (0x0000000710e882f0) 
thrown [./open/src/hotspot/share/prims/jni.cpp, line 578]
Event: 0.416 Thread 0x000001e63ef30390 Exception <a 'sun/nio/fs/WindowsException'{0x0000000710e885c0}> (0x0000000710e885c0) 
thrown [./open/src/hotspot/share/prims/jni.cpp, line 578]
Event: 0.531 Thread 0x000001e63ef30390 Exception <a 'java/lang/NoSuchMethodError'{0x000000071091cb78}: 'void java.lang.invoke.DirectMethodHandle$Holder.invokeStatic(java.lang.Object, long, int, int)'> (0x000000071091cb78) 
thrown [./open/src/hotspot/share/interpreter/linkResolver.cpp, line 782]

Events (20 events):
Event: 0.577 loading class jdk/internal/access/foreign/MemorySegmentProxy
Event: 0.577 loading class jdk/internal/access/foreign/MemorySegmentProxy done
Event: 0.660 Loaded shared library C:\Users\jan\AppData\Local\Temp\lwjgljan\3.2.3-build-13\lwjgl.dll
Event: 0.668 Loaded shared library C:\Users\jan\AppData\Local\Temp\lwjgljan\3.2.3-build-13\lwjgl_opengl.dll
Event: 0.673 Loaded shared library C:\Users\jan\AppData\Local\Temp\lwjgljan\3.2.3-build-13\lwjgl_opengl.dll
Event: 0.677 Loaded shared library C:\Users\jan\AppData\Local\Temp\lwjgljan\3.2.3-build-13\lwjgl_opengl.dll
Event: 0.682 Loaded shared library C:\Users\jan\AppData\Local\Temp\lwjgljan\3.2.3-build-13\lwjgl_opengl.dll
Event: 0.727 Loaded shared library C:\Users\jan\AppData\Local\Temp\lwjgljan\3.2.3-build-13\lwjgl_opengl.dll
Event: 0.731 Loaded shared library C:\Users\jan\AppData\Local\Temp\lwjgljan\3.2.3-build-13\lwjgl_opengl.dll
Event: 0.742 Loaded shared library C:\Users\jan\AppData\Local\Temp\lwjgljan\3.2.3-build-13\lwjgl.dll
Event: 0.744 Loaded shared library C:\Users\jan\AppData\Local\Temp\lwjgljan\3.2.3-build-13\lwjgl.dll
Event: 0.749 Loaded shared library C:\Users\jan\AppData\Local\Temp\lwjgljan\3.2.3-build-13\lwjgl_opengl.dll
Event: 0.754 Loaded shared library C:\Users\jan\AppData\Local\Temp\lwjgljan\3.2.3-build-13\lwjgl_opengl.dll
Event: 0.783 Loaded shared library C:\Users\jan\AppData\Local\Temp\lwjgljan\3.2.3-build-13\lwjgl_opengl.dll
Event: 0.787 Loaded shared library C:\Users\jan\AppData\Local\Temp\lwjgljan\3.2.3-build-13\lwjgl_opengl.dll
Event: 0.795 Loaded shared library C:\Users\jan\AppData\Local\Temp\lwjgljan\3.2.3-build-13\lwjgl.dll
Event: 1.425 Executing VM operation: HandshakeAllThreads
Event: 1.425 Executing VM operation: HandshakeAllThreads done
Event: 3.259 loading class java/lang/NumberFormatException
Event: 3.259 loading class java/lang/NumberFormatException done


Dynamic libraries:
0x00007ff7f52b0000 - 0x00007ff7f52bd000 	C:\Users\jan\.jdks\openjdk-15.0.1\bin\java.exe
0x00007fff28e50000 - 0x00007fff29045000 	C:\Windows\SYSTEM32\ntdll.dll
0x00007fff27c20000 - 0x00007fff27cdd000 	C:\Windows\System32\KERNEL32.DLL
0x00007fff26610000 - 0x00007fff268d8000 	C:\Windows\System32\KERNELBASE.dll
0x00007fff26a40000 - 0x00007fff26b40000 	C:\Windows\System32\ucrtbase.dll
0x00007ffee25e0000 - 0x00007ffee25f8000 	C:\Users\jan\.jdks\openjdk-15.0.1\bin\jli.dll
0x00007fff26f70000 - 0x00007fff27110000 	C:\Windows\System32\USER32.dll
0x00007fff26930000 - 0x00007fff26952000 	C:\Windows\System32\win32u.dll
0x00007fff27a40000 - 0x00007fff27a6a000 	C:\Windows\System32\GDI32.dll
0x00007fff26b40000 - 0x00007fff26c4b000 	C:\Windows\System32\gdi32full.dll
0x00007fff26cb0000 - 0x00007fff26d4d000 	C:\Windows\System32\msvcp_win.dll
0x00007ffee25c0000 - 0x00007ffee25d9000 	C:\Users\jan\.jdks\openjdk-15.0.1\bin\VCRUNTIME140.dll
0x00007fff148a0000 - 0x00007fff14b3a000 	C:\Windows\WinSxS\amd64_microsoft.windows.common-controls_6595b64144ccf1df_6.0.19041.844_none_ca00b6081b84eb1d\COMCTL32.dll
0x00007fff27fa0000 - 0x00007fff2803e000 	C:\Windows\System32\msvcrt.dll
0x00007fff27240000 - 0x00007fff27270000 	C:\Windows\System32\IMM32.DLL
0x00007fff272e0000 - 0x00007fff2740b000 	C:\Windows\System32\RPCRT4.dll
0x00007fff28c80000 - 0x00007fff28d2c000 	C:\Windows\System32\ADVAPI32.dll
0x00007fff283b0000 - 0x00007fff2844b000 	C:\Windows\System32\sechost.dll
0x00007fff28470000 - 0x00007fff28bb2000 	C:\Windows\System32\SHELL32.dll
0x00007fff28040000 - 0x00007fff28395000 	C:\Windows\System32\combase.dll
0x00007fff27570000 - 0x00007fff275c5000 	C:\Windows\System32\SHLWAPI.dll
0x00007fff252d0000 - 0x00007fff25303000 	C:\Windows\SYSTEM32\ntmarta.dll
0x00007fff26450000 - 0x00007fff26481000 	C:\Windows\SYSTEM32\SspiCli.dll
0x00007fff24700000 - 0x00007fff24e90000 	C:\Windows\SYSTEM32\windows.storage.dll
0x00007fff25f90000 - 0x00007fff25fbc000 	C:\Windows\SYSTEM32\Wldp.dll
0x00007fff27e00000 - 0x00007fff27eae000 	C:\Windows\System32\SHCORE.dll
0x00007ffef9e00000 - 0x00007ffef9e0c000 	C:\Users\jan\.jdks\openjdk-15.0.1\bin\vcruntime140_1.dll
0x00007ffee2520000 - 0x00007ffee25b1000 	C:\Users\jan\.jdks\openjdk-15.0.1\bin\msvcp140.dll
0x00007ffee19c0000 - 0x00007ffee251e000 	C:\Users\jan\.jdks\openjdk-15.0.1\bin\server\jvm.dll
0x00007fff28bc0000 - 0x00007fff28bc8000 	C:\Windows\System32\PSAPI.DLL
0x00007fff09db0000 - 0x00007fff09db9000 	C:\Windows\SYSTEM32\WSOCK32.dll
0x00007fff27f30000 - 0x00007fff27f9b000 	C:\Windows\System32\WS2_32.dll
0x00007fff1c910000 - 0x00007fff1c937000 	C:\Windows\SYSTEM32\WINMM.dll
0x00007fff1fae0000 - 0x00007fff1faea000 	C:\Windows\SYSTEM32\VERSION.dll
0x00007fff24500000 - 0x00007fff24512000 	C:\Windows\SYSTEM32\kernel.appcore.dll
0x00007ffee49c0000 - 0x00007ffee49ca000 	C:\Users\jan\.jdks\openjdk-15.0.1\bin\jimage.dll
0x00007fff1ed00000 - 0x00007fff1eee4000 	C:\Windows\SYSTEM32\DBGHELP.DLL
0x00007fff19da0000 - 0x00007fff19dcc000 	C:\Windows\SYSTEM32\dbgcore.DLL
0x00007fff26590000 - 0x00007fff26610000 	C:\Windows\System32\bcryptPrimitives.dll
0x00007ffee1990000 - 0x00007ffee19b5000 	C:\Users\jan\.jdks\openjdk-15.0.1\bin\java.dll
0x00007fff264d0000 - 0x00007fff264ef000 	C:\Windows\SYSTEM32\profapi.dll
0x00007ffee1970000 - 0x00007ffee1989000 	C:\Users\jan\.jdks\openjdk-15.0.1\bin\net.dll
0x00007fff17c30000 - 0x00007fff17d3b000 	C:\Windows\SYSTEM32\WINHTTP.dll
0x00007fff25ca0000 - 0x00007fff25d0a000 	C:\Windows\system32\mswsock.dll
0x00007ffee1950000 - 0x00007ffee1962000 	C:\Users\jan\.jdks\openjdk-15.0.1\bin\nio.dll
0x00007ffee1930000 - 0x00007ffee1948000 	C:\Users\jan\.jdks\openjdk-15.0.1\bin\zip.dll
0x00007fff13320000 - 0x00007fff13384000 	C:\Users\jan\AppData\Local\Temp\lwjgljan\3.2.3-build-13\lwjgl.dll
0x00007fff132b0000 - 0x00007fff13312000 	C:\Users\jan\AppData\Local\Temp\lwjgljan\3.2.3-build-13\glfw.dll
0x00007fff24040000 - 0x00007fff240de000 	C:\Windows\system32\uxtheme.dll
0x00007fff14110000 - 0x00007fff14155000 	C:\Windows\SYSTEM32\dinput8.dll
0x00007fff21d70000 - 0x00007fff21d81000 	C:\Windows\SYSTEM32\xinput1_4.dll
0x00007fff268e0000 - 0x00007fff2692e000 	C:\Windows\System32\cfgmgr32.dll
0x00007fff26340000 - 0x00007fff2636c000 	C:\Windows\SYSTEM32\DEVOBJ.dll
0x00007fff24320000 - 0x00007fff2434f000 	C:\Windows\SYSTEM32\dwmapi.dll
0x00007fff19f90000 - 0x00007fff1a0e2000 	C:\Windows\SYSTEM32\inputhost.dll
0x00007fff274a0000 - 0x00007fff2756d000 	C:\Windows\System32\OLEAUT32.dll
0x00007fff23b70000 - 0x00007fff23c62000 	C:\Windows\SYSTEM32\CoreMessaging.dll
0x00007fff221d0000 - 0x00007fff222c7000 	C:\Windows\SYSTEM32\PROPSYS.dll
0x00007fff23120000 - 0x00007fff23274000 	C:\Windows\SYSTEM32\wintypes.dll
0x00007fff23810000 - 0x00007fff23b6e000 	C:\Windows\SYSTEM32\CoreUIComponents.dll
0x00007fff27ce0000 - 0x00007fff27df5000 	C:\Windows\System32\MSCTF.dll
0x00007fff24e90000 - 0x00007fff24e9d000 	C:\Windows\SYSTEM32\HID.DLL
0x00007fff275d0000 - 0x00007fff27a39000 	C:\Windows\System32\SETUPAPI.DLL
0x00007fff26960000 - 0x00007fff26987000 	C:\Windows\System32\bcrypt.dll
0x00007fff26c50000 - 0x00007fff26cb0000 	C:\Windows\System32\WINTRUST.dll
0x00007fff26d50000 - 0x00007fff26eaf000 	C:\Windows\System32\CRYPT32.dll
0x00007fff26110000 - 0x00007fff26122000 	C:\Windows\SYSTEM32\MSASN1.dll
0x00007ffee4150000 - 0x00007ffee4276000 	C:\Windows\SYSTEM32\opengl32.dll
0x00007fff06e80000 - 0x00007fff06eac000 	C:\Windows\SYSTEM32\GLU32.dll
0x00007fff28bd0000 - 0x00007fff28c79000 	C:\Windows\System32\clbcatq.dll
0x00007ffeba5e0000 - 0x00007ffeba60b000 	C:\Windows\System32\DriverStore\FileRepository\u0367126.inf_amd64_0be600f035c9a672\B367016\atig6pxx.dll
0x00007ffeac6f0000 - 0x00007ffeaf4dd000 	C:\Windows\System32\DriverStore\FileRepository\u0367126.inf_amd64_0be600f035c9a672\B367016\atio6axx.dll
0x00007fff27110000 - 0x00007fff2723a000 	C:\Windows\System32\ole32.dll
0x00007fff06e50000 - 0x00007fff06e74000 	C:\Windows\SYSTEM32\dxva2.dll
0x00007ffec4aa0000 - 0x00007ffec4adc000 	C:\Windows\System32\DriverStore\FileRepository\u0367126.inf_amd64_0be600f035c9a672\B367016\atig6txx.dll
0x00007ffed1fa0000 - 0x00007ffed2153000 	C:\Windows\SYSTEM32\atiadlxx.dll
0x00007ffef31f0000 - 0x00007ffef3244000 	C:\Windows\SYSTEM32\pdh.dll
0x00007fff1d8a0000 - 0x00007fff1d8db000 	C:\Windows\SYSTEM32\dxcore.dll
0x00007fff1a0f0000 - 0x00007fff1a1e9000 	C:\Windows\SYSTEM32\textinputframework.dll
0x00007fff13550000 - 0x00007fff135a9000 	C:\Users\jan\AppData\Local\Temp\lwjgljan\3.2.3-build-13\lwjgl_opengl.dll
0x00007ffee1920000 - 0x00007ffee1930000 	C:\Users\jan\.jdks\openjdk-15.0.1\bin\verify.dll

dbghelp: loaded successfully - version: 4.0.5 - missing functions: none
symbol engine: initialized successfully - sym options: 0x614 - pdb path: .;C:\Users\jan\.jdks\openjdk-15.0.1\bin;C:\Windows\SYSTEM32;C:\Windows\WinSxS\amd64_microsoft.windows.common-controls_6595b64144ccf1df_6.0.19041.844_none_ca00b6081b84eb1d;C:\Users\jan\.jdks\openjdk-15.0.1\bin\server;C:\Users\jan\AppData\Local\Temp\lwjgljan\3.2.3-build-13;C:\Windows\System32\DriverStore\FileRepository\u0367126.inf_amd64_0be600f035c9a672\B367016

VM Arguments:
jvm_args: -Dfile.encoding=windows-1252 -Duser.country=US -Duser.language=en -Duser.variant 
java_command: educanet.Main
java_class_path (initial): C:\Users\jan\IdeaProjects\kolize-moje\Matrix\build\classes\java\main;C:\Users\jan\IdeaProjects\kolize-moje\Matrix\build\resources\main;C:\Users\jan\.gradle\caches\modules-2\files-2.1\org.lwjgl\lwjgl-assimp\3.2.3\f62aa07a20afbdd3097efc296c4841e0d29700eb\lwjgl-assimp-3.2.3.jar;C:\Users\jan\.gradle\caches\modules-2\files-2.1\org.lwjgl\lwjgl-assimp\3.2.3\4e60aeb75f0343c4a9ede4ef8b6b32ca702a00a3\lwjgl-assimp-3.2.3-natives-windows.jar;C:\Users\jan\.gradle\caches\modules-2\files-2.1\org.lwjgl\lwjgl-glfw\3.2.3\5e520d5c290c8b012545a8d34fa5db5ab051ea53\lwjgl-glfw-3.2.3.jar;C:\Users\jan\.gradle\caches\modules-2\files-2.1\org.lwjgl\lwjgl-glfw\3.2.3\b4d8a3477cdc2edcf7a5f1e822926be846223f54\lwjgl-glfw-3.2.3-natives-windows.jar;C:\Users\jan\.gradle\caches\modules-2\files-2.1\org.lwjgl\lwjgl-openal\3.2.3\106742e805803ab9eab8e343f0fb31a3d263903c\lwjgl-openal-3.2.3.jar;C:\Users\jan\.gradle\caches\modules-2\files-2.1\org.lwjgl\lwjgl-openal\3.2.3\ec898e8ce11b5886f4f532a1536283ef2817758d\lwjgl-openal-3.2.3-natives-windows.jar;C:\Users\jan\.gradle\caches\modules-2\files-2.1\org.lwjgl\lwjgl-opengl\3.2.3\bdd534a323d0c8f54969b95e424b6ac8984f7d6e\lwjgl-opengl-3.2.3.jar;C:\Users\jan\.gradle\caches\modules-2\files-2.1\org.lwjgl\lwjgl-opengl\3.2.3\e81cfc73ec8708e5e791ed770e4ec3edfc1bbab1\lwjgl-opengl-3.2.3-natives-windows.jar;C:\Users\jan\.gradle\caches\modules-2\files-2.1\org.lwjgl\lwjgl-stb\3.2.3\40eccaa4fa86fc815f2e17946a392fb5fdcc286a\lwjgl-stb-3.2.3.jar;C:\Users\jan\.gradle\caches\modules-2\files-2.1\org.lwjgl\lwjgl-stb\3.2.3\817b21ec286f0ba3dcedb56a3bd275e6a9345be9\lwjgl-stb-3.2.3-natives-windows.jar;C:\Users\jan\.gradle\caches\modules-2\files-2.1\org.lwjgl\lwjgl\3.2.3\17a59ba0fe8d474ec9dbe0d5db40d2cfe59c4c08\lwjgl-3.2.3.jar;C:\Users\jan\.gradle\caches\modules-2\files-2.1\org.lwjgl\lwjgl\3.2.3\27f32cd35349684745951e04388e8e00d681cdcd\lwjgl-3.2.3-natives-windows.jar;C:\Users\jan\.gradle\caches\modules-2\files-2.1\org.joml\joml\1.10.0\a29b8bf72dc1478e9ceea256db2
Launcher Type: SUN_STANDARD

[Global flags]
     intx CICompilerCount                          = 3                                         {product} {ergonomic}
     uint ConcGCThreads                            = 2                                         {product} {ergonomic}
     uint G1ConcRefinementThreads                  = 6                                         {product} {ergonomic}
   size_t G1HeapRegionSize                         = 2097152                                   {product} {ergonomic}
    uintx GCDrainStackTargetSize                   = 64                                        {product} {ergonomic}
   size_t InitialHeapSize                          = 268435456                                 {product} {ergonomic}
   size_t MarkStackSize                            = 4194304                                   {product} {ergonomic}
   size_t MaxHeapSize                              = 4273995776                                {product} {ergonomic}
   size_t MaxNewSize                               = 2562719744                                {product} {ergonomic}
   size_t MinHeapDeltaBytes                        = 2097152                                   {product} {ergonomic}
   size_t MinHeapSize                              = 8388608                                   {product} {ergonomic}
    uintx NonNMethodCodeHeapSize                   = 5832780                                {pd product} {ergonomic}
    uintx NonProfiledCodeHeapSize                  = 122912730                              {pd product} {ergonomic}
    uintx ProfiledCodeHeapSize                     = 122912730                              {pd product} {ergonomic}
    uintx ReservedCodeCacheSize                    = 251658240                              {pd product} {ergonomic}
     bool SegmentedCodeCache                       = true                                      {product} {ergonomic}
   size_t SoftMaxHeapSize                          = 4273995776                             {manageable} {ergonomic}
     bool UseCompressedClassPointers               = true                                 {lp64_product} {ergonomic}
     bool UseCompressedOops                        = true                                 {lp64_product} {ergonomic}
     bool UseG1GC                                  = true                                      {product} {ergonomic}
     bool UseLargePagesIndividualAllocation        = false                                  {pd product} {ergonomic}

Logging:
Log output configuration:
 #0: stdout all=warning uptime,level,tags
 #1: stderr all=off uptime,level,tags

Environment Variables:
JAVA_HOME=C:\Users\jan\.jdks\openjdk-15.0.1
CLASSPATH=C:\Users\jan\IdeaProjects\Battleships3\json-simple-1-1-1\json-simple-1.1.1.jar
PATH=C:\Python39\Scripts\;C:\Python39\;C:\Windows\system32;C:\Windows;C:\Windows\System32\Wbem;C:\Windows\System32\WindowsPowerShell\v1.0\;C:\Windows\System32\OpenSSH\;C:\Program Files\nodejs\;C:\ProgramData\chocolatey\bin;C:\Program Files\Git\cmd;C:\Program Files\TortoiseGit\bin;C:\Users\jan\apache-maven-3.6.3\bin;C:\Users\jan\AppData\Local\Microsoft\WindowsApps;C:\Program Files\JetBrains\PhpStorm 2020.2.2\bin;;C:\Users\jan\AppData\Roaming\npm;C:\Program Files\JetBrains\IntelliJ IDEA 2020.2.3\bin;;C:\tools\dart-sdk\bin;C:\Users\jan\AppData\Roaming\Pub\Cache\bin;C:\Users\jan\apache-maven-3.6.3\bin;C:\Users\jan\AppData\Local\GitHubDesktop\bin;C:\Users\jan\AppData\Roaming\npm;C:\Users\jan\AppData\Roaming\npm\node_modules\@angular\cli\bin;
USERNAME=jan
OS=Windows_NT
PROCESSOR_IDENTIFIER=Intel64 Family 6 Model 158 Stepping 10, GenuineIntel



---------------  S Y S T E M  ---------------

OS:
 Windows 10 , 64 bit Build 19041 (10.0.19041.928)
OS uptime: 0 days 0:40 hours

CPU: total 6 (initial active 6) (6 cores per cpu, 1 threads per core) family 6 model 158 stepping 10 microcode 0xb4, cmov, cx8, fxsr, mmx, sse, sse2, sse3, ssse3, sse4.1, sse4.2, popcnt, vzeroupper, avx, avx2, aes, clmul, erms, 3dnowpref, lzcnt, tsc, tscinvbit, bmi1, bmi2, adx, fma, clflush, clflushopt

Memory: 4k page, system-wide physical 16300M (9793M free)
TotalPageFile size 21676M (AvailPageFile size 11810M)
current process WorkingSet (physical memory assigned to process): 110M, peak: 115M
current process commit charge ("private bytes"): 448M, peak: 454M

vm_info: OpenJDK 64-Bit Server VM (15.0.1+9-18) for windows-amd64 JRE (15.0.1+9-18), built on Sep 15 2020 14:39:31 by "mach5one" with unknown MS VC++:1925

END.
