#
# A fatal error has been detected by the Java Runtime Environment:
#
#  EXCEPTION_ACCESS_VIOLATION (0xc0000005) at pc=0x00007ffbd5af867c, pid=8360, tid=6760
#
# JRE version: OpenJDK Runtime Environment (15.0.1+9) (build 15.0.1+9-18)
# Java VM: OpenJDK 64-Bit Server VM (15.0.1+9-18, mixed mode, sharing, tiered, compressed oops, g1 gc, windows-amd64)
# Problematic frame:
# C  [atig6txx.dll+0x1867c]
#
# No core dump will be written. Minidumps are not enabled by default on client versions of Windows
#
# If you would like to submit a bug report, please visit:
#   https://bugreport.java.com/bugreport/crash.jsp
# The crash happened outside the Java Virtual Machine in native code.
# See problematic frame for where to report the bug.
#

---------------  S U M M A R Y ------------

Command Line: -Dfile.encoding=windows-1252 -Duser.country=US -Duser.language=en -Duser.variant educanet.Main

Host: Intel(R) Core(TM) i5-9400F CPU @ 2.90GHz, 6 cores, 15G,  Windows 10 , 64 bit Build 19041 (10.0.19041.928)
Time: Fri May 28 10:56:33 2021 Central Europe Daylight Time elapsed time: 0.897356 seconds (0d 0h 0m 0s)

---------------  T H R E A D  ---------------

Current thread (0x000001eb1b070390):  JavaThread "main" [_thread_in_native, id=6760, stack(0x000000e9d7a00000,0x000000e9d7b00000)]

Stack: [0x000000e9d7a00000,0x000000e9d7b00000],  sp=0x000000e9d7afcea0,  free space=1011k
Native frames: (J=compiled Java code, j=interpreted, Vv=VM code, C=native code)
C  [atig6txx.dll+0x1867c]

Java frames: (J=compiled Java code, j=interpreted, Vv=VM code)
j  org.lwjgl.system.JNI.invokePV(JJ)V+0
j  org.lwjgl.glfw.GLFW.glfwSwapBuffers(J)V+17
j  educanet.Main.main([Ljava/lang/String;)V+266
v  ~StubRoutines::call_stub

siginfo: EXCEPTION_ACCESS_VIOLATION (0xc0000005), reading address 0x000000003f800000


Register to memory mapping:

RIP=0x00007ffbd5af867c atig6txx.dll
RAX=0x000000003f800000 is an unknown value
RBX=0x000001eb433b3070 points into unknown readable memory: 0x000000003f800000 | 00 00 80 3f 00 00 00 00
RCX=0x000001eb433b3070 points into unknown readable memory: 0x000000003f800000 | 00 00 80 3f 00 00 00 00
RDX=0x0 is NULL
RSP=0x000000e9d7afcea0 is pointing into the stack for thread: 0x000001eb1b070390
RBP=0x000000e9d7afcf98 is pointing into the stack for thread: 0x000001eb1b070390
RSI=0x000001eb3f742870 points into unknown readable memory: 0x0000000000000001 | 01 00 00 00 00 00 00 00
RDI=0x000001eb3f11e200 points into unknown readable memory: 0x0000000300000000 | 00 00 00 00 03 00 00 00
R8 =0x000000000000044c is an unknown value
R9 =0x000001eb482a1270 points into unknown readable memory: 0x0000000000000000 | 00 00 00 00 00 00 00 00
R10=0x0000000000008000 is an unknown value
R11=0x000000e9d7afcfc0 is pointing into the stack for thread: 0x000001eb1b070390
R12=0x000001eb433b3070 points into unknown readable memory: 0x000000003f800000 | 00 00 80 3f 00 00 00 00
R13=0x0 is NULL
R14=0x0000000000000001 is an unknown value
R15=0x0 is NULL


Registers:
RAX=0x000000003f800000, RBX=0x000001eb433b3070, RCX=0x000001eb433b3070, RDX=0x0000000000000000
RSP=0x000000e9d7afcea0, RBP=0x000000e9d7afcf98, RSI=0x000001eb3f742870, RDI=0x000001eb3f11e200
R8 =0x000000000000044c, R9 =0x000001eb482a1270, R10=0x0000000000008000, R11=0x000000e9d7afcfc0
R12=0x000001eb433b3070, R13=0x0000000000000000, R14=0x0000000000000001, R15=0x0000000000000000
RIP=0x00007ffbd5af867c, EFLAGS=0x0000000000010246

Top of Stack: (sp=0x000000e9d7afcea0)
0x000000e9d7afcea0:   000000a10000008a 000003c1000003aa
0x000000e9d7afceb0:   000072ac1886d059 00007ffc35a43572
0x000000e9d7afcec0:   000001eb482a11f0 00007ffbd5af8cd7
0x000000e9d7afced0:   0000000000000347 0000000000000000
0x000000e9d7afcee0:   000001eb4805b860 00007ffbbce001c2
0x000000e9d7afcef0:   000001eb3f11e200 00007ffbd5af8bf0
0x000000e9d7afcf00:   000000000000044c 000000e9d7afcff0
0x000000e9d7afcf10:   000000e9d7afcff0 00007ffbbcf5691c
0x000000e9d7afcf20:   0000000000000000 00007ffbd5af7dbc
0x000000e9d7afcf30:   0000000000000000 000001eb3ec3caf0
0x000000e9d7afcf40:   000001eb3ec3caf0 000000e9d7afd201
0x000000e9d7afcf50:   0000000080001cc0 000000e9d7afcfe0
0x000000e9d7afcf60:   0000000000000001 0000000000000000
0x000000e9d7afcf70:   0000000000000001 000000e9d7afd140
0x000000e9d7afcf80:   000000e9d7afcfe0 000000e9d7afcf50
0x000000e9d7afcf90:   000001eb18db0000 0000000000000000 

Instructions: (pc=0x00007ffbd5af867c)
0x00007ffbd5af857c:   8b 82 a0 02 00 00 48 8d 4d 87 48 89 45 0f ff 15
0x00007ffbd5af858c:   70 b8 01 00 48 81 c4 f0 00 00 00 5d c3 cc cc cc
0x00007ffbd5af859c:   cc cc cc cc 48 83 ec 48 48 8b 02 8b 88 60 01 00
0x00007ffbd5af85ac:   00 48 8b 42 08 89 4c 24 20 8b 88 e0 00 00 00 8b
0x00007ffbd5af85bc:   42 1c 83 64 24 28 00 89 44 24 2c 48 8b 42 10 48
0x00007ffbd5af85cc:   89 44 24 30 8b 42 18 89 44 24 38 8b 42 20 89 4c
0x00007ffbd5af85dc:   24 24 48 8d 4c 24 20 89 44 24 3c ff 15 2b ba 01
0x00007ffbd5af85ec:   00 48 83 c4 48 c3 cc cc cc cc cc cc 48 85 c9 74
0x00007ffbd5af85fc:   27 53 48 83 ec 20 48 83 3d 96 ba 01 00 00 48 8b
0x00007ffbd5af860c:   d9 74 10 48 8b 01 33 d2 ff 50 28 48 8b cb e8 5d
0x00007ffbd5af861c:   65 00 00 48 83 c4 20 5b c3 cc cc cc cc cc cc cc
0x00007ffbd5af862c:   40 53 48 83 ec 20 48 8d 05 37 13 ff ff 48 8b d9
0x00007ffbd5af863c:   48 89 01 f6 c2 01 74 0a ba 18 00 00 00 e8 a6 46
0x00007ffbd5af864c:   00 00 48 8b c3 48 83 c4 20 5b c3 cc cc cc cc cc
0x00007ffbd5af865c:   cc cc cc cc 48 85 c9 74 26 53 48 83 ec 20 48 83
0x00007ffbd5af866c:   3d 2e ba 01 00 00 48 8b d9 74 0f 48 8b 01 33 d2
0x00007ffbd5af867c:   ff 10 48 8b cb e8 f6 64 00 00 48 83 c4 20 5b c3
0x00007ffbd5af868c:   cc cc cc cc cc cc cc cc 48 89 5c 24 08 57 48 83
0x00007ffbd5af869c:   ec 20 48 8b f9 33 db 48 8d 0d 46 76 01 00 ff 15
0x00007ffbd5af86ac:   88 f9 01 00 48 85 c0 74 19 48 8d 15 44 76 01 00
0x00007ffbd5af86bc:   48 8b c8 ff 15 f3 f9 01 00 48 85 c0 8d 4b 01 0f
0x00007ffbd5af86cc:   45 d9 c1 e3 0b 33 d2 44 8b c3 48 8b cf 48 8b 5c
0x00007ffbd5af86dc:   24 30 48 83 c4 20 5f 48 ff 25 46 f9 01 00 cc cc
0x00007ffbd5af86ec:   cc cc cc cc 40 53 48 83 ec 20 48 8d 05 7b 12 ff
0x00007ffbd5af86fc:   ff 48 8b d9 48 89 01 f6 c2 01 74 0a ba 10 00 00
0x00007ffbd5af870c:   00 e8 e2 45 00 00 48 8b c3 48 83 c4 20 5b c3 cc
0x00007ffbd5af871c:   cc cc cc cc cc cc cc cc 40 53 48 83 ec 20 48 8d
0x00007ffbd5af872c:   05 47 12 ff ff 48 8b d9 48 89 01 f6 c2 01 74 0a
0x00007ffbd5af873c:   ba 18 00 00 00 e8 ae 45 00 00 48 8b c3 48 83 c4
0x00007ffbd5af874c:   20 5b c3 cc cc cc cc cc cc cc cc cc 48 89 5c 24
0x00007ffbd5af875c:   08 48 89 74 24 10 48 89 7c 24 20 41 56 48 83 ec
0x00007ffbd5af876c:   20 48 8b f2 4c 8b f1 bf 01 00 00 00 33 db 49 8b 


Stack slot to memory mapping:
stack at sp + 0 slots: 0x000000a10000008a is an unknown value
stack at sp + 1 slots: 0x000003c1000003aa is an unknown value
stack at sp + 2 slots: 0x000072ac1886d059 is an unknown value
stack at sp + 3 slots: 0x00007ffc35a43572 USER32.dll
stack at sp + 4 slots: 0x000001eb482a11f0 points into unknown readable memory: 0x000001eb433b3070 | 70 30 3b 43 eb 01 00 00
stack at sp + 5 slots: 0x00007ffbd5af8cd7 atig6txx.dll
stack at sp + 6 slots: 0x0000000000000347 is an unknown value
stack at sp + 7 slots: 0x0 is NULL


---------------  P R O C E S S  ---------------

Threads class SMR info:
_java_thread_list=0x000001eb3ecb3910, length=11, elements={
0x000001eb1b070390, 0x000001eb3e2e1bf0, 0x000001eb3e2e27c0, 0x000001eb3e2f38f0,
0x000001eb3e2f43a0, 0x000001eb3e2f7260, 0x000001eb3e2fa510, 0x000001eb3e3084d0,
0x000001eb3e308ec0, 0x000001eb3ecb56c0, 0x000001eb3ecdded0
}

Java Threads: ( => current thread )
=>0x000001eb1b070390 JavaThread "main" [_thread_in_native, id=6760, stack(0x000000e9d7a00000,0x000000e9d7b00000)]
  0x000001eb3e2e1bf0 JavaThread "Reference Handler" daemon [_thread_blocked, id=14628, stack(0x000000e9d8100000,0x000000e9d8200000)]
  0x000001eb3e2e27c0 JavaThread "Finalizer" daemon [_thread_blocked, id=6880, stack(0x000000e9d8200000,0x000000e9d8300000)]
  0x000001eb3e2f38f0 JavaThread "Signal Dispatcher" daemon [_thread_blocked, id=8576, stack(0x000000e9d8300000,0x000000e9d8400000)]
  0x000001eb3e2f43a0 JavaThread "Attach Listener" daemon [_thread_blocked, id=10304, stack(0x000000e9d8400000,0x000000e9d8500000)]
  0x000001eb3e2f7260 JavaThread "Service Thread" daemon [_thread_blocked, id=8280, stack(0x000000e9d8500000,0x000000e9d8600000)]
  0x000001eb3e2fa510 JavaThread "C2 CompilerThread0" daemon [_thread_blocked, id=2844, stack(0x000000e9d8600000,0x000000e9d8700000)]
  0x000001eb3e3084d0 JavaThread "C1 CompilerThread0" daemon [_thread_blocked, id=3328, stack(0x000000e9d8700000,0x000000e9d8800000)]
  0x000001eb3e308ec0 JavaThread "Sweeper thread" daemon [_thread_blocked, id=7016, stack(0x000000e9d8800000,0x000000e9d8900000)]
  0x000001eb3ecb56c0 JavaThread "Notification Thread" daemon [_thread_blocked, id=8832, stack(0x000000e9d8900000,0x000000e9d8a00000)]
  0x000001eb3ecdded0 JavaThread "Common-Cleaner" daemon [_thread_blocked, id=13764, stack(0x000000e9d8b00000,0x000000e9d8c00000)]

Other Threads:
  0x000001eb3e2dc350 VMThread "VM Thread" [stack: 0x000000e9d8000000,0x000000e9d8100000] [id=13480]
  0x000001eb3ecd5ba0 WatcherThread [stack: 0x000000e9d8a00000,0x000000e9d8b00000] [id=2236]
  0x000001eb1b0bdf80 GCTaskThread "GC Thread#0" [stack: 0x000000e9d7b00000,0x000000e9d7c00000] [id=1356]
  0x000001eb1b0cffa0 ConcurrentGCThread "G1 Main Marker" [stack: 0x000000e9d7c00000,0x000000e9d7d00000] [id=3704]
  0x000001eb1b0d0b90 ConcurrentGCThread "G1 Conc#0" [stack: 0x000000e9d7d00000,0x000000e9d7e00000] [id=16132]
  0x000001eb1b10dc40 ConcurrentGCThread "G1 Refine#0" [stack: 0x000000e9d7e00000,0x000000e9d7f00000] [id=12856]
  0x000001eb1b10e840 ConcurrentGCThread "G1 Young RemSet Sampling" [stack: 0x000000e9d7f00000,0x000000e9d8000000] [id=7240]

Threads with active compile tasks:

VM state: not at safepoint (normal execution)

VM Mutex/Monitor currently owned by a thread: None

Heap address: 0x0000000701400000, size: 4076 MB, Compressed Oops mode: Zero based, Oop shift amount: 3
CDS archive(s) mapped at: [0x0000000800000000-0x0000000800b50000-0x0000000800b50000), size 11862016, SharedBaseAddress: 0x0000000800000000, ArchiveRelocationMode: 0.
Compressed class space mapped at: 0x0000000800b50000-0x0000000840b50000, size: 1073741824
Narrow klass base: 0x0000000800000000, Narrow klass shift: 3, Narrow klass range: 0x100000000

GC Precious Log:
 CPUs: 6 total, 6 available
 Memory: 16300M
 Large Page Support: Disabled
 NUMA Support: Disabled
 Compressed Oops: Enabled (Zero based)
 Heap Region Size: 2M
 Heap Min Capacity: 8M
 Heap Initial Capacity: 256M
 Heap Max Capacity: 4076M
 Pre-touch: Disabled
 Parallel Workers: 6
 Concurrent Workers: 2
 Concurrent Refinement Workers: 6
 Periodic GC: Disabled

Heap:
 garbage-first heap   total 262144K, used 14336K [0x0000000701400000, 0x0000000800000000)
  region size 2048K, 8 young (16384K), 0 survivors (0K)
 Metaspace       used 7042K, capacity 9860K, committed 10112K, reserved 1058816K
  class space    used 331K, capacity 605K, committed 640K, reserved 1048576K

Heap Regions: E=young(eden), S=young(survivor), O=old, HS=humongous(starts), HC=humongous(continues), CS=collection set, F=free, OA=open archive, CA=closed archive, TAMS=top-at-mark-start (previous, next)
|   0|0x0000000701400000, 0x0000000701400000, 0x0000000701600000|  0%| F|  |TAMS 0x0000000701400000, 0x0000000701400000| Untracked 
|   1|0x0000000701600000, 0x0000000701600000, 0x0000000701800000|  0%| F|  |TAMS 0x0000000701600000, 0x0000000701600000| Untracked 
|   2|0x0000000701800000, 0x0000000701800000, 0x0000000701a00000|  0%| F|  |TAMS 0x0000000701800000, 0x0000000701800000| Untracked 
|   3|0x0000000701a00000, 0x0000000701a00000, 0x0000000701c00000|  0%| F|  |TAMS 0x0000000701a00000, 0x0000000701a00000| Untracked 
|   4|0x0000000701c00000, 0x0000000701c00000, 0x0000000701e00000|  0%| F|  |TAMS 0x0000000701c00000, 0x0000000701c00000| Untracked 
|   5|0x0000000701e00000, 0x0000000701e00000, 0x0000000702000000|  0%| F|  |TAMS 0x0000000701e00000, 0x0000000701e00000| Untracked 
|   6|0x0000000702000000, 0x0000000702000000, 0x0000000702200000|  0%| F|  |TAMS 0x0000000702000000, 0x0000000702000000| Untracked 
|   7|0x0000000702200000, 0x0000000702200000, 0x0000000702400000|  0%| F|  |TAMS 0x0000000702200000, 0x0000000702200000| Untracked 
|   8|0x0000000702400000, 0x0000000702400000, 0x0000000702600000|  0%| F|  |TAMS 0x0000000702400000, 0x0000000702400000| Untracked 
|   9|0x0000000702600000, 0x0000000702600000, 0x0000000702800000|  0%| F|  |TAMS 0x0000000702600000, 0x0000000702600000| Untracked 
|  10|0x0000000702800000, 0x0000000702800000, 0x0000000702a00000|  0%| F|  |TAMS 0x0000000702800000, 0x0000000702800000| Untracked 
|  11|0x0000000702a00000, 0x0000000702a00000, 0x0000000702c00000|  0%| F|  |TAMS 0x0000000702a00000, 0x0000000702a00000| Untracked 
|  12|0x0000000702c00000, 0x0000000702c00000, 0x0000000702e00000|  0%| F|  |TAMS 0x0000000702c00000, 0x0000000702c00000| Untracked 
|  13|0x0000000702e00000, 0x0000000702e00000, 0x0000000703000000|  0%| F|  |TAMS 0x0000000702e00000, 0x0000000702e00000| Untracked 
|  14|0x0000000703000000, 0x0000000703000000, 0x0000000703200000|  0%| F|  |TAMS 0x0000000703000000, 0x0000000703000000| Untracked 
|  15|0x0000000703200000, 0x0000000703200000, 0x0000000703400000|  0%| F|  |TAMS 0x0000000703200000, 0x0000000703200000| Untracked 
|  16|0x0000000703400000, 0x0000000703400000, 0x0000000703600000|  0%| F|  |TAMS 0x0000000703400000, 0x0000000703400000| Untracked 
|  17|0x0000000703600000, 0x0000000703600000, 0x0000000703800000|  0%| F|  |TAMS 0x0000000703600000, 0x0000000703600000| Untracked 
|  18|0x0000000703800000, 0x0000000703800000, 0x0000000703a00000|  0%| F|  |TAMS 0x0000000703800000, 0x0000000703800000| Untracked 
|  19|0x0000000703a00000, 0x0000000703a00000, 0x0000000703c00000|  0%| F|  |TAMS 0x0000000703a00000, 0x0000000703a00000| Untracked 
|  20|0x0000000703c00000, 0x0000000703c00000, 0x0000000703e00000|  0%| F|  |TAMS 0x0000000703c00000, 0x0000000703c00000| Untracked 
|  21|0x0000000703e00000, 0x0000000703e00000, 0x0000000704000000|  0%| F|  |TAMS 0x0000000703e00000, 0x0000000703e00000| Untracked 
|  22|0x0000000704000000, 0x0000000704000000, 0x0000000704200000|  0%| F|  |TAMS 0x0000000704000000, 0x0000000704000000| Untracked 
|  23|0x0000000704200000, 0x0000000704200000, 0x0000000704400000|  0%| F|  |TAMS 0x0000000704200000, 0x0000000704200000| Untracked 
|  24|0x0000000704400000, 0x0000000704400000, 0x0000000704600000|  0%| F|  |TAMS 0x0000000704400000, 0x0000000704400000| Untracked 
|  25|0x0000000704600000, 0x0000000704600000, 0x0000000704800000|  0%| F|  |TAMS 0x0000000704600000, 0x0000000704600000| Untracked 
|  26|0x0000000704800000, 0x0000000704800000, 0x0000000704a00000|  0%| F|  |TAMS 0x0000000704800000, 0x0000000704800000| Untracked 
|  27|0x0000000704a00000, 0x0000000704a00000, 0x0000000704c00000|  0%| F|  |TAMS 0x0000000704a00000, 0x0000000704a00000| Untracked 
|  28|0x0000000704c00000, 0x0000000704c00000, 0x0000000704e00000|  0%| F|  |TAMS 0x0000000704c00000, 0x0000000704c00000| Untracked 
|  29|0x0000000704e00000, 0x0000000704e00000, 0x0000000705000000|  0%| F|  |TAMS 0x0000000704e00000, 0x0000000704e00000| Untracked 
|  30|0x0000000705000000, 0x0000000705000000, 0x0000000705200000|  0%| F|  |TAMS 0x0000000705000000, 0x0000000705000000| Untracked 
|  31|0x0000000705200000, 0x0000000705200000, 0x0000000705400000|  0%| F|  |TAMS 0x0000000705200000, 0x0000000705200000| Untracked 
|  32|0x0000000705400000, 0x0000000705400000, 0x0000000705600000|  0%| F|  |TAMS 0x0000000705400000, 0x0000000705400000| Untracked 
|  33|0x0000000705600000, 0x0000000705600000, 0x0000000705800000|  0%| F|  |TAMS 0x0000000705600000, 0x0000000705600000| Untracked 
|  34|0x0000000705800000, 0x0000000705800000, 0x0000000705a00000|  0%| F|  |TAMS 0x0000000705800000, 0x0000000705800000| Untracked 
|  35|0x0000000705a00000, 0x0000000705a00000, 0x0000000705c00000|  0%| F|  |TAMS 0x0000000705a00000, 0x0000000705a00000| Untracked 
|  36|0x0000000705c00000, 0x0000000705c00000, 0x0000000705e00000|  0%| F|  |TAMS 0x0000000705c00000, 0x0000000705c00000| Untracked 
|  37|0x0000000705e00000, 0x0000000705e00000, 0x0000000706000000|  0%| F|  |TAMS 0x0000000705e00000, 0x0000000705e00000| Untracked 
|  38|0x0000000706000000, 0x0000000706000000, 0x0000000706200000|  0%| F|  |TAMS 0x0000000706000000, 0x0000000706000000| Untracked 
|  39|0x0000000706200000, 0x0000000706200000, 0x0000000706400000|  0%| F|  |TAMS 0x0000000706200000, 0x0000000706200000| Untracked 
|  40|0x0000000706400000, 0x0000000706400000, 0x0000000706600000|  0%| F|  |TAMS 0x0000000706400000, 0x0000000706400000| Untracked 
|  41|0x0000000706600000, 0x0000000706600000, 0x0000000706800000|  0%| F|  |TAMS 0x0000000706600000, 0x0000000706600000| Untracked 
|  42|0x0000000706800000, 0x0000000706800000, 0x0000000706a00000|  0%| F|  |TAMS 0x0000000706800000, 0x0000000706800000| Untracked 
|  43|0x0000000706a00000, 0x0000000706a00000, 0x0000000706c00000|  0%| F|  |TAMS 0x0000000706a00000, 0x0000000706a00000| Untracked 
|  44|0x0000000706c00000, 0x0000000706c00000, 0x0000000706e00000|  0%| F|  |TAMS 0x0000000706c00000, 0x0000000706c00000| Untracked 
|  45|0x0000000706e00000, 0x0000000706e00000, 0x0000000707000000|  0%| F|  |TAMS 0x0000000706e00000, 0x0000000706e00000| Untracked 
|  46|0x0000000707000000, 0x0000000707000000, 0x0000000707200000|  0%| F|  |TAMS 0x0000000707000000, 0x0000000707000000| Untracked 
|  47|0x0000000707200000, 0x0000000707200000, 0x0000000707400000|  0%| F|  |TAMS 0x0000000707200000, 0x0000000707200000| Untracked 
|  48|0x0000000707400000, 0x0000000707400000, 0x0000000707600000|  0%| F|  |TAMS 0x0000000707400000, 0x0000000707400000| Untracked 
|  49|0x0000000707600000, 0x0000000707600000, 0x0000000707800000|  0%| F|  |TAMS 0x0000000707600000, 0x0000000707600000| Untracked 
|  50|0x0000000707800000, 0x0000000707800000, 0x0000000707a00000|  0%| F|  |TAMS 0x0000000707800000, 0x0000000707800000| Untracked 
|  51|0x0000000707a00000, 0x0000000707a00000, 0x0000000707c00000|  0%| F|  |TAMS 0x0000000707a00000, 0x0000000707a00000| Untracked 
|  52|0x0000000707c00000, 0x0000000707c00000, 0x0000000707e00000|  0%| F|  |TAMS 0x0000000707c00000, 0x0000000707c00000| Untracked 
|  53|0x0000000707e00000, 0x0000000707e00000, 0x0000000708000000|  0%| F|  |TAMS 0x0000000707e00000, 0x0000000707e00000| Untracked 
|  54|0x0000000708000000, 0x0000000708000000, 0x0000000708200000|  0%| F|  |TAMS 0x0000000708000000, 0x0000000708000000| Untracked 
|  55|0x0000000708200000, 0x0000000708200000, 0x0000000708400000|  0%| F|  |TAMS 0x0000000708200000, 0x0000000708200000| Untracked 
|  56|0x0000000708400000, 0x0000000708400000, 0x0000000708600000|  0%| F|  |TAMS 0x0000000708400000, 0x0000000708400000| Untracked 
|  57|0x0000000708600000, 0x0000000708600000, 0x0000000708800000|  0%| F|  |TAMS 0x0000000708600000, 0x0000000708600000| Untracked 
|  58|0x0000000708800000, 0x0000000708800000, 0x0000000708a00000|  0%| F|  |TAMS 0x0000000708800000, 0x0000000708800000| Untracked 
|  59|0x0000000708a00000, 0x0000000708a00000, 0x0000000708c00000|  0%| F|  |TAMS 0x0000000708a00000, 0x0000000708a00000| Untracked 
|  60|0x0000000708c00000, 0x0000000708c00000, 0x0000000708e00000|  0%| F|  |TAMS 0x0000000708c00000, 0x0000000708c00000| Untracked 
|  61|0x0000000708e00000, 0x0000000708e00000, 0x0000000709000000|  0%| F|  |TAMS 0x0000000708e00000, 0x0000000708e00000| Untracked 
|  62|0x0000000709000000, 0x0000000709000000, 0x0000000709200000|  0%| F|  |TAMS 0x0000000709000000, 0x0000000709000000| Untracked 
|  63|0x0000000709200000, 0x0000000709200000, 0x0000000709400000|  0%| F|  |TAMS 0x0000000709200000, 0x0000000709200000| Untracked 
|  64|0x0000000709400000, 0x0000000709400000, 0x0000000709600000|  0%| F|  |TAMS 0x0000000709400000, 0x0000000709400000| Untracked 
|  65|0x0000000709600000, 0x0000000709600000, 0x0000000709800000|  0%| F|  |TAMS 0x0000000709600000, 0x0000000709600000| Untracked 
|  66|0x0000000709800000, 0x0000000709800000, 0x0000000709a00000|  0%| F|  |TAMS 0x0000000709800000, 0x0000000709800000| Untracked 
|  67|0x0000000709a00000, 0x0000000709a00000, 0x0000000709c00000|  0%| F|  |TAMS 0x0000000709a00000, 0x0000000709a00000| Untracked 
|  68|0x0000000709c00000, 0x0000000709c00000, 0x0000000709e00000|  0%| F|  |TAMS 0x0000000709c00000, 0x0000000709c00000| Untracked 
|  69|0x0000000709e00000, 0x0000000709e00000, 0x000000070a000000|  0%| F|  |TAMS 0x0000000709e00000, 0x0000000709e00000| Untracked 
|  70|0x000000070a000000, 0x000000070a000000, 0x000000070a200000|  0%| F|  |TAMS 0x000000070a000000, 0x000000070a000000| Untracked 
|  71|0x000000070a200000, 0x000000070a200000, 0x000000070a400000|  0%| F|  |TAMS 0x000000070a200000, 0x000000070a200000| Untracked 
|  72|0x000000070a400000, 0x000000070a400000, 0x000000070a600000|  0%| F|  |TAMS 0x000000070a400000, 0x000000070a400000| Untracked 
|  73|0x000000070a600000, 0x000000070a600000, 0x000000070a800000|  0%| F|  |TAMS 0x000000070a600000, 0x000000070a600000| Untracked 
|  74|0x000000070a800000, 0x000000070a800000, 0x000000070aa00000|  0%| F|  |TAMS 0x000000070a800000, 0x000000070a800000| Untracked 
|  75|0x000000070aa00000, 0x000000070aa00000, 0x000000070ac00000|  0%| F|  |TAMS 0x000000070aa00000, 0x000000070aa00000| Untracked 
|  76|0x000000070ac00000, 0x000000070ac00000, 0x000000070ae00000|  0%| F|  |TAMS 0x000000070ac00000, 0x000000070ac00000| Untracked 
|  77|0x000000070ae00000, 0x000000070ae00000, 0x000000070b000000|  0%| F|  |TAMS 0x000000070ae00000, 0x000000070ae00000| Untracked 
|  78|0x000000070b000000, 0x000000070b000000, 0x000000070b200000|  0%| F|  |TAMS 0x000000070b000000, 0x000000070b000000| Untracked 
|  79|0x000000070b200000, 0x000000070b200000, 0x000000070b400000|  0%| F|  |TAMS 0x000000070b200000, 0x000000070b200000| Untracked 
|  80|0x000000070b400000, 0x000000070b400000, 0x000000070b600000|  0%| F|  |TAMS 0x000000070b400000, 0x000000070b400000| Untracked 
|  81|0x000000070b600000, 0x000000070b600000, 0x000000070b800000|  0%| F|  |TAMS 0x000000070b600000, 0x000000070b600000| Untracked 
|  82|0x000000070b800000, 0x000000070b800000, 0x000000070ba00000|  0%| F|  |TAMS 0x000000070b800000, 0x000000070b800000| Untracked 
|  83|0x000000070ba00000, 0x000000070ba00000, 0x000000070bc00000|  0%| F|  |TAMS 0x000000070ba00000, 0x000000070ba00000| Untracked 
|  84|0x000000070bc00000, 0x000000070bc00000, 0x000000070be00000|  0%| F|  |TAMS 0x000000070bc00000, 0x000000070bc00000| Untracked 
|  85|0x000000070be00000, 0x000000070be00000, 0x000000070c000000|  0%| F|  |TAMS 0x000000070be00000, 0x000000070be00000| Untracked 
|  86|0x000000070c000000, 0x000000070c000000, 0x000000070c200000|  0%| F|  |TAMS 0x000000070c000000, 0x000000070c000000| Untracked 
|  87|0x000000070c200000, 0x000000070c200000, 0x000000070c400000|  0%| F|  |TAMS 0x000000070c200000, 0x000000070c200000| Untracked 
|  88|0x000000070c400000, 0x000000070c400000, 0x000000070c600000|  0%| F|  |TAMS 0x000000070c400000, 0x000000070c400000| Untracked 
|  89|0x000000070c600000, 0x000000070c600000, 0x000000070c800000|  0%| F|  |TAMS 0x000000070c600000, 0x000000070c600000| Untracked 
|  90|0x000000070c800000, 0x000000070c800000, 0x000000070ca00000|  0%| F|  |TAMS 0x000000070c800000, 0x000000070c800000| Untracked 
|  91|0x000000070ca00000, 0x000000070ca00000, 0x000000070cc00000|  0%| F|  |TAMS 0x000000070ca00000, 0x000000070ca00000| Untracked 
|  92|0x000000070cc00000, 0x000000070cc00000, 0x000000070ce00000|  0%| F|  |TAMS 0x000000070cc00000, 0x000000070cc00000| Untracked 
|  93|0x000000070ce00000, 0x000000070ce00000, 0x000000070d000000|  0%| F|  |TAMS 0x000000070ce00000, 0x000000070ce00000| Untracked 
|  94|0x000000070d000000, 0x000000070d000000, 0x000000070d200000|  0%| F|  |TAMS 0x000000070d000000, 0x000000070d000000| Untracked 
|  95|0x000000070d200000, 0x000000070d200000, 0x000000070d400000|  0%| F|  |TAMS 0x000000070d200000, 0x000000070d200000| Untracked 
|  96|0x000000070d400000, 0x000000070d400000, 0x000000070d600000|  0%| F|  |TAMS 0x000000070d400000, 0x000000070d400000| Untracked 
|  97|0x000000070d600000, 0x000000070d600000, 0x000000070d800000|  0%| F|  |TAMS 0x000000070d600000, 0x000000070d600000| Untracked 
|  98|0x000000070d800000, 0x000000070d800000, 0x000000070da00000|  0%| F|  |TAMS 0x000000070d800000, 0x000000070d800000| Untracked 
|  99|0x000000070da00000, 0x000000070da00000, 0x000000070dc00000|  0%| F|  |TAMS 0x000000070da00000, 0x000000070da00000| Untracked 
| 100|0x000000070dc00000, 0x000000070dc00000, 0x000000070de00000|  0%| F|  |TAMS 0x000000070dc00000, 0x000000070dc00000| Untracked 
| 101|0x000000070de00000, 0x000000070de00000, 0x000000070e000000|  0%| F|  |TAMS 0x000000070de00000, 0x000000070de00000| Untracked 
| 102|0x000000070e000000, 0x000000070e000000, 0x000000070e200000|  0%| F|  |TAMS 0x000000070e000000, 0x000000070e000000| Untracked 
| 103|0x000000070e200000, 0x000000070e200000, 0x000000070e400000|  0%| F|  |TAMS 0x000000070e200000, 0x000000070e200000| Untracked 
| 104|0x000000070e400000, 0x000000070e400000, 0x000000070e600000|  0%| F|  |TAMS 0x000000070e400000, 0x000000070e400000| Untracked 
| 105|0x000000070e600000, 0x000000070e600000, 0x000000070e800000|  0%| F|  |TAMS 0x000000070e600000, 0x000000070e600000| Untracked 
| 106|0x000000070e800000, 0x000000070e800000, 0x000000070ea00000|  0%| F|  |TAMS 0x000000070e800000, 0x000000070e800000| Untracked 
| 107|0x000000070ea00000, 0x000000070ea00000, 0x000000070ec00000|  0%| F|  |TAMS 0x000000070ea00000, 0x000000070ea00000| Untracked 
| 108|0x000000070ec00000, 0x000000070ec00000, 0x000000070ee00000|  0%| F|  |TAMS 0x000000070ec00000, 0x000000070ec00000| Untracked 
| 109|0x000000070ee00000, 0x000000070ee00000, 0x000000070f000000|  0%| F|  |TAMS 0x000000070ee00000, 0x000000070ee00000| Untracked 
| 110|0x000000070f000000, 0x000000070f000000, 0x000000070f200000|  0%| F|  |TAMS 0x000000070f000000, 0x000000070f000000| Untracked 
| 111|0x000000070f200000, 0x000000070f200000, 0x000000070f400000|  0%| F|  |TAMS 0x000000070f200000, 0x000000070f200000| Untracked 
| 112|0x000000070f400000, 0x000000070f400000, 0x000000070f600000|  0%| F|  |TAMS 0x000000070f400000, 0x000000070f400000| Untracked 
| 113|0x000000070f600000, 0x000000070f600000, 0x000000070f800000|  0%| F|  |TAMS 0x000000070f600000, 0x000000070f600000| Untracked 
| 114|0x000000070f800000, 0x000000070f800000, 0x000000070fa00000|  0%| F|  |TAMS 0x000000070f800000, 0x000000070f800000| Untracked 
| 115|0x000000070fa00000, 0x000000070fa00000, 0x000000070fc00000|  0%| F|  |TAMS 0x000000070fa00000, 0x000000070fa00000| Untracked 
| 116|0x000000070fc00000, 0x000000070fc00000, 0x000000070fe00000|  0%| F|  |TAMS 0x000000070fc00000, 0x000000070fc00000| Untracked 
| 117|0x000000070fe00000, 0x000000070fe00000, 0x0000000710000000|  0%| F|  |TAMS 0x000000070fe00000, 0x000000070fe00000| Untracked 
| 118|0x0000000710000000, 0x0000000710000000, 0x0000000710200000|  0%| F|  |TAMS 0x0000000710000000, 0x0000000710000000| Untracked 
| 119|0x0000000710200000, 0x0000000710200000, 0x0000000710400000|  0%| F|  |TAMS 0x0000000710200000, 0x0000000710200000| Untracked 
| 120|0x0000000710400000, 0x00000007105c1690, 0x0000000710600000| 87%| E|  |TAMS 0x0000000710400000, 0x0000000710400000| Complete 
| 121|0x0000000710600000, 0x0000000710800000, 0x0000000710800000|100%| E|CS|TAMS 0x0000000710600000, 0x0000000710600000| Complete 
| 122|0x0000000710800000, 0x0000000710a00000, 0x0000000710a00000|100%| E|CS|TAMS 0x0000000710800000, 0x0000000710800000| Complete 
| 123|0x0000000710a00000, 0x0000000710c00000, 0x0000000710c00000|100%| E|CS|TAMS 0x0000000710a00000, 0x0000000710a00000| Complete 
| 124|0x0000000710c00000, 0x0000000710e00000, 0x0000000710e00000|100%| E|CS|TAMS 0x0000000710c00000, 0x0000000710c00000| Complete 
| 125|0x0000000710e00000, 0x0000000711000000, 0x0000000711000000|100%| E|CS|TAMS 0x0000000710e00000, 0x0000000710e00000| Complete 
| 126|0x0000000711000000, 0x0000000711200000, 0x0000000711200000|100%| E|CS|TAMS 0x0000000711000000, 0x0000000711000000| Complete 
| 127|0x0000000711200000, 0x0000000711400000, 0x0000000711400000|100%| E|CS|TAMS 0x0000000711200000, 0x0000000711200000| Complete 

Card table byte_map: [0x000001eb32b70000,0x000001eb33370000] _byte_map_base: 0x000001eb2f366000

Marking Bits (Prev, Next): (CMBitMap*) 0x000001eb1b0bf780, (CMBitMap*) 0x000001eb1b0bf7c0
 Prev Bits: [0x000001eb33b70000, 0x000001eb37b20000)
 Next Bits: [0x000001eb37b20000, 0x000001eb3bad0000)

Polling page: 0x000001eb18fa0000

Metaspace:

Usage:
  Non-class:      9.04 MB capacity,     6.55 MB ( 73%) used,     2.48 MB ( 27%) free+waste,     7.50 KB ( <1%) overhead. 
      Class:    605.00 KB capacity,   331.18 KB ( 55%) used,   271.88 KB ( 45%) free+waste,     1.94 KB ( <1%) overhead. 
       Both:      9.63 MB capacity,     6.88 MB ( 71%) used,     2.74 MB ( 28%) free+waste,     9.44 KB ( <1%) overhead. 

Virtual space:
  Non-class space:       10.00 MB reserved,       9.25 MB ( 92%) committed 
      Class space:        1.00 GB reserved,     640.00 KB ( <1%) committed 
             Both:        1.01 GB reserved,       9.88 MB ( <1%) committed 

Chunk freelists:
   Non-Class:  89.00 KB
       Class:  3.00 KB
        Both:  92.00 KB

MaxMetaspaceSize: 17179869184.00 GB
CompressedClassSpaceSize: 1.00 GB

CodeHeap 'non-profiled nmethods': size=120000Kb used=202Kb max_used=202Kb free=119798Kb
 bounds [0x000001eb2ad30000, 0x000001eb2afa0000, 0x000001eb32260000]
CodeHeap 'profiled nmethods': size=120000Kb used=1194Kb max_used=1194Kb free=118805Kb
 bounds [0x000001eb23800000, 0x000001eb23a70000, 0x000001eb2ad30000]
CodeHeap 'non-nmethods': size=5760Kb used=1625Kb max_used=1625Kb free=4134Kb
 bounds [0x000001eb23260000, 0x000001eb234d0000, 0x000001eb23800000]
 total_blobs=1733 nmethods=711 adapters=935
 compilation: enabled
              stopped_count=0, restarted_count=0
 full_count=0

Compilation events (20 events):
Event: 0.861 Thread 0x000001eb3e3084d0  702       3       sun.net.www.protocol.jar.Handler::parseURL (212 bytes)
Event: 0.861 Thread 0x000001eb3e3084d0 nmethod 702 0x000001eb23923690 code [0x000001eb23923a00, 0x000001eb23924c48]
Event: 0.861 Thread 0x000001eb3e3084d0  704   !   3       jdk.internal.loader.Resource::getBytes (244 bytes)
Event: 0.862 Thread 0x000001eb3e3084d0 nmethod 704 0x000001eb23925490 code [0x000001eb23925780, 0x000001eb23926bc8]
Event: 0.862 Thread 0x000001eb3e3084d0  703       3       sun.net.www.protocol.jar.Handler::indexOfBangSlash (52 bytes)
Event: 0.863 Thread 0x000001eb3e3084d0 nmethod 703 0x000001eb23927490 code [0x000001eb23927700, 0x000001eb239281d8]
Event: 0.864 Thread 0x000001eb3e3084d0  705       3       jdk.internal.loader.URLClassPath$JarLoader$2::getCodeSourceURL (8 bytes)
Event: 0.864 Thread 0x000001eb3e3084d0 nmethod 705 0x000001eb23928590 code [0x000001eb23928720, 0x000001eb23928838]
Event: 0.864 Thread 0x000001eb3e3084d0  706       3       jdk.internal.loader.URLClassPath$JarLoader$2::getManifest (26 bytes)
Event: 0.864 Thread 0x000001eb3e3084d0 nmethod 706 0x000001eb23928910 code [0x000001eb23928b40, 0x000001eb239291e8]
Event: 0.864 Thread 0x000001eb3e3084d0  707       3       jdk.internal.loader.URLClassPath$JarLoader$2::getCodeSigners (8 bytes)
Event: 0.864 Thread 0x000001eb3e3084d0 nmethod 707 0x000001eb23929510 code [0x000001eb239296c0, 0x000001eb23929888]
Event: 0.865 Thread 0x000001eb3e3084d0  708       3       java.util.ArrayDeque::pollFirst (36 bytes)
Event: 0.865 Thread 0x000001eb3e3084d0 nmethod 708 0x000001eb23929990 code [0x000001eb23929b60, 0x000001eb23929f98]
Event: 0.869 Thread 0x000001eb3e3084d0  709       1       java.lang.reflect.Method::getName (5 bytes)
Event: 0.869 Thread 0x000001eb3e3084d0 nmethod 709 0x000001eb2ad62510 code [0x000001eb2ad626a0, 0x000001eb2ad62758]
Event: 0.869 Thread 0x000001eb3e3084d0  710       3       java.util.ImmutableCollections$Set12::contains (28 bytes)
Event: 0.869 Thread 0x000001eb3e3084d0 nmethod 710 0x000001eb2392a110 code [0x000001eb2392a2c0, 0x000001eb2392a618]
Event: 0.869 Thread 0x000001eb3e3084d0  711       3       java.nio.Buffer::flip (20 bytes)
Event: 0.869 Thread 0x000001eb3e3084d0 nmethod 711 0x000001eb2392a710 code [0x000001eb2392a8a0, 0x000001eb2392a9b8]

GC Heap History (0 events):
No events

Deoptimization events (20 events):
Event: 0.082 Thread 0x000001eb1b070390 Uncommon trap: trap_request=0xffffff45 fr.pc=0x000001eb2ad34048 relative=0x0000000000000228
Event: 0.082 Thread 0x000001eb1b070390 Uncommon trap: reason=unstable_if action=reinterpret pc=0x000001eb2ad34048 method=java.lang.String.hashCode()I @ 13 c2
Event: 0.082 Thread 0x000001eb1b070390 DEOPT PACKING pc=0x000001eb2ad34048 sp=0x000000e9d7afb3c0
Event: 0.082 Thread 0x000001eb1b070390 DEOPT UNPACKING pc=0x000001eb232ae42f sp=0x000000e9d7afb358 mode 2
Event: 0.109 Thread 0x000001eb1b070390 Uncommon trap: trap_request=0xffffff45 fr.pc=0x000001eb2ad46260 relative=0x0000000000000060
Event: 0.109 Thread 0x000001eb1b070390 Uncommon trap: reason=unstable_if action=reinterpret pc=0x000001eb2ad46260 method=java.io.WinNTFileSystem.isSlash(C)Z @ 9 c2
Event: 0.109 Thread 0x000001eb1b070390 DEOPT PACKING pc=0x000001eb2ad46260 sp=0x000000e9d7afc930
Event: 0.109 Thread 0x000001eb1b070390 DEOPT UNPACKING pc=0x000001eb232ae42f sp=0x000000e9d7afc8b8 mode 2
Event: 0.675 Thread 0x000001eb1b070390 Uncommon trap: trap_request=0xffffff54 fr.pc=0x000001eb2ad4eee0 relative=0x0000000000000060
Event: 0.675 Thread 0x000001eb1b070390 Uncommon trap: reason=speculate_null_assert action=make_not_entrant pc=0x000001eb2ad4eee0 method=sun.misc.Unsafe.putLong(Ljava/lang/Object;JJ)V @ 7 c2
Event: 0.675 Thread 0x000001eb1b070390 DEOPT PACKING pc=0x000001eb2ad4eee0 sp=0x000000e9d7afef50
Event: 0.675 Thread 0x000001eb1b070390 DEOPT UNPACKING pc=0x000001eb232ae42f sp=0x000000e9d7afeec8 mode 2
Event: 0.725 Thread 0x000001eb1b070390 DEOPT PACKING pc=0x000001eb2382f3df sp=0x000000e9d7afdb70
Event: 0.725 Thread 0x000001eb1b070390 DEOPT UNPACKING pc=0x000001eb232ae23f sp=0x000000e9d7afcfc0 mode 0
Event: 0.733 Thread 0x000001eb1b070390 DEOPT PACKING pc=0x000001eb2382f3df sp=0x000000e9d7afdb20
Event: 0.733 Thread 0x000001eb1b070390 DEOPT UNPACKING pc=0x000001eb232ae23f sp=0x000000e9d7afcf70 mode 0
Event: 0.769 Thread 0x000001eb1b070390 Uncommon trap: trap_request=0xffffff45 fr.pc=0x000001eb2ad5c3b4 relative=0x0000000000000034
Event: 0.769 Thread 0x000001eb1b070390 Uncommon trap: reason=unstable_if action=reinterpret pc=0x000001eb2ad5c3b4 method=java.lang.reflect.Modifier.isFinal(I)Z @ 4 c2
Event: 0.769 Thread 0x000001eb1b070390 DEOPT PACKING pc=0x000001eb2ad5c3b4 sp=0x000000e9d7afdfa0
Event: 0.769 Thread 0x000001eb1b070390 DEOPT UNPACKING pc=0x000001eb232ae42f sp=0x000000e9d7afdf30 mode 2

Classes unloaded (0 events):
No events

Classes redefined (0 events):
No events

Internal exceptions (16 events):
Event: 0.092 Thread 0x000001eb1b070390 Exception <a 'java/lang/NoSuchMethodError'{0x000000071109ab00}: 'void java.lang.invoke.DirectMethodHandle$Holder.invokeStatic(java.lang.Object, java.lang.Object)'> (0x000000071109ab00) 
thrown [./open/src/hotspot/share/interpreter/linkResolver.cpp, line 782]
Event: 0.093 Thread 0x000001eb1b070390 Exception <a 'java/lang/NoSuchMethodError'{0x00000007110a05f8}: 'void java.lang.invoke.DirectMethodHandle$Holder.invokeSpecial(java.lang.Object, java.lang.Object, java.lang.Object)'> (0x00000007110a05f8) 
thrown [./open/src/hotspot/share/interpreter/linkResolver.cpp, line 782]
Event: 0.095 Thread 0x000001eb1b070390 Exception <a 'java/lang/NoSuchMethodError'{0x00000007110b5268}: 'java.lang.Object java.lang.invoke.DirectMethodHandle$Holder.invokeStatic(java.lang.Object, java.lang.Object, int)'> (0x00000007110b5268) 
thrown [./open/src/hotspot/share/interpreter/linkResolver.cpp, line 782]
Event: 0.096 Thread 0x000001eb1b070390 Exception <a 'java/lang/NoSuchMethodError'{0x00000007110c13b0}: 'void java.lang.invoke.DelegatingMethodHandle$Holder.delegate(java.lang.Object, java.lang.Object, int, java.lang.Object)'> (0x00000007110c13b0) 
thrown [./open/src/hotspot/share/interpreter/linkResolver.cpp, line 782]
Event: 0.096 Thread 0x000001eb1b070390 Exception <a 'java/lang/NoSuchMethodError'{0x00000007110c5450}: 'int java.lang.invoke.DirectMethodHandle$Holder.invokeSpecial(java.lang.Object, java.lang.Object, java.lang.Object)'> (0x00000007110c5450) 
thrown [./open/src/hotspot/share/interpreter/linkResolver.cpp, line 782]
Event: 0.127 Thread 0x000001eb1b070390 Exception <a 'sun/nio/fs/WindowsException'{0x000000071115de38}> (0x000000071115de38) 
thrown [./open/src/hotspot/share/prims/jni.cpp, line 578]
Event: 0.127 Thread 0x000001eb1b070390 Exception <a 'sun/nio/fs/WindowsException'{0x000000071115e378}> (0x000000071115e378) 
thrown [./open/src/hotspot/share/prims/jni.cpp, line 578]
Event: 0.134 Thread 0x000001eb1b070390 Exception <a 'sun/nio/fs/WindowsException'{0x000000071117f3a0}> (0x000000071117f3a0) 
thrown [./open/src/hotspot/share/prims/jni.cpp, line 578]
Event: 0.134 Thread 0x000001eb1b070390 Exception <a 'sun/nio/fs/WindowsException'{0x000000071117f6f8}> (0x000000071117f6f8) 
thrown [./open/src/hotspot/share/prims/jni.cpp, line 578]
Event: 0.137 Thread 0x000001eb1b070390 Exception <a 'java/lang/NoSuchMethodError'{0x00000007111b7d00}: 'java.lang.Object java.lang.invoke.DirectMethodHandle$Holder.invokeStatic(java.lang.Object)'> (0x00000007111b7d00) 
thrown [./open/src/hotspot/share/interpreter/linkResolver.cpp, line 782]
Event: 0.138 Thread 0x000001eb1b070390 Exception <a 'java/lang/NoSuchMethodError'{0x00000007111bb370}: 'java.lang.Object java.lang.invoke.DirectMethodHandle$Holder.invokeStaticInit(java.lang.Object)'> (0x00000007111bb370) 
thrown [./open/src/hotspot/share/interpreter/linkResolver.cpp, line 782]
Event: 0.646 Thread 0x000001eb1b070390 Exception <a 'sun/nio/fs/WindowsException'{0x0000000710e79f38}> (0x0000000710e79f38) 
thrown [./open/src/hotspot/share/prims/jni.cpp, line 578]
Event: 0.646 Thread 0x000001eb1b070390 Exception <a 'sun/nio/fs/WindowsException'{0x0000000710e7a2c8}> (0x0000000710e7a2c8) 
thrown [./open/src/hotspot/share/prims/jni.cpp, line 578]
Event: 0.651 Thread 0x000001eb1b070390 Exception <a 'sun/nio/fs/WindowsException'{0x0000000710e87dc8}> (0x0000000710e87dc8) 
thrown [./open/src/hotspot/share/prims/jni.cpp, line 578]
Event: 0.651 Thread 0x000001eb1b070390 Exception <a 'sun/nio/fs/WindowsException'{0x0000000710e88098}> (0x0000000710e88098) 
thrown [./open/src/hotspot/share/prims/jni.cpp, line 578]
Event: 0.770 Thread 0x000001eb1b070390 Exception <a 'java/lang/NoSuchMethodError'{0x000000071091e490}: 'void java.lang.invoke.DirectMethodHandle$Holder.invokeStatic(java.lang.Object, long, int, int)'> (0x000000071091e490) 
thrown [./open/src/hotspot/share/interpreter/linkResolver.cpp, line 782]

Events (20 events):
Event: 0.762 loading class jdk/internal/reflect/UnsafeQualifiedFieldAccessorImpl
Event: 0.762 loading class jdk/internal/reflect/UnsafeQualifiedFieldAccessorImpl done
Event: 0.762 loading class jdk/internal/reflect/UnsafeQualifiedLongFieldAccessorImpl done
Event: 0.774 loading class java/io/FileReader
Event: 0.774 loading class java/io/FileReader done
Event: 0.782 loading class java/io/Externalizable
Event: 0.782 loading class java/io/Externalizable done
Event: 0.785 Loaded shared library C:\Users\jan\.jdks\openjdk-15.0.1\bin\verify.dll
Event: 0.803 loading class jdk/internal/module/ModulePatcher$PatchedModuleReader
Event: 0.804 loading class jdk/internal/module/ModulePatcher$PatchedModuleReader done
Event: 0.804 loading class sun/net/www/protocol/jrt/Handler
Event: 0.804 loading class sun/net/www/protocol/jrt/Handler done
Event: 0.806 loading class sun/text/resources/cldr/FormatData_en
Event: 0.806 loading class sun/text/resources/cldr/FormatData_en done
Event: 0.806 loading class sun/text/resources/cldr/FormatData_en_US
Event: 0.806 loading class sun/text/resources/cldr/FormatData_en_US done
Event: 0.816 loading class java/lang/SecurityException
Event: 0.816 loading class java/lang/SecurityException done
Event: 0.818 loading class jdk/internal/access/foreign/MemorySegmentProxy
Event: 0.818 loading class jdk/internal/access/foreign/MemorySegmentProxy done


Dynamic libraries:
0x00007ff66e8c0000 - 0x00007ff66e8cd000 	C:\Users\jan\.jdks\openjdk-15.0.1\bin\java.exe
0x00007ffc37670000 - 0x00007ffc37865000 	C:\Windows\SYSTEM32\ntdll.dll
0x00007ffc35ed0000 - 0x00007ffc35f8d000 	C:\Windows\System32\KERNEL32.DLL
0x00007ffc352d0000 - 0x00007ffc35598000 	C:\Windows\System32\KERNELBASE.dll
0x00007ffc351d0000 - 0x00007ffc352d0000 	C:\Windows\System32\ucrtbase.dll
0x00007ffc1ac80000 - 0x00007ffc1ac98000 	C:\Users\jan\.jdks\openjdk-15.0.1\bin\jli.dll
0x00007ffc35a40000 - 0x00007ffc35be0000 	C:\Windows\System32\USER32.dll
0x00007ffc35150000 - 0x00007ffc35172000 	C:\Windows\System32\win32u.dll
0x00007ffc35a10000 - 0x00007ffc35a3a000 	C:\Windows\System32\GDI32.dll
0x00007ffc35040000 - 0x00007ffc3514b000 	C:\Windows\System32\gdi32full.dll
0x00007ffc34e40000 - 0x00007ffc34edd000 	C:\Windows\System32\msvcp_win.dll
0x00007ffc1ac60000 - 0x00007ffc1ac79000 	C:\Users\jan\.jdks\openjdk-15.0.1\bin\VCRUNTIME140.dll
0x00007ffc1a710000 - 0x00007ffc1a9aa000 	C:\Windows\WinSxS\amd64_microsoft.windows.common-controls_6595b64144ccf1df_6.0.19041.844_none_ca00b6081b84eb1d\COMCTL32.dll
0x00007ffc35f90000 - 0x00007ffc3602e000 	C:\Windows\System32\msvcrt.dll
0x00007ffc359e0000 - 0x00007ffc35a10000 	C:\Windows\System32\IMM32.DLL
0x00007ffc37430000 - 0x00007ffc3755b000 	C:\Windows\System32\RPCRT4.dll
0x00007ffc35e20000 - 0x00007ffc35ecc000 	C:\Windows\System32\ADVAPI32.dll
0x00007ffc37310000 - 0x00007ffc373ab000 	C:\Windows\System32\sechost.dll
0x00007ffc36620000 - 0x00007ffc36d62000 	C:\Windows\System32\SHELL32.dll
0x00007ffc361e0000 - 0x00007ffc36535000 	C:\Windows\System32\combase.dll
0x00007ffc35c10000 - 0x00007ffc35c65000 	C:\Windows\System32\SHLWAPI.dll
0x00007ffc33af0000 - 0x00007ffc33b23000 	C:\Windows\SYSTEM32\ntmarta.dll
0x00007ffc34c70000 - 0x00007ffc34ca1000 	C:\Windows\SYSTEM32\SspiCli.dll
0x00007ffc32f20000 - 0x00007ffc336b0000 	C:\Windows\SYSTEM32\windows.storage.dll
0x00007ffc34750000 - 0x00007ffc3477c000 	C:\Windows\SYSTEM32\Wldp.dll
0x00007ffc356d0000 - 0x00007ffc3577e000 	C:\Windows\System32\SHCORE.dll
0x00007ffc1ec30000 - 0x00007ffc1ec3c000 	C:\Users\jan\.jdks\openjdk-15.0.1\bin\vcruntime140_1.dll
0x00007ffc0bf20000 - 0x00007ffc0bfb1000 	C:\Users\jan\.jdks\openjdk-15.0.1\bin\msvcp140.dll
0x00007ffc06b20000 - 0x00007ffc0767e000 	C:\Users\jan\.jdks\openjdk-15.0.1\bin\server\jvm.dll
0x00007ffc37620000 - 0x00007ffc37628000 	C:\Windows\System32\PSAPI.DLL
0x00007ffc325c0000 - 0x00007ffc325c9000 	C:\Windows\SYSTEM32\WSOCK32.dll
0x00007ffc36030000 - 0x00007ffc3609b000 	C:\Windows\System32\WS2_32.dll
0x00007ffc2bd70000 - 0x00007ffc2bd97000 	C:\Windows\SYSTEM32\WINMM.dll
0x00007ffc2e010000 - 0x00007ffc2e01a000 	C:\Windows\SYSTEM32\VERSION.dll
0x00007ffc32d20000 - 0x00007ffc32d32000 	C:\Windows\SYSTEM32\kernel.appcore.dll
0x00007ffc1eb40000 - 0x00007ffc1eb4a000 	C:\Users\jan\.jdks\openjdk-15.0.1\bin\jimage.dll
0x00007ffc2c620000 - 0x00007ffc2c804000 	C:\Windows\SYSTEM32\DBGHELP.DLL
0x00007ffc28630000 - 0x00007ffc2865c000 	C:\Windows\SYSTEM32\dbgcore.DLL
0x00007ffc355a0000 - 0x00007ffc35620000 	C:\Windows\System32\bcryptPrimitives.dll
0x00007ffc0bef0000 - 0x00007ffc0bf15000 	C:\Users\jan\.jdks\openjdk-15.0.1\bin\java.dll
0x00007ffc34cf0000 - 0x00007ffc34d0f000 	C:\Windows\SYSTEM32\profapi.dll
0x00007ffc1a4d0000 - 0x00007ffc1a4e9000 	C:\Users\jan\.jdks\openjdk-15.0.1\bin\net.dll
0x00007ffc26e20000 - 0x00007ffc26f2b000 	C:\Windows\SYSTEM32\WINHTTP.dll
0x00007ffc344c0000 - 0x00007ffc3452a000 	C:\Windows\system32\mswsock.dll
0x00007ffc17ca0000 - 0x00007ffc17cb2000 	C:\Users\jan\.jdks\openjdk-15.0.1\bin\nio.dll
0x00007ffc0bed0000 - 0x00007ffc0bee8000 	C:\Users\jan\.jdks\openjdk-15.0.1\bin\zip.dll
0x00007ffc28460000 - 0x00007ffc284c4000 	C:\Users\jan\AppData\Local\Temp\lwjgljan\3.2.3-build-13\lwjgl.dll
0x00007ffc283f0000 - 0x00007ffc28452000 	C:\Users\jan\AppData\Local\Temp\lwjgljan\3.2.3-build-13\glfw.dll
0x00007ffc32860000 - 0x00007ffc328fe000 	C:\Windows\system32\uxtheme.dll
0x00007ffc283a0000 - 0x00007ffc283e5000 	C:\Windows\SYSTEM32\dinput8.dll
0x00007ffc308d0000 - 0x00007ffc308e1000 	C:\Windows\SYSTEM32\xinput1_4.dll
0x00007ffc35180000 - 0x00007ffc351ce000 	C:\Windows\System32\cfgmgr32.dll
0x00007ffc34af0000 - 0x00007ffc34b1c000 	C:\Windows\SYSTEM32\DEVOBJ.dll
0x00007ffc32b40000 - 0x00007ffc32b6f000 	C:\Windows\SYSTEM32\dwmapi.dll
0x00007ffc1eeb0000 - 0x00007ffc1f002000 	C:\Windows\SYSTEM32\inputhost.dll
0x00007ffc358b0000 - 0x00007ffc3597d000 	C:\Windows\System32\OLEAUT32.dll
0x00007ffc32370000 - 0x00007ffc32462000 	C:\Windows\SYSTEM32\CoreMessaging.dll
0x00007ffc309f0000 - 0x00007ffc30ae7000 	C:\Windows\SYSTEM32\PROPSYS.dll
0x00007ffc31940000 - 0x00007ffc31a94000 	C:\Windows\SYSTEM32\wintypes.dll
0x00007ffc32010000 - 0x00007ffc3236e000 	C:\Windows\SYSTEM32\CoreUIComponents.dll
0x00007ffc371e0000 - 0x00007ffc372f5000 	C:\Windows\System32\MSCTF.dll
0x00007ffc336b0000 - 0x00007ffc336bd000 	C:\Windows\SYSTEM32\HID.DLL
0x00007ffc36d70000 - 0x00007ffc371d9000 	C:\Windows\System32\SETUPAPI.DLL
0x00007ffc34e10000 - 0x00007ffc34e37000 	C:\Windows\System32\bcrypt.dll
0x00007ffc34db0000 - 0x00007ffc34e10000 	C:\Windows\System32\WINTRUST.dll
0x00007ffc34ee0000 - 0x00007ffc3503f000 	C:\Windows\System32\CRYPT32.dll
0x00007ffc34930000 - 0x00007ffc34942000 	C:\Windows\SYSTEM32\MSASN1.dll
0x00007ffbf92b0000 - 0x00007ffbf93d6000 	C:\Windows\SYSTEM32\opengl32.dll
0x00007ffc27460000 - 0x00007ffc2748c000 	C:\Windows\SYSTEM32\GLU32.dll
0x00007ffc360a0000 - 0x00007ffc36149000 	C:\Windows\System32\clbcatq.dll
0x00007ffbd5a40000 - 0x00007ffbd5a6b000 	C:\Windows\System32\DriverStore\FileRepository\u0367126.inf_amd64_0be600f035c9a672\B367016\atig6pxx.dll
0x00007ffbbb7b0000 - 0x00007ffbbe59d000 	C:\Windows\System32\DriverStore\FileRepository\u0367126.inf_amd64_0be600f035c9a672\B367016\atio6axx.dll
0x00007ffc35780000 - 0x00007ffc358aa000 	C:\Windows\System32\ole32.dll
0x00007ffbfdc00000 - 0x00007ffbfdc24000 	C:\Windows\SYSTEM32\dxva2.dll
0x00007ffbd5ae0000 - 0x00007ffbd5b1c000 	C:\Windows\System32\DriverStore\FileRepository\u0367126.inf_amd64_0be600f035c9a672\B367016\atig6txx.dll
0x00007ffbd6ab0000 - 0x00007ffbd6c63000 	C:\Windows\SYSTEM32\atiadlxx.dll
0x00007ffc18260000 - 0x00007ffc182b4000 	C:\Windows\SYSTEM32\pdh.dll
0x00007ffc2c4d0000 - 0x00007ffc2c50b000 	C:\Windows\SYSTEM32\dxcore.dll
0x00007ffc24560000 - 0x00007ffc24659000 	C:\Windows\SYSTEM32\textinputframework.dll
0x00007ffc282e0000 - 0x00007ffc28339000 	C:\Users\jan\AppData\Local\Temp\lwjgljan\3.2.3-build-13\lwjgl_opengl.dll
0x00007ffc1bcb0000 - 0x00007ffc1bcc0000 	C:\Users\jan\.jdks\openjdk-15.0.1\bin\verify.dll

dbghelp: loaded successfully - version: 4.0.5 - missing functions: none
symbol engine: initialized successfully - sym options: 0x614 - pdb path: .;C:\Users\jan\.jdks\openjdk-15.0.1\bin;C:\Windows\SYSTEM32;C:\Windows\WinSxS\amd64_microsoft.windows.common-controls_6595b64144ccf1df_6.0.19041.844_none_ca00b6081b84eb1d;C:\Users\jan\.jdks\openjdk-15.0.1\bin\server;C:\Users\jan\AppData\Local\Temp\lwjgljan\3.2.3-build-13;C:\Windows\System32\DriverStore\FileRepository\u0367126.inf_amd64_0be600f035c9a672\B367016

VM Arguments:
jvm_args: -Dfile.encoding=windows-1252 -Duser.country=US -Duser.language=en -Duser.variant 
java_command: educanet.Main
java_class_path (initial): C:\Users\jan\IdeaProjects\kolize-moje\Matrix\build\classes\java\main;C:\Users\jan\IdeaProjects\kolize-moje\Matrix\build\resources\main;C:\Users\jan\.gradle\caches\modules-2\files-2.1\org.lwjgl\lwjgl-assimp\3.2.3\f62aa07a20afbdd3097efc296c4841e0d29700eb\lwjgl-assimp-3.2.3.jar;C:\Users\jan\.gradle\caches\modules-2\files-2.1\org.lwjgl\lwjgl-assimp\3.2.3\4e60aeb75f0343c4a9ede4ef8b6b32ca702a00a3\lwjgl-assimp-3.2.3-natives-windows.jar;C:\Users\jan\.gradle\caches\modules-2\files-2.1\org.lwjgl\lwjgl-glfw\3.2.3\5e520d5c290c8b012545a8d34fa5db5ab051ea53\lwjgl-glfw-3.2.3.jar;C:\Users\jan\.gradle\caches\modules-2\files-2.1\org.lwjgl\lwjgl-glfw\3.2.3\b4d8a3477cdc2edcf7a5f1e822926be846223f54\lwjgl-glfw-3.2.3-natives-windows.jar;C:\Users\jan\.gradle\caches\modules-2\files-2.1\org.lwjgl\lwjgl-openal\3.2.3\106742e805803ab9eab8e343f0fb31a3d263903c\lwjgl-openal-3.2.3.jar;C:\Users\jan\.gradle\caches\modules-2\files-2.1\org.lwjgl\lwjgl-openal\3.2.3\ec898e8ce11b5886f4f532a1536283ef2817758d\lwjgl-openal-3.2.3-natives-windows.jar;C:\Users\jan\.gradle\caches\modules-2\files-2.1\org.lwjgl\lwjgl-opengl\3.2.3\bdd534a323d0c8f54969b95e424b6ac8984f7d6e\lwjgl-opengl-3.2.3.jar;C:\Users\jan\.gradle\caches\modules-2\files-2.1\org.lwjgl\lwjgl-opengl\3.2.3\e81cfc73ec8708e5e791ed770e4ec3edfc1bbab1\lwjgl-opengl-3.2.3-natives-windows.jar;C:\Users\jan\.gradle\caches\modules-2\files-2.1\org.lwjgl\lwjgl-stb\3.2.3\40eccaa4fa86fc815f2e17946a392fb5fdcc286a\lwjgl-stb-3.2.3.jar;C:\Users\jan\.gradle\caches\modules-2\files-2.1\org.lwjgl\lwjgl-stb\3.2.3\817b21ec286f0ba3dcedb56a3bd275e6a9345be9\lwjgl-stb-3.2.3-natives-windows.jar;C:\Users\jan\.gradle\caches\modules-2\files-2.1\org.lwjgl\lwjgl\3.2.3\17a59ba0fe8d474ec9dbe0d5db40d2cfe59c4c08\lwjgl-3.2.3.jar;C:\Users\jan\.gradle\caches\modules-2\files-2.1\org.lwjgl\lwjgl\3.2.3\27f32cd35349684745951e04388e8e00d681cdcd\lwjgl-3.2.3-natives-windows.jar;C:\Users\jan\.gradle\caches\modules-2\files-2.1\org.joml\joml\1.10.0\a29b8bf72dc1478e9ceea256db2
Launcher Type: SUN_STANDARD

[Global flags]
     intx CICompilerCount                          = 3                                         {product} {ergonomic}
     uint ConcGCThreads                            = 2                                         {product} {ergonomic}
     uint G1ConcRefinementThreads                  = 6                                         {product} {ergonomic}
   size_t G1HeapRegionSize                         = 2097152                                   {product} {ergonomic}
    uintx GCDrainStackTargetSize                   = 64                                        {product} {ergonomic}
   size_t InitialHeapSize                          = 268435456                                 {product} {ergonomic}
   size_t MarkStackSize                            = 4194304                                   {product} {ergonomic}
   size_t MaxHeapSize                              = 4273995776                                {product} {ergonomic}
   size_t MaxNewSize                               = 2562719744                                {product} {ergonomic}
   size_t MinHeapDeltaBytes                        = 2097152                                   {product} {ergonomic}
   size_t MinHeapSize                              = 8388608                                   {product} {ergonomic}
    uintx NonNMethodCodeHeapSize                   = 5832780                                {pd product} {ergonomic}
    uintx NonProfiledCodeHeapSize                  = 122912730                              {pd product} {ergonomic}
    uintx ProfiledCodeHeapSize                     = 122912730                              {pd product} {ergonomic}
    uintx ReservedCodeCacheSize                    = 251658240                              {pd product} {ergonomic}
     bool SegmentedCodeCache                       = true                                      {product} {ergonomic}
   size_t SoftMaxHeapSize                          = 4273995776                             {manageable} {ergonomic}
     bool UseCompressedClassPointers               = true                                 {lp64_product} {ergonomic}
     bool UseCompressedOops                        = true                                 {lp64_product} {ergonomic}
     bool UseG1GC                                  = true                                      {product} {ergonomic}
     bool UseLargePagesIndividualAllocation        = false                                  {pd product} {ergonomic}

Logging:
Log output configuration:
 #0: stdout all=warning uptime,level,tags
 #1: stderr all=off uptime,level,tags

Environment Variables:
JAVA_HOME=C:\Users\jan\.jdks\openjdk-15.0.1
CLASSPATH=C:\Users\jan\IdeaProjects\Battleships3\json-simple-1-1-1\json-simple-1.1.1.jar
PATH=C:\Python39\Scripts\;C:\Python39\;C:\Windows\system32;C:\Windows;C:\Windows\System32\Wbem;C:\Windows\System32\WindowsPowerShell\v1.0\;C:\Windows\System32\OpenSSH\;C:\Program Files\nodejs\;C:\ProgramData\chocolatey\bin;C:\Program Files\Git\cmd;C:\Program Files\TortoiseGit\bin;C:\Users\jan\apache-maven-3.6.3\bin;C:\Users\jan\AppData\Local\Microsoft\WindowsApps;C:\Program Files\JetBrains\PhpStorm 2020.2.2\bin;;C:\Users\jan\AppData\Roaming\npm;C:\Program Files\JetBrains\IntelliJ IDEA 2020.2.3\bin;;C:\tools\dart-sdk\bin;C:\Users\jan\AppData\Roaming\Pub\Cache\bin;C:\Users\jan\apache-maven-3.6.3\bin;C:\Users\jan\AppData\Local\GitHubDesktop\bin;C:\Users\jan\AppData\Roaming\npm;C:\Users\jan\AppData\Roaming\npm\node_modules\@angular\cli\bin;
USERNAME=jan
OS=Windows_NT
PROCESSOR_IDENTIFIER=Intel64 Family 6 Model 158 Stepping 10, GenuineIntel



---------------  S Y S T E M  ---------------

OS:
 Windows 10 , 64 bit Build 19041 (10.0.19041.928)
OS uptime: 0 days 22:33 hours

CPU: total 6 (initial active 6) (6 cores per cpu, 1 threads per core) family 6 model 158 stepping 10 microcode 0xb4, cmov, cx8, fxsr, mmx, sse, sse2, sse3, ssse3, sse4.1, sse4.2, popcnt, vzeroupper, avx, avx2, aes, clmul, erms, 3dnowpref, lzcnt, tsc, tscinvbit, bmi1, bmi2, adx, fma, clflush, clflushopt

Memory: 4k page, system-wide physical 16300M (7671M free)
TotalPageFile size 22444M (AvailPageFile size 9466M)
current process WorkingSet (physical memory assigned to process): 99M, peak: 99M
current process commit charge ("private bytes"): 437M, peak: 437M

vm_info: OpenJDK 64-Bit Server VM (15.0.1+9-18) for windows-amd64 JRE (15.0.1+9-18), built on Sep 15 2020 14:39:31 by "mach5one" with unknown MS VC++:1925

END.
