#
# A fatal error has been detected by the Java Runtime Environment:
#
#  EXCEPTION_ACCESS_VIOLATION (0xc0000005) at pc=0x00007ffee1fd9fa0, pid=10532, tid=992
#
# JRE version: OpenJDK Runtime Environment (15.0.1+9) (build 15.0.1+9-18)
# Java VM: OpenJDK 64-Bit Server VM (15.0.1+9-18, mixed mode, sharing, tiered, compressed oops, g1 gc, windows-amd64)
# Problematic frame:
# V  [jvm.dll+0x619fa0]
#
# No core dump will be written. Minidumps are not enabled by default on client versions of Windows
#
# If you would like to submit a bug report, please visit:
#   https://bugreport.java.com/bugreport/crash.jsp
#

---------------  S U M M A R Y ------------

Command Line: -Dfile.encoding=windows-1252 -Duser.country=US -Duser.language=en -Duser.variant educanet.Main

Host: Intel(R) Core(TM) i5-9400F CPU @ 2.90GHz, 6 cores, 15G,  Windows 10 , 64 bit Build 19041 (10.0.19041.928)
Time: Fri May 28 11:01:39 2021 Central Europe Daylight Time elapsed time: 2.968146 seconds (0d 0h 0m 2s)

---------------  T H R E A D  ---------------

Current thread (0x000001bc8b91fe40):  JavaThread "C1 CompilerThread0" daemon [_thread_in_vm, id=992, stack(0x00000057c7700000,0x00000057c7800000)]


Current CompileTask:
C1:   2968  784 %     3       educanet.Main::main @ 205 (279 bytes)

Stack: [0x00000057c7700000,0x00000057c7800000],  sp=0x00000057c77fe880,  free space=1018k
Native frames: (J=compiled Java code, j=interpreted, Vv=VM code, C=native code)
V  [jvm.dll+0x619fa0]
V  [jvm.dll+0x300e3d]
V  [jvm.dll+0x3028ee]
V  [jvm.dll+0x619cc0]
V  [jvm.dll+0x619963]
V  [jvm.dll+0x1a0a8f]
V  [jvm.dll+0x12026a]
V  [jvm.dll+0x119f97]
V  [jvm.dll+0x113e08]
V  [jvm.dll+0x123c92]
V  [jvm.dll+0x10f470]
V  [jvm.dll+0x10f7f0]
V  [jvm.dll+0x10fab4]
V  [jvm.dll+0x10edf2]
V  [jvm.dll+0x110c8c]
V  [jvm.dll+0x1f9165]
V  [jvm.dll+0x1f720c]
V  [jvm.dll+0x74485d]
V  [jvm.dll+0x73d65a]
V  [jvm.dll+0x629c56]
C  [ucrtbase.dll+0x21bb2]
C  [KERNEL32.DLL+0x17034]
C  [ntdll.dll+0x52651]


siginfo: EXCEPTION_ACCESS_VIOLATION (0xc0000005), reading address 0x000000003f800008


Register to memory mapping:

RIP=0x00007ffee1fd9fa0 jvm.dll
RAX=0x000000003f800000 is an unknown value
RBX=0x00000057c77fe980 is pointing into the stack for thread: 0x000001bc8b91fe40
RCX=0x00000057c77fea00 is pointing into the stack for thread: 0x000001bc8b91fe40
RDX=0x00000057c77fe980 is pointing into the stack for thread: 0x000001bc8b91fe40
RSP=0x00000057c77fe880 is pointing into the stack for thread: 0x000001bc8b91fe40
RBP=0x0 is NULL
RSI=0x000001bc8c21ef80 points into unknown readable memory: 0x2fffffff47000000 | 00 00 00 47 ff ff ff 2f
RDI=0x000001bc8c219f40 points into unknown readable memory: 0x0000000000000000 | 00 00 00 00 00 00 00 00
R8 =0x000001bc8c21ef80 points into unknown readable memory: 0x2fffffff47000000 | 00 00 00 47 ff ff ff 2f
R9 =0x000001bc8c21efa0 points into unknown readable memory: 0x0000000000000000 | 00 00 00 00 00 00 00 00
R10=0x00007ffee228cb70 jvm.dll
R11=0x00000057c77fe8d8 is pointing into the stack for thread: 0x000001bc8b91fe40
R12=0x00007ffee19c0000 jvm.dll
R13=0x00000057c77fea00 is pointing into the stack for thread: 0x000001bc8b91fe40
R14=0x000001bc956b4d10 points into unknown readable memory: 0x000000003f800000 | 00 00 80 3f 00 00 00 00
R15=0x00000000000000d7 is an unknown value


Registers:
RAX=0x000000003f800000, RBX=0x00000057c77fe980, RCX=0x00000057c77fea00, RDX=0x00000057c77fe980
RSP=0x00000057c77fe880, RBP=0x0000000000000000, RSI=0x000001bc8c21ef80, RDI=0x000001bc8c219f40
R8 =0x000001bc8c21ef80, R9 =0x000001bc8c21efa0, R10=0x00007ffee228cb70, R11=0x00000057c77fe8d8
R12=0x00007ffee19c0000, R13=0x00000057c77fea00, R14=0x000001bc956b4d10, R15=0x00000000000000d7
RIP=0x00007ffee1fd9fa0, EFLAGS=0x0000000000010246

Top of Stack: (sp=0x00000057c77fe880)
0x00000057c77fe880:   0000011700000116 000000b100000117
0x00000057c77fe890:   0000000800400000 00000016000000b1
0x00000057c77fe8a0:   00000000000000d7 000001bc8c21ec50
0x00000057c77fe8b0:   00007ffee19c0000 000001bc8c219f40
0x00000057c77fe8c0:   00000057c77fe9b0 000001bc8c21ee88
0x00000057c77fe8d0:   00000057c77fea00 00007ffee1cc0e3d
0x00000057c77fe8e0:   00000057c77fea00 000001bce8677cb0
0x00000057c77fe8f0:   00000057c77fe980 000001bc8c21efa0
0x00000057c77fe900:   0000005700000000 0000000000000000
0x00000057c77fe910:   0000000000000001 000001bc8c21eca0
0x00000057c77fe920:   00000057c77fe980 00007ffee1ac201e
0x00000057c77fe930:   000001bc8bd60b10 000001bc8b91fe40
0x00000057c77fe940:   000001bce8677cb0 0000000000000000
0x00000057c77fe950:   00000057c77fea00 00007ffee1cc28ee
0x00000057c77fe960:   00000057c77fe9b0 000001bc8c21ec50
0x00000057c77fe970:   00000057c77fea00 0000000000000000 

Instructions: (pc=0x00007ffee1fd9fa0)
0x00007ffee1fd9ea0:   8b 4c c8 48 48 89 4d 27 48 8d 4d 27 48 89 55 4f
0x00007ffee1fd9eb0:   33 d2 c7 45 2f 63 00 00 00 4c 89 75 37 e8 3e d9
0x00007ffee1fd9ec0:   08 00 48 8b 55 37 48 8d 4d cf e8 f1 e1 08 00 48
0x00007ffee1fd9ed0:   8d 55 e7 48 8d 4d b7 e8 f4 a6 cf ff 48 8b 45 b7
0x00007ffee1fd9ee0:   48 8d 4d b7 8b 58 20 e8 e4 a7 cf ff c1 eb 03 f6
0x00007ffee1fd9ef0:   c3 01 75 11 48 8b 45 c7 48 8d 4d c7 ff 50 10 ff
0x00007ffee1fd9f00:   45 ff ff 45 f7 48 8d 55 c7 48 8d 4d cf e8 6e df
0x00007ffee1fd9f10:   d2 ff 48 8d 4d 17 e8 b5 a7 cf ff 48 8d 4d e7 e8
0x00007ffee1fd9f20:   ac a7 cf ff 4c 8d 9c 24 c0 00 00 00 49 8b 5b 10
0x00007ffee1fd9f30:   49 8b 73 18 49 8b 7b 20 4d 8b 73 28 49 8b e3 5d
0x00007ffee1fd9f40:   c3 cc cc cc cc cc cc cc cc cc cc cc cc cc cc cc
0x00007ffee1fd9f50:   4c 8b dc 4d 89 4b 20 49 89 4b 08 56 41 55 48 83
0x00007ffee1fd9f60:   ec 48 8b 81 b8 00 00 00 49 8b f0 4c 8b e9 39 42
0x00007ffee1fd9f70:   10 0f 85 31 01 00 00 49 89 5b 18 49 89 6b e8 8b
0x00007ffee1fd9f80:   ac 24 80 00 00 00 49 89 7b e0 4d 89 63 d8 4d 89
0x00007ffee1fd9f90:   73 d0 4c 8b b1 b0 00 00 00 4d 89 7b c8 49 8b 06
0x00007ffee1fd9fa0:   48 8b 50 08 0f b7 42 32 89 44 24 68 44 8d 24 28
0x00007ffee1fd9fb0:   43 8d 04 24 41 89 46 0c 3d 00 01 00 00 7e 27 83
0x00007ffee1fd9fc0:   c0 3f 45 33 c0 99 83 e2 3f 03 c2 c1 f8 06 41 8d
0x00007ffee1fd9fd0:   50 01 48 63 c8 48 8d 0c cd 00 00 00 00 e8 de 4a
0x00007ffee1fd9fe0:   a7 ff 49 89 46 18 45 33 ff 41 89 6e 10 33 db 33
0x00007ffee1fd9ff0:   ff 45 8d 47 01 45 85 e4 7e 71 44 8b 6c 24 68 33
0x00007ffee1fda000:   ed 4d 85 c0 75 19 49 8b ce e8 12 3b b8 ff 41 ff
0x00007ffee1fda010:   c7 48 89 1c 28 48 83 c5 08 33 db 44 8d 43 01 41
0x00007ffee1fda020:   3b fd 49 8b c8 48 0f 44 74 24 78 48 0b cb 8b 06
0x00007ffee1fda030:   25 00 00 00 f0 3d 00 00 00 40 48 0f 45 cb f7 06
0x00007ffee1fda040:   00 00 00 70 48 8b d9 75 07 4b 8d 1c 00 48 0b d9
0x00007ffee1fda050:   ff c7 49 c1 e0 02 48 83 c6 04 41 3b fc 7c a2 4c
0x00007ffee1fda060:   8b 6c 24 60 8b ac 24 80 00 00 00 41 81 7e 0c 00
0x00007ffee1fda070:   01 00 00 49 8d 4e 18 4c 8b 74 24 28 4c 8b 64 24
0x00007ffee1fda080:   30 48 8b 7c 24 38 7e 03 48 8b 09 49 63 c7 4c 8b
0x00007ffee1fda090:   7c 24 20 48 89 1c c1 48 8b 5c 24 70 41 89 ad bc 


Stack slot to memory mapping:
stack at sp + 0 slots: 0x0000011700000116 is an unknown value
stack at sp + 1 slots: 0x000000b100000117 is an unknown value
stack at sp + 2 slots: 0x0000000800400000 is pointing into metadata
stack at sp + 3 slots: 0x00000016000000b1 is an unknown value
stack at sp + 4 slots: 0x00000000000000d7 is an unknown value
stack at sp + 5 slots: 0x000001bc8c21ec50 points into unknown readable memory: 0x0000000500000000 | 00 00 00 00 05 00 00 00
stack at sp + 6 slots: 0x00007ffee19c0000 jvm.dll
stack at sp + 7 slots: 0x000001bc8c219f40 points into unknown readable memory: 0x0000000000000000 | 00 00 00 00 00 00 00 00


---------------  P R O C E S S  ---------------

Threads class SMR info:
_java_thread_list=0x000001bc957675d0, length=11, elements={
0x000001bce8660390, 0x000001bc8b901580, 0x000001bc8b902150, 0x000001bc8b913a80,
0x000001bc8b914530, 0x000001bc8b916ff0, 0x000001bc8b919e90, 0x000001bc8b91fe40,
0x000001bc8b929020, 0x000001bc8c2d79b0, 0x000001bc8c2e01b0
}

Java Threads: ( => current thread )
  0x000001bce8660390 JavaThread "main" [_thread_in_native, id=6112, stack(0x00000057c6a00000,0x00000057c6b00000)]
  0x000001bc8b901580 JavaThread "Reference Handler" daemon [_thread_blocked, id=10508, stack(0x00000057c7100000,0x00000057c7200000)]
  0x000001bc8b902150 JavaThread "Finalizer" daemon [_thread_blocked, id=10564, stack(0x00000057c7200000,0x00000057c7300000)]
  0x000001bc8b913a80 JavaThread "Signal Dispatcher" daemon [_thread_blocked, id=10560, stack(0x00000057c7300000,0x00000057c7400000)]
  0x000001bc8b914530 JavaThread "Attach Listener" daemon [_thread_blocked, id=2728, stack(0x00000057c7400000,0x00000057c7500000)]
  0x000001bc8b916ff0 JavaThread "Service Thread" daemon [_thread_blocked, id=964, stack(0x00000057c7500000,0x00000057c7600000)]
  0x000001bc8b919e90 JavaThread "C2 CompilerThread0" daemon [_thread_blocked, id=376, stack(0x00000057c7600000,0x00000057c7700000)]
=>0x000001bc8b91fe40 JavaThread "C1 CompilerThread0" daemon [_thread_in_vm, id=992, stack(0x00000057c7700000,0x00000057c7800000)]
  0x000001bc8b929020 JavaThread "Sweeper thread" daemon [_thread_blocked, id=10720, stack(0x00000057c7800000,0x00000057c7900000)]
  0x000001bc8c2d79b0 JavaThread "Notification Thread" daemon [_thread_blocked, id=10716, stack(0x00000057c7900000,0x00000057c7a00000)]
  0x000001bc8c2e01b0 JavaThread "Common-Cleaner" daemon [_thread_blocked, id=10888, stack(0x00000057c7b00000,0x00000057c7c00000)]

Other Threads:
  0x000001bc8b8fdcf0 VMThread "VM Thread" [stack: 0x00000057c7000000,0x00000057c7100000] [id=10444]
  0x000001bc8c2d7e80 WatcherThread [stack: 0x00000057c7a00000,0x00000057c7b00000] [id=10728]
  0x000001bce86adf80 GCTaskThread "GC Thread#0" [stack: 0x00000057c6b00000,0x00000057c6c00000] [id=10264]
  0x000001bce86bffa0 ConcurrentGCThread "G1 Main Marker" [stack: 0x00000057c6c00000,0x00000057c6d00000] [id=11568]
  0x000001bce86c1330 ConcurrentGCThread "G1 Conc#0" [stack: 0x00000057c6d00000,0x00000057c6e00000] [id=10476]
  0x000001bce86fd6b0 ConcurrentGCThread "G1 Refine#0" [stack: 0x00000057c6e00000,0x00000057c6f00000] [id=8608]
  0x000001bce86fe2b0 ConcurrentGCThread "G1 Young RemSet Sampling" [stack: 0x00000057c6f00000,0x00000057c7000000] [id=10412]

Threads with active compile tasks:
C1 CompilerThread0     3204  784 %     3       educanet.Main::main @ 205 (279 bytes)

VM state: not at safepoint (normal execution)

VM Mutex/Monitor currently owned by a thread: None

Heap address: 0x0000000701400000, size: 4076 MB, Compressed Oops mode: Zero based, Oop shift amount: 3
CDS archive(s) mapped at: [0x0000000800000000-0x0000000800b50000-0x0000000800b50000), size 11862016, SharedBaseAddress: 0x0000000800000000, ArchiveRelocationMode: 0.
Compressed class space mapped at: 0x0000000800b50000-0x0000000840b50000, size: 1073741824
Narrow klass base: 0x0000000800000000, Narrow klass shift: 3, Narrow klass range: 0x100000000

GC Precious Log:
 CPUs: 6 total, 6 available
 Memory: 16300M
 Large Page Support: Disabled
 NUMA Support: Disabled
 Compressed Oops: Enabled (Zero based)
 Heap Region Size: 2M
 Heap Min Capacity: 8M
 Heap Initial Capacity: 256M
 Heap Max Capacity: 4076M
 Pre-touch: Disabled
 Parallel Workers: 6
 Concurrent Workers: 2
 Concurrent Refinement Workers: 6
 Periodic GC: Disabled

Heap:
 garbage-first heap   total 262144K, used 14336K [0x0000000701400000, 0x0000000800000000)
  region size 2048K, 8 young (16384K), 0 survivors (0K)
 Metaspace       used 7083K, capacity 9924K, committed 10112K, reserved 1058816K
  class space    used 331K, capacity 605K, committed 640K, reserved 1048576K

Heap Regions: E=young(eden), S=young(survivor), O=old, HS=humongous(starts), HC=humongous(continues), CS=collection set, F=free, OA=open archive, CA=closed archive, TAMS=top-at-mark-start (previous, next)
|   0|0x0000000701400000, 0x0000000701400000, 0x0000000701600000|  0%| F|  |TAMS 0x0000000701400000, 0x0000000701400000| Untracked 
|   1|0x0000000701600000, 0x0000000701600000, 0x0000000701800000|  0%| F|  |TAMS 0x0000000701600000, 0x0000000701600000| Untracked 
|   2|0x0000000701800000, 0x0000000701800000, 0x0000000701a00000|  0%| F|  |TAMS 0x0000000701800000, 0x0000000701800000| Untracked 
|   3|0x0000000701a00000, 0x0000000701a00000, 0x0000000701c00000|  0%| F|  |TAMS 0x0000000701a00000, 0x0000000701a00000| Untracked 
|   4|0x0000000701c00000, 0x0000000701c00000, 0x0000000701e00000|  0%| F|  |TAMS 0x0000000701c00000, 0x0000000701c00000| Untracked 
|   5|0x0000000701e00000, 0x0000000701e00000, 0x0000000702000000|  0%| F|  |TAMS 0x0000000701e00000, 0x0000000701e00000| Untracked 
|   6|0x0000000702000000, 0x0000000702000000, 0x0000000702200000|  0%| F|  |TAMS 0x0000000702000000, 0x0000000702000000| Untracked 
|   7|0x0000000702200000, 0x0000000702200000, 0x0000000702400000|  0%| F|  |TAMS 0x0000000702200000, 0x0000000702200000| Untracked 
|   8|0x0000000702400000, 0x0000000702400000, 0x0000000702600000|  0%| F|  |TAMS 0x0000000702400000, 0x0000000702400000| Untracked 
|   9|0x0000000702600000, 0x0000000702600000, 0x0000000702800000|  0%| F|  |TAMS 0x0000000702600000, 0x0000000702600000| Untracked 
|  10|0x0000000702800000, 0x0000000702800000, 0x0000000702a00000|  0%| F|  |TAMS 0x0000000702800000, 0x0000000702800000| Untracked 
|  11|0x0000000702a00000, 0x0000000702a00000, 0x0000000702c00000|  0%| F|  |TAMS 0x0000000702a00000, 0x0000000702a00000| Untracked 
|  12|0x0000000702c00000, 0x0000000702c00000, 0x0000000702e00000|  0%| F|  |TAMS 0x0000000702c00000, 0x0000000702c00000| Untracked 
|  13|0x0000000702e00000, 0x0000000702e00000, 0x0000000703000000|  0%| F|  |TAMS 0x0000000702e00000, 0x0000000702e00000| Untracked 
|  14|0x0000000703000000, 0x0000000703000000, 0x0000000703200000|  0%| F|  |TAMS 0x0000000703000000, 0x0000000703000000| Untracked 
|  15|0x0000000703200000, 0x0000000703200000, 0x0000000703400000|  0%| F|  |TAMS 0x0000000703200000, 0x0000000703200000| Untracked 
|  16|0x0000000703400000, 0x0000000703400000, 0x0000000703600000|  0%| F|  |TAMS 0x0000000703400000, 0x0000000703400000| Untracked 
|  17|0x0000000703600000, 0x0000000703600000, 0x0000000703800000|  0%| F|  |TAMS 0x0000000703600000, 0x0000000703600000| Untracked 
|  18|0x0000000703800000, 0x0000000703800000, 0x0000000703a00000|  0%| F|  |TAMS 0x0000000703800000, 0x0000000703800000| Untracked 
|  19|0x0000000703a00000, 0x0000000703a00000, 0x0000000703c00000|  0%| F|  |TAMS 0x0000000703a00000, 0x0000000703a00000| Untracked 
|  20|0x0000000703c00000, 0x0000000703c00000, 0x0000000703e00000|  0%| F|  |TAMS 0x0000000703c00000, 0x0000000703c00000| Untracked 
|  21|0x0000000703e00000, 0x0000000703e00000, 0x0000000704000000|  0%| F|  |TAMS 0x0000000703e00000, 0x0000000703e00000| Untracked 
|  22|0x0000000704000000, 0x0000000704000000, 0x0000000704200000|  0%| F|  |TAMS 0x0000000704000000, 0x0000000704000000| Untracked 
|  23|0x0000000704200000, 0x0000000704200000, 0x0000000704400000|  0%| F|  |TAMS 0x0000000704200000, 0x0000000704200000| Untracked 
|  24|0x0000000704400000, 0x0000000704400000, 0x0000000704600000|  0%| F|  |TAMS 0x0000000704400000, 0x0000000704400000| Untracked 
|  25|0x0000000704600000, 0x0000000704600000, 0x0000000704800000|  0%| F|  |TAMS 0x0000000704600000, 0x0000000704600000| Untracked 
|  26|0x0000000704800000, 0x0000000704800000, 0x0000000704a00000|  0%| F|  |TAMS 0x0000000704800000, 0x0000000704800000| Untracked 
|  27|0x0000000704a00000, 0x0000000704a00000, 0x0000000704c00000|  0%| F|  |TAMS 0x0000000704a00000, 0x0000000704a00000| Untracked 
|  28|0x0000000704c00000, 0x0000000704c00000, 0x0000000704e00000|  0%| F|  |TAMS 0x0000000704c00000, 0x0000000704c00000| Untracked 
|  29|0x0000000704e00000, 0x0000000704e00000, 0x0000000705000000|  0%| F|  |TAMS 0x0000000704e00000, 0x0000000704e00000| Untracked 
|  30|0x0000000705000000, 0x0000000705000000, 0x0000000705200000|  0%| F|  |TAMS 0x0000000705000000, 0x0000000705000000| Untracked 
|  31|0x0000000705200000, 0x0000000705200000, 0x0000000705400000|  0%| F|  |TAMS 0x0000000705200000, 0x0000000705200000| Untracked 
|  32|0x0000000705400000, 0x0000000705400000, 0x0000000705600000|  0%| F|  |TAMS 0x0000000705400000, 0x0000000705400000| Untracked 
|  33|0x0000000705600000, 0x0000000705600000, 0x0000000705800000|  0%| F|  |TAMS 0x0000000705600000, 0x0000000705600000| Untracked 
|  34|0x0000000705800000, 0x0000000705800000, 0x0000000705a00000|  0%| F|  |TAMS 0x0000000705800000, 0x0000000705800000| Untracked 
|  35|0x0000000705a00000, 0x0000000705a00000, 0x0000000705c00000|  0%| F|  |TAMS 0x0000000705a00000, 0x0000000705a00000| Untracked 
|  36|0x0000000705c00000, 0x0000000705c00000, 0x0000000705e00000|  0%| F|  |TAMS 0x0000000705c00000, 0x0000000705c00000| Untracked 
|  37|0x0000000705e00000, 0x0000000705e00000, 0x0000000706000000|  0%| F|  |TAMS 0x0000000705e00000, 0x0000000705e00000| Untracked 
|  38|0x0000000706000000, 0x0000000706000000, 0x0000000706200000|  0%| F|  |TAMS 0x0000000706000000, 0x0000000706000000| Untracked 
|  39|0x0000000706200000, 0x0000000706200000, 0x0000000706400000|  0%| F|  |TAMS 0x0000000706200000, 0x0000000706200000| Untracked 
|  40|0x0000000706400000, 0x0000000706400000, 0x0000000706600000|  0%| F|  |TAMS 0x0000000706400000, 0x0000000706400000| Untracked 
|  41|0x0000000706600000, 0x0000000706600000, 0x0000000706800000|  0%| F|  |TAMS 0x0000000706600000, 0x0000000706600000| Untracked 
|  42|0x0000000706800000, 0x0000000706800000, 0x0000000706a00000|  0%| F|  |TAMS 0x0000000706800000, 0x0000000706800000| Untracked 
|  43|0x0000000706a00000, 0x0000000706a00000, 0x0000000706c00000|  0%| F|  |TAMS 0x0000000706a00000, 0x0000000706a00000| Untracked 
|  44|0x0000000706c00000, 0x0000000706c00000, 0x0000000706e00000|  0%| F|  |TAMS 0x0000000706c00000, 0x0000000706c00000| Untracked 
|  45|0x0000000706e00000, 0x0000000706e00000, 0x0000000707000000|  0%| F|  |TAMS 0x0000000706e00000, 0x0000000706e00000| Untracked 
|  46|0x0000000707000000, 0x0000000707000000, 0x0000000707200000|  0%| F|  |TAMS 0x0000000707000000, 0x0000000707000000| Untracked 
|  47|0x0000000707200000, 0x0000000707200000, 0x0000000707400000|  0%| F|  |TAMS 0x0000000707200000, 0x0000000707200000| Untracked 
|  48|0x0000000707400000, 0x0000000707400000, 0x0000000707600000|  0%| F|  |TAMS 0x0000000707400000, 0x0000000707400000| Untracked 
|  49|0x0000000707600000, 0x0000000707600000, 0x0000000707800000|  0%| F|  |TAMS 0x0000000707600000, 0x0000000707600000| Untracked 
|  50|0x0000000707800000, 0x0000000707800000, 0x0000000707a00000|  0%| F|  |TAMS 0x0000000707800000, 0x0000000707800000| Untracked 
|  51|0x0000000707a00000, 0x0000000707a00000, 0x0000000707c00000|  0%| F|  |TAMS 0x0000000707a00000, 0x0000000707a00000| Untracked 
|  52|0x0000000707c00000, 0x0000000707c00000, 0x0000000707e00000|  0%| F|  |TAMS 0x0000000707c00000, 0x0000000707c00000| Untracked 
|  53|0x0000000707e00000, 0x0000000707e00000, 0x0000000708000000|  0%| F|  |TAMS 0x0000000707e00000, 0x0000000707e00000| Untracked 
|  54|0x0000000708000000, 0x0000000708000000, 0x0000000708200000|  0%| F|  |TAMS 0x0000000708000000, 0x0000000708000000| Untracked 
|  55|0x0000000708200000, 0x0000000708200000, 0x0000000708400000|  0%| F|  |TAMS 0x0000000708200000, 0x0000000708200000| Untracked 
|  56|0x0000000708400000, 0x0000000708400000, 0x0000000708600000|  0%| F|  |TAMS 0x0000000708400000, 0x0000000708400000| Untracked 
|  57|0x0000000708600000, 0x0000000708600000, 0x0000000708800000|  0%| F|  |TAMS 0x0000000708600000, 0x0000000708600000| Untracked 
|  58|0x0000000708800000, 0x0000000708800000, 0x0000000708a00000|  0%| F|  |TAMS 0x0000000708800000, 0x0000000708800000| Untracked 
|  59|0x0000000708a00000, 0x0000000708a00000, 0x0000000708c00000|  0%| F|  |TAMS 0x0000000708a00000, 0x0000000708a00000| Untracked 
|  60|0x0000000708c00000, 0x0000000708c00000, 0x0000000708e00000|  0%| F|  |TAMS 0x0000000708c00000, 0x0000000708c00000| Untracked 
|  61|0x0000000708e00000, 0x0000000708e00000, 0x0000000709000000|  0%| F|  |TAMS 0x0000000708e00000, 0x0000000708e00000| Untracked 
|  62|0x0000000709000000, 0x0000000709000000, 0x0000000709200000|  0%| F|  |TAMS 0x0000000709000000, 0x0000000709000000| Untracked 
|  63|0x0000000709200000, 0x0000000709200000, 0x0000000709400000|  0%| F|  |TAMS 0x0000000709200000, 0x0000000709200000| Untracked 
|  64|0x0000000709400000, 0x0000000709400000, 0x0000000709600000|  0%| F|  |TAMS 0x0000000709400000, 0x0000000709400000| Untracked 
|  65|0x0000000709600000, 0x0000000709600000, 0x0000000709800000|  0%| F|  |TAMS 0x0000000709600000, 0x0000000709600000| Untracked 
|  66|0x0000000709800000, 0x0000000709800000, 0x0000000709a00000|  0%| F|  |TAMS 0x0000000709800000, 0x0000000709800000| Untracked 
|  67|0x0000000709a00000, 0x0000000709a00000, 0x0000000709c00000|  0%| F|  |TAMS 0x0000000709a00000, 0x0000000709a00000| Untracked 
|  68|0x0000000709c00000, 0x0000000709c00000, 0x0000000709e00000|  0%| F|  |TAMS 0x0000000709c00000, 0x0000000709c00000| Untracked 
|  69|0x0000000709e00000, 0x0000000709e00000, 0x000000070a000000|  0%| F|  |TAMS 0x0000000709e00000, 0x0000000709e00000| Untracked 
|  70|0x000000070a000000, 0x000000070a000000, 0x000000070a200000|  0%| F|  |TAMS 0x000000070a000000, 0x000000070a000000| Untracked 
|  71|0x000000070a200000, 0x000000070a200000, 0x000000070a400000|  0%| F|  |TAMS 0x000000070a200000, 0x000000070a200000| Untracked 
|  72|0x000000070a400000, 0x000000070a400000, 0x000000070a600000|  0%| F|  |TAMS 0x000000070a400000, 0x000000070a400000| Untracked 
|  73|0x000000070a600000, 0x000000070a600000, 0x000000070a800000|  0%| F|  |TAMS 0x000000070a600000, 0x000000070a600000| Untracked 
|  74|0x000000070a800000, 0x000000070a800000, 0x000000070aa00000|  0%| F|  |TAMS 0x000000070a800000, 0x000000070a800000| Untracked 
|  75|0x000000070aa00000, 0x000000070aa00000, 0x000000070ac00000|  0%| F|  |TAMS 0x000000070aa00000, 0x000000070aa00000| Untracked 
|  76|0x000000070ac00000, 0x000000070ac00000, 0x000000070ae00000|  0%| F|  |TAMS 0x000000070ac00000, 0x000000070ac00000| Untracked 
|  77|0x000000070ae00000, 0x000000070ae00000, 0x000000070b000000|  0%| F|  |TAMS 0x000000070ae00000, 0x000000070ae00000| Untracked 
|  78|0x000000070b000000, 0x000000070b000000, 0x000000070b200000|  0%| F|  |TAMS 0x000000070b000000, 0x000000070b000000| Untracked 
|  79|0x000000070b200000, 0x000000070b200000, 0x000000070b400000|  0%| F|  |TAMS 0x000000070b200000, 0x000000070b200000| Untracked 
|  80|0x000000070b400000, 0x000000070b400000, 0x000000070b600000|  0%| F|  |TAMS 0x000000070b400000, 0x000000070b400000| Untracked 
|  81|0x000000070b600000, 0x000000070b600000, 0x000000070b800000|  0%| F|  |TAMS 0x000000070b600000, 0x000000070b600000| Untracked 
|  82|0x000000070b800000, 0x000000070b800000, 0x000000070ba00000|  0%| F|  |TAMS 0x000000070b800000, 0x000000070b800000| Untracked 
|  83|0x000000070ba00000, 0x000000070ba00000, 0x000000070bc00000|  0%| F|  |TAMS 0x000000070ba00000, 0x000000070ba00000| Untracked 
|  84|0x000000070bc00000, 0x000000070bc00000, 0x000000070be00000|  0%| F|  |TAMS 0x000000070bc00000, 0x000000070bc00000| Untracked 
|  85|0x000000070be00000, 0x000000070be00000, 0x000000070c000000|  0%| F|  |TAMS 0x000000070be00000, 0x000000070be00000| Untracked 
|  86|0x000000070c000000, 0x000000070c000000, 0x000000070c200000|  0%| F|  |TAMS 0x000000070c000000, 0x000000070c000000| Untracked 
|  87|0x000000070c200000, 0x000000070c200000, 0x000000070c400000|  0%| F|  |TAMS 0x000000070c200000, 0x000000070c200000| Untracked 
|  88|0x000000070c400000, 0x000000070c400000, 0x000000070c600000|  0%| F|  |TAMS 0x000000070c400000, 0x000000070c400000| Untracked 
|  89|0x000000070c600000, 0x000000070c600000, 0x000000070c800000|  0%| F|  |TAMS 0x000000070c600000, 0x000000070c600000| Untracked 
|  90|0x000000070c800000, 0x000000070c800000, 0x000000070ca00000|  0%| F|  |TAMS 0x000000070c800000, 0x000000070c800000| Untracked 
|  91|0x000000070ca00000, 0x000000070ca00000, 0x000000070cc00000|  0%| F|  |TAMS 0x000000070ca00000, 0x000000070ca00000| Untracked 
|  92|0x000000070cc00000, 0x000000070cc00000, 0x000000070ce00000|  0%| F|  |TAMS 0x000000070cc00000, 0x000000070cc00000| Untracked 
|  93|0x000000070ce00000, 0x000000070ce00000, 0x000000070d000000|  0%| F|  |TAMS 0x000000070ce00000, 0x000000070ce00000| Untracked 
|  94|0x000000070d000000, 0x000000070d000000, 0x000000070d200000|  0%| F|  |TAMS 0x000000070d000000, 0x000000070d000000| Untracked 
|  95|0x000000070d200000, 0x000000070d200000, 0x000000070d400000|  0%| F|  |TAMS 0x000000070d200000, 0x000000070d200000| Untracked 
|  96|0x000000070d400000, 0x000000070d400000, 0x000000070d600000|  0%| F|  |TAMS 0x000000070d400000, 0x000000070d400000| Untracked 
|  97|0x000000070d600000, 0x000000070d600000, 0x000000070d800000|  0%| F|  |TAMS 0x000000070d600000, 0x000000070d600000| Untracked 
|  98|0x000000070d800000, 0x000000070d800000, 0x000000070da00000|  0%| F|  |TAMS 0x000000070d800000, 0x000000070d800000| Untracked 
|  99|0x000000070da00000, 0x000000070da00000, 0x000000070dc00000|  0%| F|  |TAMS 0x000000070da00000, 0x000000070da00000| Untracked 
| 100|0x000000070dc00000, 0x000000070dc00000, 0x000000070de00000|  0%| F|  |TAMS 0x000000070dc00000, 0x000000070dc00000| Untracked 
| 101|0x000000070de00000, 0x000000070de00000, 0x000000070e000000|  0%| F|  |TAMS 0x000000070de00000, 0x000000070de00000| Untracked 
| 102|0x000000070e000000, 0x000000070e000000, 0x000000070e200000|  0%| F|  |TAMS 0x000000070e000000, 0x000000070e000000| Untracked 
| 103|0x000000070e200000, 0x000000070e200000, 0x000000070e400000|  0%| F|  |TAMS 0x000000070e200000, 0x000000070e200000| Untracked 
| 104|0x000000070e400000, 0x000000070e400000, 0x000000070e600000|  0%| F|  |TAMS 0x000000070e400000, 0x000000070e400000| Untracked 
| 105|0x000000070e600000, 0x000000070e600000, 0x000000070e800000|  0%| F|  |TAMS 0x000000070e600000, 0x000000070e600000| Untracked 
| 106|0x000000070e800000, 0x000000070e800000, 0x000000070ea00000|  0%| F|  |TAMS 0x000000070e800000, 0x000000070e800000| Untracked 
| 107|0x000000070ea00000, 0x000000070ea00000, 0x000000070ec00000|  0%| F|  |TAMS 0x000000070ea00000, 0x000000070ea00000| Untracked 
| 108|0x000000070ec00000, 0x000000070ec00000, 0x000000070ee00000|  0%| F|  |TAMS 0x000000070ec00000, 0x000000070ec00000| Untracked 
| 109|0x000000070ee00000, 0x000000070ee00000, 0x000000070f000000|  0%| F|  |TAMS 0x000000070ee00000, 0x000000070ee00000| Untracked 
| 110|0x000000070f000000, 0x000000070f000000, 0x000000070f200000|  0%| F|  |TAMS 0x000000070f000000, 0x000000070f000000| Untracked 
| 111|0x000000070f200000, 0x000000070f200000, 0x000000070f400000|  0%| F|  |TAMS 0x000000070f200000, 0x000000070f200000| Untracked 
| 112|0x000000070f400000, 0x000000070f400000, 0x000000070f600000|  0%| F|  |TAMS 0x000000070f400000, 0x000000070f400000| Untracked 
| 113|0x000000070f600000, 0x000000070f600000, 0x000000070f800000|  0%| F|  |TAMS 0x000000070f600000, 0x000000070f600000| Untracked 
| 114|0x000000070f800000, 0x000000070f800000, 0x000000070fa00000|  0%| F|  |TAMS 0x000000070f800000, 0x000000070f800000| Untracked 
| 115|0x000000070fa00000, 0x000000070fa00000, 0x000000070fc00000|  0%| F|  |TAMS 0x000000070fa00000, 0x000000070fa00000| Untracked 
| 116|0x000000070fc00000, 0x000000070fc00000, 0x000000070fe00000|  0%| F|  |TAMS 0x000000070fc00000, 0x000000070fc00000| Untracked 
| 117|0x000000070fe00000, 0x000000070fe00000, 0x0000000710000000|  0%| F|  |TAMS 0x000000070fe00000, 0x000000070fe00000| Untracked 
| 118|0x0000000710000000, 0x0000000710000000, 0x0000000710200000|  0%| F|  |TAMS 0x0000000710000000, 0x0000000710000000| Untracked 
| 119|0x0000000710200000, 0x0000000710200000, 0x0000000710400000|  0%| F|  |TAMS 0x0000000710200000, 0x0000000710200000| Untracked 
| 120|0x0000000710400000, 0x00000007105b9bc0, 0x0000000710600000| 86%| E|  |TAMS 0x0000000710400000, 0x0000000710400000| Complete 
| 121|0x0000000710600000, 0x0000000710800000, 0x0000000710800000|100%| E|CS|TAMS 0x0000000710600000, 0x0000000710600000| Complete 
| 122|0x0000000710800000, 0x0000000710a00000, 0x0000000710a00000|100%| E|CS|TAMS 0x0000000710800000, 0x0000000710800000| Complete 
| 123|0x0000000710a00000, 0x0000000710c00000, 0x0000000710c00000|100%| E|CS|TAMS 0x0000000710a00000, 0x0000000710a00000| Complete 
| 124|0x0000000710c00000, 0x0000000710e00000, 0x0000000710e00000|100%| E|CS|TAMS 0x0000000710c00000, 0x0000000710c00000| Complete 
| 125|0x0000000710e00000, 0x0000000711000000, 0x0000000711000000|100%| E|CS|TAMS 0x0000000710e00000, 0x0000000710e00000| Complete 
| 126|0x0000000711000000, 0x0000000711200000, 0x0000000711200000|100%| E|CS|TAMS 0x0000000711000000, 0x0000000711000000| Complete 
| 127|0x0000000711200000, 0x0000000711400000, 0x0000000711400000|100%| E|CS|TAMS 0x0000000711200000, 0x0000000711200000| Complete 

Card table byte_map: [0x000001bc80800000,0x000001bc81000000] _byte_map_base: 0x000001bc7cff6000

Marking Bits (Prev, Next): (CMBitMap*) 0x000001bce86af780, (CMBitMap*) 0x000001bce86af7c0
 Prev Bits: [0x000001bc81800000, 0x000001bc857b0000)
 Next Bits: [0x000001bc857b0000, 0x000001bc89760000)

Polling page: 0x000001bce65a0000

Metaspace:

Usage:
  Non-class:      9.10 MB capacity,     6.59 MB ( 72%) used,     2.50 MB ( 27%) free+waste,     7.56 KB ( <1%) overhead. 
      Class:    605.00 KB capacity,   331.68 KB ( 55%) used,   271.38 KB ( 45%) free+waste,     1.94 KB ( <1%) overhead. 
       Both:      9.69 MB capacity,     6.92 MB ( 71%) used,     2.76 MB ( 29%) free+waste,     9.50 KB ( <1%) overhead. 

Virtual space:
  Non-class space:       10.00 MB reserved,       9.25 MB ( 92%) committed 
      Class space:        1.00 GB reserved,     640.00 KB ( <1%) committed 
             Both:        1.01 GB reserved,       9.88 MB ( <1%) committed 

Chunk freelists:
   Non-Class:  89.00 KB
       Class:  3.00 KB
        Both:  92.00 KB

MaxMetaspaceSize: 17179869184.00 GB
CompressedClassSpaceSize: 1.00 GB

CodeHeap 'non-profiled nmethods': size=120000Kb used=256Kb max_used=256Kb free=119743Kb
 bounds [0x000001bcf8320000, 0x000001bcf8590000, 0x000001bcff850000]
CodeHeap 'profiled nmethods': size=120000Kb used=1236Kb max_used=1236Kb free=118763Kb
 bounds [0x000001bcf0df0000, 0x000001bcf1060000, 0x000001bcf8320000]
CodeHeap 'non-nmethods': size=5760Kb used=1626Kb max_used=1655Kb free=4133Kb
 bounds [0x000001bcf0850000, 0x000001bcf0ac0000, 0x000001bcf0df0000]
 total_blobs=1809 nmethods=787 adapters=935
 compilation: enabled
              stopped_count=0, restarted_count=0
 full_count=0

Compilation events (20 events):
Event: 0.915 Thread 0x000001bc8c512b70  775       4       org.joml.MemUtil$MemUtilUnsafe::put (40 bytes)
Event: 0.916 Thread 0x000001bc8c512b70 nmethod 775 0x000001bcf835b490 code [0x000001bcf835b600, 0x000001bcf835b6d8]
Event: 0.916 Thread 0x000001bc8c512b70  776       4       educanet.GameObject::setColor (62 bytes)
Event: 0.916 Thread 0x000001bc8b919e90 nmethod 773 0x000001bcf835b790 code [0x000001bcf835b920, 0x000001bcf835bca8]
Event: 0.919 Thread 0x000001bc8b919e90  777       4       org.lwjgl.opengl.GL11C::glDrawElements (8 bytes)
Event: 0.919 Thread 0x000001bc8b919e90 nmethod 777 0x000001bcf835c110 code [0x000001bcf835c2a0, 0x000001bcf835c308]
Event: 0.919 Thread 0x000001bc8c512b70 nmethod 776 0x000001bcf835c410 code [0x000001bcf835c5e0, 0x000001bcf835c980]
Event: 0.924 Thread 0x000001bc8c512b70  778       4       java.util.ArrayList$Itr::next (66 bytes)
Event: 0.924 Thread 0x000001bc8c512b70 nmethod 778 0x000001bcf835ce90 code [0x000001bcf835d020, 0x000001bcf835d158]
Event: 0.926 Thread 0x000001bc8b919e90  779       4       educanet.GameObject::isColliding (280 bytes)
Event: 0.930 Thread 0x000001bc8c512b70  780       4       jdk.internal.util.Preconditions::checkFromIndexSize (25 bytes)
Event: 0.931 Thread 0x000001bc8b919e90 nmethod 779 0x000001bcf835d290 code [0x000001bcf835d4a0, 0x000001bcf835dc90]
Event: 0.931 Thread 0x000001bc8c512b70 nmethod 780 0x000001bcf835e490 code [0x000001bcf835e600, 0x000001bcf835e698]
Event: 0.937 Thread 0x000001bc8c512b70  781       4       educanet.GameObject::render (51 bytes)
Event: 0.937 Thread 0x000001bc8b919e90  782       4       org.lwjgl.opengl.GL20C::glUniformMatrix4fv (16 bytes)
Event: 0.938 Thread 0x000001bc8b919e90 nmethod 782 0x000001bcf835e790 code [0x000001bcf835e920, 0x000001bcf835e9a8]
Event: 0.938 Thread 0x000001bc8b919e90  783       4       org.lwjgl.opengl.GL11::glDrawElements (8 bytes)
Event: 0.938 Thread 0x000001bc8b919e90 nmethod 783 0x000001bcf835ea90 code [0x000001bcf835ec20, 0x000001bcf835ec88]
Event: 0.939 Thread 0x000001bc8c512b70 nmethod 781 0x000001bcf835ed90 code [0x000001bcf835ef40, 0x000001bcf835f110]
Event: 2.901 Thread 0x000001bc8b91fe40  784 %     3       educanet.Main::main @ 205 (279 bytes)

GC Heap History (0 events):
No events

Deoptimization events (20 events):
Event: 0.137 Thread 0x000001bce8660390 Uncommon trap: trap_request=0xffffff45 fr.pc=0x000001bcf8336860 relative=0x0000000000000060
Event: 0.137 Thread 0x000001bce8660390 Uncommon trap: reason=unstable_if action=reinterpret pc=0x000001bcf8336860 method=java.io.WinNTFileSystem.isSlash(C)Z @ 9 c2
Event: 0.137 Thread 0x000001bce8660390 DEOPT PACKING pc=0x000001bcf8336860 sp=0x00000057c6afd4b0
Event: 0.137 Thread 0x000001bce8660390 DEOPT UNPACKING pc=0x000001bcf089e42f sp=0x00000057c6afd438 mode 2
Event: 0.495 Thread 0x000001bce8660390 Uncommon trap: trap_request=0xffffff54 fr.pc=0x000001bcf833f560 relative=0x0000000000000060
Event: 0.495 Thread 0x000001bce8660390 Uncommon trap: reason=speculate_null_assert action=make_not_entrant pc=0x000001bcf833f560 method=sun.misc.Unsafe.putLong(Ljava/lang/Object;JJ)V @ 7 c2
Event: 0.495 Thread 0x000001bce8660390 DEOPT PACKING pc=0x000001bcf833f560 sp=0x00000057c6aff090
Event: 0.495 Thread 0x000001bce8660390 DEOPT UNPACKING pc=0x000001bcf089e42f sp=0x00000057c6aff008 mode 2
Event: 0.498 Thread 0x000001bce8660390 Uncommon trap: trap_request=0xffffff54 fr.pc=0x000001bcf8340ed8 relative=0x0000000000000058
Event: 0.498 Thread 0x000001bce8660390 Uncommon trap: reason=speculate_null_assert action=make_not_entrant pc=0x000001bcf8340ed8 method=sun.misc.Unsafe.getLong(Ljava/lang/Object;J)J @ 5 c2
Event: 0.498 Thread 0x000001bce8660390 DEOPT PACKING pc=0x000001bcf8340ed8 sp=0x00000057c6afef80
Event: 0.498 Thread 0x000001bce8660390 DEOPT UNPACKING pc=0x000001bcf089e42f sp=0x00000057c6afef08 mode 2
Event: 0.544 Thread 0x000001bce8660390 DEOPT PACKING pc=0x000001bcf0e1e9df sp=0x00000057c6afdcb0
Event: 0.544 Thread 0x000001bce8660390 DEOPT UNPACKING pc=0x000001bcf089e23f sp=0x00000057c6afd100 mode 0
Event: 0.552 Thread 0x000001bce8660390 DEOPT PACKING pc=0x000001bcf0e1e9df sp=0x00000057c6afdc60
Event: 0.552 Thread 0x000001bce8660390 DEOPT UNPACKING pc=0x000001bcf089e23f sp=0x00000057c6afd0b0 mode 0
Event: 0.587 Thread 0x000001bce8660390 Uncommon trap: trap_request=0xffffff45 fr.pc=0x000001bcf834ce34 relative=0x0000000000000034
Event: 0.587 Thread 0x000001bce8660390 Uncommon trap: reason=unstable_if action=reinterpret pc=0x000001bcf834ce34 method=java.lang.reflect.Modifier.isFinal(I)Z @ 4 c2
Event: 0.587 Thread 0x000001bce8660390 DEOPT PACKING pc=0x000001bcf834ce34 sp=0x00000057c6afe0e0
Event: 0.587 Thread 0x000001bce8660390 DEOPT UNPACKING pc=0x000001bcf089e42f sp=0x00000057c6afe070 mode 2

Classes unloaded (0 events):
No events

Classes redefined (0 events):
No events

Internal exceptions (16 events):
Event: 0.110 Thread 0x000001bce8660390 Exception <a 'java/lang/NoSuchMethodError'{0x000000071109ab00}: 'void java.lang.invoke.DirectMethodHandle$Holder.invokeStatic(java.lang.Object, java.lang.Object)'> (0x000000071109ab00) 
thrown [./open/src/hotspot/share/interpreter/linkResolver.cpp, line 782]
Event: 0.112 Thread 0x000001bce8660390 Exception <a 'java/lang/NoSuchMethodError'{0x00000007110a05f8}: 'void java.lang.invoke.DirectMethodHandle$Holder.invokeSpecial(java.lang.Object, java.lang.Object, java.lang.Object)'> (0x00000007110a05f8) 
thrown [./open/src/hotspot/share/interpreter/linkResolver.cpp, line 782]
Event: 0.114 Thread 0x000001bce8660390 Exception <a 'java/lang/NoSuchMethodError'{0x00000007110b5268}: 'java.lang.Object java.lang.invoke.DirectMethodHandle$Holder.invokeStatic(java.lang.Object, java.lang.Object, int)'> (0x00000007110b5268) 
thrown [./open/src/hotspot/share/interpreter/linkResolver.cpp, line 782]
Event: 0.115 Thread 0x000001bce8660390 Exception <a 'java/lang/NoSuchMethodError'{0x00000007110c13b0}: 'void java.lang.invoke.DelegatingMethodHandle$Holder.delegate(java.lang.Object, java.lang.Object, int, java.lang.Object)'> (0x00000007110c13b0) 
thrown [./open/src/hotspot/share/interpreter/linkResolver.cpp, line 782]
Event: 0.115 Thread 0x000001bce8660390 Exception <a 'java/lang/NoSuchMethodError'{0x00000007110c5450}: 'int java.lang.invoke.DirectMethodHandle$Holder.invokeSpecial(java.lang.Object, java.lang.Object, java.lang.Object)'> (0x00000007110c5450) 
thrown [./open/src/hotspot/share/interpreter/linkResolver.cpp, line 782]
Event: 0.155 Thread 0x000001bce8660390 Exception <a 'sun/nio/fs/WindowsException'{0x000000071115dee8}> (0x000000071115dee8) 
thrown [./open/src/hotspot/share/prims/jni.cpp, line 578]
Event: 0.155 Thread 0x000001bce8660390 Exception <a 'sun/nio/fs/WindowsException'{0x000000071115e428}> (0x000000071115e428) 
thrown [./open/src/hotspot/share/prims/jni.cpp, line 578]
Event: 0.163 Thread 0x000001bce8660390 Exception <a 'sun/nio/fs/WindowsException'{0x000000071117f450}> (0x000000071117f450) 
thrown [./open/src/hotspot/share/prims/jni.cpp, line 578]
Event: 0.163 Thread 0x000001bce8660390 Exception <a 'sun/nio/fs/WindowsException'{0x000000071117f7a8}> (0x000000071117f7a8) 
thrown [./open/src/hotspot/share/prims/jni.cpp, line 578]
Event: 0.167 Thread 0x000001bce8660390 Exception <a 'java/lang/NoSuchMethodError'{0x00000007111b7d68}: 'java.lang.Object java.lang.invoke.DirectMethodHandle$Holder.invokeStatic(java.lang.Object)'> (0x00000007111b7d68) 
thrown [./open/src/hotspot/share/interpreter/linkResolver.cpp, line 782]
Event: 0.168 Thread 0x000001bce8660390 Exception <a 'java/lang/NoSuchMethodError'{0x00000007111bb3d8}: 'java.lang.Object java.lang.invoke.DirectMethodHandle$Holder.invokeStaticInit(java.lang.Object)'> (0x00000007111bb3d8) 
thrown [./open/src/hotspot/share/interpreter/linkResolver.cpp, line 782]
Event: 0.465 Thread 0x000001bce8660390 Exception <a 'sun/nio/fs/WindowsException'{0x0000000710e79f60}> (0x0000000710e79f60) 
thrown [./open/src/hotspot/share/prims/jni.cpp, line 578]
Event: 0.465 Thread 0x000001bce8660390 Exception <a 'sun/nio/fs/WindowsException'{0x0000000710e7a2f0}> (0x0000000710e7a2f0) 
thrown [./open/src/hotspot/share/prims/jni.cpp, line 578]
Event: 0.472 Thread 0x000001bce8660390 Exception <a 'sun/nio/fs/WindowsException'{0x0000000710e87df0}> (0x0000000710e87df0) 
thrown [./open/src/hotspot/share/prims/jni.cpp, line 578]
Event: 0.472 Thread 0x000001bce8660390 Exception <a 'sun/nio/fs/WindowsException'{0x0000000710e880c0}> (0x0000000710e880c0) 
thrown [./open/src/hotspot/share/prims/jni.cpp, line 578]
Event: 0.587 Thread 0x000001bce8660390 Exception <a 'java/lang/NoSuchMethodError'{0x000000071091cbf8}: 'void java.lang.invoke.DirectMethodHandle$Holder.invokeStatic(java.lang.Object, long, int, int)'> (0x000000071091cbf8) 
thrown [./open/src/hotspot/share/interpreter/linkResolver.cpp, line 782]

Events (20 events):
Event: 0.653 loading class java/lang/SecurityException done
Event: 0.655 loading class jdk/internal/access/foreign/MemorySegmentProxy
Event: 0.655 loading class jdk/internal/access/foreign/MemorySegmentProxy done
Event: 0.754 Loaded shared library C:\Users\jan\AppData\Local\Temp\lwjgljan\3.2.3-build-13\lwjgl.dll
Event: 0.759 Loaded shared library C:\Users\jan\AppData\Local\Temp\lwjgljan\3.2.3-build-13\lwjgl_opengl.dll
Event: 0.768 Loaded shared library C:\Users\jan\AppData\Local\Temp\lwjgljan\3.2.3-build-13\lwjgl_opengl.dll
Event: 0.773 Loaded shared library C:\Users\jan\AppData\Local\Temp\lwjgljan\3.2.3-build-13\lwjgl_opengl.dll
Event: 0.778 Loaded shared library C:\Users\jan\AppData\Local\Temp\lwjgljan\3.2.3-build-13\lwjgl_opengl.dll
Event: 0.783 Loaded shared library C:\Users\jan\AppData\Local\Temp\lwjgljan\3.2.3-build-13\lwjgl_opengl.dll
Event: 0.788 Loaded shared library C:\Users\jan\AppData\Local\Temp\lwjgljan\3.2.3-build-13\lwjgl_opengl.dll
Event: 0.792 Loaded shared library C:\Users\jan\AppData\Local\Temp\lwjgljan\3.2.3-build-13\lwjgl_opengl.dll
Event: 0.798 Loaded shared library C:\Users\jan\AppData\Local\Temp\lwjgljan\3.2.3-build-13\lwjgl_opengl.dll
Event: 0.859 Loaded shared library C:\Users\jan\AppData\Local\Temp\lwjgljan\3.2.3-build-13\lwjgl.dll
Event: 0.861 Loaded shared library C:\Users\jan\AppData\Local\Temp\lwjgljan\3.2.3-build-13\lwjgl.dll
Event: 0.866 Loaded shared library C:\Users\jan\AppData\Local\Temp\lwjgljan\3.2.3-build-13\lwjgl_opengl.dll
Event: 0.871 Loaded shared library C:\Users\jan\AppData\Local\Temp\lwjgljan\3.2.3-build-13\lwjgl_opengl.dll
Event: 0.906 Loaded shared library C:\Users\jan\AppData\Local\Temp\lwjgljan\3.2.3-build-13\lwjgl.dll
Event: 1.476 Executing VM operation: HandshakeAllThreads
Event: 1.476 Executing VM operation: HandshakeAllThreads done
Event: 2.901 Thread 0x000001bc8c512b70 Thread exited: 0x000001bc8c512b70


Dynamic libraries:
0x00007ff7f52b0000 - 0x00007ff7f52bd000 	C:\Users\jan\.jdks\openjdk-15.0.1\bin\java.exe
0x00007fff28e50000 - 0x00007fff29045000 	C:\Windows\SYSTEM32\ntdll.dll
0x00007fff27c20000 - 0x00007fff27cdd000 	C:\Windows\System32\KERNEL32.DLL
0x00007fff26610000 - 0x00007fff268d8000 	C:\Windows\System32\KERNELBASE.dll
0x00007fff26a40000 - 0x00007fff26b40000 	C:\Windows\System32\ucrtbase.dll
0x00007ffee25e0000 - 0x00007ffee25f8000 	C:\Users\jan\.jdks\openjdk-15.0.1\bin\jli.dll
0x00007fff26f70000 - 0x00007fff27110000 	C:\Windows\System32\USER32.dll
0x00007fff26930000 - 0x00007fff26952000 	C:\Windows\System32\win32u.dll
0x00007fff27a40000 - 0x00007fff27a6a000 	C:\Windows\System32\GDI32.dll
0x00007fff26b40000 - 0x00007fff26c4b000 	C:\Windows\System32\gdi32full.dll
0x00007fff26cb0000 - 0x00007fff26d4d000 	C:\Windows\System32\msvcp_win.dll
0x00007ffee25c0000 - 0x00007ffee25d9000 	C:\Users\jan\.jdks\openjdk-15.0.1\bin\VCRUNTIME140.dll
0x00007fff148a0000 - 0x00007fff14b3a000 	C:\Windows\WinSxS\amd64_microsoft.windows.common-controls_6595b64144ccf1df_6.0.19041.844_none_ca00b6081b84eb1d\COMCTL32.dll
0x00007fff27fa0000 - 0x00007fff2803e000 	C:\Windows\System32\msvcrt.dll
0x00007fff27240000 - 0x00007fff27270000 	C:\Windows\System32\IMM32.DLL
0x00007fff272e0000 - 0x00007fff2740b000 	C:\Windows\System32\RPCRT4.dll
0x00007fff28c80000 - 0x00007fff28d2c000 	C:\Windows\System32\ADVAPI32.dll
0x00007fff283b0000 - 0x00007fff2844b000 	C:\Windows\System32\sechost.dll
0x00007fff28470000 - 0x00007fff28bb2000 	C:\Windows\System32\SHELL32.dll
0x00007fff28040000 - 0x00007fff28395000 	C:\Windows\System32\combase.dll
0x00007fff27570000 - 0x00007fff275c5000 	C:\Windows\System32\SHLWAPI.dll
0x00007fff252d0000 - 0x00007fff25303000 	C:\Windows\SYSTEM32\ntmarta.dll
0x00007fff26450000 - 0x00007fff26481000 	C:\Windows\SYSTEM32\SspiCli.dll
0x00007fff24700000 - 0x00007fff24e90000 	C:\Windows\SYSTEM32\windows.storage.dll
0x00007fff25f90000 - 0x00007fff25fbc000 	C:\Windows\SYSTEM32\Wldp.dll
0x00007fff27e00000 - 0x00007fff27eae000 	C:\Windows\System32\SHCORE.dll
0x00007ffef9e00000 - 0x00007ffef9e0c000 	C:\Users\jan\.jdks\openjdk-15.0.1\bin\vcruntime140_1.dll
0x00007ffee2520000 - 0x00007ffee25b1000 	C:\Users\jan\.jdks\openjdk-15.0.1\bin\msvcp140.dll
0x00007ffee19c0000 - 0x00007ffee251e000 	C:\Users\jan\.jdks\openjdk-15.0.1\bin\server\jvm.dll
0x00007fff28bc0000 - 0x00007fff28bc8000 	C:\Windows\System32\PSAPI.DLL
0x00007fff09db0000 - 0x00007fff09db9000 	C:\Windows\SYSTEM32\WSOCK32.dll
0x00007fff27f30000 - 0x00007fff27f9b000 	C:\Windows\System32\WS2_32.dll
0x00007fff1c910000 - 0x00007fff1c937000 	C:\Windows\SYSTEM32\WINMM.dll
0x00007fff1fae0000 - 0x00007fff1faea000 	C:\Windows\SYSTEM32\VERSION.dll
0x00007fff24500000 - 0x00007fff24512000 	C:\Windows\SYSTEM32\kernel.appcore.dll
0x00007ffee49c0000 - 0x00007ffee49ca000 	C:\Users\jan\.jdks\openjdk-15.0.1\bin\jimage.dll
0x00007fff1ed00000 - 0x00007fff1eee4000 	C:\Windows\SYSTEM32\DBGHELP.DLL
0x00007fff19da0000 - 0x00007fff19dcc000 	C:\Windows\SYSTEM32\dbgcore.DLL
0x00007fff26590000 - 0x00007fff26610000 	C:\Windows\System32\bcryptPrimitives.dll
0x00007ffee1990000 - 0x00007ffee19b5000 	C:\Users\jan\.jdks\openjdk-15.0.1\bin\java.dll
0x00007fff264d0000 - 0x00007fff264ef000 	C:\Windows\SYSTEM32\profapi.dll
0x00007ffee1970000 - 0x00007ffee1989000 	C:\Users\jan\.jdks\openjdk-15.0.1\bin\net.dll
0x00007fff17c30000 - 0x00007fff17d3b000 	C:\Windows\SYSTEM32\WINHTTP.dll
0x00007fff25ca0000 - 0x00007fff25d0a000 	C:\Windows\system32\mswsock.dll
0x00007ffee1950000 - 0x00007ffee1962000 	C:\Users\jan\.jdks\openjdk-15.0.1\bin\nio.dll
0x00007ffee1930000 - 0x00007ffee1948000 	C:\Users\jan\.jdks\openjdk-15.0.1\bin\zip.dll
0x00007ffedfc40000 - 0x00007ffedfca4000 	C:\Users\jan\AppData\Local\Temp\lwjgljan\3.2.3-build-13\lwjgl.dll
0x00007ffedfb40000 - 0x00007ffedfba2000 	C:\Users\jan\AppData\Local\Temp\lwjgljan\3.2.3-build-13\glfw.dll
0x00007fff24040000 - 0x00007fff240de000 	C:\Windows\system32\uxtheme.dll
0x00007ffef1af0000 - 0x00007ffef1b35000 	C:\Windows\SYSTEM32\dinput8.dll
0x00007fff03410000 - 0x00007fff03421000 	C:\Windows\SYSTEM32\xinput1_4.dll
0x00007fff268e0000 - 0x00007fff2692e000 	C:\Windows\System32\cfgmgr32.dll
0x00007fff26340000 - 0x00007fff2636c000 	C:\Windows\SYSTEM32\DEVOBJ.dll
0x00007fff24320000 - 0x00007fff2434f000 	C:\Windows\SYSTEM32\dwmapi.dll
0x00007fff19f90000 - 0x00007fff1a0e2000 	C:\Windows\SYSTEM32\inputhost.dll
0x00007fff274a0000 - 0x00007fff2756d000 	C:\Windows\System32\OLEAUT32.dll
0x00007fff221d0000 - 0x00007fff222c7000 	C:\Windows\SYSTEM32\PROPSYS.dll
0x00007fff23b70000 - 0x00007fff23c62000 	C:\Windows\SYSTEM32\CoreMessaging.dll
0x00007fff23120000 - 0x00007fff23274000 	C:\Windows\SYSTEM32\wintypes.dll
0x00007fff23810000 - 0x00007fff23b6e000 	C:\Windows\SYSTEM32\CoreUIComponents.dll
0x00007fff27ce0000 - 0x00007fff27df5000 	C:\Windows\System32\MSCTF.dll
0x00007fff24e90000 - 0x00007fff24e9d000 	C:\Windows\SYSTEM32\HID.DLL
0x00007fff275d0000 - 0x00007fff27a39000 	C:\Windows\System32\SETUPAPI.DLL
0x00007fff26960000 - 0x00007fff26987000 	C:\Windows\System32\bcrypt.dll
0x00007fff26c50000 - 0x00007fff26cb0000 	C:\Windows\System32\WINTRUST.dll
0x00007fff26d50000 - 0x00007fff26eaf000 	C:\Windows\System32\CRYPT32.dll
0x00007fff26110000 - 0x00007fff26122000 	C:\Windows\SYSTEM32\MSASN1.dll
0x00007ffee4150000 - 0x00007ffee4276000 	C:\Windows\SYSTEM32\opengl32.dll
0x00007fff06e80000 - 0x00007fff06eac000 	C:\Windows\SYSTEM32\GLU32.dll
0x00007fff28bd0000 - 0x00007fff28c79000 	C:\Windows\System32\clbcatq.dll
0x00007ffeba5e0000 - 0x00007ffeba60b000 	C:\Windows\System32\DriverStore\FileRepository\u0367126.inf_amd64_0be600f035c9a672\B367016\atig6pxx.dll
0x00007ffeac6f0000 - 0x00007ffeaf4dd000 	C:\Windows\System32\DriverStore\FileRepository\u0367126.inf_amd64_0be600f035c9a672\B367016\atio6axx.dll
0x00007fff27110000 - 0x00007fff2723a000 	C:\Windows\System32\ole32.dll
0x00007fff06e50000 - 0x00007fff06e74000 	C:\Windows\SYSTEM32\dxva2.dll
0x00007ffec4aa0000 - 0x00007ffec4adc000 	C:\Windows\System32\DriverStore\FileRepository\u0367126.inf_amd64_0be600f035c9a672\B367016\atig6txx.dll
0x00007ffed1fa0000 - 0x00007ffed2153000 	C:\Windows\SYSTEM32\atiadlxx.dll
0x00007ffef31f0000 - 0x00007ffef3244000 	C:\Windows\SYSTEM32\pdh.dll
0x00007fff1d8a0000 - 0x00007fff1d8db000 	C:\Windows\SYSTEM32\dxcore.dll
0x00007fff1a0f0000 - 0x00007fff1a1e9000 	C:\Windows\SYSTEM32\textinputframework.dll
0x00007ffee03d0000 - 0x00007ffee0429000 	C:\Users\jan\AppData\Local\Temp\lwjgljan\3.2.3-build-13\lwjgl_opengl.dll
0x00007ffee1920000 - 0x00007ffee1930000 	C:\Users\jan\.jdks\openjdk-15.0.1\bin\verify.dll

dbghelp: loaded successfully - version: 4.0.5 - missing functions: none
symbol engine: initialized successfully - sym options: 0x614 - pdb path: .;C:\Users\jan\.jdks\openjdk-15.0.1\bin;C:\Windows\SYSTEM32;C:\Windows\WinSxS\amd64_microsoft.windows.common-controls_6595b64144ccf1df_6.0.19041.844_none_ca00b6081b84eb1d;C:\Users\jan\.jdks\openjdk-15.0.1\bin\server;C:\Users\jan\AppData\Local\Temp\lwjgljan\3.2.3-build-13;C:\Windows\System32\DriverStore\FileRepository\u0367126.inf_amd64_0be600f035c9a672\B367016

VM Arguments:
jvm_args: -Dfile.encoding=windows-1252 -Duser.country=US -Duser.language=en -Duser.variant 
java_command: educanet.Main
java_class_path (initial): C:\Users\jan\IdeaProjects\kolize-moje\Matrix\build\classes\java\main;C:\Users\jan\IdeaProjects\kolize-moje\Matrix\build\resources\main;C:\Users\jan\.gradle\caches\modules-2\files-2.1\org.lwjgl\lwjgl-assimp\3.2.3\f62aa07a20afbdd3097efc296c4841e0d29700eb\lwjgl-assimp-3.2.3.jar;C:\Users\jan\.gradle\caches\modules-2\files-2.1\org.lwjgl\lwjgl-assimp\3.2.3\4e60aeb75f0343c4a9ede4ef8b6b32ca702a00a3\lwjgl-assimp-3.2.3-natives-windows.jar;C:\Users\jan\.gradle\caches\modules-2\files-2.1\org.lwjgl\lwjgl-glfw\3.2.3\5e520d5c290c8b012545a8d34fa5db5ab051ea53\lwjgl-glfw-3.2.3.jar;C:\Users\jan\.gradle\caches\modules-2\files-2.1\org.lwjgl\lwjgl-glfw\3.2.3\b4d8a3477cdc2edcf7a5f1e822926be846223f54\lwjgl-glfw-3.2.3-natives-windows.jar;C:\Users\jan\.gradle\caches\modules-2\files-2.1\org.lwjgl\lwjgl-openal\3.2.3\106742e805803ab9eab8e343f0fb31a3d263903c\lwjgl-openal-3.2.3.jar;C:\Users\jan\.gradle\caches\modules-2\files-2.1\org.lwjgl\lwjgl-openal\3.2.3\ec898e8ce11b5886f4f532a1536283ef2817758d\lwjgl-openal-3.2.3-natives-windows.jar;C:\Users\jan\.gradle\caches\modules-2\files-2.1\org.lwjgl\lwjgl-opengl\3.2.3\bdd534a323d0c8f54969b95e424b6ac8984f7d6e\lwjgl-opengl-3.2.3.jar;C:\Users\jan\.gradle\caches\modules-2\files-2.1\org.lwjgl\lwjgl-opengl\3.2.3\e81cfc73ec8708e5e791ed770e4ec3edfc1bbab1\lwjgl-opengl-3.2.3-natives-windows.jar;C:\Users\jan\.gradle\caches\modules-2\files-2.1\org.lwjgl\lwjgl-stb\3.2.3\40eccaa4fa86fc815f2e17946a392fb5fdcc286a\lwjgl-stb-3.2.3.jar;C:\Users\jan\.gradle\caches\modules-2\files-2.1\org.lwjgl\lwjgl-stb\3.2.3\817b21ec286f0ba3dcedb56a3bd275e6a9345be9\lwjgl-stb-3.2.3-natives-windows.jar;C:\Users\jan\.gradle\caches\modules-2\files-2.1\org.lwjgl\lwjgl\3.2.3\17a59ba0fe8d474ec9dbe0d5db40d2cfe59c4c08\lwjgl-3.2.3.jar;C:\Users\jan\.gradle\caches\modules-2\files-2.1\org.lwjgl\lwjgl\3.2.3\27f32cd35349684745951e04388e8e00d681cdcd\lwjgl-3.2.3-natives-windows.jar;C:\Users\jan\.gradle\caches\modules-2\files-2.1\org.joml\joml\1.10.0\a29b8bf72dc1478e9ceea256db2
Launcher Type: SUN_STANDARD

[Global flags]
     intx CICompilerCount                          = 3                                         {product} {ergonomic}
     uint ConcGCThreads                            = 2                                         {product} {ergonomic}
     uint G1ConcRefinementThreads                  = 6                                         {product} {ergonomic}
   size_t G1HeapRegionSize                         = 2097152                                   {product} {ergonomic}
    uintx GCDrainStackTargetSize                   = 64                                        {product} {ergonomic}
   size_t InitialHeapSize                          = 268435456                                 {product} {ergonomic}
   size_t MarkStackSize                            = 4194304                                   {product} {ergonomic}
   size_t MaxHeapSize                              = 4273995776                                {product} {ergonomic}
   size_t MaxNewSize                               = 2562719744                                {product} {ergonomic}
   size_t MinHeapDeltaBytes                        = 2097152                                   {product} {ergonomic}
   size_t MinHeapSize                              = 8388608                                   {product} {ergonomic}
    uintx NonNMethodCodeHeapSize                   = 5832780                                {pd product} {ergonomic}
    uintx NonProfiledCodeHeapSize                  = 122912730                              {pd product} {ergonomic}
    uintx ProfiledCodeHeapSize                     = 122912730                              {pd product} {ergonomic}
    uintx ReservedCodeCacheSize                    = 251658240                              {pd product} {ergonomic}
     bool SegmentedCodeCache                       = true                                      {product} {ergonomic}
   size_t SoftMaxHeapSize                          = 4273995776                             {manageable} {ergonomic}
     bool UseCompressedClassPointers               = true                                 {lp64_product} {ergonomic}
     bool UseCompressedOops                        = true                                 {lp64_product} {ergonomic}
     bool UseG1GC                                  = true                                      {product} {ergonomic}
     bool UseLargePagesIndividualAllocation        = false                                  {pd product} {ergonomic}

Logging:
Log output configuration:
 #0: stdout all=warning uptime,level,tags
 #1: stderr all=off uptime,level,tags

Environment Variables:
JAVA_HOME=C:\Users\jan\.jdks\openjdk-15.0.1
CLASSPATH=C:\Users\jan\IdeaProjects\Battleships3\json-simple-1-1-1\json-simple-1.1.1.jar
PATH=C:\Python39\Scripts\;C:\Python39\;C:\Windows\system32;C:\Windows;C:\Windows\System32\Wbem;C:\Windows\System32\WindowsPowerShell\v1.0\;C:\Windows\System32\OpenSSH\;C:\Program Files\nodejs\;C:\ProgramData\chocolatey\bin;C:\Program Files\Git\cmd;C:\Program Files\TortoiseGit\bin;C:\Users\jan\apache-maven-3.6.3\bin;C:\Users\jan\AppData\Local\Microsoft\WindowsApps;C:\Program Files\JetBrains\PhpStorm 2020.2.2\bin;;C:\Users\jan\AppData\Roaming\npm;C:\Program Files\JetBrains\IntelliJ IDEA 2020.2.3\bin;;C:\tools\dart-sdk\bin;C:\Users\jan\AppData\Roaming\Pub\Cache\bin;C:\Users\jan\apache-maven-3.6.3\bin;C:\Users\jan\AppData\Local\GitHubDesktop\bin;C:\Users\jan\AppData\Roaming\npm;C:\Users\jan\AppData\Roaming\npm\node_modules\@angular\cli\bin;
USERNAME=jan
OS=Windows_NT
PROCESSOR_IDENTIFIER=Intel64 Family 6 Model 158 Stepping 10, GenuineIntel



---------------  S Y S T E M  ---------------

OS:
 Windows 10 , 64 bit Build 19041 (10.0.19041.928)
OS uptime: 0 days 0:03 hours

CPU: total 6 (initial active 6) (6 cores per cpu, 1 threads per core) family 6 model 158 stepping 10 microcode 0xb4, cmov, cx8, fxsr, mmx, sse, sse2, sse3, ssse3, sse4.1, sse4.2, popcnt, vzeroupper, avx, avx2, aes, clmul, erms, 3dnowpref, lzcnt, tsc, tscinvbit, bmi1, bmi2, adx, fma, clflush, clflushopt

Memory: 4k page, system-wide physical 16300M (9710M free)
TotalPageFile size 21676M (AvailPageFile size 12110M)
current process WorkingSet (physical memory assigned to process): 103M, peak: 115M
current process commit charge ("private bytes"): 441M, peak: 454M

vm_info: OpenJDK 64-Bit Server VM (15.0.1+9-18) for windows-amd64 JRE (15.0.1+9-18), built on Sep 15 2020 14:39:31 by "mach5one" with unknown MS VC++:1925

END.
