#
# A fatal error has been detected by the Java Runtime Environment:
#
#  EXCEPTION_ACCESS_VIOLATION (0xc0000005) at pc=0x00007ffc07139fa0, pid=11216, tid=656
#
# JRE version: OpenJDK Runtime Environment (15.0.1+9) (build 15.0.1+9-18)
# Java VM: OpenJDK 64-Bit Server VM (15.0.1+9-18, mixed mode, sharing, tiered, compressed oops, g1 gc, windows-amd64)
# Problematic frame:
# V  [jvm.dll+0x619fa0]
#
# No core dump will be written. Minidumps are not enabled by default on client versions of Windows
#
# If you would like to submit a bug report, please visit:
#   https://bugreport.java.com/bugreport/crash.jsp
#

---------------  S U M M A R Y ------------

Command Line: -Dfile.encoding=windows-1252 -Duser.country=US -Duser.language=en -Duser.variant educanet.Main

Host: Intel(R) Core(TM) i5-9400F CPU @ 2.90GHz, 6 cores, 15G,  Windows 10 , 64 bit Build 19041 (10.0.19041.928)
Time: Fri May 28 10:36:52 2021 Central Europe Daylight Time elapsed time: 2.974525 seconds (0d 0h 0m 2s)

---------------  T H R E A D  ---------------

Current thread (0x0000017b3d9051d0):  JavaThread "C1 CompilerThread0" daemon [_thread_in_vm, id=656, stack(0x0000004fbe500000,0x0000004fbe600000)]


Current CompileTask:
C1:   2975  795 %     3       educanet.Main::main @ 157 (284 bytes)

Stack: [0x0000004fbe500000,0x0000004fbe600000],  sp=0x0000004fbe5fe560,  free space=1017k
Native frames: (J=compiled Java code, j=interpreted, Vv=VM code, C=native code)
V  [jvm.dll+0x619fa0]
V  [jvm.dll+0x300e3d]
V  [jvm.dll+0x3028ee]
V  [jvm.dll+0x619cc0]
V  [jvm.dll+0x619963]
V  [jvm.dll+0x1a0a8f]
V  [jvm.dll+0x12026a]
V  [jvm.dll+0x119f97]
V  [jvm.dll+0x113e08]
V  [jvm.dll+0x123c92]
V  [jvm.dll+0x10f470]
V  [jvm.dll+0x10f7f0]
V  [jvm.dll+0x10fab4]
V  [jvm.dll+0x10edf2]
V  [jvm.dll+0x110c8c]
V  [jvm.dll+0x1f9165]
V  [jvm.dll+0x1f720c]
V  [jvm.dll+0x74485d]
V  [jvm.dll+0x73d65a]
V  [jvm.dll+0x629c56]
C  [ucrtbase.dll+0x21bb2]
C  [KERNEL32.DLL+0x17034]
C  [ntdll.dll+0x52651]


siginfo: EXCEPTION_ACCESS_VIOLATION (0xc0000005), reading address 0x000000003f800008


Register to memory mapping:

RIP=0x00007ffc07139fa0 jvm.dll
RAX=0x000000003f800000 is an unknown value
RBX=0x0000004fbe5fe660 is pointing into the stack for thread: 0x0000017b3d9051d0
RCX=0x0000004fbe5fe6e0 is pointing into the stack for thread: 0x0000017b3d9051d0
RDX=0x0000004fbe5fe660 is pointing into the stack for thread: 0x0000017b3d9051d0
RSP=0x0000004fbe5fe560 is pointing into the stack for thread: 0x0000017b3d9051d0
RBP=0x0 is NULL
RSI=0x0000017b3e206600 points into unknown readable memory: 0x2fffffff47000000 | 00 00 00 47 ff ff ff 2f
RDI=0x0000017b3e200730 points into unknown readable memory: 0x0000000000000000 | 00 00 00 00 00 00 00 00
R8 =0x0000017b3e206600 points into unknown readable memory: 0x2fffffff47000000 | 00 00 00 47 ff ff ff 2f
R9 =0x0000017b3e206620 points into unknown readable memory: 0x0000000000000000 | 00 00 00 00 00 00 00 00
R10=0x00007ffc073ecb70 jvm.dll
R11=0x0000004fbe5fe5b8 is pointing into the stack for thread: 0x0000017b3d9051d0
R12=0x00007ffc06b20000 jvm.dll
R13=0x0000004fbe5fe6e0 is pointing into the stack for thread: 0x0000017b3d9051d0
R14=0x0000017b42a4c0d0 points into unknown readable memory: 0x000000003f800000 | 00 00 80 3f 00 00 00 00
R15=0x00000000000000a4 is an unknown value


Registers:
RAX=0x000000003f800000, RBX=0x0000004fbe5fe660, RCX=0x0000004fbe5fe6e0, RDX=0x0000004fbe5fe660
RSP=0x0000004fbe5fe560, RBP=0x0000000000000000, RSI=0x0000017b3e206600, RDI=0x0000017b3e200730
R8 =0x0000017b3e206600, R9 =0x0000017b3e206620, R10=0x00007ffc073ecb70, R11=0x0000004fbe5fe5b8
R12=0x00007ffc06b20000, R13=0x0000004fbe5fe6e0, R14=0x0000017b42a4c0d0, R15=0x00000000000000a4
RIP=0x00007ffc07139fa0, EFLAGS=0x0000000000010246

Top of Stack: (sp=0x0000004fbe5fe560)
0x0000004fbe5fe560:   0000011c0000011b 000000b10000011c
0x0000004fbe5fe570:   0000000800400000 00000016000000b1
0x0000004fbe5fe580:   00000000000000a4 0000017b3e2062d0
0x0000004fbe5fe590:   00007ffc06b20000 0000017b3e200730
0x0000004fbe5fe5a0:   0000004fbe5fe690 0000017b3e206468
0x0000004fbe5fe5b0:   0000004fbe5fe6e0 00007ffc06e20e3d
0x0000004fbe5fe5c0:   0000004fbe5fe6e0 0000017b1a697640
0x0000004fbe5fe5d0:   0000004fbe5fe660 0000017b3e206620
0x0000004fbe5fe5e0:   0000004f00000000 0000000000000000
0x0000004fbe5fe5f0:   0000000000000001 0000017b3e206320
0x0000004fbe5fe600:   0000004fbe5fe660 00007ffc06c2201e
0x0000004fbe5fe610:   0000017b3dd40b10 0000017b3d9051d0
0x0000004fbe5fe620:   0000017b1a697640 0000000000000000
0x0000004fbe5fe630:   0000004fbe5fe6e0 00007ffc06e228ee
0x0000004fbe5fe640:   0000004fbe5fe690 0000017b3e2062d0
0x0000004fbe5fe650:   0000004fbe5fe6e0 0000000000000000 

Instructions: (pc=0x00007ffc07139fa0)
0x00007ffc07139ea0:   8b 4c c8 48 48 89 4d 27 48 8d 4d 27 48 89 55 4f
0x00007ffc07139eb0:   33 d2 c7 45 2f 63 00 00 00 4c 89 75 37 e8 3e d9
0x00007ffc07139ec0:   08 00 48 8b 55 37 48 8d 4d cf e8 f1 e1 08 00 48
0x00007ffc07139ed0:   8d 55 e7 48 8d 4d b7 e8 f4 a6 cf ff 48 8b 45 b7
0x00007ffc07139ee0:   48 8d 4d b7 8b 58 20 e8 e4 a7 cf ff c1 eb 03 f6
0x00007ffc07139ef0:   c3 01 75 11 48 8b 45 c7 48 8d 4d c7 ff 50 10 ff
0x00007ffc07139f00:   45 ff ff 45 f7 48 8d 55 c7 48 8d 4d cf e8 6e df
0x00007ffc07139f10:   d2 ff 48 8d 4d 17 e8 b5 a7 cf ff 48 8d 4d e7 e8
0x00007ffc07139f20:   ac a7 cf ff 4c 8d 9c 24 c0 00 00 00 49 8b 5b 10
0x00007ffc07139f30:   49 8b 73 18 49 8b 7b 20 4d 8b 73 28 49 8b e3 5d
0x00007ffc07139f40:   c3 cc cc cc cc cc cc cc cc cc cc cc cc cc cc cc
0x00007ffc07139f50:   4c 8b dc 4d 89 4b 20 49 89 4b 08 56 41 55 48 83
0x00007ffc07139f60:   ec 48 8b 81 b8 00 00 00 49 8b f0 4c 8b e9 39 42
0x00007ffc07139f70:   10 0f 85 31 01 00 00 49 89 5b 18 49 89 6b e8 8b
0x00007ffc07139f80:   ac 24 80 00 00 00 49 89 7b e0 4d 89 63 d8 4d 89
0x00007ffc07139f90:   73 d0 4c 8b b1 b0 00 00 00 4d 89 7b c8 49 8b 06
0x00007ffc07139fa0:   48 8b 50 08 0f b7 42 32 89 44 24 68 44 8d 24 28
0x00007ffc07139fb0:   43 8d 04 24 41 89 46 0c 3d 00 01 00 00 7e 27 83
0x00007ffc07139fc0:   c0 3f 45 33 c0 99 83 e2 3f 03 c2 c1 f8 06 41 8d
0x00007ffc07139fd0:   50 01 48 63 c8 48 8d 0c cd 00 00 00 00 e8 de 4a
0x00007ffc07139fe0:   a7 ff 49 89 46 18 45 33 ff 41 89 6e 10 33 db 33
0x00007ffc07139ff0:   ff 45 8d 47 01 45 85 e4 7e 71 44 8b 6c 24 68 33
0x00007ffc0713a000:   ed 4d 85 c0 75 19 49 8b ce e8 12 3b b8 ff 41 ff
0x00007ffc0713a010:   c7 48 89 1c 28 48 83 c5 08 33 db 44 8d 43 01 41
0x00007ffc0713a020:   3b fd 49 8b c8 48 0f 44 74 24 78 48 0b cb 8b 06
0x00007ffc0713a030:   25 00 00 00 f0 3d 00 00 00 40 48 0f 45 cb f7 06
0x00007ffc0713a040:   00 00 00 70 48 8b d9 75 07 4b 8d 1c 00 48 0b d9
0x00007ffc0713a050:   ff c7 49 c1 e0 02 48 83 c6 04 41 3b fc 7c a2 4c
0x00007ffc0713a060:   8b 6c 24 60 8b ac 24 80 00 00 00 41 81 7e 0c 00
0x00007ffc0713a070:   01 00 00 49 8d 4e 18 4c 8b 74 24 28 4c 8b 64 24
0x00007ffc0713a080:   30 48 8b 7c 24 38 7e 03 48 8b 09 49 63 c7 4c 8b
0x00007ffc0713a090:   7c 24 20 48 89 1c c1 48 8b 5c 24 70 41 89 ad bc 


Stack slot to memory mapping:
stack at sp + 0 slots: 0x0000011c0000011b is an unknown value
stack at sp + 1 slots: 0x000000b10000011c is an unknown value
stack at sp + 2 slots: 0x0000000800400000 is pointing into metadata
stack at sp + 3 slots: 0x00000016000000b1 is an unknown value
stack at sp + 4 slots: 0x00000000000000a4 is an unknown value
stack at sp + 5 slots: 0x0000017b3e2062d0 points into unknown readable memory: 0x0000000500000000 | 00 00 00 00 05 00 00 00
stack at sp + 6 slots: 0x00007ffc06b20000 jvm.dll
stack at sp + 7 slots: 0x0000017b3e200730 points into unknown readable memory: 0x0000000000000000 | 00 00 00 00 00 00 00 00


---------------  P R O C E S S  ---------------

Threads class SMR info:
_java_thread_list=0x0000017b3e2b0580, length=11, elements={
0x0000017b1a680380, 0x0000017b3d8dd420, 0x0000017b3d8ddff0, 0x0000017b3d8f0050,
0x0000017b3d8f0b00, 0x0000017b3d8f3d60, 0x0000017b3d8f8e30, 0x0000017b3d9051d0,
0x0000017b3d908700, 0x0000017b3e2b3560, 0x0000017b3e2c7db0
}

Java Threads: ( => current thread )
  0x0000017b1a680380 JavaThread "main" [_thread_in_native, id=2544, stack(0x0000004fbd800000,0x0000004fbd900000)]
  0x0000017b3d8dd420 JavaThread "Reference Handler" daemon [_thread_blocked, id=10740, stack(0x0000004fbdf00000,0x0000004fbe000000)]
  0x0000017b3d8ddff0 JavaThread "Finalizer" daemon [_thread_blocked, id=12708, stack(0x0000004fbe000000,0x0000004fbe100000)]
  0x0000017b3d8f0050 JavaThread "Signal Dispatcher" daemon [_thread_blocked, id=14316, stack(0x0000004fbe100000,0x0000004fbe200000)]
  0x0000017b3d8f0b00 JavaThread "Attach Listener" daemon [_thread_blocked, id=13048, stack(0x0000004fbe200000,0x0000004fbe300000)]
  0x0000017b3d8f3d60 JavaThread "Service Thread" daemon [_thread_blocked, id=16048, stack(0x0000004fbe300000,0x0000004fbe400000)]
  0x0000017b3d8f8e30 JavaThread "C2 CompilerThread0" daemon [_thread_blocked, id=4236, stack(0x0000004fbe400000,0x0000004fbe500000)]
=>0x0000017b3d9051d0 JavaThread "C1 CompilerThread0" daemon [_thread_in_vm, id=656, stack(0x0000004fbe500000,0x0000004fbe600000)]
  0x0000017b3d908700 JavaThread "Sweeper thread" daemon [_thread_blocked, id=8396, stack(0x0000004fbe600000,0x0000004fbe700000)]
  0x0000017b3e2b3560 JavaThread "Notification Thread" daemon [_thread_blocked, id=10888, stack(0x0000004fbe700000,0x0000004fbe800000)]
  0x0000017b3e2c7db0 JavaThread "Common-Cleaner" daemon [_thread_blocked, id=5572, stack(0x0000004fbe900000,0x0000004fbea00000)]

Other Threads:
  0x0000017b3d8d93f0 VMThread "VM Thread" [stack: 0x0000004fbde00000,0x0000004fbdf00000] [id=440]
  0x0000017b3e2bc1c0 WatcherThread [stack: 0x0000004fbe800000,0x0000004fbe900000] [id=8724]
  0x0000017b1a6cdf70 GCTaskThread "GC Thread#0" [stack: 0x0000004fbd900000,0x0000004fbda00000] [id=10256]
  0x0000017b1a6dff90 ConcurrentGCThread "G1 Main Marker" [stack: 0x0000004fbda00000,0x0000004fbdb00000] [id=11784]
  0x0000017b1a6e1320 ConcurrentGCThread "G1 Conc#0" [stack: 0x0000004fbdb00000,0x0000004fbdc00000] [id=10128]
  0x0000017b1a71de50 ConcurrentGCThread "G1 Refine#0" [stack: 0x0000004fbdc00000,0x0000004fbdd00000] [id=5180]
  0x0000017b1a71ea50 ConcurrentGCThread "G1 Young RemSet Sampling" [stack: 0x0000004fbdd00000,0x0000004fbde00000] [id=3328]

Threads with active compile tasks:
C1 CompilerThread0     3164  795 %     3       educanet.Main::main @ 157 (284 bytes)

VM state: not at safepoint (normal execution)

VM Mutex/Monitor currently owned by a thread: None

Heap address: 0x0000000701400000, size: 4076 MB, Compressed Oops mode: Zero based, Oop shift amount: 3
CDS archive(s) mapped at: [0x0000000800000000-0x0000000800b50000-0x0000000800b50000), size 11862016, SharedBaseAddress: 0x0000000800000000, ArchiveRelocationMode: 0.
Compressed class space mapped at: 0x0000000800b50000-0x0000000840b50000, size: 1073741824
Narrow klass base: 0x0000000800000000, Narrow klass shift: 3, Narrow klass range: 0x100000000

GC Precious Log:
 CPUs: 6 total, 6 available
 Memory: 16300M
 Large Page Support: Disabled
 NUMA Support: Disabled
 Compressed Oops: Enabled (Zero based)
 Heap Region Size: 2M
 Heap Min Capacity: 8M
 Heap Initial Capacity: 256M
 Heap Max Capacity: 4076M
 Pre-touch: Disabled
 Parallel Workers: 6
 Concurrent Workers: 2
 Concurrent Refinement Workers: 6
 Periodic GC: Disabled

Heap:
 garbage-first heap   total 262144K, used 14336K [0x0000000701400000, 0x0000000800000000)
  region size 2048K, 8 young (16384K), 0 survivors (0K)
 Metaspace       used 7121K, capacity 9924K, committed 10112K, reserved 1058816K
  class space    used 333K, capacity 605K, committed 640K, reserved 1048576K

Heap Regions: E=young(eden), S=young(survivor), O=old, HS=humongous(starts), HC=humongous(continues), CS=collection set, F=free, OA=open archive, CA=closed archive, TAMS=top-at-mark-start (previous, next)
|   0|0x0000000701400000, 0x0000000701400000, 0x0000000701600000|  0%| F|  |TAMS 0x0000000701400000, 0x0000000701400000| Untracked 
|   1|0x0000000701600000, 0x0000000701600000, 0x0000000701800000|  0%| F|  |TAMS 0x0000000701600000, 0x0000000701600000| Untracked 
|   2|0x0000000701800000, 0x0000000701800000, 0x0000000701a00000|  0%| F|  |TAMS 0x0000000701800000, 0x0000000701800000| Untracked 
|   3|0x0000000701a00000, 0x0000000701a00000, 0x0000000701c00000|  0%| F|  |TAMS 0x0000000701a00000, 0x0000000701a00000| Untracked 
|   4|0x0000000701c00000, 0x0000000701c00000, 0x0000000701e00000|  0%| F|  |TAMS 0x0000000701c00000, 0x0000000701c00000| Untracked 
|   5|0x0000000701e00000, 0x0000000701e00000, 0x0000000702000000|  0%| F|  |TAMS 0x0000000701e00000, 0x0000000701e00000| Untracked 
|   6|0x0000000702000000, 0x0000000702000000, 0x0000000702200000|  0%| F|  |TAMS 0x0000000702000000, 0x0000000702000000| Untracked 
|   7|0x0000000702200000, 0x0000000702200000, 0x0000000702400000|  0%| F|  |TAMS 0x0000000702200000, 0x0000000702200000| Untracked 
|   8|0x0000000702400000, 0x0000000702400000, 0x0000000702600000|  0%| F|  |TAMS 0x0000000702400000, 0x0000000702400000| Untracked 
|   9|0x0000000702600000, 0x0000000702600000, 0x0000000702800000|  0%| F|  |TAMS 0x0000000702600000, 0x0000000702600000| Untracked 
|  10|0x0000000702800000, 0x0000000702800000, 0x0000000702a00000|  0%| F|  |TAMS 0x0000000702800000, 0x0000000702800000| Untracked 
|  11|0x0000000702a00000, 0x0000000702a00000, 0x0000000702c00000|  0%| F|  |TAMS 0x0000000702a00000, 0x0000000702a00000| Untracked 
|  12|0x0000000702c00000, 0x0000000702c00000, 0x0000000702e00000|  0%| F|  |TAMS 0x0000000702c00000, 0x0000000702c00000| Untracked 
|  13|0x0000000702e00000, 0x0000000702e00000, 0x0000000703000000|  0%| F|  |TAMS 0x0000000702e00000, 0x0000000702e00000| Untracked 
|  14|0x0000000703000000, 0x0000000703000000, 0x0000000703200000|  0%| F|  |TAMS 0x0000000703000000, 0x0000000703000000| Untracked 
|  15|0x0000000703200000, 0x0000000703200000, 0x0000000703400000|  0%| F|  |TAMS 0x0000000703200000, 0x0000000703200000| Untracked 
|  16|0x0000000703400000, 0x0000000703400000, 0x0000000703600000|  0%| F|  |TAMS 0x0000000703400000, 0x0000000703400000| Untracked 
|  17|0x0000000703600000, 0x0000000703600000, 0x0000000703800000|  0%| F|  |TAMS 0x0000000703600000, 0x0000000703600000| Untracked 
|  18|0x0000000703800000, 0x0000000703800000, 0x0000000703a00000|  0%| F|  |TAMS 0x0000000703800000, 0x0000000703800000| Untracked 
|  19|0x0000000703a00000, 0x0000000703a00000, 0x0000000703c00000|  0%| F|  |TAMS 0x0000000703a00000, 0x0000000703a00000| Untracked 
|  20|0x0000000703c00000, 0x0000000703c00000, 0x0000000703e00000|  0%| F|  |TAMS 0x0000000703c00000, 0x0000000703c00000| Untracked 
|  21|0x0000000703e00000, 0x0000000703e00000, 0x0000000704000000|  0%| F|  |TAMS 0x0000000703e00000, 0x0000000703e00000| Untracked 
|  22|0x0000000704000000, 0x0000000704000000, 0x0000000704200000|  0%| F|  |TAMS 0x0000000704000000, 0x0000000704000000| Untracked 
|  23|0x0000000704200000, 0x0000000704200000, 0x0000000704400000|  0%| F|  |TAMS 0x0000000704200000, 0x0000000704200000| Untracked 
|  24|0x0000000704400000, 0x0000000704400000, 0x0000000704600000|  0%| F|  |TAMS 0x0000000704400000, 0x0000000704400000| Untracked 
|  25|0x0000000704600000, 0x0000000704600000, 0x0000000704800000|  0%| F|  |TAMS 0x0000000704600000, 0x0000000704600000| Untracked 
|  26|0x0000000704800000, 0x0000000704800000, 0x0000000704a00000|  0%| F|  |TAMS 0x0000000704800000, 0x0000000704800000| Untracked 
|  27|0x0000000704a00000, 0x0000000704a00000, 0x0000000704c00000|  0%| F|  |TAMS 0x0000000704a00000, 0x0000000704a00000| Untracked 
|  28|0x0000000704c00000, 0x0000000704c00000, 0x0000000704e00000|  0%| F|  |TAMS 0x0000000704c00000, 0x0000000704c00000| Untracked 
|  29|0x0000000704e00000, 0x0000000704e00000, 0x0000000705000000|  0%| F|  |TAMS 0x0000000704e00000, 0x0000000704e00000| Untracked 
|  30|0x0000000705000000, 0x0000000705000000, 0x0000000705200000|  0%| F|  |TAMS 0x0000000705000000, 0x0000000705000000| Untracked 
|  31|0x0000000705200000, 0x0000000705200000, 0x0000000705400000|  0%| F|  |TAMS 0x0000000705200000, 0x0000000705200000| Untracked 
|  32|0x0000000705400000, 0x0000000705400000, 0x0000000705600000|  0%| F|  |TAMS 0x0000000705400000, 0x0000000705400000| Untracked 
|  33|0x0000000705600000, 0x0000000705600000, 0x0000000705800000|  0%| F|  |TAMS 0x0000000705600000, 0x0000000705600000| Untracked 
|  34|0x0000000705800000, 0x0000000705800000, 0x0000000705a00000|  0%| F|  |TAMS 0x0000000705800000, 0x0000000705800000| Untracked 
|  35|0x0000000705a00000, 0x0000000705a00000, 0x0000000705c00000|  0%| F|  |TAMS 0x0000000705a00000, 0x0000000705a00000| Untracked 
|  36|0x0000000705c00000, 0x0000000705c00000, 0x0000000705e00000|  0%| F|  |TAMS 0x0000000705c00000, 0x0000000705c00000| Untracked 
|  37|0x0000000705e00000, 0x0000000705e00000, 0x0000000706000000|  0%| F|  |TAMS 0x0000000705e00000, 0x0000000705e00000| Untracked 
|  38|0x0000000706000000, 0x0000000706000000, 0x0000000706200000|  0%| F|  |TAMS 0x0000000706000000, 0x0000000706000000| Untracked 
|  39|0x0000000706200000, 0x0000000706200000, 0x0000000706400000|  0%| F|  |TAMS 0x0000000706200000, 0x0000000706200000| Untracked 
|  40|0x0000000706400000, 0x0000000706400000, 0x0000000706600000|  0%| F|  |TAMS 0x0000000706400000, 0x0000000706400000| Untracked 
|  41|0x0000000706600000, 0x0000000706600000, 0x0000000706800000|  0%| F|  |TAMS 0x0000000706600000, 0x0000000706600000| Untracked 
|  42|0x0000000706800000, 0x0000000706800000, 0x0000000706a00000|  0%| F|  |TAMS 0x0000000706800000, 0x0000000706800000| Untracked 
|  43|0x0000000706a00000, 0x0000000706a00000, 0x0000000706c00000|  0%| F|  |TAMS 0x0000000706a00000, 0x0000000706a00000| Untracked 
|  44|0x0000000706c00000, 0x0000000706c00000, 0x0000000706e00000|  0%| F|  |TAMS 0x0000000706c00000, 0x0000000706c00000| Untracked 
|  45|0x0000000706e00000, 0x0000000706e00000, 0x0000000707000000|  0%| F|  |TAMS 0x0000000706e00000, 0x0000000706e00000| Untracked 
|  46|0x0000000707000000, 0x0000000707000000, 0x0000000707200000|  0%| F|  |TAMS 0x0000000707000000, 0x0000000707000000| Untracked 
|  47|0x0000000707200000, 0x0000000707200000, 0x0000000707400000|  0%| F|  |TAMS 0x0000000707200000, 0x0000000707200000| Untracked 
|  48|0x0000000707400000, 0x0000000707400000, 0x0000000707600000|  0%| F|  |TAMS 0x0000000707400000, 0x0000000707400000| Untracked 
|  49|0x0000000707600000, 0x0000000707600000, 0x0000000707800000|  0%| F|  |TAMS 0x0000000707600000, 0x0000000707600000| Untracked 
|  50|0x0000000707800000, 0x0000000707800000, 0x0000000707a00000|  0%| F|  |TAMS 0x0000000707800000, 0x0000000707800000| Untracked 
|  51|0x0000000707a00000, 0x0000000707a00000, 0x0000000707c00000|  0%| F|  |TAMS 0x0000000707a00000, 0x0000000707a00000| Untracked 
|  52|0x0000000707c00000, 0x0000000707c00000, 0x0000000707e00000|  0%| F|  |TAMS 0x0000000707c00000, 0x0000000707c00000| Untracked 
|  53|0x0000000707e00000, 0x0000000707e00000, 0x0000000708000000|  0%| F|  |TAMS 0x0000000707e00000, 0x0000000707e00000| Untracked 
|  54|0x0000000708000000, 0x0000000708000000, 0x0000000708200000|  0%| F|  |TAMS 0x0000000708000000, 0x0000000708000000| Untracked 
|  55|0x0000000708200000, 0x0000000708200000, 0x0000000708400000|  0%| F|  |TAMS 0x0000000708200000, 0x0000000708200000| Untracked 
|  56|0x0000000708400000, 0x0000000708400000, 0x0000000708600000|  0%| F|  |TAMS 0x0000000708400000, 0x0000000708400000| Untracked 
|  57|0x0000000708600000, 0x0000000708600000, 0x0000000708800000|  0%| F|  |TAMS 0x0000000708600000, 0x0000000708600000| Untracked 
|  58|0x0000000708800000, 0x0000000708800000, 0x0000000708a00000|  0%| F|  |TAMS 0x0000000708800000, 0x0000000708800000| Untracked 
|  59|0x0000000708a00000, 0x0000000708a00000, 0x0000000708c00000|  0%| F|  |TAMS 0x0000000708a00000, 0x0000000708a00000| Untracked 
|  60|0x0000000708c00000, 0x0000000708c00000, 0x0000000708e00000|  0%| F|  |TAMS 0x0000000708c00000, 0x0000000708c00000| Untracked 
|  61|0x0000000708e00000, 0x0000000708e00000, 0x0000000709000000|  0%| F|  |TAMS 0x0000000708e00000, 0x0000000708e00000| Untracked 
|  62|0x0000000709000000, 0x0000000709000000, 0x0000000709200000|  0%| F|  |TAMS 0x0000000709000000, 0x0000000709000000| Untracked 
|  63|0x0000000709200000, 0x0000000709200000, 0x0000000709400000|  0%| F|  |TAMS 0x0000000709200000, 0x0000000709200000| Untracked 
|  64|0x0000000709400000, 0x0000000709400000, 0x0000000709600000|  0%| F|  |TAMS 0x0000000709400000, 0x0000000709400000| Untracked 
|  65|0x0000000709600000, 0x0000000709600000, 0x0000000709800000|  0%| F|  |TAMS 0x0000000709600000, 0x0000000709600000| Untracked 
|  66|0x0000000709800000, 0x0000000709800000, 0x0000000709a00000|  0%| F|  |TAMS 0x0000000709800000, 0x0000000709800000| Untracked 
|  67|0x0000000709a00000, 0x0000000709a00000, 0x0000000709c00000|  0%| F|  |TAMS 0x0000000709a00000, 0x0000000709a00000| Untracked 
|  68|0x0000000709c00000, 0x0000000709c00000, 0x0000000709e00000|  0%| F|  |TAMS 0x0000000709c00000, 0x0000000709c00000| Untracked 
|  69|0x0000000709e00000, 0x0000000709e00000, 0x000000070a000000|  0%| F|  |TAMS 0x0000000709e00000, 0x0000000709e00000| Untracked 
|  70|0x000000070a000000, 0x000000070a000000, 0x000000070a200000|  0%| F|  |TAMS 0x000000070a000000, 0x000000070a000000| Untracked 
|  71|0x000000070a200000, 0x000000070a200000, 0x000000070a400000|  0%| F|  |TAMS 0x000000070a200000, 0x000000070a200000| Untracked 
|  72|0x000000070a400000, 0x000000070a400000, 0x000000070a600000|  0%| F|  |TAMS 0x000000070a400000, 0x000000070a400000| Untracked 
|  73|0x000000070a600000, 0x000000070a600000, 0x000000070a800000|  0%| F|  |TAMS 0x000000070a600000, 0x000000070a600000| Untracked 
|  74|0x000000070a800000, 0x000000070a800000, 0x000000070aa00000|  0%| F|  |TAMS 0x000000070a800000, 0x000000070a800000| Untracked 
|  75|0x000000070aa00000, 0x000000070aa00000, 0x000000070ac00000|  0%| F|  |TAMS 0x000000070aa00000, 0x000000070aa00000| Untracked 
|  76|0x000000070ac00000, 0x000000070ac00000, 0x000000070ae00000|  0%| F|  |TAMS 0x000000070ac00000, 0x000000070ac00000| Untracked 
|  77|0x000000070ae00000, 0x000000070ae00000, 0x000000070b000000|  0%| F|  |TAMS 0x000000070ae00000, 0x000000070ae00000| Untracked 
|  78|0x000000070b000000, 0x000000070b000000, 0x000000070b200000|  0%| F|  |TAMS 0x000000070b000000, 0x000000070b000000| Untracked 
|  79|0x000000070b200000, 0x000000070b200000, 0x000000070b400000|  0%| F|  |TAMS 0x000000070b200000, 0x000000070b200000| Untracked 
|  80|0x000000070b400000, 0x000000070b400000, 0x000000070b600000|  0%| F|  |TAMS 0x000000070b400000, 0x000000070b400000| Untracked 
|  81|0x000000070b600000, 0x000000070b600000, 0x000000070b800000|  0%| F|  |TAMS 0x000000070b600000, 0x000000070b600000| Untracked 
|  82|0x000000070b800000, 0x000000070b800000, 0x000000070ba00000|  0%| F|  |TAMS 0x000000070b800000, 0x000000070b800000| Untracked 
|  83|0x000000070ba00000, 0x000000070ba00000, 0x000000070bc00000|  0%| F|  |TAMS 0x000000070ba00000, 0x000000070ba00000| Untracked 
|  84|0x000000070bc00000, 0x000000070bc00000, 0x000000070be00000|  0%| F|  |TAMS 0x000000070bc00000, 0x000000070bc00000| Untracked 
|  85|0x000000070be00000, 0x000000070be00000, 0x000000070c000000|  0%| F|  |TAMS 0x000000070be00000, 0x000000070be00000| Untracked 
|  86|0x000000070c000000, 0x000000070c000000, 0x000000070c200000|  0%| F|  |TAMS 0x000000070c000000, 0x000000070c000000| Untracked 
|  87|0x000000070c200000, 0x000000070c200000, 0x000000070c400000|  0%| F|  |TAMS 0x000000070c200000, 0x000000070c200000| Untracked 
|  88|0x000000070c400000, 0x000000070c400000, 0x000000070c600000|  0%| F|  |TAMS 0x000000070c400000, 0x000000070c400000| Untracked 
|  89|0x000000070c600000, 0x000000070c600000, 0x000000070c800000|  0%| F|  |TAMS 0x000000070c600000, 0x000000070c600000| Untracked 
|  90|0x000000070c800000, 0x000000070c800000, 0x000000070ca00000|  0%| F|  |TAMS 0x000000070c800000, 0x000000070c800000| Untracked 
|  91|0x000000070ca00000, 0x000000070ca00000, 0x000000070cc00000|  0%| F|  |TAMS 0x000000070ca00000, 0x000000070ca00000| Untracked 
|  92|0x000000070cc00000, 0x000000070cc00000, 0x000000070ce00000|  0%| F|  |TAMS 0x000000070cc00000, 0x000000070cc00000| Untracked 
|  93|0x000000070ce00000, 0x000000070ce00000, 0x000000070d000000|  0%| F|  |TAMS 0x000000070ce00000, 0x000000070ce00000| Untracked 
|  94|0x000000070d000000, 0x000000070d000000, 0x000000070d200000|  0%| F|  |TAMS 0x000000070d000000, 0x000000070d000000| Untracked 
|  95|0x000000070d200000, 0x000000070d200000, 0x000000070d400000|  0%| F|  |TAMS 0x000000070d200000, 0x000000070d200000| Untracked 
|  96|0x000000070d400000, 0x000000070d400000, 0x000000070d600000|  0%| F|  |TAMS 0x000000070d400000, 0x000000070d400000| Untracked 
|  97|0x000000070d600000, 0x000000070d600000, 0x000000070d800000|  0%| F|  |TAMS 0x000000070d600000, 0x000000070d600000| Untracked 
|  98|0x000000070d800000, 0x000000070d800000, 0x000000070da00000|  0%| F|  |TAMS 0x000000070d800000, 0x000000070d800000| Untracked 
|  99|0x000000070da00000, 0x000000070da00000, 0x000000070dc00000|  0%| F|  |TAMS 0x000000070da00000, 0x000000070da00000| Untracked 
| 100|0x000000070dc00000, 0x000000070dc00000, 0x000000070de00000|  0%| F|  |TAMS 0x000000070dc00000, 0x000000070dc00000| Untracked 
| 101|0x000000070de00000, 0x000000070de00000, 0x000000070e000000|  0%| F|  |TAMS 0x000000070de00000, 0x000000070de00000| Untracked 
| 102|0x000000070e000000, 0x000000070e000000, 0x000000070e200000|  0%| F|  |TAMS 0x000000070e000000, 0x000000070e000000| Untracked 
| 103|0x000000070e200000, 0x000000070e200000, 0x000000070e400000|  0%| F|  |TAMS 0x000000070e200000, 0x000000070e200000| Untracked 
| 104|0x000000070e400000, 0x000000070e400000, 0x000000070e600000|  0%| F|  |TAMS 0x000000070e400000, 0x000000070e400000| Untracked 
| 105|0x000000070e600000, 0x000000070e600000, 0x000000070e800000|  0%| F|  |TAMS 0x000000070e600000, 0x000000070e600000| Untracked 
| 106|0x000000070e800000, 0x000000070e800000, 0x000000070ea00000|  0%| F|  |TAMS 0x000000070e800000, 0x000000070e800000| Untracked 
| 107|0x000000070ea00000, 0x000000070ea00000, 0x000000070ec00000|  0%| F|  |TAMS 0x000000070ea00000, 0x000000070ea00000| Untracked 
| 108|0x000000070ec00000, 0x000000070ec00000, 0x000000070ee00000|  0%| F|  |TAMS 0x000000070ec00000, 0x000000070ec00000| Untracked 
| 109|0x000000070ee00000, 0x000000070ee00000, 0x000000070f000000|  0%| F|  |TAMS 0x000000070ee00000, 0x000000070ee00000| Untracked 
| 110|0x000000070f000000, 0x000000070f000000, 0x000000070f200000|  0%| F|  |TAMS 0x000000070f000000, 0x000000070f000000| Untracked 
| 111|0x000000070f200000, 0x000000070f200000, 0x000000070f400000|  0%| F|  |TAMS 0x000000070f200000, 0x000000070f200000| Untracked 
| 112|0x000000070f400000, 0x000000070f400000, 0x000000070f600000|  0%| F|  |TAMS 0x000000070f400000, 0x000000070f400000| Untracked 
| 113|0x000000070f600000, 0x000000070f600000, 0x000000070f800000|  0%| F|  |TAMS 0x000000070f600000, 0x000000070f600000| Untracked 
| 114|0x000000070f800000, 0x000000070f800000, 0x000000070fa00000|  0%| F|  |TAMS 0x000000070f800000, 0x000000070f800000| Untracked 
| 115|0x000000070fa00000, 0x000000070fa00000, 0x000000070fc00000|  0%| F|  |TAMS 0x000000070fa00000, 0x000000070fa00000| Untracked 
| 116|0x000000070fc00000, 0x000000070fc00000, 0x000000070fe00000|  0%| F|  |TAMS 0x000000070fc00000, 0x000000070fc00000| Untracked 
| 117|0x000000070fe00000, 0x000000070fe00000, 0x0000000710000000|  0%| F|  |TAMS 0x000000070fe00000, 0x000000070fe00000| Untracked 
| 118|0x0000000710000000, 0x0000000710000000, 0x0000000710200000|  0%| F|  |TAMS 0x0000000710000000, 0x0000000710000000| Untracked 
| 119|0x0000000710200000, 0x0000000710200000, 0x0000000710400000|  0%| F|  |TAMS 0x0000000710200000, 0x0000000710200000| Untracked 
| 120|0x0000000710400000, 0x00000007105b9bc0, 0x0000000710600000| 86%| E|  |TAMS 0x0000000710400000, 0x0000000710400000| Complete 
| 121|0x0000000710600000, 0x0000000710800000, 0x0000000710800000|100%| E|CS|TAMS 0x0000000710600000, 0x0000000710600000| Complete 
| 122|0x0000000710800000, 0x0000000710a00000, 0x0000000710a00000|100%| E|CS|TAMS 0x0000000710800000, 0x0000000710800000| Complete 
| 123|0x0000000710a00000, 0x0000000710c00000, 0x0000000710c00000|100%| E|CS|TAMS 0x0000000710a00000, 0x0000000710a00000| Complete 
| 124|0x0000000710c00000, 0x0000000710e00000, 0x0000000710e00000|100%| E|CS|TAMS 0x0000000710c00000, 0x0000000710c00000| Complete 
| 125|0x0000000710e00000, 0x0000000711000000, 0x0000000711000000|100%| E|CS|TAMS 0x0000000710e00000, 0x0000000710e00000| Complete 
| 126|0x0000000711000000, 0x0000000711200000, 0x0000000711200000|100%| E|CS|TAMS 0x0000000711000000, 0x0000000711000000| Complete 
| 127|0x0000000711200000, 0x0000000711400000, 0x0000000711400000|100%| E|CS|TAMS 0x0000000711200000, 0x0000000711200000| Complete 

Card table byte_map: [0x0000017b32180000,0x0000017b32980000] _byte_map_base: 0x0000017b2e976000

Marking Bits (Prev, Next): (CMBitMap*) 0x0000017b1a6cf770, (CMBitMap*) 0x0000017b1a6cf7b0
 Prev Bits: [0x0000017b33180000, 0x0000017b37130000)
 Next Bits: [0x0000017b37130000, 0x0000017b3b0e0000)

Polling page: 0x0000017b19e20000

Metaspace:

Usage:
  Non-class:      9.10 MB capacity,     6.63 MB ( 73%) used,     2.46 MB ( 27%) free+waste,     7.56 KB ( <1%) overhead. 
      Class:    605.00 KB capacity,   333.27 KB ( 55%) used,   269.80 KB ( 45%) free+waste,     1.94 KB ( <1%) overhead. 
       Both:      9.69 MB capacity,     6.95 MB ( 72%) used,     2.73 MB ( 28%) free+waste,     9.50 KB ( <1%) overhead. 

Virtual space:
  Non-class space:       10.00 MB reserved,       9.25 MB ( 92%) committed 
      Class space:        1.00 GB reserved,     640.00 KB ( <1%) committed 
             Both:        1.01 GB reserved,       9.88 MB ( <1%) committed 

Chunk freelists:
   Non-Class:  89.00 KB
       Class:  3.00 KB
        Both:  92.00 KB

MaxMetaspaceSize: 17179869184.00 GB
CompressedClassSpaceSize: 1.00 GB

CodeHeap 'non-profiled nmethods': size=120000Kb used=247Kb max_used=247Kb free=119752Kb
 bounds [0x0000017b2a340000, 0x0000017b2a5b0000, 0x0000017b31870000]
CodeHeap 'profiled nmethods': size=120000Kb used=1264Kb max_used=1264Kb free=118736Kb
 bounds [0x0000017b22e10000, 0x0000017b23080000, 0x0000017b2a340000]
CodeHeap 'non-nmethods': size=5760Kb used=1627Kb max_used=1642Kb free=4132Kb
 bounds [0x0000017b22870000, 0x0000017b22ae0000, 0x0000017b22e10000]
 total_blobs=1818 nmethods=794 adapters=937
 compilation: enabled
              stopped_count=0, restarted_count=0
 full_count=0

Compilation events (20 events):
Event: 2.357 Thread 0x0000017b3d8f8e30 nmethod 785 0x0000017b2a37cc90 code [0x0000017b2a37ce60, 0x0000017b2a37d190]
Event: 2.559 Thread 0x0000017b3d9051d0  786       3       org.joml.Matrix4f::_properties (7 bytes)
Event: 2.559 Thread 0x0000017b3d9051d0 nmethod 786 0x0000017b22f48a10 code [0x0000017b22f48ba0, 0x0000017b22f48c98]
Event: 2.559 Thread 0x0000017b3d9051d0  787       3       org.joml.Matrix4f::_m33 (7 bytes)
Event: 2.559 Thread 0x0000017b3d9051d0 nmethod 787 0x0000017b22f48d10 code [0x0000017b22f48ea0, 0x0000017b22f48f98]
Event: 2.563 Thread 0x0000017b3d9051d0  788       3       educanet.GameObject::update (179 bytes)
Event: 2.563 Thread 0x0000017b3d9051d0 nmethod 788 0x0000017b22f49010 code [0x0000017b22f493a0, 0x0000017b22f4a538]
Event: 2.564 Thread 0x0000017b3d8f8e30  789       4       org.lwjgl.opengl.GL20::glUniformMatrix4fv (7 bytes)
Event: 2.564 Thread 0x0000017b3d8f8e30 nmethod 789 0x0000017b2a37d410 code [0x0000017b2a37d5a0, 0x0000017b2a37d628]
Event: 2.566 Thread 0x0000017b3d9051d0  790       3       org.joml.Matrix4f::_m30 (7 bytes)
Event: 2.566 Thread 0x0000017b3d9051d0 nmethod 790 0x0000017b22f4ac10 code [0x0000017b22f4ada0, 0x0000017b22f4ae98]
Event: 2.566 Thread 0x0000017b3d9051d0  791       3       org.joml.Matrix4f::_m31 (7 bytes)
Event: 2.566 Thread 0x0000017b3d9051d0 nmethod 791 0x0000017b22f4af10 code [0x0000017b22f4b0a0, 0x0000017b22f4b198]
Event: 2.566 Thread 0x0000017b3d9051d0  792       3       org.joml.Matrix4f::translateGeneric (136 bytes)
Event: 2.566 Thread 0x0000017b3d9051d0 nmethod 792 0x0000017b22f4b210 code [0x0000017b22f4b440, 0x0000017b22f4bcf8]
Event: 2.648 Thread 0x0000017b3d8f8e30  793       4       org.lwjgl.glfw.GLFW::glfwSwapBuffers (21 bytes)
Event: 2.648 Thread 0x0000017b3d8f8e30 nmethod 793 0x0000017b2a37d710 code [0x0000017b2a37d8a0, 0x0000017b2a37d948]
Event: 2.710 Thread 0x0000017b3d8f8e30  794       4       org.lwjgl.opengl.GL20C::glUniformMatrix4fv (16 bytes)
Event: 2.710 Thread 0x0000017b3d8f8e30 nmethod 794 0x0000017b2a37da10 code [0x0000017b2a37dba0, 0x0000017b2a37dc28]
Event: 2.878 Thread 0x0000017b3d9051d0  795 %     3       educanet.Main::main @ 157 (284 bytes)

GC Heap History (0 events):
No events

Deoptimization events (20 events):
Event: 0.600 Thread 0x0000017b1a680380 Uncommon trap: trap_request=0xffffff45 fr.pc=0x0000017b2a36c534 relative=0x0000000000000034
Event: 0.600 Thread 0x0000017b1a680380 Uncommon trap: reason=unstable_if action=reinterpret pc=0x0000017b2a36c534 method=java.lang.reflect.Modifier.isFinal(I)Z @ 4 c2
Event: 0.600 Thread 0x0000017b1a680380 DEOPT PACKING pc=0x0000017b2a36c534 sp=0x0000004fbd8fddc0
Event: 0.600 Thread 0x0000017b1a680380 DEOPT UNPACKING pc=0x0000017b228be42f sp=0x0000004fbd8fdd50 mode 2
Event: 0.739 Thread 0x0000017b1a680380 Uncommon trap: trap_request=0xffffff54 fr.pc=0x0000017b2a3734d8 relative=0x0000000000000058
Event: 0.739 Thread 0x0000017b1a680380 Uncommon trap: reason=speculate_null_assert action=make_not_entrant pc=0x0000017b2a3734d8 method=sun.misc.Unsafe.getLong(Ljava/lang/Object;J)J @ 5 c2
Event: 0.739 Thread 0x0000017b1a680380 DEOPT PACKING pc=0x0000017b2a3734d8 sp=0x0000004fbd8fef10
Event: 0.739 Thread 0x0000017b1a680380 DEOPT UNPACKING pc=0x0000017b228be42f sp=0x0000004fbd8fee98 mode 2
Event: 2.329 Thread 0x0000017b1a680380 DEOPT PACKING pc=0x0000017b22f44a01 sp=0x0000004fbd8ff000
Event: 2.329 Thread 0x0000017b1a680380 DEOPT UNPACKING pc=0x0000017b228be23f sp=0x0000004fbd8fe570 mode 0
Event: 2.504 Thread 0x0000017b1a680380 DEOPT PACKING pc=0x0000017b22f44a01 sp=0x0000004fbd8ff000
Event: 2.504 Thread 0x0000017b1a680380 DEOPT UNPACKING pc=0x0000017b228be23f sp=0x0000004fbd8fe570 mode 0
Event: 2.532 Thread 0x0000017b1a680380 Uncommon trap: trap_request=0xffffff45 fr.pc=0x0000017b2a37d0b8 relative=0x0000000000000258
Event: 2.532 Thread 0x0000017b1a680380 Uncommon trap: reason=unstable_if action=reinterpret pc=0x0000017b2a37d0b8 method=educanet.GameObject.update(J)V @ 51 c2
Event: 2.532 Thread 0x0000017b1a680380 DEOPT PACKING pc=0x0000017b2a37d0b8 sp=0x0000004fbd8fefa0
Event: 2.532 Thread 0x0000017b1a680380 DEOPT UNPACKING pc=0x0000017b228be42f sp=0x0000004fbd8fef50 mode 2
Event: 2.682 Thread 0x0000017b1a680380 DEOPT PACKING pc=0x0000017b22f44a01 sp=0x0000004fbd8ff000
Event: 2.682 Thread 0x0000017b1a680380 DEOPT UNPACKING pc=0x0000017b228be23f sp=0x0000004fbd8fe570 mode 0
Event: 2.858 Thread 0x0000017b1a680380 DEOPT PACKING pc=0x0000017b22f44a01 sp=0x0000004fbd8ff000
Event: 2.858 Thread 0x0000017b1a680380 DEOPT UNPACKING pc=0x0000017b228be23f sp=0x0000004fbd8fe570 mode 0

Classes unloaded (0 events):
No events

Classes redefined (0 events):
No events

Internal exceptions (16 events):
Event: 0.113 Thread 0x0000017b1a680380 Exception <a 'java/lang/NoSuchMethodError'{0x000000071109ab00}: 'void java.lang.invoke.DirectMethodHandle$Holder.invokeStatic(java.lang.Object, java.lang.Object)'> (0x000000071109ab00) 
thrown [./open/src/hotspot/share/interpreter/linkResolver.cpp, line 782]
Event: 0.113 Thread 0x0000017b1a680380 Exception <a 'java/lang/NoSuchMethodError'{0x00000007110a05f8}: 'void java.lang.invoke.DirectMethodHandle$Holder.invokeSpecial(java.lang.Object, java.lang.Object, java.lang.Object)'> (0x00000007110a05f8) 
thrown [./open/src/hotspot/share/interpreter/linkResolver.cpp, line 782]
Event: 0.116 Thread 0x0000017b1a680380 Exception <a 'java/lang/NoSuchMethodError'{0x00000007110b5268}: 'java.lang.Object java.lang.invoke.DirectMethodHandle$Holder.invokeStatic(java.lang.Object, java.lang.Object, int)'> (0x00000007110b5268) 
thrown [./open/src/hotspot/share/interpreter/linkResolver.cpp, line 782]
Event: 0.117 Thread 0x0000017b1a680380 Exception <a 'java/lang/NoSuchMethodError'{0x00000007110c13b0}: 'void java.lang.invoke.DelegatingMethodHandle$Holder.delegate(java.lang.Object, java.lang.Object, int, java.lang.Object)'> (0x00000007110c13b0) 
thrown [./open/src/hotspot/share/interpreter/linkResolver.cpp, line 782]
Event: 0.117 Thread 0x0000017b1a680380 Exception <a 'java/lang/NoSuchMethodError'{0x00000007110c5450}: 'int java.lang.invoke.DirectMethodHandle$Holder.invokeSpecial(java.lang.Object, java.lang.Object, java.lang.Object)'> (0x00000007110c5450) 
thrown [./open/src/hotspot/share/interpreter/linkResolver.cpp, line 782]
Event: 0.149 Thread 0x0000017b1a680380 Exception <a 'sun/nio/fs/WindowsException'{0x000000071115de38}> (0x000000071115de38) 
thrown [./open/src/hotspot/share/prims/jni.cpp, line 578]
Event: 0.150 Thread 0x0000017b1a680380 Exception <a 'sun/nio/fs/WindowsException'{0x000000071115e378}> (0x000000071115e378) 
thrown [./open/src/hotspot/share/prims/jni.cpp, line 578]
Event: 0.156 Thread 0x0000017b1a680380 Exception <a 'sun/nio/fs/WindowsException'{0x000000071117f3a0}> (0x000000071117f3a0) 
thrown [./open/src/hotspot/share/prims/jni.cpp, line 578]
Event: 0.156 Thread 0x0000017b1a680380 Exception <a 'sun/nio/fs/WindowsException'{0x000000071117f6f8}> (0x000000071117f6f8) 
thrown [./open/src/hotspot/share/prims/jni.cpp, line 578]
Event: 0.160 Thread 0x0000017b1a680380 Exception <a 'java/lang/NoSuchMethodError'{0x00000007111b7d00}: 'java.lang.Object java.lang.invoke.DirectMethodHandle$Holder.invokeStatic(java.lang.Object)'> (0x00000007111b7d00) 
thrown [./open/src/hotspot/share/interpreter/linkResolver.cpp, line 782]
Event: 0.161 Thread 0x0000017b1a680380 Exception <a 'java/lang/NoSuchMethodError'{0x00000007111bb370}: 'java.lang.Object java.lang.invoke.DirectMethodHandle$Holder.invokeStaticInit(java.lang.Object)'> (0x00000007111bb370) 
thrown [./open/src/hotspot/share/interpreter/linkResolver.cpp, line 782]
Event: 0.466 Thread 0x0000017b1a680380 Exception <a 'sun/nio/fs/WindowsException'{0x0000000710e79dc0}> (0x0000000710e79dc0) 
thrown [./open/src/hotspot/share/prims/jni.cpp, line 578]
Event: 0.466 Thread 0x0000017b1a680380 Exception <a 'sun/nio/fs/WindowsException'{0x0000000710e7a150}> (0x0000000710e7a150) 
thrown [./open/src/hotspot/share/prims/jni.cpp, line 578]
Event: 0.472 Thread 0x0000017b1a680380 Exception <a 'sun/nio/fs/WindowsException'{0x0000000710e87c50}> (0x0000000710e87c50) 
thrown [./open/src/hotspot/share/prims/jni.cpp, line 578]
Event: 0.472 Thread 0x0000017b1a680380 Exception <a 'sun/nio/fs/WindowsException'{0x0000000710e87f20}> (0x0000000710e87f20) 
thrown [./open/src/hotspot/share/prims/jni.cpp, line 578]
Event: 0.601 Thread 0x0000017b1a680380 Exception <a 'java/lang/NoSuchMethodError'{0x000000071091cb78}: 'void java.lang.invoke.DirectMethodHandle$Holder.invokeStatic(java.lang.Object, long, int, int)'> (0x000000071091cb78) 
thrown [./open/src/hotspot/share/interpreter/linkResolver.cpp, line 782]

Events (20 events):
Event: 0.652 loading class jdk/internal/access/foreign/MemorySegmentProxy done
Event: 0.668 Loaded shared library C:\Users\jan\.jdks\openjdk-15.0.1\bin\zip.dll
Event: 0.747 Loaded shared library C:\Users\jan\AppData\Local\Temp\lwjgljan\3.2.3-build-13\lwjgl_opengl.dll
Event: 0.755 Loaded shared library C:\Users\jan\AppData\Local\Temp\lwjgljan\3.2.3-build-13\lwjgl_opengl.dll
Event: 0.760 Loaded shared library C:\Users\jan\AppData\Local\Temp\lwjgljan\3.2.3-build-13\lwjgl_opengl.dll
Event: 0.765 Loaded shared library C:\Users\jan\AppData\Local\Temp\lwjgljan\3.2.3-build-13\lwjgl_opengl.dll
Event: 0.770 Loaded shared library C:\Users\jan\AppData\Local\Temp\lwjgljan\3.2.3-build-13\lwjgl_opengl.dll
Event: 0.775 Loaded shared library C:\Users\jan\AppData\Local\Temp\lwjgljan\3.2.3-build-13\lwjgl_opengl.dll
Event: 0.780 Loaded shared library C:\Users\jan\AppData\Local\Temp\lwjgljan\3.2.3-build-13\lwjgl_opengl.dll
Event: 0.785 Loaded shared library C:\Users\jan\AppData\Local\Temp\lwjgljan\3.2.3-build-13\lwjgl_opengl.dll
Event: 0.794 Loaded shared library C:\Users\jan\AppData\Local\Temp\lwjgljan\3.2.3-build-13\lwjgl.dll
Event: 0.859 Loaded shared library C:\Users\jan\AppData\Local\Temp\lwjgljan\3.2.3-build-13\lwjgl.dll
Event: 0.861 Loaded shared library C:\Users\jan\AppData\Local\Temp\lwjgljan\3.2.3-build-13\lwjgl.dll
Event: 0.866 Loaded shared library C:\Users\jan\AppData\Local\Temp\lwjgljan\3.2.3-build-13\lwjgl_opengl.dll
Event: 0.870 Loaded shared library C:\Users\jan\AppData\Local\Temp\lwjgljan\3.2.3-build-13\lwjgl_opengl.dll
Event: 0.912 Loaded shared library C:\Users\jan\AppData\Local\Temp\lwjgljan\3.2.3-build-13\lwjgl.dll
Event: 1.482 Executing VM operation: HandshakeAllThreads
Event: 1.482 Executing VM operation: HandshakeAllThreads done
Event: 2.281 loading class java/lang/NumberFormatException
Event: 2.281 loading class java/lang/NumberFormatException done


Dynamic libraries:
0x00007ff66e8c0000 - 0x00007ff66e8cd000 	C:\Users\jan\.jdks\openjdk-15.0.1\bin\java.exe
0x00007ffc37670000 - 0x00007ffc37865000 	C:\Windows\SYSTEM32\ntdll.dll
0x00007ffc35ed0000 - 0x00007ffc35f8d000 	C:\Windows\System32\KERNEL32.DLL
0x00007ffc352d0000 - 0x00007ffc35598000 	C:\Windows\System32\KERNELBASE.dll
0x00007ffc351d0000 - 0x00007ffc352d0000 	C:\Windows\System32\ucrtbase.dll
0x00007ffc1ac80000 - 0x00007ffc1ac98000 	C:\Users\jan\.jdks\openjdk-15.0.1\bin\jli.dll
0x00007ffc35a40000 - 0x00007ffc35be0000 	C:\Windows\System32\USER32.dll
0x00007ffc35150000 - 0x00007ffc35172000 	C:\Windows\System32\win32u.dll
0x00007ffc35a10000 - 0x00007ffc35a3a000 	C:\Windows\System32\GDI32.dll
0x00007ffc35040000 - 0x00007ffc3514b000 	C:\Windows\System32\gdi32full.dll
0x00007ffc34e40000 - 0x00007ffc34edd000 	C:\Windows\System32\msvcp_win.dll
0x00007ffc1ac60000 - 0x00007ffc1ac79000 	C:\Users\jan\.jdks\openjdk-15.0.1\bin\VCRUNTIME140.dll
0x00007ffc1a710000 - 0x00007ffc1a9aa000 	C:\Windows\WinSxS\amd64_microsoft.windows.common-controls_6595b64144ccf1df_6.0.19041.844_none_ca00b6081b84eb1d\COMCTL32.dll
0x00007ffc35f90000 - 0x00007ffc3602e000 	C:\Windows\System32\msvcrt.dll
0x00007ffc359e0000 - 0x00007ffc35a10000 	C:\Windows\System32\IMM32.DLL
0x00007ffc37430000 - 0x00007ffc3755b000 	C:\Windows\System32\RPCRT4.dll
0x00007ffc35e20000 - 0x00007ffc35ecc000 	C:\Windows\System32\ADVAPI32.dll
0x00007ffc37310000 - 0x00007ffc373ab000 	C:\Windows\System32\sechost.dll
0x00007ffc36620000 - 0x00007ffc36d62000 	C:\Windows\System32\SHELL32.dll
0x00007ffc361e0000 - 0x00007ffc36535000 	C:\Windows\System32\combase.dll
0x00007ffc35c10000 - 0x00007ffc35c65000 	C:\Windows\System32\SHLWAPI.dll
0x00007ffc33af0000 - 0x00007ffc33b23000 	C:\Windows\SYSTEM32\ntmarta.dll
0x00007ffc34c70000 - 0x00007ffc34ca1000 	C:\Windows\SYSTEM32\SspiCli.dll
0x00007ffc32f20000 - 0x00007ffc336b0000 	C:\Windows\SYSTEM32\windows.storage.dll
0x00007ffc34750000 - 0x00007ffc3477c000 	C:\Windows\SYSTEM32\Wldp.dll
0x00007ffc356d0000 - 0x00007ffc3577e000 	C:\Windows\System32\SHCORE.dll
0x00007ffc1ec30000 - 0x00007ffc1ec3c000 	C:\Users\jan\.jdks\openjdk-15.0.1\bin\vcruntime140_1.dll
0x00007ffc0bf20000 - 0x00007ffc0bfb1000 	C:\Users\jan\.jdks\openjdk-15.0.1\bin\msvcp140.dll
0x00007ffc06b20000 - 0x00007ffc0767e000 	C:\Users\jan\.jdks\openjdk-15.0.1\bin\server\jvm.dll
0x00007ffc37620000 - 0x00007ffc37628000 	C:\Windows\System32\PSAPI.DLL
0x00007ffc325c0000 - 0x00007ffc325c9000 	C:\Windows\SYSTEM32\WSOCK32.dll
0x00007ffc36030000 - 0x00007ffc3609b000 	C:\Windows\System32\WS2_32.dll
0x00007ffc2bd70000 - 0x00007ffc2bd97000 	C:\Windows\SYSTEM32\WINMM.dll
0x00007ffc2e010000 - 0x00007ffc2e01a000 	C:\Windows\SYSTEM32\VERSION.dll
0x00007ffc32d20000 - 0x00007ffc32d32000 	C:\Windows\SYSTEM32\kernel.appcore.dll
0x00007ffc1eb40000 - 0x00007ffc1eb4a000 	C:\Users\jan\.jdks\openjdk-15.0.1\bin\jimage.dll
0x00007ffc2c620000 - 0x00007ffc2c804000 	C:\Windows\SYSTEM32\DBGHELP.DLL
0x00007ffc28630000 - 0x00007ffc2865c000 	C:\Windows\SYSTEM32\dbgcore.DLL
0x00007ffc355a0000 - 0x00007ffc35620000 	C:\Windows\System32\bcryptPrimitives.dll
0x00007ffc0bef0000 - 0x00007ffc0bf15000 	C:\Users\jan\.jdks\openjdk-15.0.1\bin\java.dll
0x00007ffc34cf0000 - 0x00007ffc34d0f000 	C:\Windows\SYSTEM32\profapi.dll
0x00007ffc1a4d0000 - 0x00007ffc1a4e9000 	C:\Users\jan\.jdks\openjdk-15.0.1\bin\net.dll
0x00007ffc26e20000 - 0x00007ffc26f2b000 	C:\Windows\SYSTEM32\WINHTTP.dll
0x00007ffc344c0000 - 0x00007ffc3452a000 	C:\Windows\system32\mswsock.dll
0x00007ffc17ca0000 - 0x00007ffc17cb2000 	C:\Users\jan\.jdks\openjdk-15.0.1\bin\nio.dll
0x00007ffc0bed0000 - 0x00007ffc0bee8000 	C:\Users\jan\.jdks\openjdk-15.0.1\bin\zip.dll
0x00007ffc30930000 - 0x00007ffc30994000 	C:\Users\jan\AppData\Local\Temp\lwjgljan\3.2.3-build-13\lwjgl.dll
0x00007ffc308c0000 - 0x00007ffc30922000 	C:\Users\jan\AppData\Local\Temp\lwjgljan\3.2.3-build-13\glfw.dll
0x00007ffc32860000 - 0x00007ffc328fe000 	C:\Windows\system32\uxtheme.dll
0x00007ffc28b10000 - 0x00007ffc28b55000 	C:\Windows\SYSTEM32\dinput8.dll
0x00007ffc308a0000 - 0x00007ffc308b1000 	C:\Windows\SYSTEM32\xinput1_4.dll
0x00007ffc35180000 - 0x00007ffc351ce000 	C:\Windows\System32\cfgmgr32.dll
0x00007ffc34af0000 - 0x00007ffc34b1c000 	C:\Windows\SYSTEM32\DEVOBJ.dll
0x00007ffc32b40000 - 0x00007ffc32b6f000 	C:\Windows\SYSTEM32\dwmapi.dll
0x00007ffc1eeb0000 - 0x00007ffc1f002000 	C:\Windows\SYSTEM32\inputhost.dll
0x00007ffc358b0000 - 0x00007ffc3597d000 	C:\Windows\System32\OLEAUT32.dll
0x00007ffc32370000 - 0x00007ffc32462000 	C:\Windows\SYSTEM32\CoreMessaging.dll
0x00007ffc309f0000 - 0x00007ffc30ae7000 	C:\Windows\SYSTEM32\PROPSYS.dll
0x00007ffc31940000 - 0x00007ffc31a94000 	C:\Windows\SYSTEM32\wintypes.dll
0x00007ffc32010000 - 0x00007ffc3236e000 	C:\Windows\SYSTEM32\CoreUIComponents.dll
0x00007ffc371e0000 - 0x00007ffc372f5000 	C:\Windows\System32\MSCTF.dll
0x00007ffc336b0000 - 0x00007ffc336bd000 	C:\Windows\SYSTEM32\HID.DLL
0x00007ffc36d70000 - 0x00007ffc371d9000 	C:\Windows\System32\SETUPAPI.DLL
0x00007ffc34e10000 - 0x00007ffc34e37000 	C:\Windows\System32\bcrypt.dll
0x00007ffc34db0000 - 0x00007ffc34e10000 	C:\Windows\System32\WINTRUST.dll
0x00007ffc34ee0000 - 0x00007ffc3503f000 	C:\Windows\System32\CRYPT32.dll
0x00007ffc34930000 - 0x00007ffc34942000 	C:\Windows\SYSTEM32\MSASN1.dll
0x00007ffbf92b0000 - 0x00007ffbf93d6000 	C:\Windows\SYSTEM32\opengl32.dll
0x00007ffc27460000 - 0x00007ffc2748c000 	C:\Windows\SYSTEM32\GLU32.dll
0x00007ffc360a0000 - 0x00007ffc36149000 	C:\Windows\System32\clbcatq.dll
0x00007ffbd5a40000 - 0x00007ffbd5a6b000 	C:\Windows\System32\DriverStore\FileRepository\u0367126.inf_amd64_0be600f035c9a672\B367016\atig6pxx.dll
0x00007ffbbb7b0000 - 0x00007ffbbe59d000 	C:\Windows\System32\DriverStore\FileRepository\u0367126.inf_amd64_0be600f035c9a672\B367016\atio6axx.dll
0x00007ffc35780000 - 0x00007ffc358aa000 	C:\Windows\System32\ole32.dll
0x00007ffbfdc00000 - 0x00007ffbfdc24000 	C:\Windows\SYSTEM32\dxva2.dll
0x00007ffbd5ae0000 - 0x00007ffbd5b1c000 	C:\Windows\System32\DriverStore\FileRepository\u0367126.inf_amd64_0be600f035c9a672\B367016\atig6txx.dll
0x00007ffbd6ab0000 - 0x00007ffbd6c63000 	C:\Windows\SYSTEM32\atiadlxx.dll
0x00007ffc18260000 - 0x00007ffc182b4000 	C:\Windows\SYSTEM32\pdh.dll
0x00007ffc2c4d0000 - 0x00007ffc2c50b000 	C:\Windows\SYSTEM32\dxcore.dll
0x00007ffc24560000 - 0x00007ffc24659000 	C:\Windows\SYSTEM32\textinputframework.dll
0x00007ffc28ab0000 - 0x00007ffc28b09000 	C:\Users\jan\AppData\Local\Temp\lwjgljan\3.2.3-build-13\lwjgl_opengl.dll
0x00007ffc1bcb0000 - 0x00007ffc1bcc0000 	C:\Users\jan\.jdks\openjdk-15.0.1\bin\verify.dll

dbghelp: loaded successfully - version: 4.0.5 - missing functions: none
symbol engine: initialized successfully - sym options: 0x614 - pdb path: .;C:\Users\jan\.jdks\openjdk-15.0.1\bin;C:\Windows\SYSTEM32;C:\Windows\WinSxS\amd64_microsoft.windows.common-controls_6595b64144ccf1df_6.0.19041.844_none_ca00b6081b84eb1d;C:\Users\jan\.jdks\openjdk-15.0.1\bin\server;C:\Users\jan\AppData\Local\Temp\lwjgljan\3.2.3-build-13;C:\Windows\System32\DriverStore\FileRepository\u0367126.inf_amd64_0be600f035c9a672\B367016

VM Arguments:
jvm_args: -Dfile.encoding=windows-1252 -Duser.country=US -Duser.language=en -Duser.variant 
java_command: educanet.Main
java_class_path (initial): C:\Users\jan\IdeaProjects\kolize-moje\Matrix\build\classes\java\main;C:\Users\jan\IdeaProjects\kolize-moje\Matrix\build\resources\main;C:\Users\jan\.gradle\caches\modules-2\files-2.1\org.lwjgl\lwjgl-assimp\3.2.3\f62aa07a20afbdd3097efc296c4841e0d29700eb\lwjgl-assimp-3.2.3.jar;C:\Users\jan\.gradle\caches\modules-2\files-2.1\org.lwjgl\lwjgl-assimp\3.2.3\4e60aeb75f0343c4a9ede4ef8b6b32ca702a00a3\lwjgl-assimp-3.2.3-natives-windows.jar;C:\Users\jan\.gradle\caches\modules-2\files-2.1\org.lwjgl\lwjgl-glfw\3.2.3\5e520d5c290c8b012545a8d34fa5db5ab051ea53\lwjgl-glfw-3.2.3.jar;C:\Users\jan\.gradle\caches\modules-2\files-2.1\org.lwjgl\lwjgl-glfw\3.2.3\b4d8a3477cdc2edcf7a5f1e822926be846223f54\lwjgl-glfw-3.2.3-natives-windows.jar;C:\Users\jan\.gradle\caches\modules-2\files-2.1\org.lwjgl\lwjgl-openal\3.2.3\106742e805803ab9eab8e343f0fb31a3d263903c\lwjgl-openal-3.2.3.jar;C:\Users\jan\.gradle\caches\modules-2\files-2.1\org.lwjgl\lwjgl-openal\3.2.3\ec898e8ce11b5886f4f532a1536283ef2817758d\lwjgl-openal-3.2.3-natives-windows.jar;C:\Users\jan\.gradle\caches\modules-2\files-2.1\org.lwjgl\lwjgl-opengl\3.2.3\bdd534a323d0c8f54969b95e424b6ac8984f7d6e\lwjgl-opengl-3.2.3.jar;C:\Users\jan\.gradle\caches\modules-2\files-2.1\org.lwjgl\lwjgl-opengl\3.2.3\e81cfc73ec8708e5e791ed770e4ec3edfc1bbab1\lwjgl-opengl-3.2.3-natives-windows.jar;C:\Users\jan\.gradle\caches\modules-2\files-2.1\org.lwjgl\lwjgl-stb\3.2.3\40eccaa4fa86fc815f2e17946a392fb5fdcc286a\lwjgl-stb-3.2.3.jar;C:\Users\jan\.gradle\caches\modules-2\files-2.1\org.lwjgl\lwjgl-stb\3.2.3\817b21ec286f0ba3dcedb56a3bd275e6a9345be9\lwjgl-stb-3.2.3-natives-windows.jar;C:\Users\jan\.gradle\caches\modules-2\files-2.1\org.lwjgl\lwjgl\3.2.3\17a59ba0fe8d474ec9dbe0d5db40d2cfe59c4c08\lwjgl-3.2.3.jar;C:\Users\jan\.gradle\caches\modules-2\files-2.1\org.lwjgl\lwjgl\3.2.3\27f32cd35349684745951e04388e8e00d681cdcd\lwjgl-3.2.3-natives-windows.jar;C:\Users\jan\.gradle\caches\modules-2\files-2.1\org.joml\joml\1.10.0\a29b8bf72dc1478e9ceea256db2
Launcher Type: SUN_STANDARD

[Global flags]
     intx CICompilerCount                          = 3                                         {product} {ergonomic}
     uint ConcGCThreads                            = 2                                         {product} {ergonomic}
     uint G1ConcRefinementThreads                  = 6                                         {product} {ergonomic}
   size_t G1HeapRegionSize                         = 2097152                                   {product} {ergonomic}
    uintx GCDrainStackTargetSize                   = 64                                        {product} {ergonomic}
   size_t InitialHeapSize                          = 268435456                                 {product} {ergonomic}
   size_t MarkStackSize                            = 4194304                                   {product} {ergonomic}
   size_t MaxHeapSize                              = 4273995776                                {product} {ergonomic}
   size_t MaxNewSize                               = 2562719744                                {product} {ergonomic}
   size_t MinHeapDeltaBytes                        = 2097152                                   {product} {ergonomic}
   size_t MinHeapSize                              = 8388608                                   {product} {ergonomic}
    uintx NonNMethodCodeHeapSize                   = 5832780                                {pd product} {ergonomic}
    uintx NonProfiledCodeHeapSize                  = 122912730                              {pd product} {ergonomic}
    uintx ProfiledCodeHeapSize                     = 122912730                              {pd product} {ergonomic}
    uintx ReservedCodeCacheSize                    = 251658240                              {pd product} {ergonomic}
     bool SegmentedCodeCache                       = true                                      {product} {ergonomic}
   size_t SoftMaxHeapSize                          = 4273995776                             {manageable} {ergonomic}
     bool UseCompressedClassPointers               = true                                 {lp64_product} {ergonomic}
     bool UseCompressedOops                        = true                                 {lp64_product} {ergonomic}
     bool UseG1GC                                  = true                                      {product} {ergonomic}
     bool UseLargePagesIndividualAllocation        = false                                  {pd product} {ergonomic}

Logging:
Log output configuration:
 #0: stdout all=warning uptime,level,tags
 #1: stderr all=off uptime,level,tags

Environment Variables:
JAVA_HOME=C:\Users\jan\.jdks\openjdk-15.0.1
CLASSPATH=C:\Users\jan\IdeaProjects\Battleships3\json-simple-1-1-1\json-simple-1.1.1.jar
PATH=C:\Python39\Scripts\;C:\Python39\;C:\Windows\system32;C:\Windows;C:\Windows\System32\Wbem;C:\Windows\System32\WindowsPowerShell\v1.0\;C:\Windows\System32\OpenSSH\;C:\Program Files\nodejs\;C:\ProgramData\chocolatey\bin;C:\Program Files\Git\cmd;C:\Program Files\TortoiseGit\bin;C:\Users\jan\apache-maven-3.6.3\bin;C:\Users\jan\AppData\Local\Microsoft\WindowsApps;C:\Program Files\JetBrains\PhpStorm 2020.2.2\bin;;C:\Users\jan\AppData\Roaming\npm;C:\Program Files\JetBrains\IntelliJ IDEA 2020.2.3\bin;;C:\tools\dart-sdk\bin;C:\Users\jan\AppData\Roaming\Pub\Cache\bin;C:\Users\jan\apache-maven-3.6.3\bin;C:\Users\jan\AppData\Local\GitHubDesktop\bin;C:\Users\jan\AppData\Roaming\npm;C:\Users\jan\AppData\Roaming\npm\node_modules\@angular\cli\bin;
USERNAME=jan
OS=Windows_NT
PROCESSOR_IDENTIFIER=Intel64 Family 6 Model 158 Stepping 10, GenuineIntel



---------------  S Y S T E M  ---------------

OS:
 Windows 10 , 64 bit Build 19041 (10.0.19041.928)
OS uptime: 0 days 22:13 hours

CPU: total 6 (initial active 6) (6 cores per cpu, 1 threads per core) family 6 model 158 stepping 10 microcode 0xb4, cmov, cx8, fxsr, mmx, sse, sse2, sse3, ssse3, sse4.1, sse4.2, popcnt, vzeroupper, avx, avx2, aes, clmul, erms, 3dnowpref, lzcnt, tsc, tscinvbit, bmi1, bmi2, adx, fma, clflush, clflushopt

Memory: 4k page, system-wide physical 16300M (8602M free)
TotalPageFile size 22444M (AvailPageFile size 10821M)
current process WorkingSet (physical memory assigned to process): 108M, peak: 115M
current process commit charge ("private bytes"): 448M, peak: 455M

vm_info: OpenJDK 64-Bit Server VM (15.0.1+9-18) for windows-amd64 JRE (15.0.1+9-18), built on Sep 15 2020 14:39:31 by "mach5one" with unknown MS VC++:1925

END.
