#
# A fatal error has been detected by the Java Runtime Environment:
#
#  EXCEPTION_ACCESS_VIOLATION (0xc0000005) at pc=0x00007ffbbd337a64, pid=16052, tid=5224
#
# JRE version: OpenJDK Runtime Environment AdoptOpenJDK (14.0.2+12) (build 14.0.2+12)
# Java VM: OpenJDK 64-Bit Server VM AdoptOpenJDK (14.0.2+12, mixed mode, sharing, tiered, compressed oops, g1 gc, windows-amd64)
# Problematic frame:
# C  [atio6axx.dll+0x1bb7a64]
#
# No core dump will be written. Minidumps are not enabled by default on client versions of Windows
#
# If you would like to submit a bug report, please visit:
#   https://github.com/AdoptOpenJDK/openjdk-support/issues
# The crash happened outside the Java Virtual Machine in native code.
# See problematic frame for where to report the bug.
#

---------------  S U M M A R Y ------------

Command Line: -Dfile.encoding=windows-1252 -Duser.country=US -Duser.language=en -Duser.variant educanet.Main

Host: Intel(R) Core(TM) i5-9400F CPU @ 2.90GHz, 6 cores, 15G,  Windows 10 , 64 bit Build 19041 (10.0.19041.928)
Time: Thu May 27 14:43:40 2021 Central Europe Daylight Time elapsed time: 1 seconds (0d 0h 0m 1s)

---------------  T H R E A D  ---------------

Current thread (0x00000202ec5fa000):  JavaThread "main" [_thread_in_native, id=5224, stack(0x0000009164400000,0x0000009164500000)]

Stack: [0x0000009164400000,0x0000009164500000],  sp=0x00000091644fe540,  free space=1017k
Native frames: (J=compiled Java code, j=interpreted, Vv=VM code, C=native code)
C  [atio6axx.dll+0x1bb7a64]

Java frames: (J=compiled Java code, j=interpreted, Vv=VM code)
J 730  org.lwjgl.opengl.GL11C.nglDrawElements(IIIJ)V (0 bytes) @ 0x0000020287b09b7e [0x0000020287b09b20+0x000000000000005e]
J 750 c2 educanet.GameObject.render()V (51 bytes) @ 0x0000020287b0c594 [0x0000020287b0c480+0x0000000000000114]
J 753% c1 educanet.Main.main([Ljava/lang/String;)V (249 bytes) @ 0x00000202806e059c [0x00000202806debc0+0x00000000000019dc]
v  ~StubRoutines::call_stub

siginfo: EXCEPTION_ACCESS_VIOLATION (0xc0000005), reading address 0xffffffffffffffff


Register to memory mapping:

RIP=0x00007ffbbd337a64 atio6axx.dll
RAX=0x2b1c04150436034e is an unknown value
RBX=0x000002029733aaf0 points into unknown readable memory: e0 96 28 9c 02 02 00 00
RCX=0x0000020296aad878 points into unknown readable memory: 80 d6 4b bd fb 7f 00 00
RDX=0x0000020296aad9d0 points into unknown readable memory: 7c 00 02 14 05 00 00 00
RSP=0x00000091644fe540 is pointing into the stack for thread: 0x00000202ec5fa000
RBP=0x0000020296aad878 points into unknown readable memory: 80 d6 4b bd fb 7f 00 00
RSI=0x00000091644fe590 is pointing into the stack for thread: 0x00000202ec5fa000
RDI=0x00000091644fe7f0 is pointing into the stack for thread: 0x00000202ec5fa000
R8 =0x00000091644fe590 is pointing into the stack for thread: 0x00000202ec5fa000
R9 =0x000000051402007c is an unknown value
R10=0x0000020296aad838 points into unknown readable memory: 20 da b2 96 02 02 00 00
R11=0x0 is NULL
R12=0x00007ffbbe234328 atio6axx.dll
R13=0x0000000000000001 is an unknown value
R14=0x0000020296aad9d0 points into unknown readable memory: 7c 00 02 14 05 00 00 00
R15=0x00007ffbbd4c4900 atio6axx.dll


Registers:
RAX=0x2b1c04150436034e, RBX=0x000002029733aaf0, RCX=0x0000020296aad878, RDX=0x0000020296aad9d0
RSP=0x00000091644fe540, RBP=0x0000020296aad878, RSI=0x00000091644fe590, RDI=0x00000091644fe7f0
R8 =0x00000091644fe590, R9 =0x000000051402007c, R10=0x0000020296aad838, R11=0x0000000000000000
R12=0x00007ffbbe234328, R13=0x0000000000000001, R14=0x0000020296aad9d0, R15=0x00007ffbbd4c4900
RIP=0x00007ffbbd337a64, EFLAGS=0x0000000000010206

Top of Stack: (sp=0x00000091644fe540)
0x00000091644fe540:   00000202ec5fa000 00000202ec5f6d10
0x00000091644fe550:   0000000000000001 00000091644fe501
0x00000091644fe560:   00000091644fe7f0 00007ffbbd338e1d
0x00000091644fe570:   00000202969d3850 0000020296b2da20
0x00000091644fe580:   00000091644fe680 0000000000000000
0x00000091644fe590:   00000202969d3850 0000020296b2da20
0x00000091644fe5a0:   00000202969d3850 00000202969d3850
0x00000091644fe5b0:   00007ffbbd4c49d0 0000020296aad838
0x00000091644fe5c0:   0000000000000001 00000091644fe6e0
0x00000091644fe5d0:   0000020296aacd20 00007ffbbd3dfee7
0x00000091644fe5e0:   00007ffbbe234328 0000000000000011
0x00000091644fe5f0:   0000000000000000 0000000000000010
0x00000091644fe600:   00000202ec5f6d08 00000202ec5f6dc8
0x00000091644fe610:   0000000000000011 0000000000000010
0x00000091644fe620:   00000202971f2030 00000202971f2030
0x00000091644fe630:   00000202971f2030 00000202971f2030 

Instructions: (pc=0x00007ffbbd337a64)
0x00007ffbbd337964:   00 48 85 d2 75 11 4d 89 88 a8 00 00 00 eb 08 48
0x00007ffbbd337974:   8b 4b 20 48 89 4a 20 48 85 c0 75 60 49 8b 80 a8
0x00007ffbbd337984:   00 00 00 48 85 c0 74 2c 48 89 43 28 4c 89 4b 20
0x00007ffbbd337994:   49 8b 80 a8 00 00 00 48 89 58 20 b0 01 49 89 98
0x00007ffbbd3379a4:   a8 00 00 00 48 8b 5c 24 30 48 8b 74 24 38 48 83
0x00007ffbbd3379b4:   c4 20 5f c3 49 89 98 a8 00 00 00 49 89 98 a0 00
0x00007ffbbd3379c4:   00 00 4c 89 4b 28 4c 89 4b 20 b0 01 48 8b 5c 24
0x00007ffbbd3379d4:   30 48 8b 74 24 38 48 83 c4 20 5f c3 48 8b 48 28
0x00007ffbbd3379e4:   48 89 4b 28 48 89 43 20 48 8b 48 28 48 85 c9 75
0x00007ffbbd3379f4:   1d 49 89 98 a0 00 00 00 48 89 58 28 b0 01 48 8b
0x00007ffbbd337a04:   5c 24 30 48 8b 74 24 38 48 83 c4 20 5f c3 48 8b
0x00007ffbbd337a14:   74 24 38 48 89 59 20 48 89 58 28 b0 01 48 8b 5c
0x00007ffbbd337a24:   24 30 48 83 c4 20 5f c3 cc cc cc cc 48 89 5c 24
0x00007ffbbd337a34:   08 48 89 74 24 10 57 48 83 ec 20 49 8b 58 10 49
0x00007ffbbd337a44:   8b f9 49 8b f0 48 8b 9b a0 00 00 00 48 85 db 74
0x00007ffbbd337a54:   2e 4c 8b 0a 0f 1f 84 00 00 00 00 00 48 8b 43 10
0x00007ffbbd337a64:   48 8b 88 88 00 00 00 4c 39 09 75 0a 48 8b 42 08
0x00007ffbbd337a74:   48 39 41 08 74 1b 48 8b 5b 20 48 85 db 75 dd 32
0x00007ffbbd337a84:   c0 48 8b 5c 24 30 48 8b 74 24 38 48 83 c4 20 5f
0x00007ffbbd337a94:   c3 48 8b 43 18 48 39 47 18 74 5b 48 89 47 18 48
0x00007ffbbd337aa4:   3b fb 74 52 48 8b 43 10 48 89 47 10 48 8b 07 ff
0x00007ffbbd337ab4:   48 18 48 8b 17 83 7a 18 01 7d