#
# A fatal error has been detected by the Java Runtime Environment:
#
#  EXCEPTION_ACCESS_VIOLATION (0xc0000005) at pc=0x00007ffee1fd9428, pid=11804, tid=11584
#
# JRE version: OpenJDK Runtime Environment (15.0.1+9) (build 15.0.1+9-18)
# Java VM: OpenJDK 64-Bit Server VM (15.0.1+9-18, mixed mode, sharing, tiered, compressed oops, g1 gc, windows-amd64)
# Problematic frame:
# V  [jvm.dll+0x619428]
#
# No core dump will be written. Minidumps are not enabled by default on client versions of Windows
#
# If you would like to submit a bug report, please visit:
#   https://bugreport.java.com/bugreport/crash.jsp
#

---------------  S U M M A R Y ------------

Command Line: -Dfile.encoding=windows-1252 -Duser.country=US -Duser.language=en -Duser.variant educanet.Main

Host: Intel(R) Core(TM) i5-9400F CPU @ 2.90GHz, 6 cores, 15G,  Windows 10 , 64 bit Build 19041 (10.0.19041.928)
Time: Fri May 28 11:58:26 2021 Central Europe Daylight Time elapsed time: 1.742453 seconds (0d 0h 0m 1s)

---------------  T H R E A D  ---------------

Current thread (0x000001ce61100390):  JavaThread "main" [_thread_in_Java, id=11584, stack(0x000000a6a3100000,0x000000a6a3200000)]

Stack: [0x000000a6a3100000,0x000000a6a3200000],  sp=0x000000a6a31fc990,  free space=1010k
Native frames: (J=compiled Java code, j=interpreted, Vv=VM code, C=native code)
V  [jvm.dll+0x619428]
V  [jvm.dll+0x2959fe]
V  [jvm.dll+0x220f1b]
C  0x000001ce6933e3ab

Java frames: (J=compiled Java code, j=interpreted, Vv=VM code)
v  ~UncommonTrapBlob
J 781 c2 educanet.GameObject.isColliding(Leducanet/GameObject;J)Z (193 bytes) @ 0x000001ce70dfade4 [0x000001ce70dfacc0+0x0000000000000124]

[error occurred during error reporting (printing Java stack), id 0xc0000005, EXCEPTION_ACCESS_VIOLATION (0xc0000005) at pc=0x00007ffee1fd9428]


siginfo: EXCEPTION_ACCESS_VIOLATION (0xc0000005), reading address 0x000001d003675a78


Register to memory mapping:

RIP=0x00007ffee1fd9428 jvm.dll
RAX=0x000001ce04f36040 points into unknown readable memory: 0x000001d003675a7c | 7c 5a 67 03 d0 01 00 00
RBX=0x000001d003675a78 is an unknown value
RCX=0x000001d003675a7c is an unknown value
RDX=0x0000000000000010 is an unknown value
RSP=0x000000a6a31fc990 is pointing into the stack for thread: 0x000001ce61100390
RBP=0x000000a6a31ff220 is pointing into the stack for thread: 0x000001ce61100390
RSI=0x0 is NULL
RDI=0x000000a6a31fcba0 is pointing into the stack for thread: 0x000001ce61100390
R8 =0x0 is NULL
R9 =0x000000003f800000 is an unknown value
R10=0x000000a6a31fc6ee is pointing into the stack for thread: 0x000001ce61100390
R11=0x000001ce610f77d7 points into unknown readable memory: 61
R12=0x000000a6a31fcba0 is pointing into the stack for thread: 0x000001ce61100390
R13=0x000001ce5f004a90 points into unknown readable memory: 0x0065007000000002 | 02 00 00 00 70 00 65 00
R14=0x000001ce04f36040 points into unknown readable memory: 0x000001d003675a7c | 7c 5a 67 03 d0 01 00 00
R15=0x000000a6a31fccf0 is pointing into the stack for thread: 0x000001ce61100390


Registers:
RAX=0x000001ce04f36040, RBX=0x000001d003675a78, RCX=0x000001d003675a7c, RDX=0x0000000000000010
RSP=0x000000a6a31fc990, RBP=0x000000a6a31ff220, RSI=0x0000000000000000, RDI=0x000000a6a31fcba0
R8 =0x0000000000000000, R9 =0x000000003f800000, R10=0x000000a6a31fc6ee, R11=0x000001ce610f77d7
R12=0x000000a6a31fcba0, R13=0x000001ce5f004a90, R14=0x000001ce04f36040, R15=0x000000a6a31fccf0
RIP=0x00007ffee1fd9428, EFLAGS=0x0000000000010202

Top of Stack: (sp=0x000000a6a31fc990)
0x000000a6a31fc990:   000001d003675a78 0000000000000000
0x000000a6a31fc9a0:   000001ce610f74a0 00007ffee1db1b0e
0x000000a6a31fc9b0:   000001ce04f3cd18 000001ce61100390
0x000000a6a31fc9c0:   00007ffee2239fa0 0000ffff0000cb50
0x000000a6a31fc9d0:   000001ce692f9950 0000000000000000
0x000000a6a31fc9e0:   000001ce61100390 0000000000000000
0x000000a6a31fc9f0:   000000a6a31fcba0 000000a6a31fccf0
0x000000a6a31fca00:   000000a6a31ff220 00007ffee1c559fe
0x000000a6a31fca10:   000001ce04f34d30 000000a6a31fcb70
0x000000a6a31fca20:   00000000000083b0 000001ce04f36040
0x000000a6a31fca30:   000001ce61100870 0000000000000001
0x000000a6a31fca40:   0000000000000000 00007ffee1be0f1b
0x000000a6a31fca50:   000000a6a31fcb50 0000000000000000
0x000000a6a31fca60:   000001ce70dfab10 000000a6a31ff1d0
0x000000a6a31fca70:   000000a6a31fccf0 0000000000000000
0x000000a6a31fca80:   000000a6000019c0 0000000000000000 

Instructions: (pc=0x00007ffee1fd9428)
0x00007ffee1fd9328:   05 53 c0 3f 00 33 c9 48 8b 15 22 ea 47 00 ff d0
0x00007ffee1fd9338:   48 8b d8 48 85 c0 74 21 48 8b cb 48 8b 5b 10 4c
0x00007ffee1fd9348:   8b 09 4c 8b 41 08 49 8b 11 4c 03 02 4d 89 01 e8
0x00007ffee1fd9358:   e4 56 a7 ff 48 85 db 75 df c6 05 e8 e9 47 00 00
0x00007ffee1fd9368:   48 83 c4 20 5b c3 cc cc 48 89 5c 24 10 55 56 57
0x00007ffee1fd9378:   41 54 41 55 41 56 41 57 48 83 ec 40 65 48 8b 04
0x00007ffee1fd9388:   25 58 00 00 00 4c 8b fa 44 8b 05 35 6b 4b 00 4c
0x00007ffee1fd9398:   8b e1 4a 8b 1c c0 b8 40 00 00 00 80 3c 18 00 75
0x00007ffee1fd93a8:   05 e8 3e f3 1b 00 49 8b 54 24 08 49 8b 4c 24 10
0x00007ffee1fd93b8:   b8 08 00 00 00 48 8b 04 18 4c 8b a8 90 02 00 00
0x00007ffee1fd93c8:   49 8b 45 10 48 89 84 24 80 00 00 00 49 8b 45 18
0x00007ffee1fd93d8:   48 89 84 24 98 00 00 00 49 8b 45 20 48 89 44 24
0x00007ffee1fd93e8:   20 49 8b 45 28 48 89 84 24 90 00 00 00 e8 66 9b
0x00007ffee1fd93f8:   bb ff 33 f6 c7 44 24 3a 00 00 ff ff 33 d2 48 8b
0x00007ffee1fd9408:   d8 8d 4e 10 e8 8f 93 06 00 4c 8b f0 48 85 c0 74
0x00007ffee1fd9418:   0c 48 8d 4b 04 89 70 08 48 89 08 eb 03 4c 8b f6
0x00007ffee1fd9428:   8b 2b 8b fe 32 c0 66 90 84 c0 75 37 8b c7 ff c7
0x00007ffee1fd9438:   3b c5 0f 8d 18 01 00 00 49 8b ce e8 a8 c0 b4 ff
0x00007ffee1fd9448:   0f b7 f0 66 89 44 24 3a 66 83 e0 03 66 83 e8 02
0x00007ffee1fd9458:   66 83 f8 01 77 0d 49 8b ce e8 8a c0 b4 ff 66 89
0x00007ffee1fd9468:   44 24 3c 0f b6 44 24 3a 24 03 3c 02 0f 85 a0 00
0x00007ffee1fd9478:   00 00 8b 44 24 3a 48 8b 0d cb 57 41 00 c1 e8 10
0x00007ffee1fd9488:   48 0f bf d8 0f b7 c6 48 c1 e8 02 48 3b c1 7d 3e
0x00007ffee1fd9498:   48 8b d0 48 8b c8 83 e2 3f 48 85 c0 79 08 48 8d
0x00007ffee1fd94a8:   48 3f 48 83 ea 40 48 c1 f9 06 48 63 c9 49 8b 8c
0x00007ffee1fd94b8:   cf c8 11 00 00 48 0f a3 d1 73 06 49 8b 04 c7 eb
0x00007ffee1fd94c8:   1d 48 8b d0 49 8b cf e8 fc 14 06 00 eb 10 2b c1
0x00007ffee1fd94d8:   0f af 05 05 d6 2e 00 48 98 49 03 44 24 28 48 8b
0x00007ffee1fd94e8:   d3 49 89 04 df 83 e2 3f 48 85 db 79 08 48 83 c3
0x00007ffee1fd94f8:   3f 48 83 ea 40 48 c1 fb 06 48 63 c3 49 8d 0c c7
0x00007ffee1fd9508:   48 8b 81 c8 11 00 00 48 0f ab d0 48 89 81 c8 11
0x00007ffee1fd9518:   00 00 8b c7 ff c7 3b c5 0f 8d 06 ff ff ff 49 8b 


Stack slot to memory mapping:
stack at sp + 0 slots: 0x000001d003675a78 is an unknown value
stack at sp + 1 slots: 0x0 is NULL
stack at sp + 2 slots: 0x000001ce610f74a0 points into unknown readable memory: 0x00007ffee2233f20 | 20 3f 23 e2 fe 7f 00 00
stack at sp + 3 slots: 0x00007ffee1db1b0e jvm.dll
stack at sp + 4 slots: 0x000001ce04f3cd18 points into unknown readable memory: 0x083782ddb49b80ab | ab 80 9b b4 dd 82 37 08
stack at sp + 5 slots: 0x000001ce61100390 is a thread
stack at sp + 6 slots: 0x00007ffee2239fa0 jvm.dll
stack at sp + 7 slots: 0x0000ffff0000cb50 is an unknown value


---------------  P R O C E S S  ---------------

Threads class SMR info:
_java_thread_list=0x000001ce04d4f570, length=11, elements={
0x000001ce61100390, 0x000001ce0436cba0, 0x000001ce0436df10, 0x000001ce04382200,
0x000001ce04382cb0, 0x000001ce04383f00, 0x000001ce04387940, 0x000001ce04388b80,
0x000001ce0439d260, 0x000001ce04d3d1d0, 0x000001ce04d43b60
}

Java Threads: ( => current thread )
=>0x000001ce61100390 JavaThread "main" [_thread_in_Java, id=11584, stack(0x000000a6a3100000,0x000000a6a3200000)]
  0x000001ce0436cba0 JavaThread "Reference Handler" daemon [_thread_blocked, id=8320, stack(0x000000a6a3800000,0x000000a6a3900000)]
  0x000001ce0436df10 JavaThread "Finalizer" daemon [_thread_blocked, id=4568, stack(0x000000a6a3900000,0x000000a6a3a00000)]
  0x000001ce04382200 JavaThread "Signal Dispatcher" daemon [_thread_blocked, id=2140, stack(0x000000a6a3a00000,0x000000a6a3b00000)]
  0x000001ce04382cb0 JavaThread "Attach Listener" daemon [_thread_blocked, id=7480, stack(0x000000a6a3b00000,0x000000a6a3c00000)]
  0x000001ce04383f00 JavaThread "Service Thread" daemon [_thread_blocked, id=6016, stack(0x000000a6a3c00000,0x000000a6a3d00000)]
  0x000001ce04387940 JavaThread "C2 CompilerThread0" daemon [_thread_blocked, id=1172, stack(0x000000a6a3d00000,0x000000a6a3e00000)]
  0x000001ce04388b80 JavaThread "C1 CompilerThread0" daemon [_thread_blocked, id=9712, stack(0x000000a6a3e00000,0x000000a6a3f00000)]
  0x000001ce0439d260 JavaThread "Sweeper thread" daemon [_thread_blocked, id=1372, stack(0x000000a6a3f00000,0x000000a6a4000000)]
  0x000001ce04d3d1d0 JavaThread "Notification Thread" daemon [_thread_blocked, id=2852, stack(0x000000a6a4000000,0x000000a6a4100000)]
  0x000001ce04d43b60 JavaThread "Common-Cleaner" daemon [_thread_blocked, id=6436, stack(0x000000a6a4200000,0x000000a6a4300000)]

Other Threads:
  0x000001ce04369b80 VMThread "VM Thread" [stack: 0x000000a6a3700000,0x000000a6a3800000] [id=11896]
  0x000001ce04d3d6a0 WatcherThread [stack: 0x000000a6a4100000,0x000000a6a4200000] [id=516]
  0x000001ce6114df80 GCTaskThread "GC Thread#0" [stack: 0x000000a6a3200000,0x000000a6a3300000] [id=8348]
  0x000001ce6115ffa0 ConcurrentGCThread "G1 Main Marker" [stack: 0x000000a6a3300000,0x000000a6a3400000] [id=4932]
  0x000001ce61161330 ConcurrentGCThread "G1 Conc#0" [stack: 0x000000a6a3400000,0x000000a6a3500000] [id=1876]
  0x000001ce6119ebb0 ConcurrentGCThread "G1 Refine#0" [stack: 0x000000a6a3500000,0x000000a6a3600000] [id=2892]
  0x000001ce042646d0 ConcurrentGCThread "G1 Young RemSet Sampling" [stack: 0x000000a6a3600000,0x000000a6a3700000] [id=8484]

Threads with active compile tasks:

VM state: not at safepoint (normal execution)

VM Mutex/Monitor currently owned by a thread: None

Heap address: 0x0000000701400000, size: 4076 MB, Compressed Oops mode: Zero based, Oop shift amount: 3
CDS archive(s) mapped at: [0x0000000800000000-0x0000000800b50000-0x0000000800b50000), size 11862016, SharedBaseAddress: 0x0000000800000000, ArchiveRelocationMode: 0.
Compressed class space mapped at: 0x0000000800b50000-0x0000000840b50000, size: 1073741824
Narrow klass base: 0x0000000800000000, Narrow klass shift: 3, Narrow klass range: 0x100000000

GC Precious Log:
 CPUs: 6 total, 6 available
 Memory: 16300M
 Large Page Support: Disabled
 NUMA Support: Disabled
 Compressed Oops: Enabled (Zero based)
 Heap Region Size: 2M
 Heap Min Capacity: 8M
 Heap Initial Capacity: 256M
 Heap Max Capacity: 4076M
 Pre-touch: Disabled
 Parallel Workers: 6
 Concurrent Workers: 2
 Concurrent Refinement Workers: 6
 Periodic GC: Disabled

Heap:
 garbage-first heap   total 262144K, used 14336K [0x0000000701400000, 0x0000000800000000)
  region size 2048K, 8 young (16384K), 0 survivors (0K)
 Metaspace       used 7100K, capacity 9924K, committed 10112K, reserved 1058816K
  class space    used 333K, capacity 605K, committed 640K, reserved 1048576K

Heap Regions: E=young(eden), S=young(survivor), O=old, HS=humongous(starts), HC=humongous(continues), CS=collection set, F=free, OA=open archive, CA=closed archive, TAMS=top-at-mark-start (previous, next)
|   0|0x0000000701400000, 0x0000000701400000, 0x0000000701600000|  0%| F|  |TAMS 0x0000000701400000, 0x0000000701400000| Untracked 
|   1|0x0000000701600000, 0x0000000701600000, 0x0000000701800000|  0%| F|  |TAMS 0x0000000701600000, 0x0000000701600000| Untracked 
|   2|0x0000000701800000, 0x0000000701800000, 0x0000000701a00000|  0%| F|  |TAMS 0x0000000701800000, 0x0000000701800000| Untracked 
|   3|0x0000000701a00000, 0x0000000701a00000, 0x0000000701c00000|  0%| F|  |TAMS 0x0000000701a00000, 0x0000000701a00000| Untracked 
|   4|0x0000000701c00000, 0x0000000701c00000, 0x0000000701e00000|  0%| F|  |TAMS 0x0000000701c00000, 0x0000000701c00000| Untracked 
|   5|0x0000000701e00000, 0x0000000701e00000, 0x0000000702000000|  0%| F|  |TAMS 0x0000000701e00000, 0x0000000701e00000| Untracked 
|   6|0x0000000702000000, 0x0000000702000000, 0x0000000702200000|  0%| F|  |TAMS 0x0000000702000000, 0x0000000702000000| Untracked 
|   7|0x0000000702200000, 0x0000000702200000, 0x0000000702400000|  0%| F|  |TAMS 0x0000000702200000, 0x0000000702200000| Untracked 
|   8|0x0000000702400000, 0x0000000702400000, 0x0000000702600000|  0%| F|  |TAMS 0x0000000702400000, 0x0000000702400000| Untracked 
|   9|0x0000000702600000, 0x0000000702600000, 0x0000000702800000|  0%| F|  |TAMS 0x0000000702600000, 0x0000000702600000| Untracked 
|  10|0x0000000702800000, 0x0000000702800000, 0x0000000702a00000|  0%| F|  |TAMS 0x0000000702800000, 0x0000000702800000| Untracked 
|  11|0x0000000702a00000, 0x0000000702a00000, 0x0000000702c00000|  0%| F|  |TAMS 0x0000000702a00000, 0x0000000702a00000| Untracked 
|  12|0x0000000702c00000, 0x0000000702c00000, 0x0000000702e00000|  0%| F|  |TAMS 0x0000000702c00000, 0x0000000702c00000| Untracked 
|  13|0x0000000702e00000, 0x0000000702e00000, 0x0000000703000000|  0%| F|  |TAMS 0x0000000702e00000, 0x0000000702e00000| Untracked 
|  14|0x0000000703000000, 0x0000000703000000, 0x0000000703200000|  0%| F|  |TAMS 0x0000000703000000, 0x0000000703000000| Untracked 
|  15|0x0000000703200000, 0x0000000703200000, 0x0000000703400000|  0%| F|  |TAMS 0x0000000703200000, 0x0000000703200000| Untracked 
|  16|0x0000000703400000, 0x0000000703400000, 0x0000000703600000|  0%| F|  |TAMS 0x0000000703400000, 0x0000000703400000| Untracked 
|  17|0x0000000703600000, 0x0000000703600000, 0x0000000703800000|  0%| F|  |TAMS 0x0000000703600000, 0x0000000703600000| Untracked 
|  18|0x0000000703800000, 0x0000000703800000, 0x0000000703a00000|  0%| F|  |TAMS 0x0000000703800000, 0x0000000703800000| Untracked 
|  19|0x0000000703a00000, 0x0000000703a00000, 0x0000000703c00000|  0%| F|  |TAMS 0x0000000703a00000, 0x0000000703a00000| Untracked 
|  20|0x0000000703c00000, 0x0000000703c00000, 0x0000000703e00000|  0%| F|  |TAMS 0x0000000703c00000, 0x0000000703c00000| Untracked 
|  21|0x0000000703e00000, 0x0000000703e00000, 0x0000000704000000|  0%| F|  |TAMS 0x0000000703e00000, 0x0000000703e00000| Untracked 
|  22|0x0000000704000000, 0x0000000704000000, 0x0000000704200000|  0%| F|  |TAMS 0x0000000704000000, 0x0000000704000000| Untracked 
|  23|0x0000000704200000, 0x0000000704200000, 0x0000000704400000|  0%| F|  |TAMS 0x0000000704200000, 0x0000000704200000| Untracked 
|  24|0x0000000704400000, 0x0000000704400000, 0x0000000704600000|  0%| F|  |TAMS 0x0000000704400000, 0x0000000704400000| Untracked 
|  25|0x0000000704600000, 0x0000000704600000, 0x0000000704800000|  0%| F|  |TAMS 0x0000000704600000, 0x0000000704600000| Untracked 
|  26|0x0000000704800000, 0x0000000704800000, 0x0000000704a00000|  0%| F|  |TAMS 0x0000000704800000, 0x0000000704800000| Untracked 
|  27|0x0000000704a00000, 0x0000000704a00000, 0x0000000704c00000|  0%| F|  |TAMS 0x0000000704a00000, 0x0000000704a00000| Untracked 
|  28|0x0000000704c00000, 0x0000000704c00000, 0x0000000704e00000|  0%| F|  |TAMS 0x0000000704c00000, 0x0000000704c00000| Untracked 
|  29|0x0000000704e00000, 0x0000000704e00000, 0x0000000705000000|  0%| F|  |TAMS 0x0000000704e00000, 0x0000000704e00000| Untracked 
|  30|0x0000000705000000, 0x0000000705000000, 0x0000000705200000|  0%| F|  |TAMS 0x0000000705000000, 0x0000000705000000| Untracked 
|  31|0x0000000705200000, 0x0000000705200000, 0x0000000705400000|  0%| F|  |TAMS 0x0000000705200000, 0x0000000705200000| Untracked 
|  32|0x0000000705400000, 0x0000000705400000, 0x0000000705600000|  0%| F|  |TAMS 0x0000000705400000, 0x0000000705400000| Untracked 
|  33|0x0000000705600000, 0x0000000705600000, 0x0000000705800000|  0%| F|  |TAMS 0x0000000705600000, 0x0000000705600000| Untracked 
|  34|0x0000000705800000, 0x0000000705800000, 0x0000000705a00000|  0%| F|  |TAMS 0x0000000705800000, 0x0000000705800000| Untracked 
|  35|0x0000000705a00000, 0x0000000705a00000, 0x0000000705c00000|  0%| F|  |TAMS 0x0000000705a00000, 0x0000000705a00000| Untracked 
|  36|0x0000000705c00000, 0x0000000705c00000, 0x0000000705e00000|  0%| F|  |TAMS 0x0000000705c00000, 0x0000000705c00000| Untracked 
|  37|0x0000000705e00000, 0x0000000705e00000, 0x0000000706000000|  0%| F|  |TAMS 0x0000000705e00000, 0x0000000705e00000| Untracked 
|  38|0x0000000706000000, 0x0000000706000000, 0x0000000706200000|  0%| F|  |TAMS 0x0000000706000000, 0x0000000706000000| Untracked 
|  39|0x0000000706200000, 0x0000000706200000, 0x0000000706400000|  0%| F|  |TAMS 0x0000000706200000, 0x0000000706200000| Untracked 
|  40|0x0000000706400000, 0x0000000706400000, 0x0000000706600000|  0%| F|  |TAMS 0x0000000706400000, 0x0000000706400000| Untracked 
|  41|0x0000000706600000, 0x0000000706600000, 0x0000000706800000|  0%| F|  |TAMS 0x0000000706600000, 0x0000000706600000| Untracked 
|  42|0x0000000706800000, 0x0000000706800000, 0x0000000706a00000|  0%| F|  |TAMS 0x0000000706800000, 0x0000000706800000| Untracked 
|  43|0x0000000706a00000, 0x0000000706a00000, 0x0000000706c00000|  0%| F|  |TAMS 0x0000000706a00000, 0x0000000706a00000| Untracked 
|  44|0x0000000706c00000, 0x0000000706c00000, 0x0000000706e00000|  0%| F|  |TAMS 0x0000000706c00000, 0x0000000706c00000| Untracked 
|  45|0x0000000706e00000, 0x0000000706e00000, 0x0000000707000000|  0%| F|  |TAMS 0x0000000706e00000, 0x0000000706e00000| Untracked 
|  46|0x0000000707000000, 0x0000000707000000, 0x0000000707200000|  0%| F|  |TAMS 0x0000000707000000, 0x0000000707000000| Untracked 
|  47|0x0000000707200000, 0x0000000707200000, 0x0000000707400000|  0%| F|  |TAMS 0x0000000707200000, 0x0000000707200000| Untracked 
|  48|0x0000000707400000, 0x0000000707400000, 0x0000000707600000|  0%| F|  |TAMS 0x0000000707400000, 0x0000000707400000| Untracked 
|  49|0x0000000707600000, 0x0000000707600000, 0x0000000707800000|  0%| F|  |TAMS 0x0000000707600000, 0x0000000707600000| Untracked 
|  50|0x0000000707800000, 0x0000000707800000, 0x0000000707a00000|  0%| F|  |TAMS 0x0000000707800000, 0x0000000707800000| Untracked 
|  51|0x0000000707a00000, 0x0000000707a00000, 0x0000000707c00000|  0%| F|  |TAMS 0x0000000707a00000, 0x0000000707a00000| Untracked 
|  52|0x0000000707c00000, 0x0000000707c00000, 0x0000000707e00000|  0%| F|  |TAMS 0x0000000707c00000, 0x0000000707c00000| Untracked 
|  53|0x0000000707e00000, 0x0000000707e00000, 0x0000000708000000|  0%| F|  |TAMS 0x0000000707e00000, 0x0000000707e00000| Untracked 
|  54|0x0000000708000000, 0x0000000708000000, 0x0000000708200000|  0%| F|  |TAMS 0x0000000708000000, 0x0000000708000000| Untracked 
|  55|0x0000000708200000, 0x0000000708200000, 0x0000000708400000|  0%| F|  |TAMS 0x0000000708200000, 0x0000000708200000| Untracked 
|  56|0x0000000708400000, 0x0000000708400000, 0x0000000708600000|  0%| F|  |TAMS 0x0000000708400000, 0x0000000708400000| Untracked 
|  57|0x0000000708600000, 0x0000000708600000, 0x0000000708800000|  0%| F|  |TAMS 0x0000000708600000, 0x0000000708600000| Untracked 
|  58|0x0000000708800000, 0x0000000708800000, 0x0000000708a00000|  0%| F|  |TAMS 0x0000000708800000, 0x0000000708800000| Untracked 
|  59|0x0000000708a00000, 0x0000000708a00000, 0x0000000708c00000|  0%| F|  |TAMS 0x0000000708a00000, 0x0000000708a00000| Untracked 
|  60|0x0000000708c00000, 0x0000000708c00000, 0x0000000708e00000|  0%| F|  |TAMS 0x0000000708c00000, 0x0000000708c00000| Untracked 
|  61|0x0000000708e00000, 0x0000000708e00000, 0x0000000709000000|  0%| F|  |TAMS 0x0000000708e00000, 0x0000000708e00000| Untracked 
|  62|0x0000000709000000, 0x0000000709000000, 0x0000000709200000|  0%| F|  |TAMS 0x0000000709000000, 0x0000000709000000| Untracked 
|  63|0x0000000709200000, 0x0000000709200000, 0x0000000709400000|  0%| F|  |TAMS 0x0000000709200000, 0x0000000709200000| Untracked 
|  64|0x0000000709400000, 0x0000000709400000, 0x0000000709600000|  0%| F|  |TAMS 0x0000000709400000, 0x0000000709400000| Untracked 
|  65|0x0000000709600000, 0x0000000709600000, 0x0000000709800000|  0%| F|  |TAMS 0x0000000709600000, 0x0000000709600000| Untracked 
|  66|0x0000000709800000, 0x0000000709800000, 0x0000000709a00000|  0%| F|  |TAMS 0x0000000709800000, 0x0000000709800000| Untracked 
|  67|0x0000000709a00000, 0x0000000709a00000, 0x0000000709c00000|  0%| F|  |TAMS 0x0000000709a00000, 0x0000000709a00000| Untracked 
|  68|0x0000000709c00000, 0x0000000709c00000, 0x0000000709e00000|  0%| F|  |TAMS 0x0000000709c00000, 0x0000000709c00000| Untracked 
|  69|0x0000000709e00000, 0x0000000709e00000, 0x000000070a000000|  0%| F|  |TAMS 0x0000000709e00000, 0x0000000709e00000| Untracked 
|  70|0x000000070a000000, 0x000000070a000000, 0x000000070a200000|  0%| F|  |TAMS 0x000000070a000000, 0x000000070a000000| Untracked 
|  71|0x000000070a200000, 0x000000070a200000, 0x000000070a400000|  0%| F|  |TAMS 0x000000070a200000, 0x000000070a200000| Untracked 
|  72|0x000000070a400000, 0x000000070a400000, 0x000000070a600000|  0%| F|  |TAMS 0x000000070a400000, 0x000000070a400000| Untracked 
|  73|0x000000070a600000, 0x000000070a600000, 0x000000070a800000|  0%| F|  |TAMS 0x000000070a600000, 0x000000070a600000| Untracked 
|  74|0x000000070a800000, 0x000000070a800000, 0x000000070aa00000|  0%| F|  |TAMS 0x000000070a800000, 0x000000070a800000| Untracked 
|  75|0x000000070aa00000, 0x000000070aa00000, 0x000000070ac00000|  0%| F|  |TAMS 0x000000070aa00000, 0x000000070aa00000| Untracked 
|  76|0x000000070ac00000, 0x000000070ac00000, 0x000000070ae00000|  0%| F|  |TAMS 0x000000070ac00000, 0x000000070ac00000| Untracked 
|  77|0x000000070ae00000, 0x000000070ae00000, 0x000000070b000000|  0%| F|  |TAMS 0x000000070ae00000, 0x000000070ae00000| Untracked 
|  78|0x000000070b000000, 0x000000070b000000, 0x000000070b200000|  0%| F|  |TAMS 0x000000070b000000, 0x000000070b000000| Untracked 
|  79|0x000000070b200000, 0x000000070b200000, 0x000000070b400000|  0%| F|  |TAMS 0x000000070b200000, 0x000000070b200000| Untracked 
|  80|0x000000070b400000, 0x000000070b400000, 0x000000070b600000|  0%| F|  |TAMS 0x000000070b400000, 0x000000070b400000| Untracked 
|  81|0x000000070b600000, 0x000000070b600000, 0x000000070b800000|  0%| F|  |TAMS 0x000000070b600000, 0x000000070b600000| Untracked 
|  82|0x000000070b800000, 0x000000070b800000, 0x000000070ba00000|  0%| F|  |TAMS 0x000000070b800000, 0x000000070b800000| Untracked 
|  83|0x000000070ba00000, 0x000000070ba00000, 0x000000070bc00000|  0%| F|  |TAMS 0x000000070ba00000, 0x000000070ba00000| Untracked 
|  84|0x000000070bc00000, 0x000000070bc00000, 0x000000070be00000|  0%| F|  |TAMS 0x000000070bc00000, 0x000000070bc00000| Untracked 
|  85|0x000000070be00000, 0x000000070be00000, 0x000000070c000000|  0%| F|  |TAMS 0x000000070be00000, 0x000000070be00000| Untracked 
|  86|0x000000070c000000, 0x000000070c000000, 0x000000070c200000|  0%| F|  |TAMS 0x000000070c000000, 0x000000070c000000| Untracked 
|  87|0x000000070c200000, 0x000000070c200000, 0x000000070c400000|  0%| F|  |TAMS 0x000000070c200000, 0x000000070c200000| Untracked 
|  88|0x000000070c400000, 0x000000070c400000, 0x000000070c600000|  0%| F|  |TAMS 0x000000070c400000, 0x000000070c400000| Untracked 
|  89|0x000000070c600000, 0x000000070c600000, 0x000000070c800000|  0%| F|  |TAMS 0x000000070c600000, 0x000000070c600000| Untracked 
|  90|0x000000070c800000, 0x000000070c800000, 0x000000070ca00000|  0%| F|  |TAMS 0x000000070c800000, 0x000000070c800000| Untracked 
|  91|0x000000070ca00000, 0x000000070ca00000, 0x000000070cc00000|  0%| F|  |TAMS 0x000000070ca00000, 0x000000070ca00000| Untracked 
|  92|0x000000070cc00000, 0x000000070cc00000, 0x000000070ce00000|  0%| F|  |TAMS 0x000000070cc00000, 0x000000070cc00000| Untracked 
|  93|0x000000070ce00000, 0x000000070ce00000, 0x000000070d000000|  0%| F|  |TAMS 0x000000070ce00000, 0x000000070ce00000| Untracked 
|  94|0x000000070d000000, 0x000000070d000000, 0x000000070d200000|  0%| F|  |TAMS 0x000000070d000000, 0x000000070d000000| Untracked 
|  95|0x000000070d200000, 0x000000070d200000, 0x000000070d400000|  0%| F|  |TAMS 0x000000070d200000, 0x000000070d200000| Untracked 
|  96|0x000000070d400000, 0x000000070d400000, 0x000000070d600000|  0%| F|  |TAMS 0x000000070d400000, 0x000000070d400000| Untracked 
|  97|0x000000070d600000, 0x000000070d600000, 0x000000070d800000|  0%| F|  |TAMS 0x000000070d600000, 0x000000070d600000| Untracked 
|  98|0x000000070d800000, 0x000000070d800000, 0x000000070da00000|  0%| F|  |TAMS 0x000000070d800000, 0x000000070d800000| Untracked 
|  99|0x000000070da00000, 0x000000070da00000, 0x000000070dc00000|  0%| F|  |TAMS 0x000000070da00000, 0x000000070da00000| Untracked 
| 100|0x000000070dc00000, 0x000000070dc00000, 0x000000070de00000|  0%| F|  |TAMS 0x000000070dc00000, 0x000000070dc00000| Untracked 
| 101|0x000000070de00000, 0x000000070de00000, 0x000000070e000000|  0%| F|  |TAMS 0x000000070de00000, 0x000000070de00000| Untracked 
| 102|0x000000070e000000, 0x000000070e000000, 0x000000070e200000|  0%| F|  |TAMS 0x000000070e000000, 0x000000070e000000| Untracked 
| 103|0x000000070e200000, 0x000000070e200000, 0x000000070e400000|  0%| F|  |TAMS 0x000000070e200000, 0x000000070e200000| Untracked 
| 104|0x000000070e400000, 0x000000070e400000, 0x000000070e600000|  0%| F|  |TAMS 0x000000070e400000, 0x000000070e400000| Untracked 
| 105|0x000000070e600000, 0x000000070e600000, 0x000000070e800000|  0%| F|  |TAMS 0x000000070e600000, 0x000000070e600000| Untracked 
| 106|0x000000070e800000, 0x000000070e800000, 0x000000070ea00000|  0%| F|  |TAMS 0x000000070e800000, 0x000000070e800000| Untracked 
| 107|0x000000070ea00000, 0x000000070ea00000, 0x000000070ec00000|  0%| F|  |TAMS 0x000000070ea00000, 0x000000070ea00000| Untracked 
| 108|0x000000070ec00000, 0x000000070ec00000, 0x000000070ee00000|  0%| F|  |TAMS 0x000000070ec00000, 0x000000070ec00000| Untracked 
| 109|0x000000070ee00000, 0x000000070ee00000, 0x000000070f000000|  0%| F|  |TAMS 0x000000070ee00000, 0x000000070ee00000| Untracked 
| 110|0x000000070f000000, 0x000000070f000000, 0x000000070f200000|  0%| F|  |TAMS 0x000000070f000000, 0x000000070f000000| Untracked 
| 111|0x000000070f200000, 0x000000070f200000, 0x000000070f400000|  0%| F|  |TAMS 0x000000070f200000, 0x000000070f200000| Untracked 
| 112|0x000000070f400000, 0x000000070f400000, 0x000000070f600000|  0%| F|  |TAMS 0x000000070f400000, 0x000000070f400000| Untracked 
| 113|0x000000070f600000, 0x000000070f600000, 0x000000070f800000|  0%| F|  |TAMS 0x000000070f600000, 0x000000070f600000| Untracked 
| 114|0x000000070f800000, 0x000000070f800000, 0x000000070fa00000|  0%| F|  |TAMS 0x000000070f800000, 0x000000070f800000| Untracked 
| 115|0x000000070fa00000, 0x000000070fa00000, 0x000000070fc00000|  0%| F|  |TAMS 0x000000070fa00000, 0x000000070fa00000| Untracked 
| 116|0x000000070fc00000, 0x000000070fc00000, 0x000000070fe00000|  0%| F|  |TAMS 0x000000070fc00000, 0x000000070fc00000| Untracked 
| 117|0x000000070fe00000, 0x000000070fe00000, 0x0000000710000000|  0%| F|  |TAMS 0x000000070fe00000, 0x000000070fe00000| Untracked 
| 118|0x0000000710000000, 0x0000000710000000, 0x0000000710200000|  0%| F|  |TAMS 0x0000000710000000, 0x0000000710000000| Untracked 
| 119|0x0000000710200000, 0x0000000710200000, 0x0000000710400000|  0%| F|  |TAMS 0x0000000710200000, 0x0000000710200000| Untracked 
| 120|0x0000000710400000, 0x00000007105b9bc0, 0x0000000710600000| 86%| E|  |TAMS 0x0000000710400000, 0x0000000710400000| Complete 
| 121|0x0000000710600000, 0x0000000710800000, 0x0000000710800000|100%| E|CS|TAMS 0x0000000710600000, 0x0000000710600000| Complete 
| 122|0x0000000710800000, 0x0000000710a00000, 0x0000000710a00000|100%| E|CS|TAMS 0x0000000710800000, 0x0000000710800000| Complete 
| 123|0x0000000710a00000, 0x0000000710c00000, 0x0000000710c00000|100%| E|CS|TAMS 0x0000000710a00000, 0x0000000710a00000| Complete 
| 124|0x0000000710c00000, 0x0000000710e00000, 0x0000000710e00000|100%| E|CS|TAMS 0x0000000710c00000, 0x0000000710c00000| Complete 
| 125|0x0000000710e00000, 0x0000000711000000, 0x0000000711000000|100%| E|CS|TAMS 0x0000000710e00000, 0x0000000710e00000| Complete 
| 126|0x0000000711000000, 0x0000000711200000, 0x0000000711200000|100%| E|CS|TAMS 0x0000000711000000, 0x0000000711000000| Complete 
| 127|0x0000000711200000, 0x0000000711400000, 0x0000000711400000|100%| E|CS|TAMS 0x0000000711200000, 0x0000000711200000| Complete 

Card table byte_map: [0x000001ce78c00000,0x000001ce79400000] _byte_map_base: 0x000001ce753f6000

Marking Bits (Prev, Next): (CMBitMap*) 0x000001ce6114f780, (CMBitMap*) 0x000001ce6114f7c0
 Prev Bits: [0x000001ce79c00000, 0x000001ce7dbb0000)
 Next Bits: [0x000001ce00000000, 0x000001ce03fb0000)

Polling page: 0x000001ce608a0000

Metaspace:

Usage:
  Non-class:      9.10 MB capacity,     6.61 MB ( 73%) used,     2.48 MB ( 27%) free+waste,     7.56 KB ( <1%) overhead. 
      Class:    605.00 KB capacity,   333.27 KB ( 55%) used,   269.80 KB ( 45%) free+waste,     1.94 KB ( <1%) overhead. 
       Both:      9.69 MB capacity,     6.93 MB ( 72%) used,     2.75 MB ( 28%) free+waste,     9.50 KB ( <1%) overhead. 

Virtual space:
  Non-class space:       10.00 MB reserved,       9.25 MB ( 92%) committed 
      Class space:        1.00 GB reserved,     640.00 KB ( <1%) committed 
             Both:        1.01 GB reserved,       9.88 MB ( <1%) committed 

Chunk freelists:
   Non-Class:  89.00 KB
       Class:  3.00 KB
        Both:  92.00 KB

MaxMetaspaceSize: 17179869184.00 GB
CompressedClassSpaceSize: 1.00 GB

CodeHeap 'non-profiled nmethods': size=120000Kb used=236Kb max_used=236Kb free=119763Kb
 bounds [0x000001ce70dc0000, 0x000001ce71030000, 0x000001ce782f0000]
CodeHeap 'profiled nmethods': size=120000Kb used=1257Kb max_used=1257Kb free=118742Kb
 bounds [0x000001ce69890000, 0x000001ce69b00000, 0x000001ce70dc0000]
CodeHeap 'non-nmethods': size=5760Kb used=1625Kb max_used=1639Kb free=4134Kb
 bounds [0x000001ce692f0000, 0x000001ce69560000, 0x000001ce69890000]
 total_blobs=1806 nmethods=782 adapters=937
 compilation: enabled
              stopped_count=0, restarted_count=0
 full_count=0

Compilation events (20 events):
Event: 1.230 Thread 0x000001ce04388b80  773       3       educanet.GameObject::isColliding (193 bytes)
Event: 1.230 Thread 0x000001ce04388b80 nmethod 773 0x000001ce699c8110 code [0x000001ce699c8320, 0x000001ce699c8868]
Event: 1.242 Thread 0x000001ce04388b80  774       3       org.joml.Matrix4f::_properties (7 bytes)
Event: 1.242 Thread 0x000001ce04388b80 nmethod 774 0x000001ce699c8a10 code [0x000001ce699c8ba0, 0x000001ce699c8c98]
Event: 1.242 Thread 0x000001ce04388b80  775       3       org.joml.Matrix4f::_m33 (7 bytes)
Event: 1.242 Thread 0x000001ce04388b80 nmethod 775 0x000001ce699c8d10 code [0x000001ce699c8ea0, 0x000001ce699c8f98]
Event: 1.244 Thread 0x000001ce04388b80  776       3       org.joml.Matrix4f::_m30 (7 bytes)
Event: 1.244 Thread 0x000001ce04388b80 nmethod 776 0x000001ce699c9010 code [0x000001ce699c91a0, 0x000001ce699c9298]
Event: 1.244 Thread 0x000001ce04388b80  777       3       org.joml.Matrix4f::_m31 (7 bytes)
Event: 1.244 Thread 0x000001ce04388b80 nmethod 777 0x000001ce699c9310 code [0x000001ce699c94a0, 0x000001ce699c9598]
Event: 1.244 Thread 0x000001ce04388b80  778       3       org.joml.Matrix4f::_m32 (7 bytes)
Event: 1.244 Thread 0x000001ce04388b80 nmethod 778 0x000001ce699c9610 code [0x000001ce699c97a0, 0x000001ce699c9898]
Event: 1.244 Thread 0x000001ce04388b80  779       3       org.joml.Matrix4f::translateGeneric (136 bytes)
Event: 1.244 Thread 0x000001ce04388b80 nmethod 779 0x000001ce699c9910 code [0x000001ce699c9b40, 0x000001ce699ca3f8]
Event: 1.335 Thread 0x000001ce04387940  780       4       org.lwjgl.opengl.GL20C::glUniformMatrix4fv (16 bytes)
Event: 1.335 Thread 0x000001ce04387940 nmethod 780 0x000001ce70dfa810 code [0x000001ce70dfa9a0, 0x000001ce70dfaa28]
Event: 1.351 Thread 0x000001ce04387940  781       4       educanet.GameObject::isColliding (193 bytes)
Event: 1.352 Thread 0x000001ce04387940 nmethod 781 0x000001ce70dfab10 code [0x000001ce70dfacc0, 0x000001ce70dfaee8]
Event: 1.555 Thread 0x000001ce04387940  782       4       java.nio.Buffer::position (55 bytes)
Event: 1.556 Thread 0x000001ce04387940 nmethod 782 0x000001ce70dfb090 code [0x000001ce70dfb200, 0x000001ce70dfb2b8]

GC Heap History (0 events):
No events

Deoptimization events (20 events):
Event: 0.089 Thread 0x000001ce61100390 DEOPT UNPACKING pc=0x000001ce6933e42f sp=0x000000a6a31fb318 mode 2
Event: 0.517 Thread 0x000001ce61100390 Uncommon trap: trap_request=0xffffff54 fr.pc=0x000001ce70ddf260 relative=0x0000000000000060
Event: 0.517 Thread 0x000001ce61100390 Uncommon trap: reason=speculate_null_assert action=make_not_entrant pc=0x000001ce70ddf260 method=sun.misc.Unsafe.putLong(Ljava/lang/Object;JJ)V @ 7 c2
Event: 0.517 Thread 0x000001ce61100390 DEOPT PACKING pc=0x000001ce70ddf260 sp=0x000000a6a31fef10
Event: 0.517 Thread 0x000001ce61100390 DEOPT UNPACKING pc=0x000001ce6933e42f sp=0x000000a6a31fee88 mode 2
Event: 0.575 Thread 0x000001ce61100390 DEOPT PACKING pc=0x000001ce698be5df sp=0x000000a6a31fdb30
Event: 0.575 Thread 0x000001ce61100390 DEOPT UNPACKING pc=0x000001ce6933e23f sp=0x000000a6a31fcf80 mode 0
Event: 0.584 Thread 0x000001ce61100390 DEOPT PACKING pc=0x000001ce698be5df sp=0x000000a6a31fdae0
Event: 0.584 Thread 0x000001ce61100390 DEOPT UNPACKING pc=0x000001ce6933e23f sp=0x000000a6a31fcf30 mode 0
Event: 0.762 Thread 0x000001ce61100390 Uncommon trap: trap_request=0xffffff54 fr.pc=0x000001ce70df4358 relative=0x0000000000000058
Event: 0.762 Thread 0x000001ce61100390 Uncommon trap: reason=speculate_null_assert action=make_not_entrant pc=0x000001ce70df4358 method=sun.misc.Unsafe.getLong(Ljava/lang/Object;J)J @ 5 c2
Event: 0.762 Thread 0x000001ce61100390 DEOPT PACKING pc=0x000001ce70df4358 sp=0x000000a6a31ff0a0
Event: 0.762 Thread 0x000001ce61100390 DEOPT UNPACKING pc=0x000001ce6933e42f sp=0x000000a6a31ff028 mode 2
Event: 1.228 Thread 0x000001ce61100390 Uncommon trap: trap_request=0xffffff45 fr.pc=0x000001ce70dfa1e0 relative=0x0000000000000120
Event: 1.228 Thread 0x000001ce61100390 Uncommon trap: reason=unstable_if action=reinterpret pc=0x000001ce70dfa1e0 method=educanet.GameObject.isColliding(Leducanet/GameObject;J)Z @ 145 c2
Event: 1.228 Thread 0x000001ce61100390 DEOPT PACKING pc=0x000001ce70dfa1e0 sp=0x000000a6a31ff1d0
Event: 1.228 Thread 0x000001ce61100390 DEOPT UNPACKING pc=0x000001ce6933e42f sp=0x000000a6a31ff150 mode 2
Event: 1.691 Thread 0x000001ce61100390 Uncommon trap: trap_request=0xffffff45 fr.pc=0x000001ce70dfade4 relative=0x0000000000000124
Event: 1.691 Thread 0x000001ce61100390 Uncommon trap: reason=unstable_if action=reinterpret pc=0x000001ce70dfade4 method=educanet.GameObject.isColliding(Leducanet/GameObject;J)Z @ 167 c2
Event: 1.691 Thread 0x000001ce61100390 DEOPT PACKING pc=0x000001ce70dfade4 sp=0x000000a6a31ff1d0

Classes unloaded (0 events):
No events

Classes redefined (0 events):
No events

Internal exceptions (16 events):
Event: 0.101 Thread 0x000001ce61100390 Exception <a 'java/lang/NoSuchMethodError'{0x000000071109ab00}: 'void java.lang.invoke.DirectMethodHandle$Holder.invokeStatic(java.lang.Object, java.lang.Object)'> (0x000000071109ab00) 
thrown [./open/src/hotspot/share/interpreter/linkResolver.cpp, line 782]
Event: 0.102 Thread 0x000001ce61100390 Exception <a 'java/lang/NoSuchMethodError'{0x00000007110a05f8}: 'void java.lang.invoke.DirectMethodHandle$Holder.invokeSpecial(java.lang.Object, java.lang.Object, java.lang.Object)'> (0x00000007110a05f8) 
thrown [./open/src/hotspot/share/interpreter/linkResolver.cpp, line 782]
Event: 0.105 Thread 0x000001ce61100390 Exception <a 'java/lang/NoSuchMethodError'{0x00000007110b5268}: 'java.lang.Object java.lang.invoke.DirectMethodHandle$Holder.invokeStatic(java.lang.Object, java.lang.Object, int)'> (0x00000007110b5268) 
thrown [./open/src/hotspot/share/interpreter/linkResolver.cpp, line 782]
Event: 0.106 Thread 0x000001ce61100390 Exception <a 'java/lang/NoSuchMethodError'{0x00000007110c13b0}: 'void java.lang.invoke.DelegatingMethodHandle$Holder.delegate(java.lang.Object, java.lang.Object, int, java.lang.Object)'> (0x00000007110c13b0) 
thrown [./open/src/hotspot/share/interpreter/linkResolver.cpp, line 782]
Event: 0.107 Thread 0x000001ce61100390 Exception <a 'java/lang/NoSuchMethodError'{0x00000007110c5450}: 'int java.lang.invoke.DirectMethodHandle$Holder.invokeSpecial(java.lang.Object, java.lang.Object, java.lang.Object)'> (0x00000007110c5450) 
thrown [./open/src/hotspot/share/interpreter/linkResolver.cpp, line 782]
Event: 0.141 Thread 0x000001ce61100390 Exception <a 'sun/nio/fs/WindowsException'{0x000000071115de80}> (0x000000071115de80) 
thrown [./open/src/hotspot/share/prims/jni.cpp, line 578]
Event: 0.141 Thread 0x000001ce61100390 Exception <a 'sun/nio/fs/WindowsException'{0x000000071115e3c0}> (0x000000071115e3c0) 
thrown [./open/src/hotspot/share/prims/jni.cpp, line 578]
Event: 0.149 Thread 0x000001ce61100390 Exception <a 'sun/nio/fs/WindowsException'{0x000000071117f3a8}> (0x000000071117f3a8) 
thrown [./open/src/hotspot/share/prims/jni.cpp, line 578]
Event: 0.149 Thread 0x000001ce61100390 Exception <a 'sun/nio/fs/WindowsException'{0x000000071117f700}> (0x000000071117f700) 
thrown [./open/src/hotspot/share/prims/jni.cpp, line 578]
Event: 0.154 Thread 0x000001ce61100390 Exception <a 'java/lang/NoSuchMethodError'{0x00000007111b7d68}: 'java.lang.Object java.lang.invoke.DirectMethodHandle$Holder.invokeStatic(java.lang.Object)'> (0x00000007111b7d68) 
thrown [./open/src/hotspot/share/interpreter/linkResolver.cpp, line 782]
Event: 0.154 Thread 0x000001ce61100390 Exception <a 'java/lang/NoSuchMethodError'{0x00000007111bb3d8}: 'java.lang.Object java.lang.invoke.DirectMethodHandle$Holder.invokeStaticInit(java.lang.Object)'> (0x00000007111bb3d8) 
thrown [./open/src/hotspot/share/interpreter/linkResolver.cpp, line 782]
Event: 0.488 Thread 0x000001ce61100390 Exception <a 'sun/nio/fs/WindowsException'{0x0000000710e7a0a0}> (0x0000000710e7a0a0) 
thrown [./open/src/hotspot/share/prims/jni.cpp, line 578]
Event: 0.489 Thread 0x000001ce61100390 Exception <a 'sun/nio/fs/WindowsException'{0x0000000710e7a430}> (0x0000000710e7a430) 
thrown [./open/src/hotspot/share/prims/jni.cpp, line 578]
Event: 0.493 Thread 0x000001ce61100390 Exception <a 'sun/nio/fs/WindowsException'{0x0000000710e87f30}> (0x0000000710e87f30) 
thrown [./open/src/hotspot/share/prims/jni.cpp, line 578]
Event: 0.494 Thread 0x000001ce61100390 Exception <a 'sun/nio/fs/WindowsException'{0x0000000710e88200}> (0x0000000710e88200) 
thrown [./open/src/hotspot/share/prims/jni.cpp, line 578]
Event: 0.624 Thread 0x000001ce61100390 Exception <a 'java/lang/NoSuchMethodError'{0x000000071091cbf8}: 'void java.lang.invoke.DirectMethodHandle$Holder.invokeStatic(java.lang.Object, long, int, int)'> (0x000000071091cbf8) 
thrown [./open/src/hotspot/share/interpreter/linkResolver.cpp, line 782]

Events (20 events):
Event: 0.679 loading class jdk/internal/access/foreign/MemorySegmentProxy done
Event: 0.766 Loaded shared library C:\Users\jan\AppData\Local\Temp\lwjgljan\3.2.3-build-13\lwjgl.dll
Event: 0.772 Loaded shared library C:\Users\jan\AppData\Local\Temp\lwjgljan\3.2.3-build-13\lwjgl_opengl.dll
Event: 0.780 Loaded shared library C:\Users\jan\AppData\Local\Temp\lwjgljan\3.2.3-build-13\lwjgl_opengl.dll
Event: 0.785 Loaded shared library C:\Users\jan\AppData\Local\Temp\lwjgljan\3.2.3-build-13\lwjgl_opengl.dll
Event: 0.790 Loaded shared library C:\Users\jan\AppData\Local\Temp\lwjgljan\3.2.3-build-13\lwjgl_opengl.dll
Event: 0.790 Thread 0x000001ce04e77850 Thread exited: 0x000001ce04e77850
Event: 0.859 Loaded shared library C:\Users\jan\AppData\Local\Temp\lwjgljan\3.2.3-build-13\lwjgl_opengl.dll
Event: 0.864 Loaded shared library C:\Users\jan\AppData\Local\Temp\lwjgljan\3.2.3-build-13\lwjgl_opengl.dll
Event: 0.877 Loaded shared library C:\Users\jan\AppData\Local\Temp\lwjgljan\3.2.3-build-13\lwjgl.dll
Event: 0.880 Loaded shared library C:\Users\jan\AppData\Local\Temp\lwjgljan\3.2.3-build-13\lwjgl.dll
Event: 0.884 Loaded shared library C:\Users\jan\AppData\Local\Temp\lwjgljan\3.2.3-build-13\lwjgl_opengl.dll
Event: 0.889 Loaded shared library C:\Users\jan\AppData\Local\Temp\lwjgljan\3.2.3-build-13\lwjgl_opengl.dll
Event: 0.921 Loaded shared library C:\Users\jan\AppData\Local\Temp\lwjgljan\3.2.3-build-13\lwjgl_opengl.dll
Event: 0.926 Loaded shared library C:\Users\jan\AppData\Local\Temp\lwjgljan\3.2.3-build-13\lwjgl_opengl.dll
Event: 0.934 Loaded shared library C:\Users\jan\AppData\Local\Temp\lwjgljan\3.2.3-build-13\lwjgl.dll
Event: 1.190 loading class java/lang/NumberFormatException
Event: 1.190 loading class java/lang/NumberFormatException done
Event: 1.502 Executing VM operation: HandshakeAllThreads
Event: 1.502 Executing VM operation: HandshakeAllThreads done


Dynamic libraries:
0x00007ff7f52b0000 - 0x00007ff7f52bd000 	C:\Users\jan\.jdks\openjdk-15.0.1\bin\java.exe
0x00007fff28e50000 - 0x00007fff29045000 	C:\Windows\SYSTEM32\ntdll.dll
0x00007fff27c20000 - 0x00007fff27cdd000 	C:\Windows\System32\KERNEL32.DLL
0x00007fff26610000 - 0x00007fff268d8000 	C:\Windows\System32\KERNELBASE.dll
0x00007fff26a40000 - 0x00007fff26b40000 	C:\Windows\System32\ucrtbase.dll
0x00007ffee25e0000 - 0x00007ffee25f8000 	C:\Users\jan\.jdks\openjdk-15.0.1\bin\jli.dll
0x00007fff26f70000 - 0x00007fff27110000 	C:\Windows\System32\USER32.dll
0x00007fff26930000 - 0x00007fff26952000 	C:\Windows\System32\win32u.dll
0x00007fff27a40000 - 0x00007fff27a6a000 	C:\Windows\System32\GDI32.dll
0x00007fff26b40000 - 0x00007fff26c4b000 	C:\Windows\System32\gdi32full.dll
0x00007fff26cb0000 - 0x00007fff26d4d000 	C:\Windows\System32\msvcp_win.dll
0x00007ffee25c0000 - 0x00007ffee25d9000 	C:\Users\jan\.jdks\openjdk-15.0.1\bin\VCRUNTIME140.dll
0x00007fff148a0000 - 0x00007fff14b3a000 	C:\Windows\WinSxS\amd64_microsoft.windows.common-controls_6595b64144ccf1df_6.0.19041.844_none_ca00b6081b84eb1d\COMCTL32.dll
0x00007fff27fa0000 - 0x00007fff2803e000 	C:\Windows\System32\msvcrt.dll
0x00007fff27240000 - 0x00007fff27270000 	C:\Windows\System32\IMM32.DLL
0x00007fff272e0000 - 0x00007fff2740b000 	C:\Windows\System32\RPCRT4.dll
0x00007fff28c80000 - 0x00007fff28d2c000 	C:\Windows\System32\ADVAPI32.dll
0x00007fff283b0000 - 0x00007fff2844b000 	C:\Windows\System32\sechost.dll
0x00007fff28470000 - 0x00007fff28bb2000 	C:\Windows\System32\SHELL32.dll
0x00007fff28040000 - 0x00007fff28395000 	C:\Windows\System32\combase.dll
0x00007fff27570000 - 0x00007fff275c5000 	C:\Windows\System32\SHLWAPI.dll
0x00007fff252d0000 - 0x00007fff25303000 	C:\Windows\SYSTEM32\ntmarta.dll
0x00007fff26450000 - 0x00007fff26481000 	C:\Windows\SYSTEM32\SspiCli.dll
0x00007fff24700000 - 0x00007fff24e90000 	C:\Windows\SYSTEM32\windows.storage.dll
0x00007fff25f90000 - 0x00007fff25fbc000 	C:\Windows\SYSTEM32\Wldp.dll
0x00007fff27e00000 - 0x00007fff27eae000 	C:\Windows\System32\SHCORE.dll
0x00007ffef9e00000 - 0x00007ffef9e0c000 	C:\Users\jan\.jdks\openjdk-15.0.1\bin\vcruntime140_1.dll
0x00007ffee2520000 - 0x00007ffee25b1000 	C:\Users\jan\.jdks\openjdk-15.0.1\bin\msvcp140.dll
0x00007ffee19c0000 - 0x00007ffee251e000 	C:\Users\jan\.jdks\openjdk-15.0.1\bin\server\jvm.dll
0x00007fff28bc0000 - 0x00007fff28bc8000 	C:\Windows\System32\PSAPI.DLL
0x00007fff09db0000 - 0x00007fff09db9000 	C:\Windows\SYSTEM32\WSOCK32.dll
0x00007fff27f30000 - 0x00007fff27f9b000 	C:\Windows\System32\WS2_32.dll
0x00007fff1c910000 - 0x00007fff1c937000 	C:\Windows\SYSTEM32\WINMM.dll
0x00007fff1fae0000 - 0x00007fff1faea000 	C:\Windows\SYSTEM32\VERSION.dll
0x00007fff24500000 - 0x00007fff24512000 	C:\Windows\SYSTEM32\kernel.appcore.dll
0x00007ffee49c0000 - 0x00007ffee49ca000 	C:\Users\jan\.jdks\openjdk-15.0.1\bin\jimage.dll
0x00007fff1ed00000 - 0x00007fff1eee4000 	C:\Windows\SYSTEM32\DBGHELP.DLL
0x00007fff19da0000 - 0x00007fff19dcc000 	C:\Windows\SYSTEM32\dbgcore.DLL
0x00007fff26590000 - 0x00007fff26610000 	C:\Windows\System32\bcryptPrimitives.dll
0x00007ffee1990000 - 0x00007ffee19b5000 	C:\Users\jan\.jdks\openjdk-15.0.1\bin\java.dll
0x00007fff264d0000 - 0x00007fff264ef000 	C:\Windows\SYSTEM32\profapi.dll
0x00007ffee1970000 - 0x00007ffee1989000 	C:\Users\jan\.jdks\openjdk-15.0.1\bin\net.dll
0x00007fff17c30000 - 0x00007fff17d3b000 	C:\Windows\SYSTEM32\WINHTTP.dll
0x00007fff25ca0000 - 0x00007fff25d0a000 	C:\Windows\system32\mswsock.dll
0x00007ffee1950000 - 0x00007ffee1962000 	C:\Users\jan\.jdks\openjdk-15.0.1\bin\nio.dll
0x00007ffee1930000 - 0x00007ffee1948000 	C:\Users\jan\.jdks\openjdk-15.0.1\bin\zip.dll
0x00007fff14bd0000 - 0x00007fff14c34000 	C:\Users\jan\AppData\Local\Temp\lwjgljan\3.2.3-build-13\lwjgl.dll
0x00007fff13960000 - 0x00007fff139c2000 	C:\Users\jan\AppData\Local\Temp\lwjgljan\3.2.3-build-13\glfw.dll
0x00007fff24040000 - 0x00007fff240de000 	C:\Windows\system32\uxtheme.dll
0x00007fff14c80000 - 0x00007fff14cc5000 	C:\Windows\SYSTEM32\dinput8.dll
0x00007fff14bb0000 - 0x00007fff14bc1000 	C:\Windows\SYSTEM32\xinput1_4.dll
0x00007fff268e0000 - 0x00007fff2692e000 	C:\Windows\System32\cfgmgr32.dll
0x00007fff26340000 - 0x00007fff2636c000 	C:\Windows\SYSTEM32\DEVOBJ.dll
0x00007fff24320000 - 0x00007fff2434f000 	C:\Windows\SYSTEM32\dwmapi.dll
0x00007fff19f90000 - 0x00007fff1a0e2000 	C:\Windows\SYSTEM32\inputhost.dll
0x00007fff274a0000 - 0x00007fff2756d000 	C:\Windows\System32\OLEAUT32.dll
0x00007fff23b70000 - 0x00007fff23c62000 	C:\Windows\SYSTEM32\CoreMessaging.dll
0x00007fff221d0000 - 0x00007fff222c7000 	C:\Windows\SYSTEM32\PROPSYS.dll
0x00007fff23120000 - 0x00007fff23274000 	C:\Windows\SYSTEM32\wintypes.dll
0x00007fff23810000 - 0x00007fff23b6e000 	C:\Windows\SYSTEM32\CoreUIComponents.dll
0x00007fff27ce0000 - 0x00007fff27df5000 	C:\Windows\System32\MSCTF.dll
0x00007fff24e90000 - 0x00007fff24e9d000 	C:\Windows\SYSTEM32\HID.DLL
0x00007fff275d0000 - 0x00007fff27a39000 	C:\Windows\System32\SETUPAPI.DLL
0x00007fff26960000 - 0x00007fff26987000 	C:\Windows\System32\bcrypt.dll
0x00007fff26c50000 - 0x00007fff26cb0000 	C:\Windows\System32\WINTRUST.dll
0x00007fff26d50000 - 0x00007fff26eaf000 	C:\Windows\System32\CRYPT32.dll
0x00007fff26110000 - 0x00007fff26122000 	C:\Windows\SYSTEM32\MSASN1.dll
0x00007ffee4150000 - 0x00007ffee4276000 	C:\Windows\SYSTEM32\opengl32.dll
0x00007fff06e80000 - 0x00007fff06eac000 	C:\Windows\SYSTEM32\GLU32.dll
0x00007fff28bd0000 - 0x00007fff28c79000 	C:\Windows\System32\clbcatq.dll
0x00007ffeba5e0000 - 0x00007ffeba60b000 	C:\Windows\System32\DriverStore\FileRepository\u0367126.inf_amd64_0be600f035c9a672\B367016\atig6pxx.dll
0x00007ffeac6f0000 - 0x00007ffeaf4dd000 	C:\Windows\System32\DriverStore\FileRepository\u0367126.inf_amd64_0be600f035c9a672\B367016\atio6axx.dll
0x00007fff27110000 - 0x00007fff2723a000 	C:\Windows\System32\ole32.dll
0x00007fff06e50000 - 0x00007fff06e74000 	C:\Windows\SYSTEM32\dxva2.dll
0x00007ffec4aa0000 - 0x00007ffec4adc000 	C:\Windows\System32\DriverStore\FileRepository\u0367126.inf_amd64_0be600f035c9a672\B367016\atig6txx.dll
0x00007ffed1fa0000 - 0x00007ffed2153000 	C:\Windows\SYSTEM32\atiadlxx.dll
0x00007ffef31f0000 - 0x00007ffef3244000 	C:\Windows\SYSTEM32\pdh.dll
0x00007fff1d8a0000 - 0x00007fff1d8db000 	C:\Windows\SYSTEM32\dxcore.dll
0x00007fff1a0f0000 - 0x00007fff1a1e9000 	C:\Windows\SYSTEM32\textinputframework.dll
0x00007fff13900000 - 0x00007fff13959000 	C:\Users\jan\AppData\Local\Temp\lwjgljan\3.2.3-build-13\lwjgl_opengl.dll
0x00007ffee1920000 - 0x00007ffee1930000 	C:\Users\jan\.jdks\openjdk-15.0.1\bin\verify.dll

dbghelp: loaded successfully - version: 4.0.5 - missing functions: none
symbol engine: initialized successfully - sym options: 0x614 - pdb path: .;C:\Users\jan\.jdks\openjdk-15.0.1\bin;C:\Windows\SYSTEM32;C:\Windows\WinSxS\amd64_microsoft.windows.common-controls_6595b64144ccf1df_6.0.19041.844_none_ca00b6081b84eb1d;C:\Users\jan\.jdks\openjdk-15.0.1\bin\server;C:\Users\jan\AppData\Local\Temp\lwjgljan\3.2.3-build-13;C:\Windows\System32\DriverStore\FileRepository\u0367126.inf_amd64_0be600f035c9a672\B367016

VM Arguments:
jvm_args: -Dfile.encoding=windows-1252 -Duser.country=US -Duser.language=en -Duser.variant 
java_command: educanet.Main
java_class_path (initial): C:\Users\jan\IdeaProjects\kolize-moje\Matrix\build\classes\java\main;C:\Users\jan\IdeaProjects\kolize-moje\Matrix\build\resources\main;C:\Users\jan\.gradle\caches\modules-2\files-2.1\org.lwjgl\lwjgl-assimp\3.2.3\f62aa07a20afbdd3097efc296c4841e0d29700eb\lwjgl-assimp-3.2.3.jar;C:\Users\jan\.gradle\caches\modules-2\files-2.1\org.lwjgl\lwjgl-assimp\3.2.3\4e60aeb75f0343c4a9ede4ef8b6b32ca702a00a3\lwjgl-assimp-3.2.3-natives-windows.jar;C:\Users\jan\.gradle\caches\modules-2\files-2.1\org.lwjgl\lwjgl-glfw\3.2.3\5e520d5c290c8b012545a8d34fa5db5ab051ea53\lwjgl-glfw-3.2.3.jar;C:\Users\jan\.gradle\caches\modules-2\files-2.1\org.lwjgl\lwjgl-glfw\3.2.3\b4d8a3477cdc2edcf7a5f1e822926be846223f54\lwjgl-glfw-3.2.3-natives-windows.jar;C:\Users\jan\.gradle\caches\modules-2\files-2.1\org.lwjgl\lwjgl-openal\3.2.3\106742e805803ab9eab8e343f0fb31a3d263903c\lwjgl-openal-3.2.3.jar;C:\Users\jan\.gradle\caches\modules-2\files-2.1\org.lwjgl\lwjgl-openal\3.2.3\ec898e8ce11b5886f4f532a1536283ef2817758d\lwjgl-openal-3.2.3-natives-windows.jar;C:\Users\jan\.gradle\caches\modules-2\files-2.1\org.lwjgl\lwjgl-opengl\3.2.3\bdd534a323d0c8f54969b95e424b6ac8984f7d6e\lwjgl-opengl-3.2.3.jar;C:\Users\jan\.gradle\caches\modules-2\files-2.1\org.lwjgl\lwjgl-opengl\3.2.3\e81cfc73ec8708e5e791ed770e4ec3edfc1bbab1\lwjgl-opengl-3.2.3-natives-windows.jar;C:\Users\jan\.gradle\caches\modules-2\files-2.1\org.lwjgl\lwjgl-stb\3.2.3\40eccaa4fa86fc815f2e17946a392fb5fdcc286a\lwjgl-stb-3.2.3.jar;C:\Users\jan\.gradle\caches\modules-2\files-2.1\org.lwjgl\lwjgl-stb\3.2.3\817b21ec286f0ba3dcedb56a3bd275e6a9345be9\lwjgl-stb-3.2.3-natives-windows.jar;C:\Users\jan\.gradle\caches\modules-2\files-2.1\org.lwjgl\lwjgl\3.2.3\17a59ba0fe8d474ec9dbe0d5db40d2cfe59c4c08\lwjgl-3.2.3.jar;C:\Users\jan\.gradle\caches\modules-2\files-2.1\org.lwjgl\lwjgl\3.2.3\27f32cd35349684745951e04388e8e00d681cdcd\lwjgl-3.2.3-natives-windows.jar;C:\Users\jan\.gradle\caches\modules-2\files-2.1\org.joml\joml\1.10.0\a29b8bf72dc1478e9ceea256db2
Launcher Type: SUN_STANDARD

[Global flags]
     intx CICompilerCount                          = 3                                         {product} {ergonomic}
     uint ConcGCThreads                            = 2                                         {product} {ergonomic}
     uint G1ConcRefinementThreads                  = 6                                         {product} {ergonomic}
   size_t G1HeapRegionSize                         = 2097152                                   {product} {ergonomic}
    uintx GCDrainStackTargetSize                   = 64                                        {product} {ergonomic}
   size_t InitialHeapSize                          = 268435456                                 {product} {ergonomic}
   size_t MarkStackSize                            = 4194304                                   {product} {ergonomic}
   size_t MaxHeapSize                              = 4273995776                                {product} {ergonomic}
   size_t MaxNewSize                               = 2562719744                                {product} {ergonomic}
   size_t MinHeapDeltaBytes                        = 2097152                                   {product} {ergonomic}
   size_t MinHeapSize                              = 8388608                                   {product} {ergonomic}
    uintx NonNMethodCodeHeapSize                   = 5832780                                {pd product} {ergonomic}
    uintx NonProfiledCodeHeapSize                  = 122912730                              {pd product} {ergonomic}
    uintx ProfiledCodeHeapSize                     = 122912730                              {pd product} {ergonomic}
    uintx ReservedCodeCacheSize                    = 251658240                              {pd product} {ergonomic}
     bool SegmentedCodeCache                       = true                                      {product} {ergonomic}
   size_t SoftMaxHeapSize                          = 4273995776                             {manageable} {ergonomic}
     bool UseCompressedClassPointers               = true                                 {lp64_product} {ergonomic}
     bool UseCompressedOops                        = true                                 {lp64_product} {ergonomic}
     bool UseG1GC                                  = true                                      {product} {ergonomic}
     bool UseLargePagesIndividualAllocation        = false                                  {pd product} {ergonomic}

Logging:
Log output configuration:
 #0: stdout all=warning uptime,level,tags
 #1: stderr all=off uptime,level,tags

Environment Variables:
JAVA_HOME=C:\Users\jan\.jdks\openjdk-15.0.1
CLASSPATH=C:\Users\jan\IdeaProjects\Battleships3\json-simple-1-1-1\json-simple-1.1.1.jar
PATH=C:\Python39\Scripts\;C:\Python39\;C:\Windows\system32;C:\Windows;C:\Windows\System32\Wbem;C:\Windows\System32\WindowsPowerShell\v1.0\;C:\Windows\System32\OpenSSH\;C:\Program Files\nodejs\;C:\ProgramData\chocolatey\bin;C:\Program Files\Git\cmd;C:\Program Files\TortoiseGit\bin;C:\Users\jan\apache-maven-3.6.3\bin;C:\Users\jan\AppData\Local\Microsoft\WindowsApps;C:\Program Files\JetBrains\PhpStorm 2020.2.2\bin;;C:\Users\jan\AppData\Roaming\npm;C:\Program Files\JetBrains\IntelliJ IDEA 2020.2.3\bin;;C:\tools\dart-sdk\bin;C:\Users\jan\AppData\Roaming\Pub\Cache\bin;C:\Users\jan\apache-maven-3.6.3\bin;C:\Users\jan\AppData\Local\GitHubDesktop\bin;C:\Users\jan\AppData\Roaming\npm;C:\Users\jan\AppData\Roaming\npm\node_modules\@angular\cli\bin;
USERNAME=jan
OS=Windows_NT
PROCESSOR_IDENTIFIER=Intel64 Family 6 Model 158 Stepping 10, GenuineIntel



---------------  S Y S T E M  ---------------

OS:
 Windows 10 , 64 bit Build 19041 (10.0.19041.928)
OS uptime: 0 days 1:00 hours

CPU: total 6 (initial active 6) (6 cores per cpu, 1 threads per core) family 6 model 158 stepping 10 microcode 0xb4, cmov, cx8, fxsr, mmx, sse, sse2, sse3, ssse3, sse4.1, sse4.2, popcnt, vzeroupper, avx, avx2, aes, clmul, erms, 3dnowpref, lzcnt, tsc, tscinvbit, bmi1, bmi2, adx, fma, clflush, clflushopt

Memory: 4k page, system-wide physical 16300M (8364M free)
TotalPageFile size 21676M (AvailPageFile size 9498M)
current process WorkingSet (physical memory assigned to process): 104M, peak: 104M
current process commit charge ("private bytes"): 442M, peak: 442M

vm_info: OpenJDK 64-Bit Server VM (15.0.1+9-18) for windows-amd64 JRE (15.0.1+9-18), built on Sep 15 2020 14:39:31 by "mach5one" with unknown MS VC++:1925

END.
