#
# A fatal error has been detected by the Java Runtime Environment:
#
#  EXCEPTION_ACCESS_VIOLATION (0xc0000005) at pc=0x00007ffec4ab867c, pid=2580, tid=1920
#
# JRE version: OpenJDK Runtime Environment (15.0.1+9) (build 15.0.1+9-18)
# Java VM: OpenJDK 64-Bit Server VM (15.0.1+9-18, mixed mode, sharing, tiered, compressed oops, g1 gc, windows-amd64)
# Problematic frame:
# C  [atig6txx.dll+0x1867c]
#
# No core dump will be written. Minidumps are not enabled by default on client versions of Windows
#
# If you would like to submit a bug report, please visit:
#   https://bugreport.java.com/bugreport/crash.jsp
# The crash happened outside the Java Virtual Machine in native code.
# See problematic frame for where to report the bug.
#

---------------  S U M M A R Y ------------

Command Line: -Dfile.encoding=windows-1252 -Duser.country=US -Duser.language=en -Duser.variant educanet.Main

Host: Intel(R) Core(TM) i5-9400F CPU @ 2.90GHz, 6 cores, 15G,  Windows 10 , 64 bit Build 19041 (10.0.19041.928)
Time: Fri May 28 11:54:42 2021 Central Europe Daylight Time elapsed time: 18.395557 seconds (0d 0h 0m 18s)

---------------  T H R E A D  ---------------

Current thread (0x000001967fd00390):  JavaThread "main" [_thread_in_native, id=1920, stack(0x0000007e6be00000,0x0000007e6bf00000)]

Stack: [0x0000007e6be00000,0x0000007e6bf00000],  sp=0x0000007e6befe810,  free space=1018k
Native frames: (J=compiled Java code, j=interpreted, Vv=VM code, C=native code)
C  [atig6txx.dll+0x1867c]

Java frames: (J=compiled Java code, j=interpreted, Vv=VM code)
J 770  org.lwjgl.system.JNI.invokeV(J)V (0 bytes) @ 0x000001960fc566f1 [0x000001960fc566a0+0x0000000000000051]
j  org.lwjgl.glfw.GLFW.glfwTerminate()V+5
j  educanet.Main.main([Ljava/lang/String;)V+267
v  ~StubRoutines::call_stub

siginfo: EXCEPTION_ACCESS_VIOLATION (0xc0000005), reading address 0xffffffffffffffff


Register to memory mapping:

RIP=0x00007ffec4ab867c atig6txx.dll
RAX=0x3f80000000000000 is an unknown value
RBX=0x000001962cc5dbc0 points into unknown readable memory: 0x3f80000000000000 | 00 00 00 00 00 00 80 3f
RCX=0x000001962cc5dbc0 points into unknown readable memory: 0x3f80000000000000 | 00 00 00 00 00 00 80 3f
RDX=0x0 is NULL
RSP=0x0000007e6befe810 is pointing into the stack for thread: 0x000001967fd00390
RBP=0x0000007e6befe908 is pointing into the stack for thread: 0x000001967fd00390
RSI=0x0000019624424fb0 points into unknown readable memory: 0x0000000000000001 | 01 00 00 00 00 00 00 00
RDI=0x0000019623dfd570 points into unknown readable memory: 0x0000000300000000 | 00 00 00 00 03 00 00 00
R8 =0x000000000000044d is an unknown value
R9 =0x000001962cdd04d0 points into unknown readable memory: 0x0000000000000000 | 00 00 00 00 00 00 00 00
R10=0x0 is NULL
R11=0x0000000000000246 is an unknown value
R12=0x000001962cc5dbc0 points into unknown readable memory: 0x3f80000000000000 | 00 00 00 00 00 00 80 3f
R13=0x0 is NULL
R14=0x0000000000000001 is an unknown value
R15=0x00000000c000000d is an unknown value


Registers:
RAX=0x3f80000000000000, RBX=0x000001962cc5dbc0, RCX=0x000001962cc5dbc0, RDX=0x0000000000000000
RSP=0x0000007e6befe810, RBP=0x0000007e6befe908, RSI=0x0000019624424fb0, RDI=0x0000019623dfd570
R8 =0x000000000000044d, R9 =0x000001962cdd04d0, R10=0x0000000000000000, R11=0x0000000000000246
R12=0x000001962cc5dbc0, R13=0x0000000000000000, R14=0x0000000000000001, R15=0x00000000c000000d
RIP=0x00007ffec4ab867c, EFLAGS=0x0000000000010246

Top of Stack: (sp=0x0000007e6befe810)
0x0000007e6befe810:   0000019625609590 00007fff28e747b1
0x0000007e6befe820:   0000000000000000 000001967db00000
0x0000007e6befe830:   000001962cdd04f0 00007ffec4ab8cd7
0x0000007e6befe840:   0000000000000000 00007ffeaed56400
0x0000007e6befe850:   00007ffeaed56400 00007ffeae2936bc
0x0000007e6befe860:   0000019623dfd570 00007ffec4ab8bf0
0x0000007e6befe870:   000000000000044d 0000007e6befe960
0x0000007e6befe880:   0000007e6befe960 00007ffeacfcb39e
0x0000007e6befe890:   0000000000000000 00007ffec4ab7dbc
0x0000007e6befe8a0:   0000000000000000 000001962393af80
0x0000007e6befe8b0:   000001962393af80 000001967db00150
0x0000007e6befe8c0:   0000000080001cc0 0000007e6befe950
0x0000007e6befe8d0:   0000000000000001 0000000000000000
0x0000007e6befe8e0:   0000000000000001 0000007e6befeab0
0x0000007e6befe8f0:   0000007e6befe950 0000007e6befe8c0
0x0000007e6befe900:   0000019625813490 0000000000000000 

Instructions: (pc=0x00007ffec4ab867c)
0x00007ffec4ab857c:   8b 82 a0 02 00 00 48 8d 4d 87 48 89 45 0f ff 15
0x00007ffec4ab858c:   70 b8 01 00 48 81 c4 f0 00 00 00 5d c3 cc cc cc
0x00007ffec4ab859c:   cc cc cc cc 48 83 ec 48 48 8b 02 8b 88 60 01 00
0x00007ffec4ab85ac:   00 48 8b 42 08 89 4c 24 20 8b 88 e0 00 00 00 8b
0x00007ffec4ab85bc:   42 1c 83 64 24 28 00 89 44 24 2c 48 8b 42 10 48
0x00007ffec4ab85cc:   89 44 24 30 8b 42 18 89 44 24 38 8b 42 20 89 4c
0x00007ffec4ab85dc:   24 24 48 8d 4c 24 20 89 44 24 3c ff 15 2b ba 01
0x00007ffec4ab85ec:   00 48 83 c4 48 c3 cc cc cc cc cc cc 48 85 c9 74
0x00007ffec4ab85fc:   27 53 48 83 ec 20 48 83 3d 96 ba 01 00 00 48 8b
0x00007ffec4ab860c:   d9 74 10 48 8b 01 33 d2 ff 50 28 48 8b cb e8 5d
0x00007ffec4ab861c:   65 00 00 48 83 c4 20 5b c3 cc cc cc cc cc cc cc
0x00007ffec4ab862c:   40 53 48 83 ec 20 48 8d 05 37 13 ff ff 48 8b d9
0x00007ffec4ab863c:   48 89 01 f6 c2 01 74 0a ba 18 00 00 00 e8 a6 46
0x00007ffec4ab864c:   00 00 48 8b c3 48 83 c4 20 5b c3 cc cc cc cc cc
0x00007ffec4ab865c:   cc cc cc cc 48 85 c9 74 26 53 48 83 ec 20 48 83
0x00007ffec4ab866c:   3d 2e ba 01 00 00 48 8b d9 74 0f 48 8b 01 33 d2
0x00007ffec4ab867c:   ff 10 48 8b cb e8 f6 64 00 00 48 83 c4 20 5b c3
0x00007ffec4ab868c:   cc cc cc cc cc cc cc cc 48 89 5c 24 08 57 48 83
0x00007ffec4ab869c:   ec 20 48 8b f9 33 db 48 8d 0d 46 76 01 00 ff 15
0x00007ffec4ab86ac:   88 f9 01 00 48 85 c0 74 19 48 8d 15 44 76 01 00
0x00007ffec4ab86bc:   48 8b c8 ff 15 f3 f9 01 00 48 85 c0 8d 4b 01 0f
0x00007ffec4ab86cc:   45 d9 c1 e3 0b 33 d2 44 8b c3 48 8b cf 48 8b 5c
0x00007ffec4ab86dc:   24 30 48 83 c4 20 5f 48 ff 25 46 f9 01 00 cc cc
0x00007ffec4ab86ec:   cc cc cc cc 40 53 48 83 ec 20 48 8d 05 7b 12 ff
0x00007ffec4ab86fc:   ff 48 8b d9 48 89 01 f6 c2 01 74 0a ba 10 00 00
0x00007ffec4ab870c:   00 e8 e2 45 00 00 48 8b c3 48 83 c4 20 5b c3 cc
0x00007ffec4ab871c:   cc cc cc cc cc cc cc cc 40 53 48 83 ec 20 48 8d
0x00007ffec4ab872c:   05 47 12 ff ff 48 8b d9 48 89 01 f6 c2 01 74 0a
0x00007ffec4ab873c:   ba 18 00 00 00 e8 ae 45 00 00 48 8b c3 48 83 c4
0x00007ffec4ab874c:   20 5b c3 cc cc cc cc cc cc cc cc cc 48 89 5c 24
0x00007ffec4ab875c:   08 48 89 74 24 10 48 89 7c 24 20 41 56 48 83 ec
0x00007ffec4ab876c:   20 48 8b f2 4c 8b f1 bf 01 00 00 00 33 db 49 8b 


Stack slot to memory mapping:
stack at sp + 0 slots: 0x0000019625609590 points into unknown readable memory: 0x0000000000000000 | 00 00 00 00 00 00 00 00
stack at sp + 1 slots: 0x00007fff28e747b1 ntdll.dll
stack at sp + 2 slots: 0x0 is NULL
stack at sp + 3 slots: 0x000001967db00000 points into unknown readable memory: 0x0000000000000000 | 00 00 00 00 00 00 00 00
stack at sp + 4 slots: 0x000001962cdd04f0 points into unknown readable memory: 0x000001962cc5dbc0 | c0 db c5 2c 96 01 00 00
stack at sp + 5 slots: 0x00007ffec4ab8cd7 atig6txx.dll
stack at sp + 6 slots: 0x0 is NULL
stack at sp + 7 slots: 0x00007ffeaed56400 atio6axx.dll


---------------  P R O C E S S  ---------------

Threads class SMR info:
_java_thread_list=0x00000196239a83b0, length=11, elements={
0x000001967fd00390, 0x0000019622ecc610, 0x0000019622ecd1e0, 0x0000019622ede700,
0x0000019622ee11d0, 0x0000019622ee1c80, 0x0000019622ee4f30, 0x0000019622eeaee0,
0x0000019622eed400, 0x00000196239ab2d0, 0x00000196239b0ad0
}

Java Threads: ( => current thread )
=>0x000001967fd00390 JavaThread "main" [_thread_in_native, id=1920, stack(0x0000007e6be00000,0x0000007e6bf00000)]
  0x0000019622ecc610 JavaThread "Reference Handler" daemon [_thread_blocked, id=7088, stack(0x0000007e6c500000,0x0000007e6c600000)]
  0x0000019622ecd1e0 JavaThread "Finalizer" daemon [_thread_blocked, id=6016, stack(0x0000007e6c600000,0x0000007e6c700000)]
  0x0000019622ede700 JavaThread "Signal Dispatcher" daemon [_thread_blocked, id=2852, stack(0x0000007e6c700000,0x0000007e6c800000)]
  0x0000019622ee11d0 JavaThread "Attach Listener" daemon [_thread_blocked, id=516, stack(0x0000007e6c800000,0x0000007e6c900000)]
  0x0000019622ee1c80 JavaThread "Service Thread" daemon [_thread_blocked, id=6436, stack(0x0000007e6c900000,0x0000007e6ca00000)]
  0x0000019622ee4f30 JavaThread "C2 CompilerThread0" daemon [_thread_blocked, id=3636, stack(0x0000007e6ca00000,0x0000007e6cb00000)]
  0x0000019622eeaee0 JavaThread "C1 CompilerThread0" daemon [_thread_blocked, id=1592, stack(0x0000007e6cb00000,0x0000007e6cc00000)]
  0x0000019622eed400 JavaThread "Sweeper thread" daemon [_thread_blocked, id=6048, stack(0x0000007e6cc00000,0x0000007e6cd00000)]
  0x00000196239ab2d0 JavaThread "Notification Thread" daemon [_thread_blocked, id=3244, stack(0x0000007e6cd00000,0x0000007e6ce00000)]
  0x00000196239b0ad0 JavaThread "Common-Cleaner" daemon [_thread_blocked, id=10568, stack(0x0000007e6cf00000,0x0000007e6d000000)]

Other Threads:
  0x0000019622ec7d80 VMThread "VM Thread" [stack: 0x0000007e6c400000,0x0000007e6c500000] [id=6320]
  0x00000196239ab7a0 WatcherThread [stack: 0x0000007e6ce00000,0x0000007e6cf00000] [id=9572]
  0x000001967fd4df80 GCTaskThread "GC Thread#0" [stack: 0x0000007e6bf00000,0x0000007e6c000000] [id=4932]
  0x000001967fd5ffa0 ConcurrentGCThread "G1 Main Marker" [stack: 0x0000007e6c000000,0x0000007e6c100000] [id=1876]
  0x000001967fd61330 ConcurrentGCThread "G1 Conc#0" [stack: 0x0000007e6c100000,0x0000007e6c200000] [id=2892]
  0x0000019622dbf4c0 ConcurrentGCThread "G1 Refine#0" [stack: 0x0000007e6c200000,0x0000007e6c300000] [id=11896]
  0x0000019622dc00c0 ConcurrentGCThread "G1 Young RemSet Sampling" [stack: 0x0000007e6c300000,0x0000007e6c400000] [id=4988]

Threads with active compile tasks:

VM state: not at safepoint (normal execution)

VM Mutex/Monitor currently owned by a thread: None

Heap address: 0x0000000701400000, size: 4076 MB, Compressed Oops mode: Zero based, Oop shift amount: 3
CDS archive(s) mapped at: [0x0000000800000000-0x0000000800b50000-0x0000000800b50000), size 11862016, SharedBaseAddress: 0x0000000800000000, ArchiveRelocationMode: 0.
Compressed class space mapped at: 0x0000000800b50000-0x0000000840b50000, size: 1073741824
Narrow klass base: 0x0000000800000000, Narrow klass shift: 3, Narrow klass range: 0x100000000

GC Precious Log:
 CPUs: 6 total, 6 available
 Memory: 16300M
 Large Page Support: Disabled
 NUMA Support: Disabled
 Compressed Oops: Enabled (Zero based)
 Heap Region Size: 2M
 Heap Min Capacity: 8M
 Heap Initial Capacity: 256M
 Heap Max Capacity: 4076M
 Pre-touch: Disabled
 Parallel Workers: 6
 Concurrent Workers: 2
 Concurrent Refinement Workers: 6
 Periodic GC: Disabled

Heap:
 garbage-first heap   total 262144K, used 16384K [0x0000000701400000, 0x0000000800000000)
  region size 2048K, 9 young (18432K), 0 survivors (0K)
 Metaspace       used 7120K, capacity 9924K, committed 10112K, reserved 1058816K
  class space    used 333K, capacity 605K, committed 640K, reserved 1048576K

Heap Regions: E=young(eden), S=young(survivor), O=old, HS=humongous(starts), HC=humongous(continues), CS=collection set, F=free, OA=open archive, CA=closed archive, TAMS=top-at-mark-start (previous, next)
|   0|0x0000000701400000, 0x0000000701400000, 0x0000000701600000|  0%| F|  |TAMS 0x0000000701400000, 0x0000000701400000| Untracked 
|   1|0x0000000701600000, 0x0000000701600000, 0x0000000701800000|  0%| F|  |TAMS 0x0000000701600000, 0x0000000701600000| Untracked 
|   2|0x0000000701800000, 0x0000000701800000, 0x0000000701a00000|  0%| F|  |TAMS 0x0000000701800000, 0x0000000701800000| Untracked 
|   3|0x0000000701a00000, 0x0000000701a00000, 0x0000000701c00000|  0%| F|  |TAMS 0x0000000701a00000, 0x0000000701a00000| Untracked 
|   4|0x0000000701c00000, 0x0000000701c00000, 0x0000000701e00000|  0%| F|  |TAMS 0x0000000701c00000, 0x0000000701c00000| Untracked 
|   5|0x0000000701e00000, 0x0000000701e00000, 0x0000000702000000|  0%| F|  |TAMS 0x0000000701e00000, 0x0000000701e00000| Untracked 
|   6|0x0000000702000000, 0x0000000702000000, 0x0000000702200000|  0%| F|  |TAMS 0x0000000702000000, 0x0000000702000000| Untracked 
|   7|0x0000000702200000, 0x0000000702200000, 0x0000000702400000|  0%| F|  |TAMS 0x0000000702200000, 0x0000000702200000| Untracked 
|   8|0x0000000702400000, 0x0000000702400000, 0x0000000702600000|  0%| F|  |TAMS 0x0000000702400000, 0x0000000702400000| Untracked 
|   9|0x0000000702600000, 0x0000000702600000, 0x0000000702800000|  0%| F|  |TAMS 0x0000000702600000, 0x0000000702600000| Untracked 
|  10|0x0000000702800000, 0x0000000702800000, 0x0000000702a00000|  0%| F|  |TAMS 0x0000000702800000, 0x0000000702800000| Untracked 
|  11|0x0000000702a00000, 0x0000000702a00000, 0x0000000702c00000|  0%| F|  |TAMS 0x0000000702a00000, 0x0000000702a00000| Untracked 
|  12|0x0000000702c00000, 0x0000000702c00000, 0x0000000702e00000|  0%| F|  |TAMS 0x0000000702c00000, 0x0000000702c00000| Untracked 
|  13|0x0000000702e00000, 0x0000000702e00000, 0x0000000703000000|  0%| F|  |TAMS 0x0000000702e00000, 0x0000000702e00000| Untracked 
|  14|0x0000000703000000, 0x0000000703000000, 0x0000000703200000|  0%| F|  |TAMS 0x0000000703000000, 0x0000000703000000| Untracked 
|  15|0x0000000703200000, 0x0000000703200000, 0x0000000703400000|  0%| F|  |TAMS 0x0000000703200000, 0x0000000703200000| Untracked 
|  16|0x0000000703400000, 0x0000000703400000, 0x0000000703600000|  0%| F|  |TAMS 0x0000000703400000, 0x0000000703400000| Untracked 
|  17|0x0000000703600000, 0x0000000703600000, 0x0000000703800000|  0%| F|  |TAMS 0x0000000703600000, 0x0000000703600000| Untracked 
|  18|0x0000000703800000, 0x0000000703800000, 0x0000000703a00000|  0%| F|  |TAMS 0x0000000703800000, 0x0000000703800000| Untracked 
|  19|0x0000000703a00000, 0x0000000703a00000, 0x0000000703c00000|  0%| F|  |TAMS 0x0000000703a00000, 0x0000000703a00000| Untracked 
|  20|0x0000000703c00000, 0x0000000703c00000, 0x0000000703e00000|  0%| F|  |TAMS 0x0000000703c00000, 0x0000000703c00000| Untracked 
|  21|0x0000000703e00000, 0x0000000703e00000, 0x0000000704000000|  0%| F|  |TAMS 0x0000000703e00000, 0x0000000703e00000| Untracked 
|  22|0x0000000704000000, 0x0000000704000000, 0x0000000704200000|  0%| F|  |TAMS 0x0000000704000000, 0x0000000704000000| Untracked 
|  23|0x0000000704200000, 0x0000000704200000, 0x0000000704400000|  0%| F|  |TAMS 0x0000000704200000, 0x0000000704200000| Untracked 
|  24|0x0000000704400000, 0x0000000704400000, 0x0000000704600000|  0%| F|  |TAMS 0x0000000704400000, 0x0000000704400000| Untracked 
|  25|0x0000000704600000, 0x0000000704600000, 0x0000000704800000|  0%| F|  |TAMS 0x0000000704600000, 0x0000000704600000| Untracked 
|  26|0x0000000704800000, 0x0000000704800000, 0x0000000704a00000|  0%| F|  |TAMS 0x0000000704800000, 0x0000000704800000| Untracked 
|  27|0x0000000704a00000, 0x0000000704a00000, 0x0000000704c00000|  0%| F|  |TAMS 0x0000000704a00000, 0x0000000704a00000| Untracked 
|  28|0x0000000704c00000, 0x0000000704c00000, 0x0000000704e00000|  0%| F|  |TAMS 0x0000000704c00000, 0x0000000704c00000| Untracked 
|  29|0x0000000704e00000, 0x0000000704e00000, 0x0000000705000000|  0%| F|  |TAMS 0x0000000704e00000, 0x0000000704e00000| Untracked 
|  30|0x0000000705000000, 0x0000000705000000, 0x0000000705200000|  0%| F|  |TAMS 0x0000000705000000, 0x0000000705000000| Untracked 
|  31|0x0000000705200000, 0x0000000705200000, 0x0000000705400000|  0%| F|  |TAMS 0x0000000705200000, 0x0000000705200000| Untracked 
|  32|0x0000000705400000, 0x0000000705400000, 0x0000000705600000|  0%| F|  |TAMS 0x0000000705400000, 0x0000000705400000| Untracked 
|  33|0x0000000705600000, 0x0000000705600000, 0x0000000705800000|  0%| F|  |TAMS 0x0000000705600000, 0x0000000705600000| Untracked 
|  34|0x0000000705800000, 0x0000000705800000, 0x0000000705a00000|  0%| F|  |TAMS 0x0000000705800000, 0x0000000705800000| Untracked 
|  35|0x0000000705a00000, 0x0000000705a00000, 0x0000000705c00000|  0%| F|  |TAMS 0x0000000705a00000, 0x0000000705a00000| Untracked 
|  36|0x0000000705c00000, 0x0000000705c00000, 0x0000000705e00000|  0%| F|  |TAMS 0x0000000705c00000, 0x0000000705c00000| Untracked 
|  37|0x0000000705e00000, 0x0000000705e00000, 0x0000000706000000|  0%| F|  |TAMS 0x0000000705e00000, 0x0000000705e00000| Untracked 
|  38|0x0000000706000000, 0x0000000706000000, 0x0000000706200000|  0%| F|  |TAMS 0x0000000706000000, 0x0000000706000000| Untracked 
|  39|0x0000000706200000, 0x0000000706200000, 0x0000000706400000|  0%| F|  |TAMS 0x0000000706200000, 0x0000000706200000| Untracked 
|  40|0x0000000706400000, 0x0000000706400000, 0x0000000706600000|  0%| F|  |TAMS 0x0000000706400000, 0x0000000706400000| Untracked 
|  41|0x0000000706600000, 0x0000000706600000, 0x0000000706800000|  0%| F|  |TAMS 0x0000000706600000, 0x0000000706600000| Untracked 
|  42|0x0000000706800000, 0x0000000706800000, 0x0000000706a00000|  0%| F|  |TAMS 0x0000000706800000, 0x0000000706800000| Untracked 
|  43|0x0000000706a00000, 0x0000000706a00000, 0x0000000706c00000|  0%| F|  |TAMS 0x0000000706a00000, 0x0000000706a00000| Untracked 
|  44|0x0000000706c00000, 0x0000000706c00000, 0x0000000706e00000|  0%| F|  |TAMS 0x0000000706c00000, 0x0000000706c00000| Untracked 
|  45|0x0000000706e00000, 0x0000000706e00000, 0x0000000707000000|  0%| F|  |TAMS 0x0000000706e00000, 0x0000000706e00000| Untracked 
|  46|0x0000000707000000, 0x0000000707000000, 0x0000000707200000|  0%| F|  |TAMS 0x0000000707000000, 0x0000000707000000| Untracked 
|  47|0x0000000707200000, 0x0000000707200000, 0x0000000707400000|  0%| F|  |TAMS 0x0000000707200000, 0x0000000707200000| Untracked 
|  48|0x0000000707400000, 0x0000000707400000, 0x0000000707600000|  0%| F|  |TAMS 0x0000000707400000, 0x0000000707400000| Untracked 
|  49|0x0000000707600000, 0x0000000707600000, 0x0000000707800000|  0%| F|  |TAMS 0x0000000707600000, 0x0000000707600000| Untracked 
|  50|0x0000000707800000, 0x0000000707800000, 0x0000000707a00000|  0%| F|  |TAMS 0x0000000707800000, 0x0000000707800000| Untracked 
|  51|0x0000000707a00000, 0x0000000707a00000, 0x0000000707c00000|  0%| F|  |TAMS 0x0000000707a00000, 0x0000000707a00000| Untracked 
|  52|0x0000000707c00000, 0x0000000707c00000, 0x0000000707e00000|  0%| F|  |TAMS 0x0000000707c00000, 0x0000000707c00000| Untracked 
|  53|0x0000000707e00000, 0x0000000707e00000, 0x0000000708000000|  0%| F|  |TAMS 0x0000000707e00000, 0x0000000707e00000| Untracked 
|  54|0x0000000708000000, 0x0000000708000000, 0x0000000708200000|  0%| F|  |TAMS 0x0000000708000000, 0x0000000708000000| Untracked 
|  55|0x0000000708200000, 0x0000000708200000, 0x0000000708400000|  0%| F|  |TAMS 0x0000000708200000, 0x0000000708200000| Untracked 
|  56|0x0000000708400000, 0x0000000708400000, 0x0000000708600000|  0%| F|  |TAMS 0x0000000708400000, 0x0000000708400000| Untracked 
|  57|0x0000000708600000, 0x0000000708600000, 0x0000000708800000|  0%| F|  |TAMS 0x0000000708600000, 0x0000000708600000| Untracked 
|  58|0x0000000708800000, 0x0000000708800000, 0x0000000708a00000|  0%| F|  |TAMS 0x0000000708800000, 0x0000000708800000| Untracked 
|  59|0x0000000708a00000, 0x0000000708a00000, 0x0000000708c00000|  0%| F|  |TAMS 0x0000000708a00000, 0x0000000708a00000| Untracked 
|  60|0x0000000708c00000, 0x0000000708c00000, 0x0000000708e00000|  0%| F|  |TAMS 0x0000000708c00000, 0x0000000708c00000| Untracked 
|  61|0x0000000708e00000, 0x0000000708e00000, 0x0000000709000000|  0%| F|  |TAMS 0x0000000708e00000, 0x0000000708e00000| Untracked 
|  62|0x0000000709000000, 0x0000000709000000, 0x0000000709200000|  0%| F|  |TAMS 0x0000000709000000, 0x0000000709000000| Untracked 
|  63|0x0000000709200000, 0x0000000709200000, 0x0000000709400000|  0%| F|  |TAMS 0x0000000709200000, 0x0000000709200000| Untracked 
|  64|0x0000000709400000, 0x0000000709400000, 0x0000000709600000|  0%| F|  |TAMS 0x0000000709400000, 0x0000000709400000| Untracked 
|  65|0x0000000709600000, 0x0000000709600000, 0x0000000709800000|  0%| F|  |TAMS 0x0000000709600000, 0x0000000709600000| Untracked 
|  66|0x0000000709800000, 0x0000000709800000, 0x0000000709a00000|  0%| F|  |TAMS 0x0000000709800000, 0x0000000709800000| Untracked 
|  67|0x0000000709a00000, 0x0000000709a00000, 0x0000000709c00000|  0%| F|  |TAMS 0x0000000709a00000, 0x0000000709a00000| Untracked 
|  68|0x0000000709c00000, 0x0000000709c00000, 0x0000000709e00000|  0%| F|  |TAMS 0x0000000709c00000, 0x0000000709c00000| Untracked 
|  69|0x0000000709e00000, 0x0000000709e00000, 0x000000070a000000|  0%| F|  |TAMS 0x0000000709e00000, 0x0000000709e00000| Untracked 
|  70|0x000000070a000000, 0x000000070a000000, 0x000000070a200000|  0%| F|  |TAMS 0x000000070a000000, 0x000000070a000000| Untracked 
|  71|0x000000070a200000, 0x000000070a200000, 0x000000070a400000|  0%| F|  |TAMS 0x000000070a200000, 0x000000070a200000| Untracked 
|  72|0x000000070a400000, 0x000000070a400000, 0x000000070a600000|  0%| F|  |TAMS 0x000000070a400000, 0x000000070a400000| Untracked 
|  73|0x000000070a600000, 0x000000070a600000, 0x000000070a800000|  0%| F|  |TAMS 0x000000070a600000, 0x000000070a600000| Untracked 
|  74|0x000000070a800000, 0x000000070a800000, 0x000000070aa00000|  0%| F|  |TAMS 0x000000070a800000, 0x000000070a800000| Untracked 
|  75|0x000000070aa00000, 0x000000070aa00000, 0x000000070ac00000|  0%| F|  |TAMS 0x000000070aa00000, 0x000000070aa00000| Untracked 
|  76|0x000000070ac00000, 0x000000070ac00000, 0x000000070ae00000|  0%| F|  |TAMS 0x000000070ac00000, 0x000000070ac00000| Untracked 
|  77|0x000000070ae00000, 0x000000070ae00000, 0x000000070b000000|  0%| F|  |TAMS 0x000000070ae00000, 0x000000070ae00000| Untracked 
|  78|0x000000070b000000, 0x000000070b000000, 0x000000070b200000|  0%| F|  |TAMS 0x000000070b000000, 0x000000070b000000| Untracked 
|  79|0x000000070b200000, 0x000000070b200000, 0x000000070b400000|  0%| F|  |TAMS 0x000000070b200000, 0x000000070b200000| Untracked 
|  80|0x000000070b400000, 0x000000070b400000, 0x000000070b600000|  0%| F|  |TAMS 0x000000070b400000, 0x000000070b400000| Untracked 
|  81|0x000000070b600000, 0x000000070b600000, 0x000000070b800000|  0%| F|  |TAMS 0x000000070b600000, 0x000000070b600000| Untracked 
|  82|0x000000070b800000, 0x000000070b800000, 0x000000070ba00000|  0%| F|  |TAMS 0x000000070b800000, 0x000000070b800000| Untracked 
|  83|0x000000070ba00000, 0x000000070ba00000, 0x000000070bc00000|  0%| F|  |TAMS 0x000000070ba00000, 0x000000070ba00000| Untracked 
|  84|0x000000070bc00000, 0x000000070bc00000, 0x000000070be00000|  0%| F|  |TAMS 0x000000070bc00000, 0x000000070bc00000| Untracked 
|  85|0x000000070be00000, 0x000000070be00000, 0x000000070c000000|  0%| F|  |TAMS 0x000000070be00000, 0x000000070be00000| Untracked 
|  86|0x000000070c000000, 0x000000070c000000, 0x000000070c200000|  0%| F|  |TAMS 0x000000070c000000, 0x000000070c000000| Untracked 
|  87|0x000000070c200000, 0x000000070c200000, 0x000000070c400000|  0%| F|  |TAMS 0x000000070c200000, 0x000000070c200000| Untracked 
|  88|0x000000070c400000, 0x000000070c400000, 0x000000070c600000|  0%| F|  |TAMS 0x000000070c400000, 0x000000070c400000| Untracked 
|  89|0x000000070c600000, 0x000000070c600000, 0x000000070c800000|  0%| F|  |TAMS 0x000000070c600000, 0x000000070c600000| Untracked 
|  90|0x000000070c800000, 0x000000070c800000, 0x000000070ca00000|  0%| F|  |TAMS 0x000000070c800000, 0x000000070c800000| Untracked 
|  91|0x000000070ca00000, 0x000000070ca00000, 0x000000070cc00000|  0%| F|  |TAMS 0x000000070ca00000, 0x000000070ca00000| Untracked 
|  92|0x000000070cc00000, 0x000000070cc00000, 0x000000070ce00000|  0%| F|  |TAMS 0x000000070cc00000, 0x000000070cc00000| Untracked 
|  93|0x000000070ce00000, 0x000000070ce00000, 0x000000070d000000|  0%| F|  |TAMS 0x000000070ce00000, 0x000000070ce00000| Untracked 
|  94|0x000000070d000000, 0x000000070d000000, 0x000000070d200000|  0%| F|  |TAMS 0x000000070d000000, 0x000000070d000000| Untracked 
|  95|0x000000070d200000, 0x000000070d200000, 0x000000070d400000|  0%| F|  |TAMS 0x000000070d200000, 0x000000070d200000| Untracked 
|  96|0x000000070d400000, 0x000000070d400000, 0x000000070d600000|  0%| F|  |TAMS 0x000000070d400000, 0x000000070d400000| Untracked 
|  97|0x000000070d600000, 0x000000070d600000, 0x000000070d800000|  0%| F|  |TAMS 0x000000070d600000, 0x000000070d600000| Untracked 
|  98|0x000000070d800000, 0x000000070d800000, 0x000000070da00000|  0%| F|  |TAMS 0x000000070d800000, 0x000000070d800000| Untracked 
|  99|0x000000070da00000, 0x000000070da00000, 0x000000070dc00000|  0%| F|  |TAMS 0x000000070da00000, 0x000000070da00000| Untracked 
| 100|0x000000070dc00000, 0x000000070dc00000, 0x000000070de00000|  0%| F|  |TAMS 0x000000070dc00000, 0x000000070dc00000| Untracked 
| 101|0x000000070de00000, 0x000000070de00000, 0x000000070e000000|  0%| F|  |TAMS 0x000000070de00000, 0x000000070de00000| Untracked 
| 102|0x000000070e000000, 0x000000070e000000, 0x000000070e200000|  0%| F|  |TAMS 0x000000070e000000, 0x000000070e000000| Untracked 
| 103|0x000000070e200000, 0x000000070e200000, 0x000000070e400000|  0%| F|  |TAMS 0x000000070e200000, 0x000000070e200000| Untracked 
| 104|0x000000070e400000, 0x000000070e400000, 0x000000070e600000|  0%| F|  |TAMS 0x000000070e400000, 0x000000070e400000| Untracked 
| 105|0x000000070e600000, 0x000000070e600000, 0x000000070e800000|  0%| F|  |TAMS 0x000000070e600000, 0x000000070e600000| Untracked 
| 106|0x000000070e800000, 0x000000070e800000, 0x000000070ea00000|  0%| F|  |TAMS 0x000000070e800000, 0x000000070e800000| Untracked 
| 107|0x000000070ea00000, 0x000000070ea00000, 0x000000070ec00000|  0%| F|  |TAMS 0x000000070ea00000, 0x000000070ea00000| Untracked 
| 108|0x000000070ec00000, 0x000000070ec00000, 0x000000070ee00000|  0%| F|  |TAMS 0x000000070ec00000, 0x000000070ec00000| Untracked 
| 109|0x000000070ee00000, 0x000000070ee00000, 0x000000070f000000|  0%| F|  |TAMS 0x000000070ee00000, 0x000000070ee00000| Untracked 
| 110|0x000000070f000000, 0x000000070f000000, 0x000000070f200000|  0%| F|  |TAMS 0x000000070f000000, 0x000000070f000000| Untracked 
| 111|0x000000070f200000, 0x000000070f200000, 0x000000070f400000|  0%| F|  |TAMS 0x000000070f200000, 0x000000070f200000| Untracked 
| 112|0x000000070f400000, 0x000000070f400000, 0x000000070f600000|  0%| F|  |TAMS 0x000000070f400000, 0x000000070f400000| Untracked 
| 113|0x000000070f600000, 0x000000070f600000, 0x000000070f800000|  0%| F|  |TAMS 0x000000070f600000, 0x000000070f600000| Untracked 
| 114|0x000000070f800000, 0x000000070f800000, 0x000000070fa00000|  0%| F|  |TAMS 0x000000070f800000, 0x000000070f800000| Untracked 
| 115|0x000000070fa00000, 0x000000070fa00000, 0x000000070fc00000|  0%| F|  |TAMS 0x000000070fa00000, 0x000000070fa00000| Untracked 
| 116|0x000000070fc00000, 0x000000070fc00000, 0x000000070fe00000|  0%| F|  |TAMS 0x000000070fc00000, 0x000000070fc00000| Untracked 
| 117|0x000000070fe00000, 0x000000070fe00000, 0x0000000710000000|  0%| F|  |TAMS 0x000000070fe00000, 0x000000070fe00000| Untracked 
| 118|0x0000000710000000, 0x0000000710000000, 0x0000000710200000|  0%| F|  |TAMS 0x0000000710000000, 0x0000000710000000| Untracked 
| 119|0x0000000710200000, 0x000000071039a200, 0x0000000710400000| 80%| E|  |TAMS 0x0000000710200000, 0x0000000710200000| Complete 
| 120|0x0000000710400000, 0x0000000710600000, 0x0000000710600000|100%| E|CS|TAMS 0x0000000710400000, 0x0000000710400000| Complete 
| 121|0x0000000710600000, 0x0000000710800000, 0x0000000710800000|100%| E|CS|TAMS 0x0000000710600000, 0x0000000710600000| Complete 
| 122|0x0000000710800000, 0x0000000710a00000, 0x0000000710a00000|100%| E|CS|TAMS 0x0000000710800000, 0x0000000710800000| Complete 
| 123|0x0000000710a00000, 0x0000000710c00000, 0x0000000710c00000|100%| E|CS|TAMS 0x0000000710a00000, 0x0000000710a00000| Complete 
| 124|0x0000000710c00000, 0x0000000710e00000, 0x0000000710e00000|100%| E|CS|TAMS 0x0000000710c00000, 0x0000000710c00000| Complete 
| 125|0x0000000710e00000, 0x0000000711000000, 0x0000000711000000|100%| E|CS|TAMS 0x0000000710e00000, 0x0000000710e00000| Complete 
| 126|0x0000000711000000, 0x0000000711200000, 0x0000000711200000|100%| E|CS|TAMS 0x0000000711000000, 0x0000000711000000| Complete 
| 127|0x0000000711200000, 0x0000000711400000, 0x0000000711400000|100%| E|CS|TAMS 0x0000000711200000, 0x0000000711200000| Complete 

Card table byte_map: [0x0000019617950000,0x0000019618150000] _byte_map_base: 0x0000019614146000

Marking Bits (Prev, Next): (CMBitMap*) 0x000001967fd4f780, (CMBitMap*) 0x000001967fd4f7c0
 Prev Bits: [0x0000019618950000, 0x000001961c900000)
 Next Bits: [0x000001961c900000, 0x00000196208b0000)

Polling page: 0x000001967daf0000

Metaspace:

Usage:
  Non-class:      9.10 MB capacity,     6.63 MB ( 73%) used,     2.47 MB ( 27%) free+waste,     7.56 KB ( <1%) overhead. 
      Class:    605.00 KB capacity,   333.27 KB ( 55%) used,   269.80 KB ( 45%) free+waste,     1.94 KB ( <1%) overhead. 
       Both:      9.69 MB capacity,     6.95 MB ( 72%) used,     2.73 MB ( 28%) free+waste,     9.50 KB ( <1%) overhead. 

Virtual space:
  Non-class space:       10.00 MB reserved,       9.25 MB ( 92%) committed 
      Class space:        1.00 GB reserved,     640.00 KB ( <1%) committed 
             Both:        1.01 GB reserved,       9.88 MB ( <1%) committed 

Chunk freelists:
   Non-Class:  89.00 KB
       Class:  3.00 KB
        Both:  92.00 KB

MaxMetaspaceSize: 17179869184.00 GB
CompressedClassSpaceSize: 1.00 GB

CodeHeap 'non-profiled nmethods': size=120000Kb used=311Kb max_used=311Kb free=119689Kb
 bounds [0x000001960fc20000, 0x000001960fe90000, 0x0000019617150000]
CodeHeap 'profiled nmethods': size=120000Kb used=1374Kb max_used=1374Kb free=118625Kb
 bounds [0x00000196086f0000, 0x0000019608960000, 0x000001960fc20000]
CodeHeap 'non-nmethods': size=5760Kb used=1628Kb max_used=1647Kb free=4131Kb
 bounds [0x0000019608150000, 0x00000196083c0000, 0x00000196086f0000]
 total_blobs=1853 nmethods=829 adapters=937
 compilation: enabled
              stopped_count=0, restarted_count=0
 full_count=0

Compilation events (20 events):
Event: 8.504 Thread 0x0000019622eeaee0 nmethod 820 0x000001960883f210 code [0x000001960883f3c0, 0x000001960883f538]
Event: 8.504 Thread 0x0000019622eeaee0  821       3       educanet.GameObject::update (179 bytes)
Event: 8.505 Thread 0x0000019622eeaee0 nmethod 821 0x000001960883f690 code [0x000001960883fa20, 0x0000019608840bb8]
Event: 8.505 Thread 0x0000019622ee4f30 nmethod 819 0x000001960fc63710 code [0x000001960fc638a0, 0x000001960fc639c8]
Event: 8.511 Thread 0x0000019622ee4f30  822 %     4       educanet.Main::main @ 197 (271 bytes)
Event: 8.532 Thread 0x0000019622ee4f30 nmethod 822% 0x000001960fc63a90 code [0x000001960fc63e40, 0x000001960fc653d8]
Event: 10.599 Thread 0x0000019622eeaee0  823 %     3       educanet.Main::main @ 197 (271 bytes)
Event: 10.600 Thread 0x0000019622eeaee0 nmethod 823% 0x0000019608841290 code [0x0000019608841760, 0x0000019608843688]
Event: 10.977 Thread 0x0000019622ee4f30  824       4       educanet.GameObject::setColor (69 bytes)
Event: 10.980 Thread 0x0000019622ee4f30 nmethod 824 0x000001960fc66690 code [0x000001960fc66860, 0x000001960fc66be0]
Event: 11.062 Thread 0x0000019622eeaee0  825       3       educanet.GameObject::isColliding (193 bytes)
Event: 11.063 Thread 0x0000019622eeaee0 nmethod 825 0x0000019608844190 code [0x00000196088443a0, 0x00000196088448e8]
Event: 11.181 Thread 0x0000019622ee4f30  826       4       educanet.GameObject::isColliding (193 bytes)
Event: 11.182 Thread 0x0000019622ee4f30 nmethod 826 0x000001960fc67090 code [0x000001960fc67240, 0x000001960fc67448]
Event: 11.660 Thread 0x0000019622ee4f30  827 %     4       educanet.Main::main @ 197 (271 bytes)
Event: 11.685 Thread 0x0000019622ee4f30 nmethod 827% 0x000001960fc67610 code [0x000001960fc67a20, 0x000001960fc692f8]
Event: 13.717 Thread 0x0000019622eeaee0  828 %     3       educanet.Main::main @ 197 (271 bytes)
Event: 13.718 Thread 0x0000019622eeaee0 nmethod 828% 0x0000019608844a90 code [0x0000019608844f60, 0x0000019608846e88]
Event: 14.870 Thread 0x0000019622ee4f30  829 %     4       educanet.Main::main @ 197 (271 bytes)
Event: 14.899 Thread 0x0000019622ee4f30 nmethod 829% 0x000001960fc6a690 code [0x000001960fc6aac0, 0x000001960fc6c758]

GC Heap History (0 events):
No events

Deoptimization events (20 events):
Event: 13.694 Thread 0x000001967fd00390 DEOPT PACKING pc=0x000001960fc68e04 sp=0x0000007e6beff4c0
Event: 13.694 Thread 0x000001967fd00390 DEOPT UNPACKING pc=0x000001960819e42f sp=0x0000007e6beff408 mode 2
Event: 13.858 Thread 0x000001967fd00390 DEOPT PACKING pc=0x0000019608846b59 sp=0x0000007e6beff400
Event: 13.858 Thread 0x000001967fd00390 DEOPT UNPACKING pc=0x000001960819e23f sp=0x0000007e6befe978 mode 0
Event: 14.037 Thread 0x000001967fd00390 DEOPT PACKING pc=0x000001960883328f sp=0x0000007e6beff400
Event: 14.037 Thread 0x000001967fd00390 DEOPT UNPACKING pc=0x000001960819e23f sp=0x0000007e6befe978 mode 0
Event: 14.221 Thread 0x000001967fd00390 DEOPT PACKING pc=0x0000019608846b59 sp=0x0000007e6beff400
Event: 14.221 Thread 0x000001967fd00390 DEOPT UNPACKING pc=0x000001960819e23f sp=0x0000007e6befe978 mode 0
Event: 14.471 Thread 0x000001967fd00390 DEOPT PACKING pc=0x0000019608846b59 sp=0x0000007e6beff400
Event: 14.472 Thread 0x000001967fd00390 DEOPT UNPACKING pc=0x000001960819e23f sp=0x0000007e6befe978 mode 0
Event: 14.686 Thread 0x000001967fd00390 DEOPT PACKING pc=0x0000019608846b59 sp=0x0000007e6beff400
Event: 14.686 Thread 0x000001967fd00390 DEOPT UNPACKING pc=0x000001960819e23f sp=0x0000007e6befe978 mode 0
Event: 14.870 Thread 0x000001967fd00390 DEOPT PACKING pc=0x0000019608846b59 sp=0x0000007e6beff400
Event: 14.870 Thread 0x000001967fd00390 DEOPT UNPACKING pc=0x000001960819e23f sp=0x0000007e6befe978 mode 0
Event: 15.054 Thread 0x000001967fd00390 DEOPT PACKING pc=0x0000019608846b59 sp=0x0000007e6beff400
Event: 15.054 Thread 0x000001967fd00390 DEOPT UNPACKING pc=0x000001960819e23f sp=0x0000007e6befe978 mode 0
Event: 18.380 Thread 0x000001967fd00390 Uncommon trap: trap_request=0xffffff45 fr.pc=0x000001960fc6c210 relative=0x0000000000001750
Event: 18.380 Thread 0x000001967fd00390 Uncommon trap: reason=unstable_if action=reinterpret pc=0x000001960fc6c210 method=org.lwjgl.glfw.GLFW.glfwWindowShouldClose(J)Z @ 20 c2
Event: 18.380 Thread 0x000001967fd00390 DEOPT PACKING pc=0x000001960fc6c210 sp=0x0000007e6beff4c0
Event: 18.380 Thread 0x000001967fd00390 DEOPT UNPACKING pc=0x000001960819e42f sp=0x0000007e6beff408 mode 2

Classes unloaded (0 events):
No events

Classes redefined (0 events):
No events

Internal exceptions (16 events):
Event: 0.109 Thread 0x000001967fd00390 Exception <a 'java/lang/NoSuchMethodError'{0x000000071109ac58}: 'void java.lang.invoke.DirectMethodHandle$Holder.invokeStatic(java.lang.Object, java.lang.Object)'> (0x000000071109ac58) 
thrown [./open/src/hotspot/share/interpreter/linkResolver.cpp, line 782]
Event: 0.110 Thread 0x000001967fd00390 Exception <a 'java/lang/NoSuchMethodError'{0x00000007110a0750}: 'void java.lang.invoke.DirectMethodHandle$Holder.invokeSpecial(java.lang.Object, java.lang.Object, java.lang.Object)'> (0x00000007110a0750) 
thrown [./open/src/hotspot/share/interpreter/linkResolver.cpp, line 782]
Event: 0.113 Thread 0x000001967fd00390 Exception <a 'java/lang/NoSuchMethodError'{0x00000007110b53c0}: 'java.lang.Object java.lang.invoke.DirectMethodHandle$Holder.invokeStatic(java.lang.Object, java.lang.Object, int)'> (0x00000007110b53c0) 
thrown [./open/src/hotspot/share/interpreter/linkResolver.cpp, line 782]
Event: 0.114 Thread 0x000001967fd00390 Exception <a 'java/lang/NoSuchMethodError'{0x00000007110c1508}: 'void java.lang.invoke.DelegatingMethodHandle$Holder.delegate(java.lang.Object, java.lang.Object, int, java.lang.Object)'> (0x00000007110c1508) 
thrown [./open/src/hotspot/share/interpreter/linkResolver.cpp, line 782]
Event: 0.114 Thread 0x000001967fd00390 Exception <a 'java/lang/NoSuchMethodError'{0x00000007110c55a8}: 'int java.lang.invoke.DirectMethodHandle$Holder.invokeSpecial(java.lang.Object, java.lang.Object, java.lang.Object)'> (0x00000007110c55a8) 
thrown [./open/src/hotspot/share/interpreter/linkResolver.cpp, line 782]
Event: 0.157 Thread 0x000001967fd00390 Exception <a 'sun/nio/fs/WindowsException'{0x000000071115e378}> (0x000000071115e378) 
thrown [./open/src/hotspot/share/prims/jni.cpp, line 578]
Event: 0.157 Thread 0x000001967fd00390 Exception <a 'sun/nio/fs/WindowsException'{0x000000071115e8b8}> (0x000000071115e8b8) 
thrown [./open/src/hotspot/share/prims/jni.cpp, line 578]
Event: 0.167 Thread 0x000001967fd00390 Exception <a 'sun/nio/fs/WindowsException'{0x000000071117f8e0}> (0x000000071117f8e0) 
thrown [./open/src/hotspot/share/prims/jni.cpp, line 578]
Event: 0.167 Thread 0x000001967fd00390 Exception <a 'sun/nio/fs/WindowsException'{0x000000071117fc38}> (0x000000071117fc38) 
thrown [./open/src/hotspot/share/prims/jni.cpp, line 578]
Event: 0.172 Thread 0x000001967fd00390 Exception <a 'java/lang/NoSuchMethodError'{0x00000007111b8148}: 'java.lang.Object java.lang.invoke.DirectMethodHandle$Holder.invokeStatic(java.lang.Object)'> (0x00000007111b8148) 
thrown [./open/src/hotspot/share/interpreter/linkResolver.cpp, line 782]
Event: 0.173 Thread 0x000001967fd00390 Exception <a 'java/lang/NoSuchMethodError'{0x00000007111bb7b8}: 'java.lang.Object java.lang.invoke.DirectMethodHandle$Holder.invokeStaticInit(java.lang.Object)'> (0x00000007111bb7b8) 
thrown [./open/src/hotspot/share/interpreter/linkResolver.cpp, line 782]
Event: 0.484 Thread 0x000001967fd00390 Exception <a 'sun/nio/fs/WindowsException'{0x0000000710e7a2d8}> (0x0000000710e7a2d8) 
thrown [./open/src/hotspot/share/prims/jni.cpp, line 578]
Event: 0.484 Thread 0x000001967fd00390 Exception <a 'sun/nio/fs/WindowsException'{0x0000000710e7a668}> (0x0000000710e7a668) 
thrown [./open/src/hotspot/share/prims/jni.cpp, line 578]
Event: 0.488 Thread 0x000001967fd00390 Exception <a 'sun/nio/fs/WindowsException'{0x0000000710e88168}> (0x0000000710e88168) 
thrown [./open/src/hotspot/share/prims/jni.cpp, line 578]
Event: 0.488 Thread 0x000001967fd00390 Exception <a 'sun/nio/fs/WindowsException'{0x0000000710e88438}> (0x0000000710e88438) 
thrown [./open/src/hotspot/share/prims/jni.cpp, line 578]
Event: 0.614 Thread 0x000001967fd00390 Exception <a 'java/lang/NoSuchMethodError'{0x000000071091e670}: 'void java.lang.invoke.DirectMethodHandle$Holder.invokeStatic(java.lang.Object, long, int, int)'> (0x000000071091e670) 
thrown [./open/src/hotspot/share/interpreter/linkResolver.cpp, line 782]

Events (20 events):
Event: 0.664 loading class jdk/internal/access/foreign/MemorySegmentProxy
Event: 0.664 loading class jdk/internal/access/foreign/MemorySegmentProxy done
Event: 0.758 Loaded shared library C:\Users\jan\AppData\Local\Temp\lwjgljan\3.2.3-build-13\lwjgl.dll
Event: 0.764 Loaded shared library C:\Users\jan\AppData\Local\Temp\lwjgljan\3.2.3-build-13\lwjgl_opengl.dll
Event: 0.772 Loaded shared library C:\Users\jan\AppData\Local\Temp\lwjgljan\3.2.3-build-13\lwjgl_opengl.dll
Event: 0.777 Loaded shared library C:\Users\jan\AppData\Local\Temp\lwjgljan\3.2.3-build-13\lwjgl_opengl.dll
Event: 0.782 Loaded shared library C:\Users\jan\AppData\Local\Temp\lwjgljan\3.2.3-build-13\lwjgl_opengl.dll
Event: 0.849 Loaded shared library C:\Users\jan\AppData\Local\Temp\lwjgljan\3.2.3-build-13\lwjgl_opengl.dll
Event: 0.853 Loaded shared library C:\Users\jan\AppData\Local\Temp\lwjgljan\3.2.3-build-13\lwjgl_opengl.dll
Event: 0.869 Loaded shared library C:\Users\jan\AppData\Local\Temp\lwjgljan\3.2.3-build-13\lwjgl.dll
Event: 0.871 Loaded shared library C:\Users\jan\AppData\Local\Temp\lwjgljan\3.2.3-build-13\lwjgl.dll
Event: 0.876 Loaded shared library C:\Users\jan\AppData\Local\Temp\lwjgljan\3.2.3-build-13\lwjgl_opengl.dll
Event: 0.881 Loaded shared library C:\Users\jan\AppData\Local\Temp\lwjgljan\3.2.3-build-13\lwjgl_opengl.dll
Event: 0.913 Loaded shared library C:\Users\jan\AppData\Local\Temp\lwjgljan\3.2.3-build-13\lwjgl_opengl.dll
Event: 0.918 Loaded shared library C:\Users\jan\AppData\Local\Temp\lwjgljan\3.2.3-build-13\lwjgl_opengl.dll
Event: 0.927 Loaded shared library C:\Users\jan\AppData\Local\Temp\lwjgljan\3.2.3-build-13\lwjgl.dll
Event: 1.505 Executing VM operation: HandshakeAllThreads
Event: 1.505 Executing VM operation: HandshakeAllThreads done
Event: 5.435 loading class java/lang/NumberFormatException
Event: 5.435 loading class java/lang/NumberFormatException done


Dynamic libraries:
0x00007ff7f52b0000 - 0x00007ff7f52bd000 	C:\Users\jan\.jdks\openjdk-15.0.1\bin\java.exe
0x00007fff28e50000 - 0x00007fff29045000 	C:\Windows\SYSTEM32\ntdll.dll
0x00007fff27c20000 - 0x00007fff27cdd000 	C:\Windows\System32\KERNEL32.DLL
0x00007fff26610000 - 0x00007fff268d8000 	C:\Windows\System32\KERNELBASE.dll
0x00007fff26a40000 - 0x00007fff26b40000 	C:\Windows\System32\ucrtbase.dll
0x00007ffee25e0000 - 0x00007ffee25f8000 	C:\Users\jan\.jdks\openjdk-15.0.1\bin\jli.dll
0x00007fff26f70000 - 0x00007fff27110000 	C:\Windows\System32\USER32.dll
0x00007fff26930000 - 0x00007fff26952000 	C:\Windows\System32\win32u.dll
0x00007fff27a40000 - 0x00007fff27a6a000 	C:\Windows\System32\GDI32.dll
0x00007fff26b40000 - 0x00007fff26c4b000 	C:\Windows\System32\gdi32full.dll
0x00007fff26cb0000 - 0x00007fff26d4d000 	C:\Windows\System32\msvcp_win.dll
0x00007ffee25c0000 - 0x00007ffee25d9000 	C:\Users\jan\.jdks\openjdk-15.0.1\bin\VCRUNTIME140.dll
0x00007fff148a0000 - 0x00007fff14b3a000 	C:\Windows\WinSxS\amd64_microsoft.windows.common-controls_6595b64144ccf1df_6.0.19041.844_none_ca00b6081b84eb1d\COMCTL32.dll
0x00007fff27fa0000 - 0x00007fff2803e000 	C:\Windows\System32\msvcrt.dll
0x00007fff27240000 - 0x00007fff27270000 	C:\Windows\System32\IMM32.DLL
0x00007fff272e0000 - 0x00007fff2740b000 	C:\Windows\System32\RPCRT4.dll
0x00007fff28c80000 - 0x00007fff28d2c000 	C:\Windows\System32\ADVAPI32.dll
0x00007fff283b0000 - 0x00007fff2844b000 	C:\Windows\System32\sechost.dll
0x00007fff28470000 - 0x00007fff28bb2000 	C:\Windows\System32\SHELL32.dll
0x00007fff28040000 - 0x00007fff28395000 	C:\Windows\System32\combase.dll
0x00007fff27570000 - 0x00007fff275c5000 	C:\Windows\System32\SHLWAPI.dll
0x00007fff252d0000 - 0x00007fff25303000 	C:\Windows\SYSTEM32\ntmarta.dll
0x00007fff26450000 - 0x00007fff26481000 	C:\Windows\SYSTEM32\SspiCli.dll
0x00007fff24700000 - 0x00007fff24e90000 	C:\Windows\SYSTEM32\windows.storage.dll
0x00007fff25f90000 - 0x00007fff25fbc000 	C:\Windows\SYSTEM32\Wldp.dll
0x00007fff27e00000 - 0x00007fff27eae000 	C:\Windows\System32\SHCORE.dll
0x00007ffef9e00000 - 0x00007ffef9e0c000 	C:\Users\jan\.jdks\openjdk-15.0.1\bin\vcruntime140_1.dll
0x00007ffee2520000 - 0x00007ffee25b1000 	C:\Users\jan\.jdks\openjdk-15.0.1\bin\msvcp140.dll
0x00007ffee19c0000 - 0x00007ffee251e000 	C:\Users\jan\.jdks\openjdk-15.0.1\bin\server\jvm.dll
0x00007fff28bc0000 - 0x00007fff28bc8000 	C:\Windows\System32\PSAPI.DLL
0x00007fff09db0000 - 0x00007fff09db9000 	C:\Windows\SYSTEM32\WSOCK32.dll
0x00007fff27f30000 - 0x00007fff27f9b000 	C:\Windows\System32\WS2_32.dll
0x00007fff1c910000 - 0x00007fff1c937000 	C:\Windows\SYSTEM32\WINMM.dll
0x00007fff1fae0000 - 0x00007fff1faea000 	C:\Windows\SYSTEM32\VERSION.dll
0x00007fff24500000 - 0x00007fff24512000 	C:\Windows\SYSTEM32\kernel.appcore.dll
0x00007ffee49c0000 - 0x00007ffee49ca000 	C:\Users\jan\.jdks\openjdk-15.0.1\bin\jimage.dll
0x00007fff1ed00000 - 0x00007fff1eee4000 	C:\Windows\SYSTEM32\DBGHELP.DLL
0x00007fff19da0000 - 0x00007fff19dcc000 	C:\Windows\SYSTEM32\dbgcore.DLL
0x00007fff26590000 - 0x00007fff26610000 	C:\Windows\System32\bcryptPrimitives.dll
0x00007ffee1990000 - 0x00007ffee19b5000 	C:\Users\jan\.jdks\openjdk-15.0.1\bin\java.dll
0x00007fff264d0000 - 0x00007fff264ef000 	C:\Windows\SYSTEM32\profapi.dll
0x00007ffee1970000 - 0x00007ffee1989000 	C:\Users\jan\.jdks\openjdk-15.0.1\bin\net.dll
0x00007fff17c30000 - 0x00007fff17d3b000 	C:\Windows\SYSTEM32\WINHTTP.dll
0x00007fff25ca0000 - 0x00007fff25d0a000 	C:\Windows\system32\mswsock.dll
0x00007ffee1950000 - 0x00007ffee1962000 	C:\Users\jan\.jdks\openjdk-15.0.1\bin\nio.dll
0x00007ffee1930000 - 0x00007ffee1948000 	C:\Users\jan\.jdks\openjdk-15.0.1\bin\zip.dll
0x00007fff14bd0000 - 0x00007fff14c34000 	C:\Users\jan\AppData\Local\Temp\lwjgljan\3.2.3-build-13\lwjgl.dll
0x00007fff13960000 - 0x00007fff139c2000 	C:\Users\jan\AppData\Local\Temp\lwjgljan\3.2.3-build-13\glfw.dll
0x00007fff24040000 - 0x00007fff240de000 	C:\Windows\system32\uxtheme.dll
0x00007fff14c80000 - 0x00007fff14cc5000 	C:\Windows\SYSTEM32\dinput8.dll
0x00007fff14bb0000 - 0x00007fff14bc1000 	C:\Windows\SYSTEM32\xinput1_4.dll
0x00007fff268e0000 - 0x00007fff2692e000 	C:\Windows\System32\cfgmgr32.dll
0x00007fff26340000 - 0x00007fff2636c000 	C:\Windows\SYSTEM32\DEVOBJ.dll
0x00007fff24320000 - 0x00007fff2434f000 	C:\Windows\SYSTEM32\dwmapi.dll
0x00007fff19f90000 - 0x00007fff1a0e2000 	C:\Windows\SYSTEM32\inputhost.dll
0x00007fff274a0000 - 0x00007fff2756d000 	C:\Windows\System32\OLEAUT32.dll
0x00007fff23b70000 - 0x00007fff23c62000 	C:\Windows\SYSTEM32\CoreMessaging.dll
0x00007fff221d0000 - 0x00007fff222c7000 	C:\Windows\SYSTEM32\PROPSYS.dll
0x00007fff23120000 - 0x00007fff23274000 	C:\Windows\SYSTEM32\wintypes.dll
0x00007fff23810000 - 0x00007fff23b6e000 	C:\Windows\SYSTEM32\CoreUIComponents.dll
0x00007fff27ce0000 - 0x00007fff27df5000 	C:\Windows\System32\MSCTF.dll
0x00007fff24e90000 - 0x00007fff24e9d000 	C:\Windows\SYSTEM32\HID.DLL
0x00007fff275d0000 - 0x00007fff27a39000 	C:\Windows\System32\SETUPAPI.DLL
0x00007fff26960000 - 0x00007fff26987000 	C:\Windows\System32\bcrypt.dll
0x00007fff26c50000 - 0x00007fff26cb0000 	C:\Windows\System32\WINTRUST.dll
0x00007fff26d50000 - 0x00007fff26eaf000 	C:\Windows\System32\CRYPT32.dll
0x00007fff26110000 - 0x00007fff26122000 	C:\Windows\SYSTEM32\MSASN1.dll
0x00007ffee4150000 - 0x00007ffee4276000 	C:\Windows\SYSTEM32\opengl32.dll
0x00007fff06e80000 - 0x00007fff06eac000 	C:\Windows\SYSTEM32\GLU32.dll
0x00007fff28bd0000 - 0x00007fff28c79000 	C:\Windows\System32\clbcatq.dll
0x00007ffeba5e0000 - 0x00007ffeba60b000 	C:\Windows\System32\DriverStore\FileRepository\u0367126.inf_amd64_0be600f035c9a672\B367016\atig6pxx.dll
0x00007ffeac6f0000 - 0x00007ffeaf4dd000 	C:\Windows\System32\DriverStore\FileRepository\u0367126.inf_amd64_0be600f035c9a672\B367016\atio6axx.dll
0x00007fff27110000 - 0x00007fff2723a000 	C:\Windows\System32\ole32.dll
0x00007fff06e50000 - 0x00007fff06e74000 	C:\Windows\SYSTEM32\dxva2.dll
0x00007ffec4aa0000 - 0x00007ffec4adc000 	C:\Windows\System32\DriverStore\FileRepository\u0367126.inf_amd64_0be600f035c9a672\B367016\atig6txx.dll
0x00007ffed1fa0000 - 0x00007ffed2153000 	C:\Windows\SYSTEM32\atiadlxx.dll
0x00007ffef31f0000 - 0x00007ffef3244000 	C:\Windows\SYSTEM32\pdh.dll
0x00007fff1d8a0000 - 0x00007fff1d8db000 	C:\Windows\SYSTEM32\dxcore.dll
0x00007fff1a0f0000 - 0x00007fff1a1e9000 	C:\Windows\SYSTEM32\textinputframework.dll
0x00007fff13900000 - 0x00007fff13959000 	C:\Users\jan\AppData\Local\Temp\lwjgljan\3.2.3-build-13\lwjgl_opengl.dll
0x00007ffee1920000 - 0x00007ffee1930000 	C:\Users\jan\.jdks\openjdk-15.0.1\bin\verify.dll

dbghelp: loaded successfully - version: 4.0.5 - missing functions: none
symbol engine: initialized successfully - sym options: 0x614 - pdb path: .;C:\Users\jan\.jdks\openjdk-15.0.1\bin;C:\Windows\SYSTEM32;C:\Windows\WinSxS\amd64_microsoft.windows.common-controls_6595b64144ccf1df_6.0.19041.844_none_ca00b6081b84eb1d;C:\Users\jan\.jdks\openjdk-15.0.1\bin\server;C:\Users\jan\AppData\Local\Temp\lwjgljan\3.2.3-build-13;C:\Windows\System32\DriverStore\FileRepository\u0367126.inf_amd64_0be600f035c9a672\B367016

VM Arguments:
jvm_args: -Dfile.encoding=windows-1252 -Duser.country=US -Duser.language=en -Duser.variant 
java_command: educanet.Main
java_class_path (initial): C:\Users\jan\IdeaProjects\kolize-moje\Matrix\build\classes\java\main;C:\Users\jan\IdeaProjects\kolize-moje\Matrix\build\resources\main;C:\Users\jan\.gradle\caches\modules-2\files-2.1\org.lwjgl\lwjgl-assimp\3.2.3\f62aa07a20afbdd3097efc296c4841e0d29700eb\lwjgl-assimp-3.2.3.jar;C:\Users\jan\.gradle\caches\modules-2\files-2.1\org.lwjgl\lwjgl-assimp\3.2.3\4e60aeb75f0343c4a9ede4ef8b6b32ca702a00a3\lwjgl-assimp-3.2.3-natives-windows.jar;C:\Users\jan\.gradle\caches\modules-2\files-2.1\org.lwjgl\lwjgl-glfw\3.2.3\5e520d5c290c8b012545a8d34fa5db5ab051ea53\lwjgl-glfw-3.2.3.jar;C:\Users\jan\.gradle\caches\modules-2\files-2.1\org.lwjgl\lwjgl-glfw\3.2.3\b4d8a3477cdc2edcf7a5f1e822926be846223f54\lwjgl-glfw-3.2.3-natives-windows.jar;C:\Users\jan\.gradle\caches\modules-2\files-2.1\org.lwjgl\lwjgl-openal\3.2.3\106742e805803ab9eab8e343f0fb31a3d263903c\lwjgl-openal-3.2.3.jar;C:\Users\jan\.gradle\caches\modules-2\files-2.1\org.lwjgl\lwjgl-openal\3.2.3\ec898e8ce11b5886f4f532a1536283ef2817758d\lwjgl-openal-3.2.3-natives-windows.jar;C:\Users\jan\.gradle\caches\modules-2\files-2.1\org.lwjgl\lwjgl-opengl\3.2.3\bdd534a323d0c8f54969b95e424b6ac8984f7d6e\lwjgl-opengl-3.2.3.jar;C:\Users\jan\.gradle\caches\modules-2\files-2.1\org.lwjgl\lwjgl-opengl\3.2.3\e81cfc73ec8708e5e791ed770e4ec3edfc1bbab1\lwjgl-opengl-3.2.3-natives-windows.jar;C:\Users\jan\.gradle\caches\modules-2\files-2.1\org.lwjgl\lwjgl-stb\3.2.3\40eccaa4fa86fc815f2e17946a392fb5fdcc286a\lwjgl-stb-3.2.3.jar;C:\Users\jan\.gradle\caches\modules-2\files-2.1\org.lwjgl\lwjgl-stb\3.2.3\817b21ec286f0ba3dcedb56a3bd275e6a9345be9\lwjgl-stb-3.2.3-natives-windows.jar;C:\Users\jan\.gradle\caches\modules-2\files-2.1\org.lwjgl\lwjgl\3.2.3\17a59ba0fe8d474ec9dbe0d5db40d2cfe59c4c08\lwjgl-3.2.3.jar;C:\Users\jan\.gradle\caches\modules-2\files-2.1\org.lwjgl\lwjgl\3.2.3\27f32cd35349684745951e04388e8e00d681cdcd\lwjgl-3.2.3-natives-windows.jar;C:\Users\jan\.gradle\caches\modules-2\files-2.1\org.joml\joml\1.10.0\a29b8bf72dc1478e9ceea256db2
Launcher Type: SUN_STANDARD

[Global flags]
     intx CICompilerCount                          = 3                                         {product} {ergonomic}
     uint ConcGCThreads                            = 2                                         {product} {ergonomic}
     uint G1ConcRefinementThreads                  = 6                                         {product} {ergonomic}
   size_t G1HeapRegionSize                         = 2097152                                   {product} {ergonomic}
    uintx GCDrainStackTargetSize                   = 64                                        {product} {ergonomic}
   size_t InitialHeapSize                          = 268435456                                 {product} {ergonomic}
   size_t MarkStackSize                            = 4194304                                   {product} {ergonomic}
   size_t MaxHeapSize                              = 4273995776                                {product} {ergonomic}
   size_t MaxNewSize                               = 2562719744                                {product} {ergonomic}
   size_t MinHeapDeltaBytes                        = 2097152                                   {product} {ergonomic}
   size_t MinHeapSize                              = 8388608                                   {product} {ergonomic}
    uintx NonNMethodCodeHeapSize                   = 5832780                                {pd product} {ergonomic}
    uintx NonProfiledCodeHeapSize                  = 122912730                              {pd product} {ergonomic}
    uintx ProfiledCodeHeapSize                     = 122912730                              {pd product} {ergonomic}
    uintx ReservedCodeCacheSize                    = 251658240                              {pd product} {ergonomic}
     bool SegmentedCodeCache                       = true                                      {product} {ergonomic}
   size_t SoftMaxHeapSize                          = 4273995776                             {manageable} {ergonomic}
     bool UseCompressedClassPointers               = true                                 {lp64_product} {ergonomic}
     bool UseCompressedOops                        = true                                 {lp64_product} {ergonomic}
     bool UseG1GC                                  = true                                      {product} {ergonomic}
     bool UseLargePagesIndividualAllocation        = false                                  {pd product} {ergonomic}

Logging:
Log output configuration:
 #0: stdout all=warning uptime,level,tags
 #1: stderr all=off uptime,level,tags

Environment Variables:
JAVA_HOME=C:\Users\jan\.jdks\openjdk-15.0.1
CLASSPATH=C:\Users\jan\IdeaProjects\Battleships3\json-simple-1-1-1\json-simple-1.1.1.jar
PATH=C:\Python39\Scripts\;C:\Python39\;C:\Windows\system32;C:\Windows;C:\Windows\System32\Wbem;C:\Windows\System32\WindowsPowerShell\v1.0\;C:\Windows\System32\OpenSSH\;C:\Program Files\nodejs\;C:\ProgramData\chocolatey\bin;C:\Program Files\Git\cmd;C:\Program Files\TortoiseGit\bin;C:\Users\jan\apache-maven-3.6.3\bin;C:\Users\jan\AppData\Local\Microsoft\WindowsApps;C:\Program Files\JetBrains\PhpStorm 2020.2.2\bin;;C:\Users\jan\AppData\Roaming\npm;C:\Program Files\JetBrains\IntelliJ IDEA 2020.2.3\bin;;C:\tools\dart-sdk\bin;C:\Users\jan\AppData\Roaming\Pub\Cache\bin;C:\Users\jan\apache-maven-3.6.3\bin;C:\Users\jan\AppData\Local\GitHubDesktop\bin;C:\Users\jan\AppData\Roaming\npm;C:\Users\jan\AppData\Roaming\npm\node_modules\@angular\cli\bin;
USERNAME=jan
OS=Windows_NT
PROCESSOR_IDENTIFIER=Intel64 Family 6 Model 158 Stepping 10, GenuineIntel



---------------  S Y S T E M  ---------------

OS:
 Windows 10 , 64 bit Build 19041 (10.0.19041.928)
OS uptime: 0 days 0:56 hours

CPU: total 6 (initial active 6) (6 cores per cpu, 1 threads per core) family 6 model 158 stepping 10 microcode 0xb4, cmov, cx8, fxsr, mmx, sse, sse2, sse3, ssse3, sse4.1, sse4.2, popcnt, vzeroupper, avx, avx2, aes, clmul, erms, 3dnowpref, lzcnt, tsc, tscinvbit, bmi1, bmi2, adx, fma, clflush, clflushopt

Memory: 4k page, system-wide physical 16300M (8286M free)
TotalPageFile size 21676M (AvailPageFile size 9573M)
current process WorkingSet (physical memory assigned to process): 97M, peak: 116M
current process commit charge ("private bytes"): 434M, peak: 453M

vm_info: OpenJDK 64-Bit Server VM (15.0.1+9-18) for windows-amd64 JRE (15.0.1+9-18), built on Sep 15 2020 14:39:31 by "mach5one" with unknown MS VC++:1925

END.
